#
# There is insufficient memory for the Java Runtime Environment to continue.
# Native memory allocation (malloc) failed to allocate 729712 bytes. Error detail: Chunk::new
# Possible reasons:
#   The system is out of physical RAM or swap space
#   This process is running with CompressedOops enabled, and the Java Heap may be blocking the growth of the native heap
# Possible solutions:
#   Reduce memory load on the system
#   Increase physical memory or swap space
#   Check if swap backing store is full
#   Decrease Java heap size (-Xmx/-Xms)
#   Decrease number of Java threads
#   Decrease Java thread stack sizes (-Xss)
#   Set larger code cache with -XX:ReservedCodeCacheSize=
#   JVM is running with Unscaled Compressed Oops mode in which the Java heap is
#     placed in the first 4GB address space. The Java Heap base address is the
#     maximum limit for the native heap growth. Please use -XX:HeapBaseMinAddress
#     to set the Java Heap base and to place the Java Heap above 4GB virtual address.
# This output file may be truncated or incomplete.
#
#  Out of Memory Error (arena.cpp:150), pid=13932, tid=12300
#
# JRE version: OpenJDK Runtime Environment (22.0.2+9) (build 22.0.2+9-70)
# Java VM: OpenJDK 64-Bit Server VM (22.0.2+9-70, mixed mode, sharing, tiered, compressed oops, compressed class ptrs, g1 gc, windows-amd64)
# No core dump will be written. Minidumps are not enabled by default on client versions of Windows
#

---------------  S U M M A R Y ------------

Command Line: -javaagent:D:\IntelliJ IDEA Community Edition 2024.1.4\lib\idea_rt.jar=54628:D:\IntelliJ IDEA Community Edition 2024.1.4\bin -Dfile.encoding=UTF-8 -Dsun.stdout.encoding=UTF-8 -Dsun.stderr.encoding=UTF-8 com.abcRestaurant.abcRestaurant.AbcRestaurantApplication

Host: 11th Gen Intel(R) Core(TM) i5-1135G7 @ 2.40GHz, 8 cores, 7G,  Windows 11 , 64 bit Build 22621 (10.0.22621.3672)
Time: Thu Aug  1 18:59:24 2024 Sri Lanka Standard Time elapsed time: 10.490538 seconds (0d 0h 0m 10s)

---------------  T H R E A D  ---------------

Current thread (0x000001c720332160):  JavaThread "C2 CompilerThread0" daemon [_thread_in_native, id=12300, stack(0x0000005a20400000,0x0000005a20500000) (1024K)]


Current CompileTask:
C2:10490 6032       4       java.security.SecureClassLoader::defineClass (16 bytes)

Stack: [0x0000005a20400000,0x0000005a20500000]
Native frames: (J=compiled Java code, j=interpreted, Vv=VM code, C=native code)
V  [jvm.dll+0x6e26e9]  (no source info available)
V  [jvm.dll+0x875753]  (no source info available)
V  [jvm.dll+0x877b7e]  (no source info available)
V  [jvm.dll+0x878253]  (no source info available)
V  [jvm.dll+0x27fc86]  (no source info available)
V  [jvm.dll+0xc3d0f]  (no source info available)
V  [jvm.dll+0xc3f6b]  (no source info available)
V  [jvm.dll+0x3bb47c]  (no source info available)
V  [jvm.dll+0x1df4ac]  (no source info available)
V  [jvm.dll+0x24793c]  (no source info available)
V  [jvm.dll+0x246e9f]  (no source info available)
V  [jvm.dll+0x1c4e80]  (no source info available)
V  [jvm.dll+0x2568f3]  (no source info available)
V  [jvm.dll+0x254baa]  (no source info available)
V  [jvm.dll+0x3f57a6]  (no source info available)
V  [jvm.dll+0x81dc0b]  (no source info available)
V  [jvm.dll+0x6e0d85]  (no source info available)
C  [ucrtbase.dll+0x29333]  (no source info available)
C  [KERNEL32.DLL+0x1257d]  (no source info available)
C  [ntdll.dll+0x5af28]  (no source info available)


---------------  P R O C E S S  ---------------

Threads class SMR info:
_java_thread_list=0x000001c769068910, length=42, elements={
0x000001c7203191e0, 0x000001c72031a1f0, 0x000001c720321980, 0x000001c7203226d0,
0x000001c720325230, 0x000001c720325eb0, 0x000001c720332160, 0x000001c720890060,
0x000001c72095df40, 0x000001c76601a750, 0x000001c720c1e3a0, 0x000001c7671420c0,
0x000001c768c3eb20, 0x000001c769071720, 0x000001c769070a00, 0x000001c769073160,
0x000001c7690737f0, 0x000001c769070370, 0x000001c769071090, 0x000001c769071db0,
0x000001c769072440, 0x000001c769072ad0, 0x000001c767284190, 0x000001c76727fff0,
0x000001c767285bd0, 0x000001c767285540, 0x000001c767286260, 0x000001c767283470,
0x000001c767282de0, 0x000001c767280d10, 0x000001c767281a30, 0x000001c7672813a0,
0x000001c7672820c0, 0x000001c767284820, 0x000001c767280680, 0x000001c767282750,
0x000001c767284eb0, 0x000001c76727f2d0, 0x000001c7672868f0, 0x000001c76727f960,
0x000001c769725b90, 0x000001c769768d30
}

Java Threads: ( => current thread )
  0x000001c7203191e0 JavaThread "Reference Handler"          daemon [_thread_blocked, id=15684, stack(0x0000005a1fe00000,0x0000005a1ff00000) (1024K)]
  0x000001c72031a1f0 JavaThread "Finalizer"                  daemon [_thread_blocked, id=7816, stack(0x0000005a1ff00000,0x0000005a20000000) (1024K)]
  0x000001c720321980 JavaThread "Signal Dispatcher"          daemon [_thread_blocked, id=8640, stack(0x0000005a20000000,0x0000005a20100000) (1024K)]
  0x000001c7203226d0 JavaThread "Attach Listener"            daemon [_thread_blocked, id=15548, stack(0x0000005a20100000,0x0000005a20200000) (1024K)]
  0x000001c720325230 JavaThread "Service Thread"             daemon [_thread_blocked, id=5516, stack(0x0000005a20200000,0x0000005a20300000) (1024K)]
  0x000001c720325eb0 JavaThread "Monitor Deflation Thread"   daemon [_thread_blocked, id=14224, stack(0x0000005a20300000,0x0000005a20400000) (1024K)]
=>0x000001c720332160 JavaThread "C2 CompilerThread0"         daemon [_thread_in_native, id=12300, stack(0x0000005a20400000,0x0000005a20500000) (1024K)]
  0x000001c720890060 JavaThread "C1 CompilerThread0"         daemon [_thread_blocked, id=6912, stack(0x0000005a20500000,0x0000005a20600000) (1024K)]
  0x000001c72095df40 JavaThread "Common-Cleaner"             daemon [_thread_blocked, id=2984, stack(0x0000005a20600000,0x0000005a20700000) (1024K)]
  0x000001c76601a750 JavaThread "Monitor Ctrl-Break"         daemon [_thread_in_native, id=14000, stack(0x0000005a20800000,0x0000005a20900000) (1024K)]
  0x000001c720c1e3a0 JavaThread "Notification Thread"        daemon [_thread_blocked, id=8204, stack(0x0000005a20900000,0x0000005a20a00000) (1024K)]
  0x000001c7671420c0 JavaThread "Catalina-utility-1"                [_thread_blocked, id=5696, stack(0x0000005a21500000,0x0000005a21600000) (1024K)]
  0x000001c768c3eb20 JavaThread "Catalina-utility-2"                [_thread_blocked, id=2400, stack(0x0000005a21600000,0x0000005a21700000) (1024K)]
  0x000001c769071720 JavaThread "container-0"                       [_thread_blocked, id=12132, stack(0x0000005a21700000,0x0000005a21800000) (1024K)]
  0x000001c769070a00 JavaThread "Jndi-Dns-address-change-listener" daemon [_thread_in_native, id=6552, stack(0x0000005a21800000,0x0000005a21900000) (1024K)]
  0x000001c769073160 JavaThread "BufferPoolPruner-1-thread-1" daemon [_thread_blocked, id=11216, stack(0x0000005a21200000,0x0000005a21300000) (1024K)]
  0x000001c7690737f0 JavaThread "cluster-ClusterId{value='66ab8dadb277ac5f5d1fa7d8', description='null'}-srv-abccluster.kd72xqs.mongodb.net" daemon [_thread_blocked, id=1672, stack(0x0000005a21900000,0x0000005a21a00000) (1024K)]
  0x000001c769070370 JavaThread "Live Reload Server"         daemon [_thread_in_native, id=15116, stack(0x0000005a21b00000,0x0000005a21c00000) (1024K)]
  0x000001c769071090 JavaThread "cluster-ClusterId{value='66ab8dadb277ac5f5d1fa7d8', description='null'}-ac-byq5ho1-shard-00-01.kd72xqs.mongodb.net:27017" daemon [_thread_in_native, id=5448, stack(0x0000005a21c00000,0x0000005a21d00000) (1024K)]
  0x000001c769071db0 JavaThread "cluster-rtt-ClusterId{value='66ab8dadb277ac5f5d1fa7d8', description='null'}-ac-byq5ho1-shard-00-01.kd72xqs.mongodb.net:27017" daemon [_thread_blocked, id=16236, stack(0x0000005a21d00000,0x0000005a21e00000) (1024K)]
  0x000001c769072440 JavaThread "cluster-ClusterId{value='66ab8dadb277ac5f5d1fa7d8', description='null'}-ac-byq5ho1-shard-00-02.kd72xqs.mongodb.net:27017" daemon [_thread_in_native, id=4056, stack(0x0000005a21e00000,0x0000005a21f00000) (1024K)]
  0x000001c769072ad0 JavaThread "cluster-rtt-ClusterId{value='66ab8dadb277ac5f5d1fa7d8', description='null'}-ac-byq5ho1-shard-00-02.kd72xqs.mongodb.net:27017" daemon [_thread_blocked, id=9860, stack(0x0000005a21f00000,0x0000005a22000000) (1024K)]
  0x000001c767284190 JavaThread "cluster-ClusterId{value='66ab8dadb277ac5f5d1fa7d8', description='null'}-ac-byq5ho1-shard-00-00.kd72xqs.mongodb.net:27017" daemon [_thread_in_native, id=8648, stack(0x0000005a22000000,0x0000005a22100000) (1024K)]
  0x000001c76727fff0 JavaThread "cluster-rtt-ClusterId{value='66ab8dadb277ac5f5d1fa7d8', description='null'}-ac-byq5ho1-shard-00-00.kd72xqs.mongodb.net:27017" daemon [_thread_blocked, id=12616, stack(0x0000005a22100000,0x0000005a22200000) (1024K)]
  0x000001c767285bd0 JavaThread "File Watcher"               daemon [_thread_blocked, id=10932, stack(0x0000005a22300000,0x0000005a22400000) (1024K)]
  0x000001c767285540 JavaThread "http-nio-8080-exec-1"       daemon [_thread_blocked, id=14688, stack(0x0000005a22400000,0x0000005a22500000) (1024K)]
  0x000001c767286260 JavaThread "http-nio-8080-exec-2"       daemon [_thread_blocked, id=7716, stack(0x0000005a22500000,0x0000005a22600000) (1024K)]
  0x000001c767283470 JavaThread "http-nio-8080-exec-3"       daemon [_thread_blocked, id=13980, stack(0x0000005a22600000,0x0000005a22700000) (1024K)]
  0x000001c767282de0 JavaThread "http-nio-8080-exec-4"       daemon [_thread_blocked, id=12408, stack(0x0000005a22700000,0x0000005a22800000) (1024K)]
  0x000001c767280d10 JavaThread "http-nio-8080-exec-5"       daemon [_thread_blocked, id=8480, stack(0x0000005a22800000,0x0000005a22900000) (1024K)]
  0x000001c767281a30 JavaThread "http-nio-8080-exec-6"       daemon [_thread_blocked, id=4164, stack(0x0000005a22900000,0x0000005a22a00000) (1024K)]
  0x000001c7672813a0 JavaThread "http-nio-8080-exec-7"       daemon [_thread_blocked, id=2928, stack(0x0000005a22a00000,0x0000005a22b00000) (1024K)]
  0x000001c7672820c0 JavaThread "http-nio-8080-exec-8"       daemon [_thread_blocked, id=9188, stack(0x0000005a22b00000,0x0000005a22c00000) (1024K)]
  0x000001c767284820 JavaThread "http-nio-8080-exec-9"       daemon [_thread_blocked, id=12572, stack(0x0000005a22c00000,0x0000005a22d00000) (1024K)]
  0x000001c767280680 JavaThread "http-nio-8080-exec-10"      daemon [_thread_blocked, id=8448, stack(0x0000005a22d00000,0x0000005a22e00000) (1024K)]
  0x000001c767282750 JavaThread "http-nio-8080-Poller"       daemon [_thread_in_native, id=13472, stack(0x0000005a22e00000,0x0000005a22f00000) (1024K)]
  0x000001c767284eb0 JavaThread "http-nio-8080-Acceptor"     daemon [_thread_in_native, id=9624, stack(0x0000005a22f00000,0x0000005a23000000) (1024K)]
  0x000001c76727f2d0 JavaThread "DestroyJavaVM"                     [_thread_blocked, id=12708, stack(0x0000005a1f600000,0x0000005a1f700000) (1024K)]
  0x000001c7672868f0 JavaThread "MaintenanceTimer-3-thread-1" daemon [_thread_blocked, id=7664, stack(0x0000005a20a00000,0x0000005a20b00000) (1024K)]
  0x000001c76727f960 JavaThread "MaintenanceTimer-2-thread-1" daemon [_thread_blocked, id=14876, stack(0x0000005a20b00000,0x0000005a20c00000) (1024K)]
  0x000001c769725b90 JavaThread "MaintenanceTimer-4-thread-1" daemon [_thread_blocked, id=12140, stack(0x0000005a23000000,0x0000005a23100000) (1024K)]
  0x000001c769768d30 JavaThread "C2 CompilerThread1"         daemon [_thread_blocked, id=10540, stack(0x0000005a20700000,0x0000005a20800000) (1024K)]
Total: 42

Other Threads:
  0x000001c7202ff960 VMThread "VM Thread"                           [id=12456, stack(0x0000005a1fd00000,0x0000005a1fe00000) (1024K)]
  0x000001c7202e7340 WatcherThread "VM Periodic Task Thread"        [id=11208, stack(0x0000005a1fc00000,0x0000005a1fd00000) (1024K)]
  0x000001c703ffa470 WorkerThread "GC Thread#0"                     [id=6024, stack(0x0000005a1f700000,0x0000005a1f800000) (1024K)]
  0x000001c76672c190 WorkerThread "GC Thread#1"                     [id=5792, stack(0x0000005a20c00000,0x0000005a20d00000) (1024K)]
  0x000001c766b17680 WorkerThread "GC Thread#2"                     [id=7244, stack(0x0000005a20d00000,0x0000005a20e00000) (1024K)]
  0x000001c766b17a30 WorkerThread "GC Thread#3"                     [id=13828, stack(0x0000005a20e00000,0x0000005a20f00000) (1024K)]
  0x000001c766b17de0 WorkerThread "GC Thread#4"                     [id=7756, stack(0x0000005a20f00000,0x0000005a21000000) (1024K)]
  0x000001c766bee580 WorkerThread "GC Thread#5"                     [id=11772, stack(0x0000005a21000000,0x0000005a21100000) (1024K)]
  0x000001c76702f9f0 WorkerThread "GC Thread#6"                     [id=8900, stack(0x0000005a21300000,0x0000005a21400000) (1024K)]
  0x000001c7671feff0 WorkerThread "GC Thread#7"                     [id=1788, stack(0x0000005a21400000,0x0000005a21500000) (1024K)]
  0x000001c70400ace0 ConcurrentGCThread "G1 Main Marker"            [id=4600, stack(0x0000005a1f800000,0x0000005a1f900000) (1024K)]
  0x000001c70400b9a0 WorkerThread "G1 Conc#0"                       [id=860, stack(0x0000005a1f900000,0x0000005a1fa00000) (1024K)]
  0x000001c76784adc0 WorkerThread "G1 Conc#1"                       [id=14860, stack(0x0000005a21100000,0x0000005a21200000) (1024K)]
  0x000001c7201bb010 ConcurrentGCThread "G1 Refine#0"               [id=696, stack(0x0000005a1fa00000,0x0000005a1fb00000) (1024K)]
  0x000001c7201bb9a0 ConcurrentGCThread "G1 Service"                [id=10452, stack(0x0000005a1fb00000,0x0000005a1fc00000) (1024K)]
Total: 15

Threads with active compile tasks:
C2 CompilerThread0  10613 6032       4       java.security.SecureClassLoader::defineClass (16 bytes)
Total: 1

VM state: not at safepoint (normal execution)

VM Mutex/Monitor currently owned by a thread: None

Heap address: 0x0000000083c00000, size: 1988 MB, Compressed Oops mode: 32-bit

CDS archive(s) mapped at: [0x000001c721000000-0x000001c721c60000-0x000001c721c60000), size 12976128, SharedBaseAddress: 0x000001c721000000, ArchiveRelocationMode: 1.
Compressed class space mapped at: 0x000001c722000000-0x000001c762000000, reserved size: 1073741824
Narrow klass base: 0x000001c721000000, Narrow klass shift: 0, Narrow klass range: 0x41000000

GC Precious Log:
 CardTable entry size: 512
 Card Set container configuration: InlinePtr #cards 5 size 8 Array Of Cards #cards 12 size 40 Howl #buckets 4 coarsen threshold 1843 Howl Bitmap #cards 512 size 80 coarsen threshold 460 Card regions per heap region 1 cards per card region 2048
 CPUs: 8 total, 8 available
 Memory: 7948M
 Large Page Support: Disabled
 NUMA Support: Disabled
 Compressed Oops: Enabled (32-bit)
 Heap Region Size: 1M
 Heap Min Capacity: 8M
 Heap Initial Capacity: 126M
 Heap Max Capacity: 1988M
 Pre-touch: Disabled
 Parallel Workers: 8
 Concurrent Workers: 2
 Concurrent Refinement Workers: 8
 Periodic GC: Disabled

Heap:
 garbage-first heap   total reserved 2035712K, committed 54272K, used 28032K [0x0000000083c00000, 0x0000000100000000)
  region size 1024K, 10 young (10240K), 4 survivors (4096K)
 Metaspace       used 47214K, committed 47808K, reserved 1114112K
  class space    used 6194K, committed 6464K, reserved 1048576K

Heap Regions: E=young(eden), S=young(survivor), O=old, HS=humongous(starts), HC=humongous(continues), CS=collection set, F=free, TAMS=top-at-mark-start, PB=parsable bottom
|   0|0x0000000083c00000, 0x0000000083d00000, 0x0000000083d00000|100%| O|  |TAMS 0x0000000083c00000| PB 0x0000000083c00000| Untracked |  0
|   1|0x0000000083d00000, 0x0000000083e00000, 0x0000000083e00000|100%| O|  |TAMS 0x0000000083d00000| PB 0x0000000083d00000| Untracked |  0
|   2|0x0000000083e00000, 0x0000000083f00000, 0x0000000083f00000|100%| O|  |TAMS 0x0000000083e00000| PB 0x0000000083e00000| Untracked |  0
|   3|0x0000000083f00000, 0x0000000084000000, 0x0000000084000000|100%| O|  |TAMS 0x0000000083f00000| PB 0x0000000083f00000| Untracked |  0
|   4|0x0000000084000000, 0x0000000084100000, 0x0000000084100000|100%| O|  |TAMS 0x0000000084000000| PB 0x0000000084000000| Untracked |  0
|   5|0x0000000084100000, 0x0000000084200000, 0x0000000084200000|100%| O|  |TAMS 0x0000000084100000| PB 0x0000000084100000| Untracked |  0
|   6|0x0000000084200000, 0x0000000084300000, 0x0000000084300000|100%| O|  |TAMS 0x0000000084200000| PB 0x0000000084200000| Untracked |  0
|   7|0x0000000084300000, 0x0000000084400000, 0x0000000084400000|100%| O|  |TAMS 0x0000000084300000| PB 0x0000000084300000| Untracked |  0
|   8|0x0000000084400000, 0x0000000084500000, 0x0000000084500000|100%| O|  |TAMS 0x0000000084400000| PB 0x0000000084400000| Untracked |  0
|   9|0x0000000084500000, 0x0000000084600000, 0x0000000084600000|100%| O|  |TAMS 0x0000000084500000| PB 0x0000000084500000| Untracked |  0
|  10|0x0000000084600000, 0x0000000084700000, 0x0000000084700000|100%| O|  |TAMS 0x0000000084600000| PB 0x0000000084600000| Untracked |  0
|  11|0x0000000084700000, 0x0000000084800000, 0x0000000084800000|100%| O|  |TAMS 0x0000000084700000| PB 0x0000000084700000| Untracked |  0
|  12|0x0000000084800000, 0x0000000084900000, 0x0000000084900000|100%| O|  |TAMS 0x0000000084800000| PB 0x0000000084800000| Untracked |  0
|  13|0x0000000084900000, 0x0000000084900000, 0x0000000084a00000|  0%| F|  |TAMS 0x0000000084900000| PB 0x0000000084900000| Untracked |  0
|  14|0x0000000084a00000, 0x0000000084b00000, 0x0000000084b00000|100%| O|  |TAMS 0x0000000084a00000| PB 0x0000000084a00000| Untracked |  0
|  15|0x0000000084b00000, 0x0000000084c00000, 0x0000000084c00000|100%| O|  |TAMS 0x0000000084b00000| PB 0x0000000084b00000| Untracked |  0
|  16|0x0000000084c00000, 0x0000000084d00000, 0x0000000084d00000|100%| O|  |TAMS 0x0000000084c00000| PB 0x0000000084c00000| Untracked |  0
|  17|0x0000000084d00000, 0x0000000084e00000, 0x0000000084e00000|100%| O|  |TAMS 0x0000000084d00000| PB 0x0000000084d00000| Untracked |  0
|  18|0x0000000084e00000, 0x0000000084f00000, 0x0000000084f00000|100%| O|  |TAMS 0x0000000084e00000| PB 0x0000000084e00000| Untracked |  0
|  19|0x0000000084f00000, 0x0000000085000000, 0x0000000085000000|100%| O|  |TAMS 0x0000000084f00000| PB 0x0000000084f00000| Untracked |  0
|  20|0x0000000085000000, 0x0000000085000000, 0x0000000085100000|  0%| F|  |TAMS 0x0000000085000000| PB 0x0000000085000000| Untracked |  0
|  21|0x0000000085100000, 0x0000000085100000, 0x0000000085200000|  0%| F|  |TAMS 0x0000000085100000| PB 0x0000000085100000| Untracked |  0
|  22|0x0000000085200000, 0x0000000085200000, 0x0000000085300000|  0%| F|  |TAMS 0x0000000085200000| PB 0x0000000085200000| Untracked |  0
|  23|0x0000000085300000, 0x00000000853f8110, 0x0000000085400000| 96%| O|  |TAMS 0x0000000085300000| PB 0x0000000085300000| Untracked |  0
|  24|0x0000000085400000, 0x0000000085467f98, 0x0000000085500000| 40%| S|CS|TAMS 0x0000000085400000| PB 0x0000000085400000| Complete |  0
|  25|0x0000000085500000, 0x0000000085500000, 0x0000000085600000|  0%| F|  |TAMS 0x0000000085500000| PB 0x0000000085500000| Untracked |  0
|  26|0x0000000085600000, 0x0000000085600000, 0x0000000085700000|  0%| F|  |TAMS 0x0000000085600000| PB 0x0000000085600000| Untracked |  0
|  27|0x0000000085700000, 0x0000000085800000, 0x0000000085800000|100%| S|CS|TAMS 0x0000000085700000| PB 0x0000000085700000| Complete |  0
|  28|0x0000000085800000, 0x0000000085900000, 0x0000000085900000|100%| S|CS|TAMS 0x0000000085800000| PB 0x0000000085800000| Complete |  0
|  29|0x0000000085900000, 0x0000000085a00000, 0x0000000085a00000|100%| S|CS|TAMS 0x0000000085900000| PB 0x0000000085900000| Complete |  0
|  30|0x0000000085a00000, 0x0000000085a00000, 0x0000000085b00000|  0%| F|  |TAMS 0x0000000085a00000| PB 0x0000000085a00000| Untracked |  0
|  31|0x0000000085b00000, 0x0000000085b00000, 0x0000000085c00000|  0%| F|  |TAMS 0x0000000085b00000| PB 0x0000000085b00000| Untracked |  0
|  32|0x0000000085c00000, 0x0000000085c00000, 0x0000000085d00000|  0%| F|  |TAMS 0x0000000085c00000| PB 0x0000000085c00000| Untracked |  0
|  33|0x0000000085d00000, 0x0000000085d00000, 0x0000000085e00000|  0%| F|  |TAMS 0x0000000085d00000| PB 0x0000000085d00000| Untracked |  0
|  34|0x0000000085e00000, 0x0000000085e00000, 0x0000000085f00000|  0%| F|  |TAMS 0x0000000085e00000| PB 0x0000000085e00000| Untracked |  0
|  35|0x0000000085f00000, 0x0000000085f00000, 0x0000000086000000|  0%| F|  |TAMS 0x0000000085f00000| PB 0x0000000085f00000| Untracked |  0
|  36|0x0000000086000000, 0x0000000086000000, 0x0000000086100000|  0%| F|  |TAMS 0x0000000086000000| PB 0x0000000086000000| Untracked |  0
|  37|0x0000000086100000, 0x0000000086100000, 0x0000000086200000|  0%| F|  |TAMS 0x0000000086100000| PB 0x0000000086100000| Untracked |  0
|  38|0x0000000086200000, 0x0000000086200000, 0x0000000086300000|  0%| F|  |TAMS 0x0000000086200000| PB 0x0000000086200000| Untracked |  0
|  39|0x0000000086300000, 0x0000000086300000, 0x0000000086400000|  0%| F|  |TAMS 0x0000000086300000| PB 0x0000000086300000| Untracked |  0
|  40|0x0000000086400000, 0x0000000086400000, 0x0000000086500000|  0%| F|  |TAMS 0x0000000086400000| PB 0x0000000086400000| Untracked |  0
|  41|0x0000000086500000, 0x0000000086500000, 0x0000000086600000|  0%| F|  |TAMS 0x0000000086500000| PB 0x0000000086500000| Untracked |  0
|  42|0x0000000086600000, 0x0000000086600000, 0x0000000086700000|  0%| F|  |TAMS 0x0000000086600000| PB 0x0000000086600000| Untracked |  0
|  43|0x0000000086700000, 0x0000000086700000, 0x0000000086800000|  0%| F|  |TAMS 0x0000000086700000| PB 0x0000000086700000| Untracked |  0
|  44|0x0000000086800000, 0x0000000086800000, 0x0000000086900000|  0%| F|  |TAMS 0x0000000086800000| PB 0x0000000086800000| Untracked |  0
|  77|0x0000000088900000, 0x0000000088900000, 0x0000000088a00000|  0%| F|  |TAMS 0x0000000088900000| PB 0x0000000088900000| Untracked |  0
|  78|0x0000000088a00000, 0x0000000088a00000, 0x0000000088b00000|  0%| F|  |TAMS 0x0000000088a00000| PB 0x0000000088a00000| Untracked |  0
|  79|0x0000000088b00000, 0x0000000088be0488, 0x0000000088c00000| 87%| E|  |TAMS 0x0000000088b00000| PB 0x0000000088b00000| Complete |  0
|  80|0x0000000088c00000, 0x0000000088d00000, 0x0000000088d00000|100%| E|CS|TAMS 0x0000000088c00000| PB 0x0000000088c00000| Complete |  0
|  81|0x0000000088d00000, 0x0000000088e00000, 0x0000000088e00000|100%| E|CS|TAMS 0x0000000088d00000| PB 0x0000000088d00000| Complete |  0
|  82|0x0000000088e00000, 0x0000000088f00000, 0x0000000088f00000|100%| E|CS|TAMS 0x0000000088e00000| PB 0x0000000088e00000| Complete |  0
|  83|0x0000000088f00000, 0x0000000089000000, 0x0000000089000000|100%| E|  |TAMS 0x0000000088f00000| PB 0x0000000088f00000| Complete |  0
| 125|0x000000008b900000, 0x000000008ba00000, 0x000000008ba00000|100%| E|CS|TAMS 0x000000008b900000| PB 0x000000008b900000| Complete |  0

Card table byte_map: [0x000001c71ba00000,0x000001c71bdf0000] _byte_map_base: 0x000001c71b5e2000

Marking Bits: (CMBitMap*) 0x000001c703ffab80
 Bits: [0x000001c71bdf0000, 0x000001c71dd00000)

Polling page: 0x000001c703760000

Metaspace:

Usage:
  Non-class:     40.06 MB used.
      Class:      6.05 MB used.
       Both:     46.11 MB used.

Virtual space:
  Non-class space:       64.00 MB reserved,      40.38 MB ( 63%) committed,  1 nodes.
      Class space:        1.00 GB reserved,       6.31 MB ( <1%) committed,  1 nodes.
             Both:        1.06 GB reserved,      46.69 MB (  4%) committed. 

Chunk freelists:
   Non-Class:  7.19 MB
       Class:  9.54 MB
        Both:  16.73 MB

MaxMetaspaceSize: unlimited
CompressedClassSpaceSize: 1.00 GB
Initial GC threshold: 21.00 MB
Current GC threshold: 58.75 MB
CDS: on
 - commit_granule_bytes: 65536.
 - commit_granule_words: 8192.
 - virtual_space_node_default_size: 8388608.
 - enlarge_chunks_in_place: 1.
 - use_allocation_guard: 0.


Internal statistics:

num_allocs_failed_limit: 6.
num_arena_births: 848.
num_arena_deaths: 0.
num_vsnodes_births: 2.
num_vsnodes_deaths: 0.
num_space_committed: 747.
num_space_uncommitted: 0.
num_chunks_returned_to_freelist: 6.
num_chunks_taken_from_freelist: 2425.
num_chunk_merges: 6.
num_chunk_splits: 1637.
num_chunks_enlarged: 1155.
num_inconsistent_stats: 0.

CodeHeap 'non-profiled nmethods': size=120000Kb used=3647Kb max_used=3647Kb free=116352Kb
 bounds [0x000001c713db0000, 0x000001c714140000, 0x000001c71b2e0000]
CodeHeap 'profiled nmethods': size=120000Kb used=11018Kb max_used=11018Kb free=108981Kb
 bounds [0x000001c70c2e0000, 0x000001c70cdb0000, 0x000001c713810000]
CodeHeap 'non-nmethods': size=5760Kb used=1827Kb max_used=1860Kb free=3932Kb
 bounds [0x000001c713810000, 0x000001c713a80000, 0x000001c713db0000]
 total_blobs=6288 nmethods=5617 adapters=575
 compilation: enabled
              stopped_count=0, restarted_count=0
 full_count=0

Compilation events (20 events):
Event: 10.450 Thread 0x000001c769768d30 6101       4       jdk.internal.misc.Unsafe::copyMemory (33 bytes)
Event: 10.454 Thread 0x000001c720890060 6103       3       com.fasterxml.jackson.databind.util.internal.PrivateMaxEntriesMap$Node::setNext (9 bytes)
Event: 10.454 Thread 0x000001c769768d30 nmethod 6101 0x000001c71413d590 code [0x000001c71413d740, 0x000001c71413db00]
Event: 10.454 Thread 0x000001c720890060 nmethod 6103 0x000001c70cd9cd90 code [0x000001c70cd9cf20, 0x000001c70cd9d168]
Event: 10.454 Thread 0x000001c769768d30 6102       4       java.lang.ThreadLocal::getCarrierThreadLocal (29 bytes)
Event: 10.454 Thread 0x000001c720890060 6104       3       com.fasterxml.jackson.databind.util.internal.PrivateMaxEntriesMap$Node::setPrevious (9 bytes)
Event: 10.454 Thread 0x000001c720890060 nmethod 6104 0x000001c70cd9d210 code [0x000001c70cd9d3a0, 0x000001c70cd9d5e8]
Event: 10.457 Thread 0x000001c720890060 6106       3       com.fasterxml.jackson.databind.type.TypeFactory::_applyModifiers (120 bytes)
Event: 10.458 Thread 0x000001c769768d30 nmethod 6102 0x000001c71413de90 code [0x000001c71413e040, 0x000001c71413e1e0]
Event: 10.458 Thread 0x000001c769768d30 6105       4       org.apache.tomcat.util.net.SocketBufferHandler::setWriteBufferConfiguredForWrite (84 bytes)
Event: 10.459 Thread 0x000001c720890060 nmethod 6106 0x000001c70cd9d690 code [0x000001c70cd9d960, 0x000001c70cd9eb50]
Event: 10.459 Thread 0x000001c720890060 6107       3       com.fasterxml.jackson.datatype.jdk8.Jdk8TypeModifier::modifyType (108 bytes)
Event: 10.460 Thread 0x000001c720890060 nmethod 6107 0x000001c70cd9f190 code [0x000001c70cd9f440, 0x000001c70cda0128]
Event: 10.460 Thread 0x000001c720890060 6108       3       com.fasterxml.jackson.databind.type.TypeFactory::_fromAny (171 bytes)
Event: 10.460 Thread 0x000001c769768d30 nmethod 6105 0x000001c71413e390 code [0x000001c71413e520, 0x000001c71413e6c8]
Event: 10.460 Thread 0x000001c769768d30 6109       4       java.nio.ByteBuffer::put (124 bytes)
Event: 10.461 Thread 0x000001c720890060 nmethod 6108 0x000001c70cda0590 code [0x000001c70cda08e0, 0x000001c70cda20c8]
Event: 10.461 Thread 0x000001c720890060 6110       3       org.apache.tomcat.util.buf.ByteChunk::setBytes (31 bytes)
Event: 10.462 Thread 0x000001c720890060 nmethod 6110 0x000001c70cda2590 code [0x000001c70cda2720, 0x000001c70cda2888]
Event: 10.469 Thread 0x000001c769768d30 nmethod 6109 0x000001c71413e810 code [0x000001c71413ea20, 0x000001c71413f160]

GC Heap History (20 events):
Event: 0.748 GC heap before
{Heap before GC invocations=0 (full 0):
 garbage-first heap   total reserved 2035712K, committed 129024K, used 23552K [0x0000000083c00000, 0x0000000100000000)
  region size 1024K, 24 young (24576K), 0 survivors (0K)
 Metaspace       used 6792K, committed 7104K, reserved 1114112K
  class space    used 805K, committed 960K, reserved 1048576K
}
Event: 0.753 GC heap after
{Heap after GC invocations=1 (full 0):
 garbage-first heap   total reserved 2035712K, committed 129024K, used 5226K [0x0000000083c00000, 0x0000000100000000)
  region size 1024K, 3 young (3072K), 3 survivors (3072K)
 Metaspace       used 6792K, committed 7104K, reserved 1114112K
  class space    used 805K, committed 960K, reserved 1048576K
}
Event: 1.290 GC heap before
{Heap before GC invocations=1 (full 0):
 garbage-first heap   total reserved 2035712K, committed 129024K, used 36970K [0x0000000083c00000, 0x0000000100000000)
  region size 1024K, 35 young (35840K), 3 survivors (3072K)
 Metaspace       used 15351K, committed 15680K, reserved 1114112K
  class space    used 1873K, committed 1984K, reserved 1048576K
}
Event: 1.295 GC heap after
{Heap after GC invocations=2 (full 0):
 garbage-first heap   total reserved 2035712K, committed 129024K, used 8221K [0x0000000083c00000, 0x0000000100000000)
  region size 1024K, 3 young (3072K), 3 survivors (3072K)
 Metaspace       used 15351K, committed 15680K, reserved 1114112K
  class space    used 1873K, committed 1984K, reserved 1048576K
}
Event: 2.153 GC heap before
{Heap before GC invocations=2 (full 0):
 garbage-first heap   total reserved 2035712K, committed 129024K, used 47133K [0x0000000083c00000, 0x0000000100000000)
  region size 1024K, 42 young (43008K), 3 survivors (3072K)
 Metaspace       used 21180K, committed 21504K, reserved 1114112K
  class space    used 2595K, committed 2752K, reserved 1048576K
}
Event: 2.158 GC heap after
{Heap after GC invocations=3 (full 0):
 garbage-first heap   total reserved 2035712K, committed 129024K, used 11616K [0x0000000083c00000, 0x0000000100000000)
  region size 1024K, 7 young (7168K), 7 survivors (7168K)
 Metaspace       used 21180K, committed 21504K, reserved 1114112K
  class space    used 2595K, committed 2752K, reserved 1048576K
}
Event: 2.647 GC heap before
{Heap before GC invocations=4 (full 0):
 garbage-first heap   total reserved 2035712K, committed 45056K, used 31072K [0x0000000083c00000, 0x0000000100000000)
  region size 1024K, 26 young (26624K), 7 survivors (7168K)
 Metaspace       used 24845K, committed 25344K, reserved 1114112K
  class space    used 3129K, committed 3328K, reserved 1048576K
}
Event: 2.655 GC heap after
{Heap after GC invocations=5 (full 0):
 garbage-first heap   total reserved 2035712K, committed 45056K, used 13551K [0x0000000083c00000, 0x0000000100000000)
  region size 1024K, 3 young (3072K), 3 survivors (3072K)
 Metaspace       used 24845K, committed 25344K, reserved 1114112K
  class space    used 3129K, committed 3328K, reserved 1048576K
}
Event: 3.016 GC heap before
{Heap before GC invocations=5 (full 0):
 garbage-first heap   total reserved 2035712K, committed 45056K, used 35055K [0x0000000083c00000, 0x0000000100000000)
  region size 1024K, 24 young (24576K), 3 survivors (3072K)
 Metaspace       used 27461K, committed 27968K, reserved 1114112K
  class space    used 3473K, committed 3712K, reserved 1048576K
}
Event: 3.020 GC heap after
{Heap after GC invocations=6 (full 0):
 garbage-first heap   total reserved 2035712K, committed 45056K, used 14873K [0x0000000083c00000, 0x0000000100000000)
  region size 1024K, 2 young (2048K), 2 survivors (2048K)
 Metaspace       used 27461K, committed 27968K, reserved 1114112K
  class space    used 3473K, committed 3712K, reserved 1048576K
}
Event: 3.669 GC heap before
{Heap before GC invocations=6 (full 0):
 garbage-first heap   total reserved 2035712K, committed 45056K, used 36377K [0x0000000083c00000, 0x0000000100000000)
  region size 1024K, 23 young (23552K), 2 survivors (2048K)
 Metaspace       used 32634K, committed 33216K, reserved 1114112K
  class space    used 4255K, committed 4480K, reserved 1048576K
}
Event: 3.674 GC heap after
{Heap after GC invocations=7 (full 0):
 garbage-first heap   total reserved 2035712K, committed 45056K, used 16703K [0x0000000083c00000, 0x0000000100000000)
  region size 1024K, 3 young (3072K), 3 survivors (3072K)
 Metaspace       used 32634K, committed 33216K, reserved 1114112K
  class space    used 4255K, committed 4480K, reserved 1048576K
}
Event: 3.812 GC heap before
{Heap before GC invocations=7 (full 0):
 garbage-first heap   total reserved 2035712K, committed 45056K, used 26943K [0x0000000083c00000, 0x0000000100000000)
  region size 1024K, 15 young (15360K), 3 survivors (3072K)
 Metaspace       used 35378K, committed 35968K, reserved 1114112K
  class space    used 4569K, committed 4864K, reserved 1048576K
}
Event: 3.817 GC heap after
{Heap after GC invocations=8 (full 0):
 garbage-first heap   total reserved 2035712K, committed 45056K, used 19698K [0x0000000083c00000, 0x0000000100000000)
  region size 1024K, 3 young (3072K), 3 survivors (3072K)
 Metaspace       used 35378K, committed 35968K, reserved 1114112K
  class space    used 4569K, committed 4864K, reserved 1048576K
}
Event: 4.123 GC heap before
{Heap before GC invocations=9 (full 0):
 garbage-first heap   total reserved 2035712K, committed 45056K, used 37106K [0x0000000083c00000, 0x0000000100000000)
  region size 1024K, 21 young (21504K), 3 survivors (3072K)
 Metaspace       used 38255K, committed 38848K, reserved 1114112K
  class space    used 4956K, committed 5184K, reserved 1048576K
}
Event: 4.126 GC heap after
{Heap after GC invocations=10 (full 0):
 garbage-first heap   total reserved 2035712K, committed 45056K, used 20883K [0x0000000083c00000, 0x0000000100000000)
  region size 1024K, 3 young (3072K), 3 survivors (3072K)
 Metaspace       used 38255K, committed 38848K, reserved 1114112K
  class space    used 4956K, committed 5184K, reserved 1048576K
}
Event: 4.496 GC heap before
{Heap before GC invocations=10 (full 0):
 garbage-first heap   total reserved 2035712K, committed 45056K, used 38291K [0x0000000083c00000, 0x0000000100000000)
  region size 1024K, 20 young (20480K), 3 survivors (3072K)
 Metaspace       used 41474K, committed 42112K, reserved 1114112K
  class space    used 5406K, committed 5696K, reserved 1048576K
}
Event: 4.502 GC heap after
{Heap after GC invocations=11 (full 0):
 garbage-first heap   total reserved 2035712K, committed 54272K, used 22496K [0x0000000083c00000, 0x0000000100000000)
  region size 1024K, 2 young (2048K), 2 survivors (2048K)
 Metaspace       used 41474K, committed 42112K, reserved 1114112K
  class space    used 5406K, committed 5696K, reserved 1048576K
}
Event: 10.208 GC heap before
{Heap before GC invocations=11 (full 0):
 garbage-first heap   total reserved 2035712K, committed 54272K, used 45024K [0x0000000083c00000, 0x0000000100000000)
  region size 1024K, 25 young (25600K), 2 survivors (2048K)
 Metaspace       used 45866K, committed 46464K, reserved 1114112K
  class space    used 6013K, committed 6272K, reserved 1048576K
}
Event: 10.212 GC heap after
{Heap after GC invocations=12 (full 0):
 garbage-first heap   total reserved 2035712K, committed 54272K, used 23936K [0x0000000083c00000, 0x0000000100000000)
  region size 1024K, 4 young (4096K), 4 survivors (4096K)
 Metaspace       used 45866K, committed 46464K, reserved 1114112K
  class space    used 6013K, committed 6272K, reserved 1048576K
}

Dll operation events (15 events):
Event: 0.007 Loaded shared library C:\Users\HP\.jdks\openjdk-22.0.2\bin\java.dll
Event: 0.041 Loaded shared library C:\Users\HP\.jdks\openjdk-22.0.2\bin\jsvml.dll
Event: 0.115 Loaded shared library C:\Users\HP\.jdks\openjdk-22.0.2\bin\zip.dll
Event: 0.118 Loaded shared library C:\Users\HP\.jdks\openjdk-22.0.2\bin\instrument.dll
Event: 0.124 Loaded shared library C:\Users\HP\.jdks\openjdk-22.0.2\bin\net.dll
Event: 0.125 Loaded shared library C:\Users\HP\.jdks\openjdk-22.0.2\bin\nio.dll
Event: 0.127 Loaded shared library C:\Users\HP\.jdks\openjdk-22.0.2\bin\zip.dll
Event: 0.175 Loaded shared library D:\IntelliJ IDEA Community Edition 2024.1.4\bin\breakgen64.dll
Event: 0.184 Loaded shared library C:\Users\HP\.jdks\openjdk-22.0.2\bin\extnet.dll
Event: 0.222 Loaded shared library C:\Users\HP\.jdks\openjdk-22.0.2\bin\jimage.dll
Event: 0.539 Loaded shared library C:\Users\HP\.jdks\openjdk-22.0.2\bin\management.dll
Event: 0.541 Loaded shared library C:\Users\HP\.jdks\openjdk-22.0.2\bin\management_ext.dll
Event: 1.004 Loaded shared library C:\Users\HP\.jdks\openjdk-22.0.2\bin\le.dll
Event: 1.403 Loaded shared library C:\Users\HP\.jdks\openjdk-22.0.2\bin\sunmscapi.dll
Event: 10.231 Loaded shared library C:\Users\HP\.jdks\openjdk-22.0.2\bin\verify.dll

Deoptimization events (20 events):
Event: 10.266 Thread 0x000001c767286260 Uncommon trap: trap_request=0xffffff45 fr.pc=0x000001c713f58b44 relative=0x0000000000000044
Event: 10.266 Thread 0x000001c767286260 Uncommon trap: reason=unstable_if action=reinterpret pc=0x000001c713f58b44 method=java.util.IdentityHashMap.maskNull(Ljava/lang/Object;)Ljava/lang/Object; @ 1 c2
Event: 10.266 Thread 0x000001c767286260 DEOPT PACKING pc=0x000001c713f58b44 sp=0x0000005a225fd270
Event: 10.266 Thread 0x000001c767286260 DEOPT UNPACKING pc=0x000001c713867da2 sp=0x0000005a225fd210 mode 2
Event: 10.293 Thread 0x000001c767286260 Uncommon trap: trap_request=0xffffff45 fr.pc=0x000001c713f046d0 relative=0x0000000000000190
Event: 10.293 Thread 0x000001c767286260 Uncommon trap: reason=unstable_if action=reinterpret pc=0x000001c713f046d0 method=java.util.HashMap.getNode(Ljava/lang/Object;)Ljava/util/HashMap$Node; @ 131 c2
Event: 10.293 Thread 0x000001c767286260 DEOPT PACKING pc=0x000001c713f046d0 sp=0x0000005a225fc7b0
Event: 10.293 Thread 0x000001c767286260 DEOPT UNPACKING pc=0x000001c713867da2 sp=0x0000005a225fc6d0 mode 2
Event: 10.296 Thread 0x000001c767286260 Uncommon trap: trap_request=0xffffff45 fr.pc=0x000001c713e74238 relative=0x00000000000000b8
Event: 10.296 Thread 0x000001c767286260 Uncommon trap: reason=unstable_if action=reinterpret pc=0x000001c713e74238 method=java.lang.Integer.stringSize(I)I @ 3 c2
Event: 10.296 Thread 0x000001c767286260 DEOPT PACKING pc=0x000001c713e74238 sp=0x0000005a225fc2b0
Event: 10.296 Thread 0x000001c767286260 DEOPT UNPACKING pc=0x000001c713867da2 sp=0x0000005a225fc238 mode 2
Event: 10.296 Thread 0x000001c767286260 Uncommon trap: trap_request=0xffffff45 fr.pc=0x000001c713ee8ca4 relative=0x0000000000000164
Event: 10.296 Thread 0x000001c767286260 Uncommon trap: reason=unstable_if action=reinterpret pc=0x000001c713ee8ca4 method=java.lang.StringLatin1.getChars(II[B)I @ 4 c2
Event: 10.296 Thread 0x000001c767286260 DEOPT PACKING pc=0x000001c713ee8ca4 sp=0x0000005a225fc280
Event: 10.296 Thread 0x000001c767286260 DEOPT UNPACKING pc=0x000001c713867da2 sp=0x0000005a225fc228 mode 2
Event: 10.297 Thread 0x000001c767286260 Uncommon trap: trap_request=0xffffff45 fr.pc=0x000001c713e62404 relative=0x00000000000000e4
Event: 10.297 Thread 0x000001c767286260 Uncommon trap: reason=unstable_if action=reinterpret pc=0x000001c713e62404 method=java.lang.Class.annotationData()Ljava/lang/Class$AnnotationData; @ 36 c2
Event: 10.297 Thread 0x000001c767286260 DEOPT PACKING pc=0x000001c713e62404 sp=0x0000005a225fc4b0
Event: 10.297 Thread 0x000001c767286260 DEOPT UNPACKING pc=0x000001c713867da2 sp=0x0000005a225fc468 mode 2

Classes loaded (20 events):
Event: 10.285 Loading class org/w3c/dom/Node
Event: 10.286 Loading class org/w3c/dom/Node done
Event: 10.286 Loading class org/w3c/dom/Document
Event: 10.286 Loading class org/w3c/dom/Document done
Event: 10.328 Loading class java/util/ArrayList$SubList$2
Event: 10.328 Loading class java/util/ArrayList$SubList$2 done
Event: 10.406 Loading class java/util/stream/ReferencePipeline$4
Event: 10.407 Loading class java/util/stream/ReferencePipeline$4 done
Event: 10.407 Loading class java/util/function/IntBinaryOperator
Event: 10.407 Loading class java/util/function/IntBinaryOperator done
Event: 10.408 Loading class java/util/stream/ReduceOps$7
Event: 10.408 Loading class java/util/stream/ReduceOps$7 done
Event: 10.408 Loading class java/util/stream/ReduceOps$6ReducingSink
Event: 10.408 Loading class java/util/stream/ReduceOps$6ReducingSink done
Event: 10.408 Loading class java/util/stream/ReferencePipeline$4$1
Event: 10.408 Loading class java/util/stream/ReferencePipeline$4$1 done
Event: 10.433 Loading class java/lang/Throwable$WrappedPrintWriter
Event: 10.433 Loading class java/lang/Throwable$PrintStreamOrWriter
Event: 10.433 Loading class java/lang/Throwable$PrintStreamOrWriter done
Event: 10.433 Loading class java/lang/Throwable$WrappedPrintWriter done

Classes unloaded (0 events):
No events

Classes redefined (0 events):
No events

Internal exceptions (20 events):
Event: 3.710 Thread 0x000001c7690737f0 Exception <a 'sun/nio/fs/WindowsException'{0x0000000088d27bd8}> (0x0000000088d27bd8) 
thrown [s\open\src\hotspot\share\prims\jni.cpp, line 520]
Event: 3.712 Thread 0x000001c7690737f0 Exception <a 'sun/nio/fs/WindowsException'{0x0000000088db71a0}> (0x0000000088db71a0) 
thrown [s\open\src\hotspot\share\prims\jni.cpp, line 520]
Event: 3.733 Thread 0x000001c769072ad0 Exception <a 'sun/nio/fs/WindowsException'{0x0000000088c62a00}> (0x0000000088c62a00) 
thrown [s\open\src\hotspot\share\prims\jni.cpp, line 520]
Event: 3.792 Thread 0x000001c76640b220 Exception <a 'java/lang/NoSuchMethodError'{0x0000000085fb5a90}: 'long java.lang.invoke.DirectMethodHandle$Holder.invokeVirtual(java.lang.Object, java.lang.Object, java.lang.Object, java.lang.Object, java.lang.Object, java.lang.Object)'> (0x0000000085fb5a90) 
thrown [s\open\src\hotspot\share\interpreter\linkResolver.cpp, line 774]
Event: 3.901 Thread 0x000001c76640b220 Exception <a 'java/lang/IncompatibleClassChangeError'{0x0000000088ba1ed8}: Found class java.lang.Object, but interface was expected> (0x0000000088ba1ed8) 
thrown [s\open\src\hotspot\share\interpreter\linkResolver.cpp, line 841]
Event: 3.908 Thread 0x000001c76640b220 Exception <a 'java/lang/NoSuchMethodError'{0x0000000088a11848}: 'java.lang.Object java.lang.invoke.DirectMethodHandle$Holder.newInvokeSpecial(java.lang.Object, java.lang.Object, java.lang.Object, java.lang.Object, java.lang.Object, java.lang.Object)'> (0x0000000088a11848) 
thrown [s\open\src\hotspot\share\interpreter\linkResolver.cpp, line 774]
Event: 4.029 Thread 0x000001c76640b220 Exception <a 'java/lang/NoSuchMethodError'{0x0000000085c97940}: 'java.lang.Object java.lang.invoke.DirectMethodHandle$Holder.invokeStatic(java.lang.Object, java.lang.Object, int, java.lang.Object)'> (0x0000000085c97940) 
thrown [s\open\src\hotspot\share\interpreter\linkResolver.cpp, line 774]
Event: 4.030 Thread 0x000001c76640b220 Exception <a 'java/lang/NoSuchMethodError'{0x0000000085c9e160}: 'java.lang.Object java.lang.invoke.DirectMethodHandle$Holder.newInvokeSpecial(java.lang.Object, java.lang.Object, int)'> (0x0000000085c9e160) 
thrown [s\open\src\hotspot\share\interpreter\linkResolver.cpp, line 774]
Event: 4.073 Thread 0x000001c76640b220 Exception <a 'java/io/FileNotFoundException'{0x000000008575dd88}> (0x000000008575dd88) 
thrown [s\open\src\hotspot\share\prims\jni.cpp, line 520]
Event: 4.074 Thread 0x000001c76640b220 Exception <a 'java/io/FileNotFoundException'{0x000000008579d4f0}> (0x000000008579d4f0) 
thrown [s\open\src\hotspot\share\prims\jni.cpp, line 520]
Event: 4.153 Thread 0x000001c76640b220 Exception <a 'java/lang/NoSuchMethodError'{0x0000000088fc6d88}: 'java.lang.Object java.lang.invoke.DirectMethodHandle$Holder.newInvokeSpecial(java.lang.Object, java.lang.Object, java.lang.Object, java.lang.Object, java.lang.Object, java.lang.Object, java.lang.Object, java.lang.Object)'> (0x0000000088fc6d88) 
thrown [s\open\src\hotspot\share\interpreter\linkResolver.cpp, line 774]
Event: 4.406 Thread 0x000001c76640b220 Exception <a 'java/lang/IncompatibleClassChangeError'{0x0000000085b2a5a8}: Found class java.lang.Object, but interface was expected> (0x0000000085b2a5a8) 
thrown [s\open\src\hotspot\share\interpreter\linkResolver.cpp, line 841]
Event: 4.447 Thread 0x000001c76640b220 Exception <a 'java/lang/NoSuchMethodError'{0x00000000859725d8}: 'void java.lang.invoke.DirectMethodHandle$Holder.invokeVirtual(java.lang.Object, java.lang.Object, long)'> (0x00000000859725d8) 
thrown [s\open\src\hotspot\share\interpreter\linkResolver.cpp, line 774]
Event: 4.504 Thread 0x000001c76640b220 Exception <a 'java/lang/NoSuchMethodError'{0x000000008b9226b0}: 'int java.lang.invoke.DirectMethodHandle$Holder.invokeStaticInit(java.lang.Object, java.lang.Object, java.lang.Object, java.lang.Object)'> (0x000000008b9226b0) 
thrown [s\open\src\hotspot\share\interpreter\linkResolver.cpp, line 774]
Event: 4.604 Thread 0x000001c76640b220 Exception <a 'java/lang/NoSuchMethodError'{0x0000000088de7dd8}: 'java.lang.Object java.lang.invoke.DirectMethodHandle$Holder.newInvokeSpecial(java.lang.Object, java.lang.Object, int, java.lang.Object, java.lang.Object)'> (0x0000000088de7dd8) 
thrown [s\open\src\hotspot\share\interpreter\linkResolver.cpp, line 774]
Event: 9.045 Thread 0x000001c767285540 Exception <a 'java/lang/NoSuchMethodError'{0x0000000086279780}: 'java.lang.Object java.lang.invoke.DirectMethodHandle$Holder.invokeSpecial(java.lang.Object, java.lang.Object, java.lang.Object, java.lang.Object, java.lang.Object, long)'> (0x0000000086279780) 
thrown [s\open\src\hotspot\share\interpreter\linkResolver.cpp, line 774]
Event: 9.046 Thread 0x000001c767285540 Exception <a 'java/lang/NoSuchMethodError'{0x000000008627cf40}: 'java.lang.Object java.lang.invoke.Invokers$Holder.linkToTargetMethod(java.lang.Object, java.lang.Object, java.lang.Object, long, java.lang.Object)'> (0x000000008627cf40) 
thrown [s\open\src\hotspot\share\interpreter\linkResolver.cpp, line 774]
Event: 10.232 Thread 0x000001c767285540 Exception <a 'java/lang/NoSuchMethodError'{0x000000008b9ecb28}: 'void java.lang.invoke.Invokers$Holder.invoke_MT(java.lang.Object, java.lang.Object, java.lang.Object, java.lang.Object)'> (0x000000008b9ecb28) 
thrown [s\open\src\hotspot\share\interpreter\linkResolver.cpp, line 774]
Event: 10.232 Thread 0x000001c767286260 Exception <a 'java/lang/NoSuchMethodError'{0x000000008b97aee8}: 'void java.lang.invoke.Invokers$Holder.invoke_MT(java.lang.Object, java.lang.Object, java.lang.Object, java.lang.Object)'> (0x000000008b97aee8) 
thrown [s\open\src\hotspot\share\interpreter\linkResolver.cpp, line 774]
Event: 10.328 Thread 0x000001c767283470 Exception <a 'java/lang/NoSuchMethodError'{0x0000000088c16c98}: 'java.lang.Object java.lang.invoke.DirectMethodHandle$Holder.invokeStatic(java.lang.Object, int, int)'> (0x0000000088c16c98) 
thrown [s\open\src\hotspot\share\interpreter\linkResolver.cpp, line 774]

ZGC Phase Switch (0 events):
No events

VM Operations (20 events):
Event: 4.892 Executing VM operation: HandshakeAllThreads (Deoptimize)
Event: 4.892 Executing VM operation: HandshakeAllThreads (Deoptimize) done
Event: 4.926 Executing VM operation: ICBufferFull
Event: 4.927 Executing VM operation: ICBufferFull done
Event: 5.939 Executing VM operation: Cleanup
Event: 5.939 Executing VM operation: Cleanup done
Event: 9.062 Executing VM operation: HandshakeAllThreads (Deoptimize)
Event: 9.062 Executing VM operation: HandshakeAllThreads (Deoptimize) done
Event: 9.062 Executing VM operation: Cleanup
Event: 9.062 Executing VM operation: Cleanup done
Event: 9.129 Executing VM operation: HandshakeAllThreads (Deoptimize)
Event: 9.129 Executing VM operation: HandshakeAllThreads (Deoptimize) done
Event: 10.140 Executing VM operation: Cleanup
Event: 10.140 Executing VM operation: Cleanup done
Event: 10.208 Executing VM operation: G1CollectForAllocation (G1 Evacuation Pause)
Event: 10.212 Executing VM operation: G1CollectForAllocation (G1 Evacuation Pause) done
Event: 10.241 Executing VM operation: HandshakeAllThreads (Deoptimize)
Event: 10.241 Executing VM operation: HandshakeAllThreads (Deoptimize) done
Event: 10.272 Executing VM operation: HandshakeAllThreads (Deoptimize)
Event: 10.272 Executing VM operation: HandshakeAllThreads (Deoptimize) done

Memory protections (0 events):
No events

Nmethod flushes (20 events):
Event: 3.840 Thread 0x000001c7202ff960 flushing  nmethod 0x000001c70c549d10
Event: 3.840 Thread 0x000001c7202ff960 flushing  nmethod 0x000001c70c598610
Event: 3.840 Thread 0x000001c7202ff960 flushing  nmethod 0x000001c70c599b90
Event: 3.840 Thread 0x000001c7202ff960 flushing  nmethod 0x000001c70c5a0110
Event: 3.840 Thread 0x000001c7202ff960 flushing  nmethod 0x000001c70c5cb010
Event: 3.840 Thread 0x000001c7202ff960 flushing  nmethod 0x000001c70c5cb410
Event: 3.840 Thread 0x000001c7202ff960 flushing  nmethod 0x000001c70c5cc110
Event: 3.840 Thread 0x000001c7202ff960 flushing  nmethod 0x000001c70c5d3090
Event: 3.840 Thread 0x000001c7202ff960 flushing  nmethod 0x000001c70c5d3890
Event: 3.840 Thread 0x000001c7202ff960 flushing  nmethod 0x000001c70c5d4810
Event: 3.840 Thread 0x000001c7202ff960 flushing  nmethod 0x000001c70c5d5090
Event: 3.840 Thread 0x000001c7202ff960 flushing  nmethod 0x000001c70c5d5690
Event: 3.840 Thread 0x000001c7202ff960 flushing  nmethod 0x000001c70c5d5a90
Event: 3.840 Thread 0x000001c7202ff960 flushing  nmethod 0x000001c70c633910
Event: 3.840 Thread 0x000001c7202ff960 flushing  nmethod 0x000001c70c635010
Event: 3.840 Thread 0x000001c7202ff960 flushing  nmethod 0x000001c70c638490
Event: 3.840 Thread 0x000001c7202ff960 flushing  nmethod 0x000001c70c681a90
Event: 3.840 Thread 0x000001c7202ff960 flushing  nmethod 0x000001c70c6c6610
Event: 3.840 Thread 0x000001c7202ff960 flushing  nmethod 0x000001c70c6cbc10
Event: 3.840 Thread 0x000001c7202ff960 flushing  nmethod 0x000001c70c7d8490

Events (20 events):
Event: 4.614 Thread 0x000001c76640b220 Thread added: 0x000001c7672813a0
Event: 4.614 Thread 0x000001c76640b220 Thread added: 0x000001c7672820c0
Event: 4.614 Thread 0x000001c76640b220 Thread added: 0x000001c767284820
Event: 4.614 Thread 0x000001c76640b220 Thread added: 0x000001c767280680
Event: 4.619 Thread 0x000001c76640b220 Thread added: 0x000001c767282750
Event: 4.622 Thread 0x000001c76640b220 Thread added: 0x000001c767284eb0
Event: 4.655 Thread 0x000001c76640b220 Thread exited: 0x000001c76640b220
Event: 4.658 Thread 0x000001c766265420 Thread exited: 0x000001c766265420
Event: 4.659 Thread 0x000001c701e1a8e0 Thread exited: 0x000001c701e1a8e0
Event: 4.659 Thread 0x000001c76727f2d0 Thread added: 0x000001c76727f2d0
Event: 4.910 Thread 0x000001c769072440 Thread added: 0x000001c7672868f0
Event: 4.912 Thread 0x000001c769071090 Thread added: 0x000001c76727f960
Event: 4.928 Thread 0x000001c767284190 Thread added: 0x000001c769725b90
Event: 5.610 Thread 0x000001c769a483f0 Thread exited: 0x000001c769a483f0
Event: 5.610 Thread 0x000001c720a69880 Thread exited: 0x000001c720a69880
Event: 9.050 Thread 0x000001c720890060 Thread added: 0x000001c76976b610
Event: 9.484 Thread 0x000001c76976b610 Thread exited: 0x000001c76976b610
Event: 9.493 Thread 0x000001c720890060 Thread added: 0x000001c769767f90
Event: 10.200 Thread 0x000001c769767f90 Thread exited: 0x000001c769767f90
Event: 10.334 Thread 0x000001c720890060 Thread added: 0x000001c769768d30


Dynamic libraries:
0x00007ff744890000 - 0x00007ff74489e000 	C:\Users\HP\.jdks\openjdk-22.0.2\bin\java.exe
0x00007ffc5c5f0000 - 0x00007ffc5c807000 	C:\WINDOWS\SYSTEM32\ntdll.dll
0x00007ffc5b5d0000 - 0x00007ffc5b694000 	C:\WINDOWS\System32\KERNEL32.DLL
0x00007ffc59c80000 - 0x00007ffc5a02d000 	C:\WINDOWS\System32\KERNELBASE.dll
0x00007ffc5a210000 - 0x00007ffc5a321000 	C:\WINDOWS\System32\ucrtbase.dll
0x00007ffc55d10000 - 0x00007ffc55d27000 	C:\Users\HP\.jdks\openjdk-22.0.2\bin\jli.dll
0x00007ffc57510000 - 0x00007ffc5752b000 	C:\Users\HP\.jdks\openjdk-22.0.2\bin\VCRUNTIME140.dll
0x00007ffc5a960000 - 0x00007ffc5ab0e000 	C:\WINDOWS\System32\USER32.dll
0x00007ffc599c0000 - 0x00007ffc599e6000 	C:\WINDOWS\System32\win32u.dll
0x00007ffc3a2a0000 - 0x00007ffc3a533000 	C:\WINDOWS\WinSxS\amd64_microsoft.windows.common-controls_6595b64144ccf1df_6.0.22621.3672_none_2713b9d173822955\COMCTL32.dll
0x00007ffc5c500000 - 0x00007ffc5c5a7000 	C:\WINDOWS\System32\msvcrt.dll
0x00007ffc5c0c0000 - 0x00007ffc5c0e9000 	C:\WINDOWS\System32\GDI32.dll
0x00007ffc5a0f0000 - 0x00007ffc5a209000 	C:\WINDOWS\System32\gdi32full.dll
0x00007ffc59920000 - 0x00007ffc599ba000 	C:\WINDOWS\System32\msvcp_win.dll
0x00007ffc5aeb0000 - 0x00007ffc5aee1000 	C:\WINDOWS\System32\IMM32.DLL
0x00007ffc55b70000 - 0x00007ffc55b7c000 	C:\Users\HP\.jdks\openjdk-22.0.2\bin\vcruntime140_1.dll
0x00007ffc51970000 - 0x00007ffc519fe000 	C:\Users\HP\.jdks\openjdk-22.0.2\bin\msvcp140.dll
0x00007ffbfd330000 - 0x00007ffbfe079000 	C:\Users\HP\.jdks\openjdk-22.0.2\bin\server\jvm.dll
0x00007ffc5a330000 - 0x00007ffc5a3e2000 	C:\WINDOWS\System32\ADVAPI32.dll
0x00007ffc5ad40000 - 0x00007ffc5ade9000 	C:\WINDOWS\System32\sechost.dll
0x00007ffc59c50000 - 0x00007ffc59c78000 	C:\WINDOWS\System32\bcrypt.dll
0x00007ffc5a840000 - 0x00007ffc5a954000 	C:\WINDOWS\System32\RPCRT4.dll
0x00007ffc5c0f0000 - 0x00007ffc5c161000 	C:\WINDOWS\System32\WS2_32.dll
0x00007ffc597e0000 - 0x00007ffc5982d000 	C:\WINDOWS\SYSTEM32\POWRPROF.dll
0x00007ffc54ca0000 - 0x00007ffc54cd4000 	C:\WINDOWS\SYSTEM32\WINMM.dll
0x00007ffc54bd0000 - 0x00007ffc54bda000 	C:\WINDOWS\SYSTEM32\VERSION.dll
0x00007ffc597c0000 - 0x00007ffc597d3000 	C:\WINDOWS\SYSTEM32\UMPDC.dll
0x00007ffc58910000 - 0x00007ffc58928000 	C:\WINDOWS\SYSTEM32\kernel.appcore.dll
0x00007ffc55b60000 - 0x00007ffc55b6a000 	C:\Users\HP\.jdks\openjdk-22.0.2\bin\jimage.dll
0x00007ffc57180000 - 0x00007ffc573b2000 	C:\WINDOWS\SYSTEM32\DBGHELP.DLL
0x00007ffc5c170000 - 0x00007ffc5c4f8000 	C:\WINDOWS\System32\combase.dll
0x00007ffc5b380000 - 0x00007ffc5b457000 	C:\WINDOWS\System32\OLEAUT32.dll
0x00007ffc4f850000 - 0x00007ffc4f882000 	C:\WINDOWS\SYSTEM32\dbgcore.DLL
0x00007ffc59a60000 - 0x00007ffc59adb000 	C:\WINDOWS\System32\bcryptPrimitives.dll
0x00007ffc57530000 - 0x00007ffc5753f000 	C:\Users\HP\.jdks\openjdk-22.0.2\bin\instrument.dll
0x00007ffc55b30000 - 0x00007ffc55b4e000 	C:\Users\HP\.jdks\openjdk-22.0.2\bin\java.dll
0x00007ffc5b6a0000 - 0x00007ffc5beff000 	C:\WINDOWS\System32\SHELL32.dll
0x00007ffc5a450000 - 0x00007ffc5a5f5000 	C:\WINDOWS\System32\ole32.dll
0x00007ffc57820000 - 0x00007ffc5811c000 	C:\WINDOWS\SYSTEM32\windows.storage.dll
0x00007ffc576e0000 - 0x00007ffc5781f000 	C:\WINDOWS\SYSTEM32\wintypes.dll
0x00007ffc5b480000 - 0x00007ffc5b574000 	C:\WINDOWS\System32\SHCORE.dll
0x00007ffc5adf0000 - 0x00007ffc5ae4e000 	C:\WINDOWS\System32\shlwapi.dll
0x00007ffc59850000 - 0x00007ffc59871000 	C:\WINDOWS\SYSTEM32\profapi.dll
0x00007ffc4bf60000 - 0x00007ffc4c037000 	C:\Users\HP\.jdks\openjdk-22.0.2\bin\jsvml.dll
0x00007ffc55790000 - 0x00007ffc557a7000 	C:\Users\HP\.jdks\openjdk-22.0.2\bin\zip.dll
0x00007ffc55ad0000 - 0x00007ffc55ae0000 	C:\Users\HP\.jdks\openjdk-22.0.2\bin\net.dll
0x00007ffc58d70000 - 0x00007ffc58dd9000 	C:\WINDOWS\system32\mswsock.dll
0x00007ffc55ab0000 - 0x00007ffc55ac6000 	C:\Users\HP\.jdks\openjdk-22.0.2\bin\nio.dll
0x00007ffc50830000 - 0x00007ffc5084a000 	D:\IntelliJ IDEA Community Edition 2024.1.4\bin\breakgen64.dll
0x00007ffc55780000 - 0x00007ffc55789000 	C:\Users\HP\.jdks\openjdk-22.0.2\bin\extnet.dll
0x00007ffc55330000 - 0x00007ffc5533a000 	C:\Users\HP\.jdks\openjdk-22.0.2\bin\management.dll
0x00007ffc552f0000 - 0x00007ffc552fb000 	C:\Users\HP\.jdks\openjdk-22.0.2\bin\management_ext.dll
0x00007ffc5a600000 - 0x00007ffc5a608000 	C:\WINDOWS\System32\PSAPI.DLL
0x00007ffc55190000 - 0x00007ffc5519b000 	C:\Users\HP\.jdks\openjdk-22.0.2\bin\le.dll
0x00007ffc55040000 - 0x00007ffc5504e000 	C:\Users\HP\.jdks\openjdk-22.0.2\bin\sunmscapi.dll
0x00007ffc59ae0000 - 0x00007ffc59c47000 	C:\WINDOWS\System32\CRYPT32.dll
0x00007ffc591c0000 - 0x00007ffc591ee000 	C:\WINDOWS\SYSTEM32\ncrypt.dll
0x00007ffc59180000 - 0x00007ffc591b7000 	C:\WINDOWS\SYSTEM32\NTASN1.dll
0x00007ffc59010000 - 0x00007ffc5902b000 	C:\WINDOWS\SYSTEM32\CRYPTSP.dll
0x00007ffc58870000 - 0x00007ffc588a5000 	C:\WINDOWS\system32\rsaenh.dll
0x00007ffc58e10000 - 0x00007ffc58e38000 	C:\WINDOWS\SYSTEM32\USERENV.dll
0x00007ffc58f70000 - 0x00007ffc58f7c000 	C:\WINDOWS\SYSTEM32\CRYPTBASE.dll
0x00007ffc58370000 - 0x00007ffc5839d000 	C:\WINDOWS\SYSTEM32\IPHLPAPI.DLL
0x00007ffc5aef0000 - 0x00007ffc5aef9000 	C:\WINDOWS\System32\NSI.dll
0x00007ffc55ff0000 - 0x00007ffc56009000 	C:\WINDOWS\SYSTEM32\dhcpcsvc6.DLL
0x00007ffc55fd0000 - 0x00007ffc55fef000 	C:\WINDOWS\SYSTEM32\dhcpcsvc.DLL
0x00007ffc583a0000 - 0x00007ffc58498000 	C:\WINDOWS\SYSTEM32\DNSAPI.dll
0x00007ffc39220000 - 0x00007ffc39228000 	C:\WINDOWS\system32\wshunix.dll
0x00007ffc54610000 - 0x00007ffc5461a000 	C:\Windows\System32\rasadhlp.dll
0x00007ffc54b40000 - 0x00007ffc54bc3000 	C:\WINDOWS\System32\fwpuclnt.dll
0x00007ffc551a0000 - 0x00007ffc551b0000 	C:\Users\HP\.jdks\openjdk-22.0.2\bin\verify.dll

dbghelp: loaded successfully - version: 4.0.5 - missing functions: none
symbol engine: initialized successfully - sym options: 0x614 - pdb path: .;C:\Users\HP\.jdks\openjdk-22.0.2\bin;C:\WINDOWS\SYSTEM32;C:\WINDOWS\WinSxS\amd64_microsoft.windows.common-controls_6595b64144ccf1df_6.0.22621.3672_none_2713b9d173822955;C:\Users\HP\.jdks\openjdk-22.0.2\bin\server;D:\IntelliJ IDEA Community Edition 2024.1.4\bin

VM Arguments:
jvm_args: -javaagent:D:\IntelliJ IDEA Community Edition 2024.1.4\lib\idea_rt.jar=54628:D:\IntelliJ IDEA Community Edition 2024.1.4\bin -Dfile.encoding=UTF-8 -Dsun.stdout.encoding=UTF-8 -Dsun.stderr.encoding=UTF-8 
java_command: com.abcRestaurant.abcRestaurant.AbcRestaurantApplication
java_class_path (initial): C:\Users\HP\Desktop\BSc 1st Sem\Advanced Programming\abcRestaurant\target\classes;C:\Users\HP\.m2\repository\org\springframework\boot\spring-boot-starter-data-mongodb\3.3.2\spring-boot-starter-data-mongodb-3.3.2.jar;C:\Users\HP\.m2\repository\org\springframework\boot\spring-boot-starter\3.3.2\spring-boot-starter-3.3.2.jar;C:\Users\HP\.m2\repository\org\springframework\boot\spring-boot-starter-logging\3.3.2\spring-boot-starter-logging-3.3.2.jar;C:\Users\HP\.m2\repository\ch\qos\logback\logback-classic\1.5.6\logback-classic-1.5.6.jar;C:\Users\HP\.m2\repository\ch\qos\logback\logback-core\1.5.6\logback-core-1.5.6.jar;C:\Users\HP\.m2\repository\org\apache\logging\log4j\log4j-to-slf4j\2.23.1\log4j-to-slf4j-2.23.1.jar;C:\Users\HP\.m2\repository\org\apache\logging\log4j\log4j-api\2.23.1\log4j-api-2.23.1.jar;C:\Users\HP\.m2\repository\org\slf4j\jul-to-slf4j\2.0.13\jul-to-slf4j-2.0.13.jar;C:\Users\HP\.m2\repository\jakarta\annotation\jakarta.annotation-api\2.1.1\jakarta.annotation-api-2.1.1.jar;C:\Users\HP\.m2\repository\org\yaml\snakeyaml\2.2\snakeyaml-2.2.jar;C:\Users\HP\.m2\repository\org\mongodb\mongodb-driver-sync\5.0.1\mongodb-driver-sync-5.0.1.jar;C:\Users\HP\.m2\repository\org\mongodb\bson\5.0.1\bson-5.0.1.jar;C:\Users\HP\.m2\repository\org\mongodb\mongodb-driver-core\5.0.1\mongodb-driver-core-5.0.1.jar;C:\Users\HP\.m2\repository\org\mongodb\bson-record-codec\5.0.1\bson-record-codec-5.0.1.jar;C:\Users\HP\.m2\repository\org\springframework\data\spring-data-mongodb\4.3.2\spring-data-mongodb-4.3.2.jar;C:\Users\HP\.m2\repository\org\springframework\spring-tx\6.1.11\spring-tx-6.1.11.jar;C:\Users\HP\.m2\repository\org\springframework\spring-context\6.1.11\spring-context-6.1.11.jar;C:\Users\HP\.m2\repository\org\springframework\spring-beans\6.1.11\spring-beans-6.1.11.jar;C:\Users\HP\.m2\repository\org\springframework\spring-expression\6.1.11\spring-expression-6.1.11.jar;C:\Users\HP\.m2\repository\org\springframework\data\spring-data-commons\3.3.2\spring-data-commons-3.3.2.jar;C:\Users\HP\.m2\repository\org\slf4j\slf4j-api\2.0.13\slf4j-api-2.0.13.jar;C:\Users\HP\.m2\repository\org\springframework\boot\spring-boot-starter-web\3.3.2\spring-boot-starter-web-3.3.2.jar;C:\Users\HP\.m2\repository\org\springframework\boot\spring-boot-starter-json\3.3.2\spring-boot-starter-json-3.3.2.jar;C:\Users\HP\.m2\repository\com\fasterxml\jackson\core\jackson-databind\2.17.2\jackson-databind-2.17.2.jar;C:\Users\HP\.m2\repository\com\fasterxml\jackson\core\jackson-annotations\2.17.2\jackson-annotations-2.17.2.jar;C:\Users\HP\.m2\repository\com\fasterxml\jackson\core\jackson-core\2.17.2\jackson-core-2.17.2.jar;C:\Users\HP\.m2\repository\com\fasterxml\jackson\datatype\jackson-datatype-jdk8\2.17.2\jackson-datatype-jdk8-2.17.2.jar;C:\Users\HP\.m2\repository\com\fasterxml\jackson\datatype\jackson-datatype-jsr310\2.17.2\jackson-datatype-jsr310-2.17.2.jar;C:\Users\HP\.m2\repository\com\fasterxml\jackson\module\jackson-module-parameter-names\2.17.2\jackson-module-parameter-names-2.17.2.jar;C:\Users\HP\.m2\repository\org\springframework\boot\spring-boot-starter-tomcat\3.3.2\spring-boot-starter-tomcat-3.3.2.jar;C:\Users\HP\.m2\repository\org\apache\tomcat\embed\tomcat-embed-core\10.1.26\tomcat-embed-core-10.1.26.jar;C:\Users\HP\.m2\repository\org\apache\tomcat\embed\tomcat-embed-el\10.1.26\tomcat-embed-el-10.1.26.jar;C:\Users\HP\.m2\repository\org\apache\tomcat\embed\tomcat-embed-websocket\10.1.26\tomcat-embed-websocket-10.1.26.jar;C:\Users\HP\.m2\repository\org\springframework\spring-web\6.1.11\spring-web-6.1.11.jar;C:\Users\HP\.m2\repository\io\micrometer\micrometer-observation\1.13.2\micrometer-observation-1.13.2.jar;C:\Users\HP\.m2\repository\io\micrometer\micrometer-commons\1.13.2\micrometer-commons-1.13.2.jar;C:\Users\HP\.m2\repository\org\springframework\spring-webmvc\6.1.11\spring-webmvc-6.1.11.jar;C:\Users\HP\.m2\repository\org\springframework\spring-aop\6.1.11\spring-aop-6.1.11.jar;C:\Users\HP\.m2\repository\org\springframework\boot\spring-boot-devtools\3.3.2\spring-boot-devtools-3.3.2.jar;C:\Users\HP\.m2\repository\org\springframework\boot\spring-boot\3.3.2\spring-boot-3.3.2.jar;C:\Users\HP\.m2\repository\org\springframework\boot\spring-boot-autoconfigure\3.3.2\spring-boot-autoconfigure-3.3.2.jar;C:\Users\HP\.m2\repository\org\projectlombok\lombok\1.18.34\lombok-1.18.34.jar;C:\Users\HP\.m2\repository\jakarta\activation\jakarta.activation-api\2.1.3\jakarta.activation-api-2.1.3.jar;C:\Users\HP\.m2\repository\org\springframework\spring-core\6.1.11\spring-core-6.1.11.jar;C:\Users\HP\.m2\repository\org\springframework\spring-jcl\6.1.11\spring-jcl-6.1.11.jar;C:\Users\HP\.m2\repository\me\paulschwarz\spring-dotenv\2.5.4\spring-dotenv-2.5.4.jar;C:\Users\HP\.m2\repository\io\github\cdimascio\dotenv-java\2.2.3\dotenv-java-2.2.3.jar;C:\Users\HP\.m2\repository\org\springframework\boot\spring-boot-starter-mail\3.3.2\spring-boot-starter-mail-3.3.2.jar;C:\Users\HP\.m2\repository\org\springframework\spring-context-support\6.1.11\spring-context-support-6.1.11.jar;C:\Users\HP\.m2\repository\org\eclipse\angus\jakarta.mail\2.0.3\jakarta.mail-2.0.3.jar;C:\Users\HP\.m2\repository\org\eclipse\angus\angus-activation\2.0.2\angus-activation-2.0.2.jar
Launcher Type: SUN_STANDARD

[Global flags]
     intx CICompilerCount                          = 4                                         {product} {ergonomic}
     uint ConcGCThreads                            = 2                                         {product} {ergonomic}
     uint G1ConcRefinementThreads                  = 8                                         {product} {ergonomic}
   size_t G1HeapRegionSize                         = 1048576                                   {product} {ergonomic}
   size_t InitialHeapSize                          = 132120576                                 {product} {ergonomic}
   size_t MarkStackSize                            = 4194304                                   {product} {ergonomic}
   size_t MaxHeapSize                              = 2084569088                                {product} {ergonomic}
   size_t MaxNewSize                               = 1249902592                                {product} {ergonomic}
   size_t MinHeapDeltaBytes                        = 1048576                                   {product} {ergonomic}
   size_t MinHeapSize                              = 8388608                                   {product} {ergonomic}
    uintx NonNMethodCodeHeapSize                   = 5839372                                {pd product} {ergonomic}
    uintx NonProfiledCodeHeapSize                  = 122909434                              {pd product} {ergonomic}
    uintx ProfiledCodeHeapSize                     = 122909434                              {pd product} {ergonomic}
    uintx ReservedCodeCacheSize                    = 251658240                              {pd product} {ergonomic}
     bool SegmentedCodeCache                       = true                                      {product} {ergonomic}
   size_t SoftMaxHeapSize                          = 2084569088                             {manageable} {ergonomic}
     bool UseCompressedOops                        = true                           {product lp64_product} {ergonomic}
     bool UseG1GC                                  = true                                      {product} {ergonomic}
     bool UseLargePagesIndividualAllocation        = false                                  {pd product} {ergonomic}

Logging:
Log output configuration:
 #0: stdout all=warning uptime,level,tags foldmultilines=false
 #1: stderr all=off uptime,level,tags foldmultilines=false

Environment Variables:
PATH=C:\Program Files\Common Files\Oracle\Java\javapath;C:\WINDOWS\system32;C:\WINDOWS;C:\WINDOWS\System32\Wbem;C:\WINDOWS\System32\WindowsPowerShell\v1.0\;C:\WINDOWS\System32\OpenSSH\;C:\ProgramData\chocolatey\bin;C:\Program Files\dotnet\;D:\Git\cmd;C:\Program Files\Microsoft SQL Server\150\Tools\Binn\;C:\Program Files\Microsoft SQL Server\130\Tools\Binn\;C:\Program Files\Microsoft SQL Server\Client SDK\ODBC\170\Tools\Binn\;C:\Program Files (x86)\Microsoft SQL Server\160\Tools\Binn\;C:\Program Files\Microsoft SQL Server\160\Tools\Binn\;C:\Program Files\Microsoft SQL Server\160\DTS\Binn\;C:\Program Files (x86)\Microsoft SQL Server\160\DTS\Binn\;C:\Program Files\Azure Data Studio\bin;C:\Program Files\nodejs\;C:\Users\HP\AppData\Local\Programs\Python\Python312\Scripts\;C:\Users\HP\AppData\Local\Programs\Python\Python312\;C:\Users\HP\AppData\Local\Programs\Python\Launcher\;C:\Users\HP\AppData\Local\Microsoft\WindowsApps;D:\Microsoft VS Code\bin;C:\Users\HP\AppData\Local\GitHubDesktop\bin;C:\Program Files\Azure Data Studio\bin;C:\Users\HP\AppData\Roaming\npm;D:\IntelliJ IDEA Community Edition 2024.1.4\bin;
USERNAME=HP
OS=Windows_NT
PROCESSOR_IDENTIFIER=Intel64 Family 6 Model 140 Stepping 1, GenuineIntel
TMP=C:\Users\HP\AppData\Local\Temp
TEMP=C:\Users\HP\AppData\Local\Temp




Periodic native trim disabled

---------------  S Y S T E M  ---------------

OS:
 Windows 11 , 64 bit Build 22621 (10.0.22621.3672)
OS uptime: 2 days 4:38 hours
Hyper-V role detected

CPU: total 8 (initial active 8) (4 cores per cpu, 2 threads per core) family 6 model 140 stepping 1 microcode 0xac, cx8, cmov, fxsr, ht, mmx, 3dnowpref, sse, sse2, sse3, ssse3, sse4.1, sse4.2, popcnt, lzcnt, tsc, tscinvbit, avx, avx2, aes, erms, clmul, bmi1, bmi2, adx, avx512f, avx512dq, avx512cd, avx512bw, avx512vl, sha, fma, vzeroupper, avx512_vpopcntdq, avx512_vpclmulqdq, avx512_vaes, avx512_vnni, clflush, clflushopt, clwb, avx512_vbmi2, avx512_vbmi, hv, rdtscp, rdpid, fsrm, gfni, avx512_bitalg, f16c, cet_ibt, cet_ss, avx512_ifma
Processor Information for processor 0
  Max Mhz: 2419, Current Mhz: 2419, Mhz Limit: 2419
Processor Information for processor 1
  Max Mhz: 2419, Current Mhz: 1209, Mhz Limit: 2419
Processor Information for processor 2
  Max Mhz: 2419, Current Mhz: 1209, Mhz Limit: 2419
Processor Information for processor 3
  Max Mhz: 2419, Current Mhz: 2419, Mhz Limit: 2419
Processor Information for processor 4
  Max Mhz: 2419, Current Mhz: 2419, Mhz Limit: 2419
Processor Information for processor 5
  Max Mhz: 2419, Current Mhz: 1209, Mhz Limit: 2419
Processor Information for processor 6
  Max Mhz: 2419, Current Mhz: 1209, Mhz Limit: 2419
Processor Information for processor 7
  Max Mhz: 2419, Current Mhz: 1209, Mhz Limit: 2419

Memory: 4k page, system-wide physical 7948M (190M free)
TotalPageFile size 14092M (AvailPageFile size 3M)
current process WorkingSet (physical memory assigned to process): 206M, peak: 223M
current process commit charge ("private bytes"): 244M, peak: 293M

vm_info: OpenJDK 64-Bit Server VM (22.0.2+9-70) for windows-amd64 JRE (22.0.2+9-70), built on 2024-06-04T16:52:23Z by "mach5one" with MS VC++ 17.6 (VS2022)

END.
