#
# There is insufficient memory for the Java Runtime Environment to continue.
# Native memory allocation (malloc) failed to allocate 733584 bytes. Error detail: Chunk::new
# Possible reasons:
#   The system is out of physical RAM or swap space
#   This process is running with CompressedOops enabled, and the Java Heap may be blocking the growth of the native heap
# Possible solutions:
#   Reduce memory load on the system
#   Increase physical memory or swap space
#   Check if swap backing store is full
#   Decrease Java heap size (-Xmx/-Xms)
#   Decrease number of Java threads
#   Decrease Java thread stack sizes (-Xss)
#   Set larger code cache with -XX:ReservedCodeCacheSize=
#   JVM is running with Unscaled Compressed Oops mode in which the Java heap is
#     placed in the first 4GB address space. The Java Heap base address is the
#     maximum limit for the native heap growth. Please use -XX:HeapBaseMinAddress
#     to set the Java Heap base and to place the Java Heap above 4GB virtual address.
# This output file may be truncated or incomplete.
#
#  Out of Memory Error (arena.cpp:150), pid=5388, tid=2732
#
# JRE version: OpenJDK Runtime Environment (22.0.2+9) (build 22.0.2+9-70)
# Java VM: OpenJDK 64-Bit Server VM (22.0.2+9-70, mixed mode, sharing, tiered, compressed oops, compressed class ptrs, g1 gc, windows-amd64)
# No core dump will be written. Minidumps are not enabled by default on client versions of Windows
#

---------------  S U M M A R Y ------------

Command Line: -javaagent:D:\IntelliJ IDEA Community Edition 2024.1.4\lib\idea_rt.jar=50122:D:\IntelliJ IDEA Community Edition 2024.1.4\bin -Dfile.encoding=UTF-8 -Dsun.stdout.encoding=UTF-8 -Dsun.stderr.encoding=UTF-8 com.abcRestaurant.abcRestaurant.AbcRestaurantApplication

Host: 11th Gen Intel(R) Core(TM) i5-1135G7 @ 2.40GHz, 8 cores, 7G,  Windows 11 , 64 bit Build 22621 (10.0.22621.3958)
Time: Wed Aug 28 12:11:57 2024 Sri Lanka Standard Time elapsed time: 10.631165 seconds (0d 0h 0m 10s)

---------------  T H R E A D  ---------------

Current thread (0x000002c53941d9b0):  JavaThread "C2 CompilerThread0" daemon [_thread_in_native, id=2732, stack(0x000000ef25500000,0x000000ef25600000) (1024K)]


Current CompileTask:
C2:10631 6822       4       org.springframework.core.ResolvableType::forType (112 bytes)

Stack: [0x000000ef25500000,0x000000ef25600000]
Native frames: (J=compiled Java code, j=interpreted, Vv=VM code, C=native code)
V  [jvm.dll+0x6e26e9]  (no source info available)
V  [jvm.dll+0x875753]  (no source info available)
V  [jvm.dll+0x877b7e]  (no source info available)
V  [jvm.dll+0x878253]  (no source info available)
V  [jvm.dll+0x27fc86]  (no source info available)
V  [jvm.dll+0xc3d0f]  (no source info available)
V  [jvm.dll+0xc3f6b]  (no source info available)
V  [jvm.dll+0x3bb47c]  (no source info available)
V  [jvm.dll+0x1df4ac]  (no source info available)
V  [jvm.dll+0x24793c]  (no source info available)
V  [jvm.dll+0x246e9f]  (no source info available)
V  [jvm.dll+0x1c4e80]  (no source info available)
V  [jvm.dll+0x2568f3]  (no source info available)
V  [jvm.dll+0x254baa]  (no source info available)
V  [jvm.dll+0x3f57a6]  (no source info available)
V  [jvm.dll+0x81dc0b]  (no source info available)
V  [jvm.dll+0x6e0d85]  (no source info available)
C  [ucrtbase.dll+0x29333]  (no source info available)
C  [KERNEL32.DLL+0x1257d]  (no source info available)
C  [ntdll.dll+0x5af28]  (no source info available)


---------------  P R O C E S S  ---------------

Threads class SMR info:
_java_thread_list=0x000002c5029b3d50, length=42, elements={
0x000002c53940dc80, 0x000002c53940ec90, 0x000002c539418f00, 0x000002c53941e5c0,
0x000002c53941f110, 0x000002c53941c210, 0x000002c53941d9b0, 0x000002c5394281d0,
0x000002c5393dc7c0, 0x000002c539921ab0, 0x000002c539843ce0, 0x000002c5031ecd70,
0x000002c501c5cf40, 0x000002c502b242d0, 0x000002c502b20310, 0x000002c502b1f5f0,
0x000002c502b209a0, 0x000002c502b1fc80, 0x000002c502b21030, 0x000002c502b1e8d0,
0x000002c502b216c0, 0x000002c502b21d50, 0x000002c502b1ef60, 0x000002c5029a89f0,
0x000002c5029a9710, 0x000002c5029a9da0, 0x000002c5029a6920, 0x000002c5029a6fb0,
0x000002c5029a7cd0, 0x000002c5029a8360, 0x000002c5029a9080, 0x000002c500e98360,
0x000002c500e96290, 0x000002c500e913d0, 0x000002c500e96920, 0x000002c500e96fb0,
0x000002c500e934a0, 0x000002c500e97640, 0x000002c500e95570, 0x000002c500e97cd0,
0x000002c500e91a60, 0x000002c500e989f0
}

Java Threads: ( => current thread )
  0x000002c53940dc80 JavaThread "Reference Handler"          daemon [_thread_blocked, id=14128, stack(0x000000ef24f00000,0x000000ef25000000) (1024K)]
  0x000002c53940ec90 JavaThread "Finalizer"                  daemon [_thread_blocked, id=4776, stack(0x000000ef25000000,0x000000ef25100000) (1024K)]
  0x000002c539418f00 JavaThread "Signal Dispatcher"          daemon [_thread_blocked, id=1780, stack(0x000000ef25100000,0x000000ef25200000) (1024K)]
  0x000002c53941e5c0 JavaThread "Attach Listener"            daemon [_thread_blocked, id=12652, stack(0x000000ef25200000,0x000000ef25300000) (1024K)]
  0x000002c53941f110 JavaThread "Service Thread"             daemon [_thread_blocked, id=1076, stack(0x000000ef25300000,0x000000ef25400000) (1024K)]
  0x000002c53941c210 JavaThread "Monitor Deflation Thread"   daemon [_thread_blocked, id=8768, stack(0x000000ef25400000,0x000000ef25500000) (1024K)]
=>0x000002c53941d9b0 JavaThread "C2 CompilerThread0"         daemon [_thread_in_native, id=2732, stack(0x000000ef25500000,0x000000ef25600000) (1024K)]
  0x000002c5394281d0 JavaThread "C1 CompilerThread0"         daemon [_thread_blocked, id=9432, stack(0x000000ef25600000,0x000000ef25700000) (1024K)]
  0x000002c5393dc7c0 JavaThread "Common-Cleaner"             daemon [_thread_blocked, id=1492, stack(0x000000ef25700000,0x000000ef25800000) (1024K)]
  0x000002c539921ab0 JavaThread "Monitor Ctrl-Break"         daemon [_thread_in_native, id=8528, stack(0x000000ef25900000,0x000000ef25a00000) (1024K)]
  0x000002c539843ce0 JavaThread "Notification Thread"        daemon [_thread_blocked, id=12492, stack(0x000000ef25a00000,0x000000ef25b00000) (1024K)]
  0x000002c5031ecd70 JavaThread "Catalina-utility-1"                [_thread_blocked, id=12404, stack(0x000000ef26500000,0x000000ef26600000) (1024K)]
  0x000002c501c5cf40 JavaThread "Catalina-utility-2"                [_thread_blocked, id=16096, stack(0x000000ef26600000,0x000000ef26700000) (1024K)]
  0x000002c502b242d0 JavaThread "container-0"                       [_thread_blocked, id=12568, stack(0x000000ef26700000,0x000000ef26800000) (1024K)]
  0x000002c502b20310 JavaThread "Jndi-Dns-address-change-listener" daemon [_thread_in_native, id=8856, stack(0x000000ef26800000,0x000000ef26900000) (1024K)]
  0x000002c502b1f5f0 JavaThread "BufferPoolPruner-1-thread-1" daemon [_thread_blocked, id=14592, stack(0x000000ef26900000,0x000000ef26a00000) (1024K)]
  0x000002c502b209a0 JavaThread "cluster-ClusterId{value='66cec6ae175def6ebbfdc66a', description='null'}-srv-abccluster.kd72xqs.mongodb.net" daemon [_thread_blocked, id=7816, stack(0x000000ef26a00000,0x000000ef26b00000) (1024K)]
  0x000002c502b1fc80 JavaThread "cluster-ClusterId{value='66cec6ae175def6ebbfdc66a', description='null'}-ac-byq5ho1-shard-00-01.kd72xqs.mongodb.net:27017" daemon [_thread_in_native, id=12912, stack(0x000000ef26b00000,0x000000ef26c00000) (1024K)]
  0x000002c502b21030 JavaThread "cluster-rtt-ClusterId{value='66cec6ae175def6ebbfdc66a', description='null'}-ac-byq5ho1-shard-00-01.kd72xqs.mongodb.net:27017" daemon [_thread_blocked, id=15104, stack(0x000000ef26c00000,0x000000ef26d00000) (1024K)]
  0x000002c502b1e8d0 JavaThread "cluster-ClusterId{value='66cec6ae175def6ebbfdc66a', description='null'}-ac-byq5ho1-shard-00-02.kd72xqs.mongodb.net:27017" daemon [_thread_in_native, id=6784, stack(0x000000ef26d00000,0x000000ef26e00000) (1024K)]
  0x000002c502b216c0 JavaThread "cluster-rtt-ClusterId{value='66cec6ae175def6ebbfdc66a', description='null'}-ac-byq5ho1-shard-00-02.kd72xqs.mongodb.net:27017" daemon [_thread_blocked, id=3084, stack(0x000000ef26e00000,0x000000ef26f00000) (1024K)]
  0x000002c502b21d50 JavaThread "cluster-ClusterId{value='66cec6ae175def6ebbfdc66a', description='null'}-ac-byq5ho1-shard-00-00.kd72xqs.mongodb.net:27017" daemon [_thread_in_native, id=8352, stack(0x000000ef26f00000,0x000000ef27000000) (1024K)]
  0x000002c502b1ef60 JavaThread "cluster-rtt-ClusterId{value='66cec6ae175def6ebbfdc66a', description='null'}-ac-byq5ho1-shard-00-00.kd72xqs.mongodb.net:27017" daemon [_thread_blocked, id=688, stack(0x000000ef27000000,0x000000ef27100000) (1024K)]
  0x000002c5029a89f0 JavaThread "Live Reload Server"         daemon [_thread_in_native, id=7516, stack(0x000000ef27200000,0x000000ef27300000) (1024K)]
  0x000002c5029a9710 JavaThread "MaintenanceTimer-3-thread-1" daemon [_thread_blocked, id=3836, stack(0x000000ef27300000,0x000000ef27400000) (1024K)]
  0x000002c5029a9da0 JavaThread "MaintenanceTimer-4-thread-1" daemon [_thread_blocked, id=3164, stack(0x000000ef27400000,0x000000ef27500000) (1024K)]
  0x000002c5029a6920 JavaThread "MaintenanceTimer-2-thread-1" daemon [_thread_blocked, id=1060, stack(0x000000ef27500000,0x000000ef27600000) (1024K)]
  0x000002c5029a6fb0 JavaThread "File Watcher"               daemon [_thread_blocked, id=1864, stack(0x000000ef27600000,0x000000ef27700000) (1024K)]
  0x000002c5029a7cd0 JavaThread "http-nio-8080-exec-1"       daemon [_thread_blocked, id=15328, stack(0x000000ef27700000,0x000000ef27800000) (1024K)]
  0x000002c5029a8360 JavaThread "http-nio-8080-exec-2"       daemon [_thread_in_native, id=14056, stack(0x000000ef27800000,0x000000ef27900000) (1024K)]
  0x000002c5029a9080 JavaThread "http-nio-8080-exec-3"       daemon [_thread_blocked, id=8948, stack(0x000000ef27900000,0x000000ef27a00000) (1024K)]
  0x000002c500e98360 JavaThread "http-nio-8080-exec-4"       daemon [_thread_blocked, id=3016, stack(0x000000ef27a00000,0x000000ef27b00000) (1024K)]
  0x000002c500e96290 JavaThread "http-nio-8080-exec-5"       daemon [_thread_blocked, id=2316, stack(0x000000ef27b00000,0x000000ef27c00000) (1024K)]
  0x000002c500e913d0 JavaThread "http-nio-8080-exec-6"       daemon [_thread_blocked, id=15048, stack(0x000000ef27c00000,0x000000ef27d00000) (1024K)]
  0x000002c500e96920 JavaThread "http-nio-8080-exec-7"       daemon [_thread_blocked, id=12964, stack(0x000000ef27d00000,0x000000ef27e00000) (1024K)]
  0x000002c500e96fb0 JavaThread "http-nio-8080-exec-8"       daemon [_thread_blocked, id=13000, stack(0x000000ef27e00000,0x000000ef27f00000) (1024K)]
  0x000002c500e934a0 JavaThread "http-nio-8080-exec-9"       daemon [_thread_blocked, id=15384, stack(0x000000ef27f00000,0x000000ef28000000) (1024K)]
  0x000002c500e97640 JavaThread "http-nio-8080-exec-10"      daemon [_thread_blocked, id=5212, stack(0x000000ef28000000,0x000000ef28100000) (1024K)]
  0x000002c500e95570 JavaThread "http-nio-8080-Poller"       daemon [_thread_in_native, id=8340, stack(0x000000ef28100000,0x000000ef28200000) (1024K)]
  0x000002c500e97cd0 JavaThread "http-nio-8080-Acceptor"     daemon [_thread_in_native, id=12580, stack(0x000000ef28200000,0x000000ef28300000) (1024K)]
  0x000002c500e91a60 JavaThread "scheduling-1"                      [_thread_blocked, id=9208, stack(0x000000ef28300000,0x000000ef28400000) (1024K)]
  0x000002c500e989f0 JavaThread "DestroyJavaVM"                     [_thread_blocked, id=14752, stack(0x000000ef24700000,0x000000ef24800000) (1024K)]
Total: 42

Other Threads:
  0x000002c5393f29b0 VMThread "VM Thread"                           [id=15836, stack(0x000000ef24e00000,0x000000ef24f00000) (1024K)]
  0x000002c5393db590 WatcherThread "VM Periodic Task Thread"        [id=4428, stack(0x000000ef24d00000,0x000000ef24e00000) (1024K)]
  0x000002c51ccbd570 WorkerThread "GC Thread#0"                     [id=8644, stack(0x000000ef24800000,0x000000ef24900000) (1024K)]
  0x000002c57f7febe0 WorkerThread "GC Thread#1"                     [id=7696, stack(0x000000ef25d00000,0x000000ef25e00000) (1024K)]
  0x000002c57f6a5070 WorkerThread "GC Thread#2"                     [id=6156, stack(0x000000ef25e00000,0x000000ef25f00000) (1024K)]
  0x000002c57f65c430 WorkerThread "GC Thread#3"                     [id=12252, stack(0x000000ef25f00000,0x000000ef26000000) (1024K)]
  0x000002c57f2772b0 WorkerThread "GC Thread#4"                     [id=9160, stack(0x000000ef26000000,0x000000ef26100000) (1024K)]
  0x000002c500397400 WorkerThread "GC Thread#5"                     [id=5456, stack(0x000000ef26100000,0x000000ef26200000) (1024K)]
  0x000002c500688d30 WorkerThread "GC Thread#6"                     [id=9896, stack(0x000000ef26300000,0x000000ef26400000) (1024K)]
  0x000002c5006890e0 WorkerThread "GC Thread#7"                     [id=10704, stack(0x000000ef26400000,0x000000ef26500000) (1024K)]
  0x000002c51cccdde0 ConcurrentGCThread "G1 Main Marker"            [id=6816, stack(0x000000ef24900000,0x000000ef24a00000) (1024K)]
  0x000002c51ccceaa0 WorkerThread "G1 Conc#0"                       [id=9260, stack(0x000000ef24a00000,0x000000ef24b00000) (1024K)]
  0x000002c500e90fd0 WorkerThread "G1 Conc#1"                       [id=13696, stack(0x000000ef26200000,0x000000ef26300000) (1024K)]
  0x000002c5392af160 ConcurrentGCThread "G1 Refine#0"               [id=1712, stack(0x000000ef24b00000,0x000000ef24c00000) (1024K)]
  0x000002c5392afbf0 ConcurrentGCThread "G1 Service"                [id=13412, stack(0x000000ef24c00000,0x000000ef24d00000) (1024K)]
Total: 15

Threads with active compile tasks:
C2 CompilerThread0  10714 6822       4       org.springframework.core.ResolvableType::forType (112 bytes)
Total: 1

VM state: not at safepoint (normal execution)

VM Mutex/Monitor currently owned by a thread: None

Heap address: 0x0000000083c00000, size: 1988 MB, Compressed Oops mode: 32-bit

CDS archive(s) mapped at: [0x000002c53a000000-0x000002c53ac60000-0x000002c53ac60000), size 12976128, SharedBaseAddress: 0x000002c53a000000, ArchiveRelocationMode: 1.
Compressed class space mapped at: 0x000002c53b000000-0x000002c57b000000, reserved size: 1073741824
Narrow klass base: 0x000002c53a000000, Narrow klass shift: 0, Narrow klass range: 0x41000000

GC Precious Log:
 CardTable entry size: 512
 Card Set container configuration: InlinePtr #cards 5 size 8 Array Of Cards #cards 12 size 40 Howl #buckets 4 coarsen threshold 1843 Howl Bitmap #cards 512 size 80 coarsen threshold 460 Card regions per heap region 1 cards per card region 2048
 CPUs: 8 total, 8 available
 Memory: 7948M
 Large Page Support: Disabled
 NUMA Support: Disabled
 Compressed Oops: Enabled (32-bit)
 Heap Region Size: 1M
 Heap Min Capacity: 8M
 Heap Initial Capacity: 126M
 Heap Max Capacity: 1988M
 Pre-touch: Disabled
 Parallel Workers: 8
 Concurrent Workers: 2
 Concurrent Refinement Workers: 8
 Periodic GC: Disabled

Heap:
 garbage-first heap   total reserved 2035712K, committed 54272K, used 35671K [0x0000000083c00000, 0x0000000100000000)
  region size 1024K, 9 young (9216K), 2 survivors (2048K)
 Metaspace       used 52496K, committed 53248K, reserved 1114112K
  class space    used 6950K, committed 7296K, reserved 1048576K

Heap Regions: E=young(eden), S=young(survivor), O=old, HS=humongous(starts), HC=humongous(continues), CS=collection set, F=free, TAMS=top-at-mark-start, PB=parsable bottom
|   0|0x0000000083c00000, 0x0000000083d00000, 0x0000000083d00000|100%| O|  |TAMS 0x0000000083c00000| PB 0x0000000083c00000| Untracked |  0
|   1|0x0000000083d00000, 0x0000000083e00000, 0x0000000083e00000|100%| O|  |TAMS 0x0000000083d00000| PB 0x0000000083d00000| Untracked |  0
|   2|0x0000000083e00000, 0x0000000083f00000, 0x0000000083f00000|100%| O|  |TAMS 0x0000000083e00000| PB 0x0000000083e00000| Untracked |  0
|   3|0x0000000083f00000, 0x0000000084000000, 0x0000000084000000|100%| O|  |TAMS 0x0000000083f00000| PB 0x0000000083f00000| Untracked |  0
|   4|0x0000000084000000, 0x0000000084100000, 0x0000000084100000|100%| O|  |TAMS 0x0000000084000000| PB 0x0000000084000000| Untracked |  0
|   5|0x0000000084100000, 0x0000000084200000, 0x0000000084200000|100%| O|  |TAMS 0x0000000084100000| PB 0x0000000084100000| Untracked |  0
|   6|0x0000000084200000, 0x0000000084300000, 0x0000000084300000|100%| O|  |TAMS 0x0000000084200000| PB 0x0000000084200000| Untracked |  0
|   7|0x0000000084300000, 0x0000000084400000, 0x0000000084400000|100%| O|  |TAMS 0x0000000084300000| PB 0x0000000084300000| Untracked |  0
|   8|0x0000000084400000, 0x0000000084500000, 0x0000000084500000|100%| O|  |TAMS 0x0000000084400000| PB 0x0000000084400000| Untracked |  0
|   9|0x0000000084500000, 0x0000000084600000, 0x0000000084600000|100%| O|  |TAMS 0x0000000084500000| PB 0x0000000084500000| Untracked |  0
|  10|0x0000000084600000, 0x0000000084700000, 0x0000000084700000|100%| O|  |TAMS 0x0000000084600000| PB 0x0000000084600000| Untracked |  0
|  11|0x0000000084700000, 0x0000000084800000, 0x0000000084800000|100%| O|  |TAMS 0x0000000084700000| PB 0x0000000084700000| Untracked |  0
|  12|0x0000000084800000, 0x0000000084900000, 0x0000000084900000|100%| O|  |TAMS 0x0000000084800000| PB 0x0000000084800000| Untracked |  0
|  13|0x0000000084900000, 0x0000000084a00000, 0x0000000084a00000|100%| O|  |TAMS 0x0000000084900000| PB 0x0000000084900000| Untracked |  0
|  14|0x0000000084a00000, 0x0000000084b00000, 0x0000000084b00000|100%| O|  |TAMS 0x0000000084a00000| PB 0x0000000084a00000| Untracked |  0
|  15|0x0000000084b00000, 0x0000000084c00000, 0x0000000084c00000|100%| O|Cm|TAMS 0x0000000084b00000| PB 0x0000000084b00000| Complete |  0
|  16|0x0000000084c00000, 0x0000000084d00000, 0x0000000084d00000|100%| O|  |TAMS 0x0000000084c00000| PB 0x0000000084c00000| Untracked |  0
|  17|0x0000000084d00000, 0x0000000084e00000, 0x0000000084e00000|100%| O|  |TAMS 0x0000000084d00000| PB 0x0000000084d00000| Untracked |  0
|  18|0x0000000084e00000, 0x0000000084f00000, 0x0000000084f00000|100%| O|  |TAMS 0x0000000084e00000| PB 0x0000000084e00000| Untracked |  0
|  19|0x0000000084f00000, 0x0000000085000000, 0x0000000085000000|100%| O|  |TAMS 0x0000000084f00000| PB 0x0000000084f00000| Untracked |  0
|  20|0x0000000085000000, 0x0000000085100000, 0x0000000085100000|100%| O|  |TAMS 0x0000000085000000| PB 0x0000000085000000| Untracked |  0
|  21|0x0000000085100000, 0x0000000085200000, 0x0000000085200000|100%| O|  |TAMS 0x0000000085100000| PB 0x0000000085100000| Untracked |  0
|  22|0x0000000085200000, 0x0000000085300000, 0x0000000085300000|100%| O|  |TAMS 0x0000000085200000| PB 0x0000000085200000| Untracked |  0
|  23|0x0000000085300000, 0x0000000085400000, 0x0000000085400000|100%| O|  |TAMS 0x0000000085300000| PB 0x0000000085300000| Untracked |  0
|  24|0x0000000085400000, 0x0000000085500000, 0x0000000085500000|100%| O|  |TAMS 0x0000000085400000| PB 0x0000000085400000| Untracked |  0
|  25|0x0000000085500000, 0x0000000085600000, 0x0000000085600000|100%| O|  |TAMS 0x0000000085500000| PB 0x0000000085500000| Untracked |  0
|  26|0x0000000085600000, 0x0000000085700000, 0x0000000085700000|100%| O|  |TAMS 0x0000000085600000| PB 0x0000000085600000| Untracked |  0
|  27|0x0000000085700000, 0x0000000085800000, 0x0000000085800000|100%| O|Cm|TAMS 0x0000000085700000| PB 0x0000000085700000| Complete |  0
|  28|0x0000000085800000, 0x000000008587bb90, 0x0000000085900000| 48%| O|  |TAMS 0x0000000085800000| PB 0x0000000085800000| Untracked |  0
|  29|0x0000000085900000, 0x0000000085900000, 0x0000000085a00000|  0%| F|  |TAMS 0x0000000085900000| PB 0x0000000085900000| Untracked |  0
|  30|0x0000000085a00000, 0x0000000085a00000, 0x0000000085b00000|  0%| F|  |TAMS 0x0000000085a00000| PB 0x0000000085a00000| Untracked |  0
|  31|0x0000000085b00000, 0x0000000085b5a1f8, 0x0000000085c00000| 35%| S|CS|TAMS 0x0000000085b00000| PB 0x0000000085b00000| Complete |  0
|  32|0x0000000085c00000, 0x0000000085d00000, 0x0000000085d00000|100%| S|CS|TAMS 0x0000000085c00000| PB 0x0000000085c00000| Complete |  0
|  33|0x0000000085d00000, 0x0000000085d00000, 0x0000000085e00000|  0%| F|  |TAMS 0x0000000085d00000| PB 0x0000000085d00000| Untracked |  0
|  34|0x0000000085e00000, 0x0000000085e00000, 0x0000000085f00000|  0%| F|  |TAMS 0x0000000085e00000| PB 0x0000000085e00000| Untracked |  0
|  35|0x0000000085f00000, 0x0000000085f00000, 0x0000000086000000|  0%| F|  |TAMS 0x0000000085f00000| PB 0x0000000085f00000| Untracked |  0
|  36|0x0000000086000000, 0x0000000086000000, 0x0000000086100000|  0%| F|  |TAMS 0x0000000086000000| PB 0x0000000086000000| Untracked |  0
|  37|0x0000000086100000, 0x0000000086100000, 0x0000000086200000|  0%| F|  |TAMS 0x0000000086100000| PB 0x0000000086100000| Untracked |  0
|  38|0x0000000086200000, 0x0000000086200000, 0x0000000086300000|  0%| F|  |TAMS 0x0000000086200000| PB 0x0000000086200000| Untracked |  0
|  39|0x0000000086300000, 0x0000000086300000, 0x0000000086400000|  0%| F|  |TAMS 0x0000000086300000| PB 0x0000000086300000| Untracked |  0
|  40|0x0000000086400000, 0x0000000086400000, 0x0000000086500000|  0%| F|  |TAMS 0x0000000086400000| PB 0x0000000086400000| Untracked |  0
|  41|0x0000000086500000, 0x0000000086500000, 0x0000000086600000|  0%| F|  |TAMS 0x0000000086500000| PB 0x0000000086500000| Untracked |  0
|  42|0x0000000086600000, 0x0000000086600000, 0x0000000086700000|  0%| F|  |TAMS 0x0000000086600000| PB 0x0000000086600000| Untracked |  0
|  43|0x0000000086700000, 0x0000000086700000, 0x0000000086800000|  0%| F|  |TAMS 0x0000000086700000| PB 0x0000000086700000| Untracked |  0
|  44|0x0000000086800000, 0x0000000086800000, 0x0000000086900000|  0%| F|  |TAMS 0x0000000086800000| PB 0x0000000086800000| Untracked |  0
|  72|0x0000000088400000, 0x0000000088400000, 0x0000000088500000|  0%| F|  |TAMS 0x0000000088400000| PB 0x0000000088400000| Untracked |  0
|  73|0x0000000088500000, 0x0000000088590cb0, 0x0000000088600000| 56%| E|  |TAMS 0x0000000088500000| PB 0x0000000088500000| Complete |  0
|  74|0x0000000088600000, 0x0000000088700000, 0x0000000088700000|100%| E|CS|TAMS 0x0000000088600000| PB 0x0000000088600000| Complete |  0
|  75|0x0000000088700000, 0x0000000088800000, 0x0000000088800000|100%| E|CS|TAMS 0x0000000088700000| PB 0x0000000088700000| Complete |  1
|  76|0x0000000088800000, 0x0000000088900000, 0x0000000088900000|100%| E|  |TAMS 0x0000000088800000| PB 0x0000000088800000| Complete |  0
|  77|0x0000000088900000, 0x0000000088a00000, 0x0000000088a00000|100%| E|CS|TAMS 0x0000000088900000| PB 0x0000000088900000| Complete |  0
|  78|0x0000000088a00000, 0x0000000088b00000, 0x0000000088b00000|100%| E|CS|TAMS 0x0000000088a00000| PB 0x0000000088a00000| Complete |  0
| 125|0x000000008b900000, 0x000000008ba00000, 0x000000008ba00000|100%| E|CS|TAMS 0x000000008b900000| PB 0x000000008b900000| Complete |  0

Card table byte_map: [0x000002c5346c0000,0x000002c534ab0000] _byte_map_base: 0x000002c5342a2000

Marking Bits: (CMBitMap*) 0x000002c51ccbdc80
 Bits: [0x000002c534ab0000, 0x000002c5369c0000)

Polling page: 0x000002c51ac30000

Metaspace:

Usage:
  Non-class:     44.48 MB used.
      Class:      6.79 MB used.
       Both:     51.27 MB used.

Virtual space:
  Non-class space:       64.00 MB reserved,      44.88 MB ( 70%) committed,  1 nodes.
      Class space:        1.00 GB reserved,       7.12 MB ( <1%) committed,  1 nodes.
             Both:        1.06 GB reserved,      52.00 MB (  5%) committed. 

Chunk freelists:
   Non-Class:  2.98 MB
       Class:  8.80 MB
        Both:  11.78 MB

MaxMetaspaceSize: unlimited
CompressedClassSpaceSize: 1.00 GB
Initial GC threshold: 21.00 MB
Current GC threshold: 78.25 MB
CDS: on
 - commit_granule_bytes: 65536.
 - commit_granule_words: 8192.
 - virtual_space_node_default_size: 8388608.
 - enlarge_chunks_in_place: 1.
 - use_allocation_guard: 0.


Internal statistics:

num_allocs_failed_limit: 6.
num_arena_births: 918.
num_arena_deaths: 0.
num_vsnodes_births: 2.
num_vsnodes_deaths: 0.
num_space_committed: 832.
num_space_uncommitted: 0.
num_chunks_returned_to_freelist: 6.
num_chunks_taken_from_freelist: 2767.
num_chunk_merges: 6.
num_chunk_splits: 1840.
num_chunks_enlarged: 1300.
num_inconsistent_stats: 0.

CodeHeap 'non-profiled nmethods': size=120000Kb used=3248Kb max_used=3248Kb free=116751Kb
 bounds [0x000002c52ca70000, 0x000002c52cda0000, 0x000002c533fa0000]
CodeHeap 'profiled nmethods': size=120000Kb used=11215Kb max_used=11215Kb free=108784Kb
 bounds [0x000002c524fa0000, 0x000002c525aa0000, 0x000002c52c4d0000]
CodeHeap 'non-nmethods': size=5760Kb used=1863Kb max_used=1903Kb free=3896Kb
 bounds [0x000002c52c4d0000, 0x000002c52c740000, 0x000002c52ca70000]
 total_blobs=6938 nmethods=6240 adapters=602
 compilation: enabled
              stopped_count=0, restarted_count=0
 full_count=0

Compilation events (20 events):
Event: 10.476 Thread 0x000002c5394281d0 nmethod 6973 0x000002c525a8f610 code [0x000002c525a8f7a0, 0x000002c525a8f8c0]
Event: 10.478 Thread 0x000002c500fff960 nmethod 6954 0x000002c52cd98e90 code [0x000002c52cd99040, 0x000002c52cd992f8]
Event: 10.478 Thread 0x000002c500fff960 6944       4       java.util.Collections$UnmodifiableCollection::contains (11 bytes)
Event: 10.480 Thread 0x000002c500fff960 nmethod 6944 0x000002c52cd99590 code [0x000002c52cd99720, 0x000002c52cd99898]
Event: 10.480 Thread 0x000002c500fff960 6923       4       java.lang.String::<init> (14 bytes)
Event: 10.489 Thread 0x000002c500fff960 nmethod 6923 0x000002c52cd99a10 code [0x000002c52cd99bc0, 0x000002c52cd9a360]
Event: 10.489 Thread 0x000002c500fff960 6850       4       jakarta.servlet.http.HttpServletRequestWrapper::getMethod (10 bytes)
Event: 10.490 Thread 0x000002c500fff960 nmethod 6850 0x000002c52cd9a690 code [0x000002c52cd9a820, 0x000002c52cd9a950]
Event: 10.490 Thread 0x000002c500fff960 6817       4       org.apache.catalina.connector.RequestFacade::checkFacade (25 bytes)
Event: 10.491 Thread 0x000002c500fff960 nmethod 6817 0x000002c52cd9aa90 code [0x000002c52cd9ac00, 0x000002c52cd9aca8]
Event: 10.491 Thread 0x000002c500fff960 6912       4       org.apache.tomcat.util.buf.MessageBytes::equalsIgnoreCase (78 bytes)
Event: 10.500 Thread 0x000002c500fff960 nmethod 6912 0x000002c52cd9ad90 code [0x000002c52cd9af60, 0x000002c52cd9b308]
Event: 10.501 Thread 0x000002c500fff960 6833       4       java.nio.ByteBuffer::<init> (47 bytes)
Event: 10.503 Thread 0x000002c5394281d0 6974       3       org.apache.catalina.connector.Request::removeAttribute (66 bytes)
Event: 10.503 Thread 0x000002c5394281d0 nmethod 6974 0x000002c525a8f990 code [0x000002c525a8fba0, 0x000002c525a901a0]
Event: 10.506 Thread 0x000002c500fff960 nmethod 6833 0x000002c52cd9b610 code [0x000002c52cd9b7a0, 0x000002c52cd9bad8]
Event: 10.506 Thread 0x000002c500fff960 6838       4       org.apache.tomcat.util.buf.Ascii::toLower (14 bytes)
Event: 10.507 Thread 0x000002c500fff960 nmethod 6838 0x000002c52cd9bc90 code [0x000002c52cd9be00, 0x000002c52cd9be80]
Event: 10.507 Thread 0x000002c500fff960 6959       4       java.nio.charset.CharsetDecoder::implReset (1 bytes)
Event: 10.507 Thread 0x000002c500fff960 nmethod 6959 0x000002c52cd9bf90 code [0x000002c52cd9c100, 0x000002c52cd9c188]

GC Heap History (20 events):
Event: 1.849 GC heap before
{Heap before GC invocations=2 (full 0):
 garbage-first heap   total reserved 2035712K, committed 129024K, used 52823K [0x0000000083c00000, 0x0000000100000000)
  region size 1024K, 47 young (48128K), 3 survivors (3072K)
 Metaspace       used 21138K, committed 21504K, reserved 1114112K
  class space    used 2607K, committed 2752K, reserved 1048576K
}
Event: 1.853 GC heap after
{Heap after GC invocations=3 (full 0):
 garbage-first heap   total reserved 2035712K, committed 129024K, used 12561K [0x0000000083c00000, 0x0000000100000000)
  region size 1024K, 7 young (7168K), 7 survivors (7168K)
 Metaspace       used 21138K, committed 21504K, reserved 1114112K
  class space    used 2607K, committed 2752K, reserved 1048576K
}
Event: 2.220 GC heap before
{Heap before GC invocations=4 (full 0):
 garbage-first heap   total reserved 2035712K, committed 45056K, used 32017K [0x0000000083c00000, 0x0000000100000000)
  region size 1024K, 26 young (26624K), 7 survivors (7168K)
 Metaspace       used 24295K, committed 24704K, reserved 1114112K
  class space    used 3034K, committed 3200K, reserved 1048576K
}
Event: 2.225 GC heap after
{Heap after GC invocations=5 (full 0):
 garbage-first heap   total reserved 2035712K, committed 45056K, used 14080K [0x0000000083c00000, 0x0000000100000000)
  region size 1024K, 2 young (2048K), 2 survivors (2048K)
 Metaspace       used 24295K, committed 24704K, reserved 1114112K
  class space    used 3034K, committed 3200K, reserved 1048576K
}
Event: 2.637 GC heap before
{Heap before GC invocations=5 (full 0):
 garbage-first heap   total reserved 2035712K, committed 45056K, used 35584K [0x0000000083c00000, 0x0000000100000000)
  region size 1024K, 23 young (23552K), 2 survivors (2048K)
 Metaspace       used 26547K, committed 27072K, reserved 1114112K
  class space    used 3401K, committed 3648K, reserved 1048576K
}
Event: 2.642 GC heap after
{Heap after GC invocations=6 (full 0):
 garbage-first heap   total reserved 2035712K, committed 45056K, used 15711K [0x0000000083c00000, 0x0000000100000000)
  region size 1024K, 2 young (2048K), 2 survivors (2048K)
 Metaspace       used 26547K, committed 27072K, reserved 1114112K
  class space    used 3401K, committed 3648K, reserved 1048576K
}
Event: 3.345 GC heap before
{Heap before GC invocations=6 (full 0):
 garbage-first heap   total reserved 2035712K, committed 45056K, used 37215K [0x0000000083c00000, 0x0000000100000000)
  region size 1024K, 23 young (23552K), 2 survivors (2048K)
 Metaspace       used 31236K, committed 31808K, reserved 1114112K
  class space    used 3979K, committed 4224K, reserved 1048576K
}
Event: 3.349 GC heap after
{Heap after GC invocations=7 (full 0):
 garbage-first heap   total reserved 2035712K, committed 54272K, used 17590K [0x0000000083c00000, 0x0000000100000000)
  region size 1024K, 2 young (2048K), 2 survivors (2048K)
 Metaspace       used 31236K, committed 31808K, reserved 1114112K
  class space    used 3979K, committed 4224K, reserved 1048576K
}
Event: 3.645 GC heap before
{Heap before GC invocations=7 (full 0):
 garbage-first heap   total reserved 2035712K, committed 54272K, used 31926K [0x0000000083c00000, 0x0000000100000000)
  region size 1024K, 17 young (17408K), 2 survivors (2048K)
 Metaspace       used 35512K, committed 36096K, reserved 1114112K
  class space    used 4579K, committed 4864K, reserved 1048576K
}
Event: 3.651 GC heap after
{Heap after GC invocations=8 (full 0):
 garbage-first heap   total reserved 2035712K, committed 54272K, used 20872K [0x0000000083c00000, 0x0000000100000000)
  region size 1024K, 4 young (4096K), 4 survivors (4096K)
 Metaspace       used 35512K, committed 36096K, reserved 1114112K
  class space    used 4579K, committed 4864K, reserved 1048576K
}
Event: 4.103 GC heap before
{Heap before GC invocations=9 (full 0):
 garbage-first heap   total reserved 2035712K, committed 54272K, used 43400K [0x0000000083c00000, 0x0000000100000000)
  region size 1024K, 27 young (27648K), 4 survivors (4096K)
 Metaspace       used 39713K, committed 40320K, reserved 1114112K
  class space    used 5168K, committed 5440K, reserved 1048576K
}
Event: 4.109 GC heap after
{Heap after GC invocations=10 (full 0):
 garbage-first heap   total reserved 2035712K, committed 54272K, used 23500K [0x0000000083c00000, 0x0000000100000000)
  region size 1024K, 4 young (4096K), 4 survivors (4096K)
 Metaspace       used 39713K, committed 40320K, reserved 1114112K
  class space    used 5168K, committed 5440K, reserved 1048576K
}
Event: 4.545 GC heap before
{Heap before GC invocations=10 (full 0):
 garbage-first heap   total reserved 2035712K, committed 54272K, used 43980K [0x0000000083c00000, 0x0000000100000000)
  region size 1024K, 25 young (25600K), 4 survivors (4096K)
 Metaspace       used 42530K, committed 43136K, reserved 1114112K
  class space    used 5526K, committed 5760K, reserved 1048576K
}
Event: 4.553 GC heap after
{Heap after GC invocations=11 (full 0):
 garbage-first heap   total reserved 2035712K, committed 54272K, used 26085K [0x0000000083c00000, 0x0000000100000000)
  region size 1024K, 3 young (3072K), 3 survivors (3072K)
 Metaspace       used 42530K, committed 43136K, reserved 1114112K
  class space    used 5526K, committed 5760K, reserved 1048576K
}
Event: 4.954 GC heap before
{Heap before GC invocations=11 (full 0):
 garbage-first heap   total reserved 2035712K, committed 54272K, used 45541K [0x0000000083c00000, 0x0000000100000000)
  region size 1024K, 23 young (23552K), 3 survivors (3072K)
 Metaspace       used 44859K, committed 45504K, reserved 1114112K
  class space    used 5874K, committed 6144K, reserved 1048576K
}
Event: 4.961 GC heap after
{Heap after GC invocations=12 (full 0):
 garbage-first heap   total reserved 2035712K, committed 54272K, used 27829K [0x0000000083c00000, 0x0000000100000000)
  region size 1024K, 3 young (3072K), 3 survivors (3072K)
 Metaspace       used 44859K, committed 45504K, reserved 1114112K
  class space    used 5874K, committed 6144K, reserved 1048576K
}
Event: 5.378 GC heap before
{Heap before GC invocations=12 (full 0):
 garbage-first heap   total reserved 2035712K, committed 54272K, used 45237K [0x0000000083c00000, 0x0000000100000000)
  region size 1024K, 21 young (21504K), 3 survivors (3072K)
 Metaspace       used 47026K, committed 47680K, reserved 1114112K
  class space    used 6199K, committed 6464K, reserved 1048576K
}
Event: 5.383 GC heap after
{Heap after GC invocations=13 (full 0):
 garbage-first heap   total reserved 2035712K, committed 54272K, used 29313K [0x0000000083c00000, 0x0000000100000000)
  region size 1024K, 2 young (2048K), 2 survivors (2048K)
 Metaspace       used 47026K, committed 47680K, reserved 1114112K
  class space    used 6199K, committed 6464K, reserved 1048576K
}
Event: 10.112 GC heap before
{Heap before GC invocations=14 (full 0):
 garbage-first heap   total reserved 2035712K, committed 54272K, used 46721K [0x0000000083c00000, 0x0000000100000000)
  region size 1024K, 20 young (20480K), 2 survivors (2048K)
 Metaspace       used 51574K, committed 52288K, reserved 1114112K
  class space    used 6844K, committed 7168K, reserved 1048576K
}
Event: 10.115 GC heap after
{Heap after GC invocations=15 (full 0):
 garbage-first heap   total reserved 2035712K, committed 54272K, used 30551K [0x0000000083c00000, 0x0000000100000000)
  region size 1024K, 2 young (2048K), 2 survivors (2048K)
 Metaspace       used 51574K, committed 52288K, reserved 1114112K
  class space    used 6844K, committed 7168K, reserved 1048576K
}

Dll operation events (15 events):
Event: 0.011 Loaded shared library C:\Users\HP\.jdks\openjdk-22.0.2\bin\java.dll
Event: 0.044 Loaded shared library C:\Users\HP\.jdks\openjdk-22.0.2\bin\jsvml.dll
Event: 0.107 Loaded shared library C:\Users\HP\.jdks\openjdk-22.0.2\bin\zip.dll
Event: 0.110 Loaded shared library C:\Users\HP\.jdks\openjdk-22.0.2\bin\instrument.dll
Event: 0.114 Loaded shared library C:\Users\HP\.jdks\openjdk-22.0.2\bin\net.dll
Event: 0.115 Loaded shared library C:\Users\HP\.jdks\openjdk-22.0.2\bin\nio.dll
Event: 0.118 Loaded shared library C:\Users\HP\.jdks\openjdk-22.0.2\bin\zip.dll
Event: 0.175 Loaded shared library D:\IntelliJ IDEA Community Edition 2024.1.4\bin\breakgen64.dll
Event: 0.183 Loaded shared library C:\Users\HP\.jdks\openjdk-22.0.2\bin\extnet.dll
Event: 0.210 Loaded shared library C:\Users\HP\.jdks\openjdk-22.0.2\bin\jimage.dll
Event: 0.463 Loaded shared library C:\Users\HP\.jdks\openjdk-22.0.2\bin\management.dll
Event: 0.465 Loaded shared library C:\Users\HP\.jdks\openjdk-22.0.2\bin\management_ext.dll
Event: 0.929 Loaded shared library C:\Users\HP\.jdks\openjdk-22.0.2\bin\le.dll
Event: 1.243 Loaded shared library C:\Users\HP\.jdks\openjdk-22.0.2\bin\sunmscapi.dll
Event: 9.945 Loaded shared library C:\Users\HP\.jdks\openjdk-22.0.2\bin\verify.dll

Deoptimization events (20 events):
Event: 10.188 Thread 0x000002c500e98360 Uncommon trap: trap_request=0xffffffde fr.pc=0x000002c52cd40528 relative=0x0000000000000808
Event: 10.188 Thread 0x000002c500e98360 Uncommon trap: reason=class_check action=maybe_recompile pc=0x000002c52cd40528 method=org.springframework.util.ConcurrentReferenceHashMap$ReferenceManager.pollForPurge()Lorg/springframework/util/ConcurrentReferenceHashMap$Reference; @ 7 c2
Event: 10.188 Thread 0x000002c500e98360 DEOPT PACKING pc=0x000002c52cd40528 sp=0x000000ef27afad40
Event: 10.188 Thread 0x000002c500e98360 DEOPT UNPACKING pc=0x000002c52c527da2 sp=0x000000ef27afab28 mode 2
Event: 10.188 Thread 0x000002c500e98360 Uncommon trap: trap_request=0xffffffde fr.pc=0x000002c52cd40528 relative=0x0000000000000808
Event: 10.188 Thread 0x000002c500e98360 Uncommon trap: reason=class_check action=maybe_recompile pc=0x000002c52cd40528 method=org.springframework.util.ConcurrentReferenceHashMap$ReferenceManager.pollForPurge()Lorg/springframework/util/ConcurrentReferenceHashMap$Reference; @ 7 c2
Event: 10.188 Thread 0x000002c500e98360 DEOPT PACKING pc=0x000002c52cd40528 sp=0x000000ef27afad40
Event: 10.188 Thread 0x000002c500e98360 DEOPT UNPACKING pc=0x000002c52c527da2 sp=0x000000ef27afab28 mode 2
Event: 10.188 Thread 0x000002c500e98360 Uncommon trap: trap_request=0xffffffde fr.pc=0x000002c52cd40528 relative=0x0000000000000808
Event: 10.188 Thread 0x000002c500e98360 Uncommon trap: reason=class_check action=maybe_recompile pc=0x000002c52cd40528 method=org.springframework.util.ConcurrentReferenceHashMap$ReferenceManager.pollForPurge()Lorg/springframework/util/ConcurrentReferenceHashMap$Reference; @ 7 c2
Event: 10.188 Thread 0x000002c500e98360 DEOPT PACKING pc=0x000002c52cd40528 sp=0x000000ef27afad40
Event: 10.188 Thread 0x000002c500e98360 DEOPT UNPACKING pc=0x000002c52c527da2 sp=0x000000ef27afab28 mode 2
Event: 10.189 Thread 0x000002c500e98360 Uncommon trap: trap_request=0xffffffde fr.pc=0x000002c52cd41704 relative=0x00000000000005a4
Event: 10.189 Thread 0x000002c500e98360 Uncommon trap: reason=class_check action=maybe_recompile pc=0x000002c52cd41704 method=org.springframework.util.ConcurrentReferenceHashMap$ReferenceManager.pollForPurge()Lorg/springframework/util/ConcurrentReferenceHashMap$Reference; @ 7 c2
Event: 10.189 Thread 0x000002c500e98360 DEOPT PACKING pc=0x000002c52cd41704 sp=0x000000ef27afac40
Event: 10.189 Thread 0x000002c500e98360 DEOPT UNPACKING pc=0x000002c52c527da2 sp=0x000000ef27afab08 mode 2
Event: 10.306 Thread 0x000002c5029a8360 Uncommon trap: trap_request=0xffffff45 fr.pc=0x000002c52cbb4868 relative=0x0000000000000068
Event: 10.306 Thread 0x000002c5029a8360 Uncommon trap: reason=unstable_if action=reinterpret pc=0x000002c52cbb4868 method=javax.crypto.Mac.chooseFirstProvider()V @ 4 c2
Event: 10.306 Thread 0x000002c5029a8360 DEOPT PACKING pc=0x000002c52cbb4868 sp=0x000000ef278f9370
Event: 10.306 Thread 0x000002c5029a8360 DEOPT UNPACKING pc=0x000002c52c527da2 sp=0x000000ef278f92e8 mode 2

Classes loaded (20 events):
Event: 10.172 Loading class java/util/ArrayList$SubList$2
Event: 10.172 Loading class java/util/ArrayList$SubList$2 done
Event: 10.179 Loading class java/util/concurrent/locks/ReentrantReadWriteLock$Sync$HoldCounter
Event: 10.180 Loading class java/util/concurrent/locks/ReentrantReadWriteLock$Sync$HoldCounter done
Event: 10.192 Loading class java/util/stream/ReferencePipeline$4
Event: 10.193 Loading class java/util/stream/ReferencePipeline$4 done
Event: 10.193 Loading class java/util/function/IntBinaryOperator
Event: 10.193 Loading class java/util/function/IntBinaryOperator done
Event: 10.193 Loading class java/util/stream/ReduceOps$7
Event: 10.193 Loading class java/util/stream/ReduceOps$7 done
Event: 10.193 Loading class java/util/stream/ReduceOps$6ReducingSink
Event: 10.193 Loading class java/util/stream/ReduceOps$6ReducingSink done
Event: 10.193 Loading class java/util/stream/ReferencePipeline$4$1
Event: 10.193 Loading class java/util/stream/ReferencePipeline$4$1 done
Event: 10.203 Loading class java/net/UrlDeserializedState
Event: 10.203 Loading class java/net/UrlDeserializedState done
Event: 10.203 Loading class java/lang/Throwable$WrappedPrintWriter
Event: 10.203 Loading class java/lang/Throwable$PrintStreamOrWriter
Event: 10.203 Loading class java/lang/Throwable$PrintStreamOrWriter done
Event: 10.203 Loading class java/lang/Throwable$WrappedPrintWriter done

Classes unloaded (0 events):
No events

Classes redefined (0 events):
No events

Internal exceptions (20 events):
Event: 3.947 Thread 0x000002c57f4d5f40 Exception <a 'java/lang/NoSuchMethodError'{0x0000000085c63af0}: 'java.lang.Object java.lang.invoke.DirectMethodHandle$Holder.newInvokeSpecial(java.lang.Object, java.lang.Object, java.lang.Object, java.lang.Object, java.lang.Object, java.lang.Object)'> (0x0000000085c63af0) 
thrown [s\open\src\hotspot\share\interpreter\linkResolver.cpp, line 774]
Event: 4.045 Thread 0x000002c57f4d5f40 Exception <a 'java/lang/NoSuchMethodError'{0x00000000859b5748}: 'java.lang.Object java.lang.invoke.DirectMethodHandle$Holder.invokeStatic(java.lang.Object, java.lang.Object, int, java.lang.Object)'> (0x00000000859b5748) 
thrown [s\open\src\hotspot\share\interpreter\linkResolver.cpp, line 774]
Event: 4.046 Thread 0x000002c57f4d5f40 Exception <a 'java/lang/NoSuchMethodError'{0x00000000859bbdb8}: 'java.lang.Object java.lang.invoke.DirectMethodHandle$Holder.newInvokeSpecial(java.lang.Object, java.lang.Object, int)'> (0x00000000859bbdb8) 
thrown [s\open\src\hotspot\share\interpreter\linkResolver.cpp, line 774]
Event: 4.254 Thread 0x000002c57f4d5f40 Exception <a 'java/io/FileNotFoundException'{0x00000000885467d0}> (0x00000000885467d0) 
thrown [s\open\src\hotspot\share\prims\jni.cpp, line 520]
Event: 4.255 Thread 0x000002c57f4d5f40 Exception <a 'java/io/FileNotFoundException'{0x0000000088550780}> (0x0000000088550780) 
thrown [s\open\src\hotspot\share\prims\jni.cpp, line 520]
Event: 4.414 Thread 0x000002c57f4d5f40 Exception <a 'java/lang/NoSuchMethodError'{0x000000008620b8f0}: 'java.lang.Object java.lang.invoke.DirectMethodHandle$Holder.newInvokeSpecial(java.lang.Object, java.lang.Object, java.lang.Object, java.lang.Object, java.lang.Object, java.lang.Object, java.lang.Object, java.lang.Object)'> (0x000000008620b8f0) 
thrown [s\open\src\hotspot\share\interpreter\linkResolver.cpp, line 774]
Event: 4.864 Thread 0x000002c57f4d5f40 Exception <a 'java/lang/IncompatibleClassChangeError'{0x000000008609f780}: Found class java.lang.Object, but interface was expected> (0x000000008609f780) 
thrown [s\open\src\hotspot\share\interpreter\linkResolver.cpp, line 841]
Event: 5.100 Thread 0x000002c57f4d5f40 Exception <a 'java/lang/NoSuchMethodError'{0x00000000886c23c0}: 'void java.lang.invoke.DirectMethodHandle$Holder.invokeVirtual(java.lang.Object, java.lang.Object, long)'> (0x00000000886c23c0) 
thrown [s\open\src\hotspot\share\interpreter\linkResolver.cpp, line 774]
Event: 5.171 Thread 0x000002c57f4d5f40 Exception <a 'java/lang/NoSuchMethodError'{0x0000000086708958}: 'int java.lang.invoke.DirectMethodHandle$Holder.invokeStaticInit(java.lang.Object, java.lang.Object, java.lang.Object, java.lang.Object)'> (0x0000000086708958) 
thrown [s\open\src\hotspot\share\interpreter\linkResolver.cpp, line 774]
Event: 5.289 Thread 0x000002c57f4d5f40 Exception <a 'java/lang/NoSuchMethodError'{0x000000008624b2c8}: 'java.lang.Object java.lang.invoke.DirectMethodHandle$Holder.newInvokeSpecial(java.lang.Object, java.lang.Object, int, java.lang.Object, java.lang.Object)'> (0x000000008624b2c8) 
thrown [s\open\src\hotspot\share\interpreter\linkResolver.cpp, line 774]
Event: 5.955 Thread 0x000002c500e91a60 Implicit null exception at 0x000002c52cb432be to 0x000002c52cb43cd8
Event: 9.614 Thread 0x000002c5029a7cd0 Exception <a 'java/lang/NoSuchMethodError'{0x000000008864c360}: 'java.lang.Object java.lang.invoke.DirectMethodHandle$Holder.invokeSpecial(java.lang.Object, java.lang.Object, java.lang.Object, java.lang.Object, java.lang.Object, long)'> (0x000000008864c360) 
thrown [s\open\src\hotspot\share\interpreter\linkResolver.cpp, line 774]
Event: 9.615 Thread 0x000002c5029a7cd0 Exception <a 'java/lang/NoSuchMethodError'{0x000000008864fdf8}: 'java.lang.Object java.lang.invoke.Invokers$Holder.linkToTargetMethod(java.lang.Object, java.lang.Object, java.lang.Object, long, java.lang.Object)'> (0x000000008864fdf8) 
thrown [s\open\src\hotspot\share\interpreter\linkResolver.cpp, line 774]
Event: 9.791 Thread 0x000002c5029a7cd0 Exception <a 'java/lang/NoSuchMethodError'{0x00000000865f23b0}: 'java.lang.Object java.lang.invoke.DirectMethodHandle$Holder.invokeInterface(java.lang.Object, java.lang.Object, int)'> (0x00000000865f23b0) 
thrown [s\open\src\hotspot\share\interpreter\linkResolver.cpp, line 774]
Event: 9.946 Thread 0x000002c5029a7cd0 Exception <a 'java/lang/NoSuchMethodError'{0x000000008630af60}: 'void java.lang.invoke.Invokers$Holder.invoke_MT(java.lang.Object, java.lang.Object, java.lang.Object, java.lang.Object)'> (0x000000008630af60) 
thrown [s\open\src\hotspot\share\interpreter\linkResolver.cpp, line 774]
Event: 9.949 Thread 0x000002c5029a7cd0 Exception <a 'java/lang/NoSuchMethodError'{0x000000008631d448}: 'long java.lang.invoke.DirectMethodHandle$Holder.invokeStatic(java.lang.Object, java.lang.Object, int)'> (0x000000008631d448) 
thrown [s\open\src\hotspot\share\interpreter\linkResolver.cpp, line 774]
Event: 9.951 Thread 0x000002c5029a7cd0 Exception <a 'java/lang/NoSuchMethodError'{0x0000000086328078}: 'void java.lang.invoke.DelegatingMethodHandle$Holder.reinvoke_L(java.lang.Object, java.lang.Object, long)'> (0x0000000086328078) 
thrown [s\open\src\hotspot\share\interpreter\linkResolver.cpp, line 774]
Event: 10.140 Thread 0x000002c5029a7cd0 Exception <a 'java/lang/NoSuchMethodError'{0x000000008b9da4b8}: 'long java.lang.invoke.DelegatingMethodHandle$Holder.reinvoke_L(java.lang.Object, java.lang.Object)'> (0x000000008b9da4b8) 
thrown [s\open\src\hotspot\share\interpreter\linkResolver.cpp, line 774]
Event: 10.171 Thread 0x000002c5029a9080 Exception <a 'java/lang/NoSuchMethodError'{0x0000000088a1b208}: 'java.lang.Object java.lang.invoke.DirectMethodHandle$Holder.invokeStatic(java.lang.Object, int, int)'> (0x0000000088a1b208) 
thrown [s\open\src\hotspot\share\interpreter\linkResolver.cpp, line 774]
Event: 10.193 Thread 0x000002c500e98360 Exception <a 'sun/nio/fs/WindowsException'{0x0000000088811b18}> (0x0000000088811b18) 
thrown [s\open\src\hotspot\share\prims\jni.cpp, line 520]

ZGC Phase Switch (0 events):
No events

VM Operations (20 events):
Event: 6.459 Executing VM operation: Cleanup
Event: 6.459 Executing VM operation: Cleanup done
Event: 9.628 Executing VM operation: HandshakeAllThreads (Deoptimize)
Event: 9.628 Executing VM operation: HandshakeAllThreads (Deoptimize) done
Event: 9.628 Executing VM operation: Cleanup
Event: 9.628 Executing VM operation: Cleanup done
Event: 9.709 Executing VM operation: HandshakeAllThreads (Deoptimize)
Event: 9.709 Executing VM operation: HandshakeAllThreads (Deoptimize) done
Event: 9.739 Executing VM operation: HandshakeAllThreads (Deoptimize)
Event: 9.739 Executing VM operation: HandshakeAllThreads (Deoptimize) done
Event: 9.781 Executing VM operation: HandshakeAllThreads (Deoptimize)
Event: 9.782 Executing VM operation: HandshakeAllThreads (Deoptimize) done
Event: 10.055 Executing VM operation: HandshakeAllThreads (Deoptimize)
Event: 10.055 Executing VM operation: HandshakeAllThreads (Deoptimize) done
Event: 10.112 Executing VM operation: G1CollectForAllocation (G1 Evacuation Pause)
Event: 10.115 Executing VM operation: G1CollectForAllocation (G1 Evacuation Pause) done
Event: 10.127 Executing VM operation: HandshakeAllThreads (Deoptimize)
Event: 10.127 Executing VM operation: HandshakeAllThreads (Deoptimize) done
Event: 10.429 Executing VM operation: ICBufferFull
Event: 10.429 Executing VM operation: ICBufferFull done

Memory protections (0 events):
No events

Nmethod flushes (20 events):
Event: 5.423 Thread 0x000002c5393f29b0 flushing  nmethod 0x000002c525196e90
Event: 5.423 Thread 0x000002c5393f29b0 flushing  nmethod 0x000002c5251d8410
Event: 5.423 Thread 0x000002c5393f29b0 flushing  nmethod 0x000002c525224290
Event: 5.423 Thread 0x000002c5393f29b0 flushing  nmethod 0x000002c525227c10
Event: 5.423 Thread 0x000002c5393f29b0 flushing  nmethod 0x000002c52522b390
Event: 5.423 Thread 0x000002c5393f29b0 flushing  nmethod 0x000002c52526a510
Event: 5.423 Thread 0x000002c5393f29b0 flushing  nmethod 0x000002c52531f210
Event: 5.423 Thread 0x000002c5393f29b0 flushing  nmethod 0x000002c5255a9c90
Event: 5.423 Thread 0x000002c5393f29b0 flushing  nmethod 0x000002c5255aa110
Event: 5.423 Thread 0x000002c5393f29b0 flushing  nmethod 0x000002c5255aae10
Event: 5.423 Thread 0x000002c5393f29b0 flushing  nmethod 0x000002c5255ab210
Event: 5.423 Thread 0x000002c5393f29b0 flushing  nmethod 0x000002c525614e90
Event: 5.423 Thread 0x000002c5393f29b0 flushing  nmethod 0x000002c525617090
Event: 5.423 Thread 0x000002c5393f29b0 flushing  nmethod 0x000002c52569f010
Event: 5.423 Thread 0x000002c5393f29b0 flushing  nmethod 0x000002c5256a5790
Event: 5.423 Thread 0x000002c5393f29b0 flushing  nmethod 0x000002c525744910
Event: 5.423 Thread 0x000002c5393f29b0 flushing  nmethod 0x000002c525747410
Event: 5.423 Thread 0x000002c5393f29b0 flushing  nmethod 0x000002c525748c10
Event: 5.423 Thread 0x000002c5393f29b0 flushing  nmethod 0x000002c52574a990
Event: 5.423 Thread 0x000002c5393f29b0 flushing  nmethod 0x000002c5257ddc90

Events (20 events):
Event: 5.275 Thread 0x000002c57f4d5f40 Thread added: 0x000002c5029a6fb0
Event: 5.296 Thread 0x000002c57f4d5f40 Thread added: 0x000002c5029a7cd0
Event: 5.296 Thread 0x000002c57f4d5f40 Thread added: 0x000002c5029a8360
Event: 5.296 Thread 0x000002c57f4d5f40 Thread added: 0x000002c5029a9080
Event: 5.296 Thread 0x000002c57f4d5f40 Thread added: 0x000002c500e98360
Event: 5.296 Thread 0x000002c57f4d5f40 Thread added: 0x000002c500e96290
Event: 5.296 Thread 0x000002c57f4d5f40 Thread added: 0x000002c500e913d0
Event: 5.297 Thread 0x000002c57f4d5f40 Thread added: 0x000002c500e96920
Event: 5.297 Thread 0x000002c57f4d5f40 Thread added: 0x000002c500e96fb0
Event: 5.297 Thread 0x000002c57f4d5f40 Thread added: 0x000002c500e934a0
Event: 5.297 Thread 0x000002c57f4d5f40 Thread added: 0x000002c500e97640
Event: 5.302 Thread 0x000002c57f4d5f40 Thread added: 0x000002c500e95570
Event: 5.304 Thread 0x000002c57f4d5f40 Thread added: 0x000002c500e97cd0
Event: 5.321 Thread 0x000002c57f4d5f40 Thread added: 0x000002c500e91a60
Event: 5.331 Thread 0x000002c57f4d5f40 Thread exited: 0x000002c57f4d5f40
Event: 5.334 Thread 0x000002c57f4d5450 Thread exited: 0x000002c57f4d5450
Event: 5.334 Thread 0x000002c51a9ec7a0 Thread exited: 0x000002c51a9ec7a0
Event: 5.334 Thread 0x000002c500e989f0 Thread added: 0x000002c500e989f0
Event: 6.208 Thread 0x000002c539820690 Thread exited: 0x000002c539820690
Event: 9.613 Thread 0x000002c5394281d0 Thread added: 0x000002c500fff960


Dynamic libraries:
0x00007ff7d7080000 - 0x00007ff7d708e000 	C:\Users\HP\.jdks\openjdk-22.0.2\bin\java.exe
0x00007ffc00270000 - 0x00007ffc00487000 	C:\WINDOWS\SYSTEM32\ntdll.dll
0x00007ffbfeaf0000 - 0x00007ffbfebb4000 	C:\WINDOWS\System32\KERNEL32.DLL
0x00007ffbfd900000 - 0x00007ffbfdcad000 	C:\WINDOWS\System32\KERNELBASE.dll
0x00007ffbfde80000 - 0x00007ffbfdf91000 	C:\WINDOWS\System32\ucrtbase.dll
0x00007ffbf55c0000 - 0x00007ffbf55db000 	C:\Users\HP\.jdks\openjdk-22.0.2\bin\VCRUNTIME140.dll
0x00007ffbf55e0000 - 0x00007ffbf55f7000 	C:\Users\HP\.jdks\openjdk-22.0.2\bin\jli.dll
0x00007ffc00080000 - 0x00007ffc0022e000 	C:\WINDOWS\System32\USER32.dll
0x00007ffbfd590000 - 0x00007ffbfd5b6000 	C:\WINDOWS\System32\win32u.dll
0x00007ffbff350000 - 0x00007ffbff379000 	C:\WINDOWS\System32\GDI32.dll
0x00007ffbe1590000 - 0x00007ffbe1823000 	C:\WINDOWS\WinSxS\amd64_microsoft.windows.common-controls_6595b64144ccf1df_6.0.22621.3672_none_2713b9d173822955\COMCTL32.dll
0x00007ffbfdd60000 - 0x00007ffbfde79000 	C:\WINDOWS\System32\gdi32full.dll
0x00007ffbfd860000 - 0x00007ffbfd8fa000 	C:\WINDOWS\System32\msvcp_win.dll
0x00007ffbfe940000 - 0x00007ffbfe9e7000 	C:\WINDOWS\System32\msvcrt.dll
0x00007ffbfe870000 - 0x00007ffbfe8a1000 	C:\WINDOWS\System32\IMM32.DLL
0x00007ffbf5490000 - 0x00007ffbf549c000 	C:\Users\HP\.jdks\openjdk-22.0.2\bin\vcruntime140_1.dll
0x00007ffbf4fd0000 - 0x00007ffbf505e000 	C:\Users\HP\.jdks\openjdk-22.0.2\bin\msvcp140.dll
0x00007ffb7b890000 - 0x00007ffb7c5d9000 	C:\Users\HP\.jdks\openjdk-22.0.2\bin\server\jvm.dll
0x00007ffbfed80000 - 0x00007ffbfee32000 	C:\WINDOWS\System32\ADVAPI32.dll
0x00007ffbfdfa0000 - 0x00007ffbfe049000 	C:\WINDOWS\System32\sechost.dll
0x00007ffbfdd30000 - 0x00007ffbfdd58000 	C:\WINDOWS\System32\bcrypt.dll
0x00007ffbff230000 - 0x00007ffbff344000 	C:\WINDOWS\System32\RPCRT4.dll
0x00007ffbfea10000 - 0x00007ffbfea81000 	C:\WINDOWS\System32\WS2_32.dll
0x00007ffbfd450000 - 0x00007ffbfd49d000 	C:\WINDOWS\SYSTEM32\POWRPROF.dll
0x00007ffbf80a0000 - 0x00007ffbf80aa000 	C:\WINDOWS\SYSTEM32\VERSION.dll
0x00007ffbf7100000 - 0x00007ffbf7134000 	C:\WINDOWS\SYSTEM32\WINMM.dll
0x00007ffbfd430000 - 0x00007ffbfd443000 	C:\WINDOWS\SYSTEM32\UMPDC.dll
0x00007ffbfc590000 - 0x00007ffbfc5a8000 	C:\WINDOWS\SYSTEM32\kernel.appcore.dll
0x00007ffbf5240000 - 0x00007ffbf524a000 	C:\Users\HP\.jdks\openjdk-22.0.2\bin\jimage.dll
0x00007ffbfac50000 - 0x00007ffbfae82000 	C:\WINDOWS\SYSTEM32\DBGHELP.DLL
0x00007ffbffcf0000 - 0x00007ffc0007d000 	C:\WINDOWS\System32\combase.dll
0x00007ffbfec50000 - 0x00007ffbfed27000 	C:\WINDOWS\System32\OLEAUT32.dll
0x00007ffbd87e0000 - 0x00007ffbd8812000 	C:\WINDOWS\SYSTEM32\dbgcore.DLL
0x00007ffbfdcb0000 - 0x00007ffbfdd2b000 	C:\WINDOWS\System32\bcryptPrimitives.dll
0x00007ffbf5230000 - 0x00007ffbf523f000 	C:\Users\HP\.jdks\openjdk-22.0.2\bin\instrument.dll
0x00007ffbf4fb0000 - 0x00007ffbf4fce000 	C:\Users\HP\.jdks\openjdk-22.0.2\bin\java.dll
0x00007ffbff480000 - 0x00007ffbffce8000 	C:\WINDOWS\System32\SHELL32.dll
0x00007ffbfe6b0000 - 0x00007ffbfe855000 	C:\WINDOWS\System32\ole32.dll
0x00007ffbfb590000 - 0x00007ffbfbe8e000 	C:\WINDOWS\SYSTEM32\windows.storage.dll
0x00007ffbfb450000 - 0x00007ffbfb58f000 	C:\WINDOWS\SYSTEM32\wintypes.dll
0x00007ffbff070000 - 0x00007ffbff169000 	C:\WINDOWS\System32\SHCORE.dll
0x00007ffbfea90000 - 0x00007ffbfeaee000 	C:\WINDOWS\System32\shlwapi.dll
0x00007ffbfd4c0000 - 0x00007ffbfd4e1000 	C:\WINDOWS\SYSTEM32\profapi.dll
0x00007ffbf4970000 - 0x00007ffbf4a47000 	C:\Users\HP\.jdks\openjdk-22.0.2\bin\jsvml.dll
0x00007ffbf4d80000 - 0x00007ffbf4d97000 	C:\Users\HP\.jdks\openjdk-22.0.2\bin\zip.dll
0x00007ffbf51c0000 - 0x00007ffbf51d0000 	C:\Users\HP\.jdks\openjdk-22.0.2\bin\net.dll
0x00007ffbfca10000 - 0x00007ffbfca79000 	C:\WINDOWS\system32\mswsock.dll
0x00007ffbf4da0000 - 0x00007ffbf4db6000 	C:\Users\HP\.jdks\openjdk-22.0.2\bin\nio.dll
0x00007ffbf4d60000 - 0x00007ffbf4d7a000 	D:\IntelliJ IDEA Community Edition 2024.1.4\bin\breakgen64.dll
0x00007ffbf4fa0000 - 0x00007ffbf4fa9000 	C:\Users\HP\.jdks\openjdk-22.0.2\bin\extnet.dll
0x00007ffbf4ee0000 - 0x00007ffbf4eea000 	C:\Users\HP\.jdks\openjdk-22.0.2\bin\management.dll
0x00007ffbf4eb0000 - 0x00007ffbf4ebb000 	C:\Users\HP\.jdks\openjdk-22.0.2\bin\management_ext.dll
0x00007ffbfeea0000 - 0x00007ffbfeea8000 	C:\WINDOWS\System32\PSAPI.DLL
0x00007ffbf4c00000 - 0x00007ffbf4c0b000 	C:\Users\HP\.jdks\openjdk-22.0.2\bin\le.dll
0x00007ffbf4c10000 - 0x00007ffbf4c1e000 	C:\Users\HP\.jdks\openjdk-22.0.2\bin\sunmscapi.dll
0x00007ffbfd5c0000 - 0x00007ffbfd727000 	C:\WINDOWS\System32\CRYPT32.dll
0x00007ffbfce30000 - 0x00007ffbfce5e000 	C:\WINDOWS\SYSTEM32\ncrypt.dll
0x00007ffbfcdf0000 - 0x00007ffbfce27000 	C:\WINDOWS\SYSTEM32\NTASN1.dll
0x00007ffbfcc90000 - 0x00007ffbfccab000 	C:\WINDOWS\SYSTEM32\CRYPTSP.dll
0x00007ffbfc4e0000 - 0x00007ffbfc515000 	C:\WINDOWS\system32\rsaenh.dll
0x00007ffbfcb10000 - 0x00007ffbfcb38000 	C:\WINDOWS\SYSTEM32\USERENV.dll
0x00007ffbfccb0000 - 0x00007ffbfccbc000 	C:\WINDOWS\SYSTEM32\CRYPTBASE.dll
0x00007ffbfbfe0000 - 0x00007ffbfc00d000 	C:\WINDOWS\SYSTEM32\IPHLPAPI.DLL
0x00007ffbfe860000 - 0x00007ffbfe869000 	C:\WINDOWS\System32\NSI.dll
0x00007ffbf8330000 - 0x00007ffbf8349000 	C:\WINDOWS\SYSTEM32\dhcpcsvc6.DLL
0x00007ffbf8270000 - 0x00007ffbf828f000 	C:\WINDOWS\SYSTEM32\dhcpcsvc.DLL
0x00007ffbfc010000 - 0x00007ffbfc108000 	C:\WINDOWS\SYSTEM32\DNSAPI.dll
0x00007ffbf7a60000 - 0x00007ffbf7a68000 	C:\WINDOWS\system32\wshunix.dll
0x00007ffbf88c0000 - 0x00007ffbf88ca000 	C:\Windows\System32\rasadhlp.dll
0x00007ffbf2e80000 - 0x00007ffbf2f03000 	C:\WINDOWS\System32\fwpuclnt.dll
0x00007ffbf4be0000 - 0x00007ffbf4bf0000 	C:\Users\HP\.jdks\openjdk-22.0.2\bin\verify.dll

dbghelp: loaded successfully - version: 4.0.5 - missing functions: none
symbol engine: initialized successfully - sym options: 0x614 - pdb path: .;C:\Users\HP\.jdks\openjdk-22.0.2\bin;C:\WINDOWS\SYSTEM32;C:\WINDOWS\WinSxS\amd64_microsoft.windows.common-controls_6595b64144ccf1df_6.0.22621.3672_none_2713b9d173822955;C:\Users\HP\.jdks\openjdk-22.0.2\bin\server;D:\IntelliJ IDEA Community Edition 2024.1.4\bin

VM Arguments:
jvm_args: -javaagent:D:\IntelliJ IDEA Community Edition 2024.1.4\lib\idea_rt.jar=50122:D:\IntelliJ IDEA Community Edition 2024.1.4\bin -Dfile.encoding=UTF-8 -Dsun.stdout.encoding=UTF-8 -Dsun.stderr.encoding=UTF-8 
java_command: com.abcRestaurant.abcRestaurant.AbcRestaurantApplication
java_class_path (initial): C:\Users\HP\Desktop\ABCRestaurant\abc-restaurant-project\abcRestaurant\target\classes;C:\Users\HP\.m2\repository\org\springframework\boot\spring-boot-starter-data-mongodb\3.3.2\spring-boot-starter-data-mongodb-3.3.2.jar;C:\Users\HP\.m2\repository\org\springframework\boot\spring-boot-starter\3.3.2\spring-boot-starter-3.3.2.jar;C:\Users\HP\.m2\repository\org\springframework\boot\spring-boot-starter-logging\3.3.2\spring-boot-starter-logging-3.3.2.jar;C:\Users\HP\.m2\repository\ch\qos\logback\logback-classic\1.5.6\logback-classic-1.5.6.jar;C:\Users\HP\.m2\repository\ch\qos\logback\logback-core\1.5.6\logback-core-1.5.6.jar;C:\Users\HP\.m2\repository\org\apache\logging\log4j\log4j-to-slf4j\2.23.1\log4j-to-slf4j-2.23.1.jar;C:\Users\HP\.m2\repository\org\apache\logging\log4j\log4j-api\2.23.1\log4j-api-2.23.1.jar;C:\Users\HP\.m2\repository\org\slf4j\jul-to-slf4j\2.0.13\jul-to-slf4j-2.0.13.jar;C:\Users\HP\.m2\repository\jakarta\annotation\jakarta.annotation-api\2.1.1\jakarta.annotation-api-2.1.1.jar;C:\Users\HP\.m2\repository\org\yaml\snakeyaml\2.2\snakeyaml-2.2.jar;C:\Users\HP\.m2\repository\org\mongodb\mongodb-driver-sync\5.0.1\mongodb-driver-sync-5.0.1.jar;C:\Users\HP\.m2\repository\org\mongodb\bson\5.0.1\bson-5.0.1.jar;C:\Users\HP\.m2\repository\org\mongodb\mongodb-driver-core\5.0.1\mongodb-driver-core-5.0.1.jar;C:\Users\HP\.m2\repository\org\mongodb\bson-record-codec\5.0.1\bson-record-codec-5.0.1.jar;C:\Users\HP\.m2\repository\org\springframework\data\spring-data-mongodb\4.3.2\spring-data-mongodb-4.3.2.jar;C:\Users\HP\.m2\repository\org\springframework\spring-tx\6.1.11\spring-tx-6.1.11.jar;C:\Users\HP\.m2\repository\org\springframework\spring-context\6.1.11\spring-context-6.1.11.jar;C:\Users\HP\.m2\repository\org\springframework\spring-beans\6.1.11\spring-beans-6.1.11.jar;C:\Users\HP\.m2\repository\org\springframework\spring-expression\6.1.11\spring-expression-6.1.11.jar;C:\Users\HP\.m2\repository\org\springframework\data\spring-data-commons\3.3.2\spring-data-commons-3.3.2.jar;C:\Users\HP\.m2\repository\org\slf4j\slf4j-api\2.0.13\slf4j-api-2.0.13.jar;C:\Users\HP\.m2\repository\org\springframework\boot\spring-boot-starter-web\3.3.2\spring-boot-starter-web-3.3.2.jar;C:\Users\HP\.m2\repository\org\springframework\boot\spring-boot-starter-json\3.3.2\spring-boot-starter-json-3.3.2.jar;C:\Users\HP\.m2\repository\com\fasterxml\jackson\core\jackson-databind\2.17.2\jackson-databind-2.17.2.jar;C:\Users\HP\.m2\repository\com\fasterxml\jackson\core\jackson-annotations\2.17.2\jackson-annotations-2.17.2.jar;C:\Users\HP\.m2\repository\com\fasterxml\jackson\core\jackson-core\2.17.2\jackson-core-2.17.2.jar;C:\Users\HP\.m2\repository\com\fasterxml\jackson\datatype\jackson-datatype-jdk8\2.17.2\jackson-datatype-jdk8-2.17.2.jar;C:\Users\HP\.m2\repository\com\fasterxml\jackson\datatype\jackson-datatype-jsr310\2.17.2\jackson-datatype-jsr310-2.17.2.jar;C:\Users\HP\.m2\repository\com\fasterxml\jackson\module\jackson-module-parameter-names\2.17.2\jackson-module-parameter-names-2.17.2.jar;C:\Users\HP\.m2\repository\org\springframework\boot\spring-boot-starter-tomcat\3.3.2\spring-boot-starter-tomcat-3.3.2.jar;C:\Users\HP\.m2\repository\org\apache\tomcat\embed\tomcat-embed-core\10.1.26\tomcat-embed-core-10.1.26.jar;C:\Users\HP\.m2\repository\org\apache\tomcat\embed\tomcat-embed-el\10.1.26\tomcat-embed-el-10.1.26.jar;C:\Users\HP\.m2\repository\org\apache\tomcat\embed\tomcat-embed-websocket\10.1.26\tomcat-embed-websocket-10.1.26.jar;C:\Users\HP\.m2\repository\org\springframework\spring-web\6.1.11\spring-web-6.1.11.jar;C:\Users\HP\.m2\repository\io\micrometer\micrometer-observation\1.13.2\micrometer-observation-1.13.2.jar;C:\Users\HP\.m2\repository\io\micrometer\micrometer-commons\1.13.2\micrometer-commons-1.13.2.jar;C:\Users\HP\.m2\repository\org\springframework\spring-webmvc\6.1.11\spring-webmvc-6.1.11.jar;C:\Users\HP\.m2\repository\org\springframework\boot\spring-boot-devtools\3.3.2\spring-boot-devtools-3.3.2.jar;C:\Users\HP\.m2\repository\org\springframework\boot\spring-boot\3.3.2\spring-boot-3.3.2.jar;C:\Users\HP\.m2\repository\org\springframework\boot\spring-boot-autoconfigure\3.3.2\spring-boot-autoconfigure-3.3.2.jar;C:\Users\HP\.m2\repository\org\projectlombok\lombok\1.18.34\lombok-1.18.34.jar;C:\Users\HP\.m2\repository\jakarta\activation\jakarta.activation-api\2.1.3\jakarta.activation-api-2.1.3.jar;C:\Users\HP\.m2\repository\org\springframework\spring-core\6.1.11\spring-core-6.1.11.jar;C:\Users\HP\.m2\repository\org\springframework\spring-jcl\6.1.11\spring-jcl-6.1.11.jar;C:\Users\HP\.m2\repository\me\paulschwarz\spring-dotenv\2.5.4\spring-dotenv-2.5.4.jar;C:\Users\HP\.m2\repository\io\github\cdimascio\dotenv-java\2.2.3\dotenv-java-2.2.3.jar;C:\Users\HP\.m2\repository\org\springframework\boot\spring-boot-starter-mail\3.3.2\spring-boot-starter-mail-3.3.2.jar;C:\Users\HP\.m2\repository\org\springframework\spring-context-support\6.1.11\spring-context-support-6.1.11.jar;C:\Users\HP\.m2\repository\org\eclipse\angus\jakarta.mail\2.0.3\jakarta.mail-2.0.3.jar;C:\Users\HP\.m2\repository\org\eclipse\angus\angus-activation\2.0.2\angus-activation-2.0.2.jar;C:\Users\HP\.m2\repository\org\springframework\boot\spring-boot-starter-security\3.3.2\spring-boot-starter-security-3.3.2.jar;C:\Users\HP\.m2\repository\org\springframework\spring-aop\6.1.11\spring-aop-6.1.11.jar;C:\Users\HP\.m2\repository\org\springframework\security\spring-security-config\6.3.1\spring-security-config-6.3.1.jar;C:\Users\HP\.m2\repository\org\springframework\security\spring-security-core\6.3.1\spring-security-core-6.3.1.jar;C:\Users\HP\.m2\repository\org\springframework\security\spring-security-crypto\6.3.1\spring-security-crypto-6.3.1.jar;C:\Users\HP\.m2\repository\org\springframework\security\spring-security-web\6.3.1\spring-security-web-6.3.1.jar;C:\Users\HP\.m2\repository\io\jsonwebtoken\jjwt\0.12.6\jjwt-0.12.6.jar;C:\Users\HP\.m2\repository\io\jsonwebtoken\jjwt-api\0.12.6\jjwt-api-0.12.6.jar;C:\Users\HP\.m2\repository\io\jsonwebtoken\jjwt-impl\0.12.6\jjwt-impl-0.12.6.jar;C:\Users\HP\.m2\repository\io\jsonwebtoken\jjwt-jackson\0.12.6\jjwt-jackson-0.12.6.jar
Launcher Type: SUN_STANDARD

[Global flags]
     intx CICompilerCount                          = 4                                         {product} {ergonomic}
     uint ConcGCThreads                            = 2                                         {product} {ergonomic}
     uint G1ConcRefinementThreads                  = 8                                         {product} {ergonomic}
   size_t G1HeapRegionSize                         = 1048576                                   {product} {ergonomic}
   size_t InitialHeapSize                          = 132120576                                 {product} {ergonomic}
   size_t MarkStackSize                            = 4194304                                   {product} {ergonomic}
   size_t MaxHeapSize                              = 2084569088                                {product} {ergonomic}
   size_t MaxNewSize                               = 1249902592                                {product} {ergonomic}
   size_t MinHeapDeltaBytes                        = 1048576                                   {product} {ergonomic}
   size_t MinHeapSize                              = 8388608                                   {product} {ergonomic}
    uintx NonNMethodCodeHeapSize                   = 5839372                                {pd product} {ergonomic}
    uintx NonProfiledCodeHeapSize                  = 122909434                              {pd product} {ergonomic}
    uintx ProfiledCodeHeapSize                     = 122909434                              {pd product} {ergonomic}
    uintx ReservedCodeCacheSize                    = 251658240                              {pd product} {ergonomic}
     bool SegmentedCodeCache                       = true                                      {product} {ergonomic}
   size_t SoftMaxHeapSize                          = 2084569088                             {manageable} {ergonomic}
     bool UseCompressedOops                        = true                           {product lp64_product} {ergonomic}
     bool UseG1GC                                  = true                                      {product} {ergonomic}
     bool UseLargePagesIndividualAllocation        = false                                  {pd product} {ergonomic}

Logging:
Log output configuration:
 #0: stdout all=warning uptime,level,tags foldmultilines=false
 #1: stderr all=off uptime,level,tags foldmultilines=false

Environment Variables:
PATH=C:\Program Files\Common Files\Oracle\Java\javapath;C:\WINDOWS\system32;C:\WINDOWS;C:\WINDOWS\System32\Wbem;C:\WINDOWS\System32\WindowsPowerShell\v1.0\;C:\WINDOWS\System32\OpenSSH\;C:\ProgramData\chocolatey\bin;C:\Program Files\dotnet\;D:\Git\cmd;C:\Program Files\Microsoft SQL Server\150\Tools\Binn\;C:\Program Files\Microsoft SQL Server\130\Tools\Binn\;C:\Program Files\Microsoft SQL Server\Client SDK\ODBC\170\Tools\Binn\;C:\Program Files (x86)\Microsoft SQL Server\160\Tools\Binn\;C:\Program Files\Microsoft SQL Server\160\Tools\Binn\;C:\Program Files\Microsoft SQL Server\160\DTS\Binn\;C:\Program Files (x86)\Microsoft SQL Server\160\DTS\Binn\;C:\Program Files\Azure Data Studio\bin;C:\Program Files\nodejs\;C:\Users\HP\AppData\Local\Programs\Python\Python312\Scripts\;C:\Users\HP\AppData\Local\Programs\Python\Python312\;C:\Users\HP\AppData\Local\Programs\Python\Launcher\;C:\Users\HP\AppData\Local\Microsoft\WindowsApps;D:\Microsoft VS Code\bin;C:\Users\HP\AppData\Local\GitHubDesktop\bin;C:\Program Files\Azure Data Studio\bin;C:\Users\HP\AppData\Roaming\npm;D:\IntelliJ IDEA Community Edition 2024.1.4\bin;
USERNAME=HP
OS=Windows_NT
PROCESSOR_IDENTIFIER=Intel64 Family 6 Model 140 Stepping 1, GenuineIntel
TMP=C:\Users\HP\AppData\Local\Temp
TEMP=C:\Users\HP\AppData\Local\Temp




Periodic native trim disabled

---------------  S Y S T E M  ---------------

OS:
 Windows 11 , 64 bit Build 22621 (10.0.22621.3958)
OS uptime: 0 days 22:52 hours
Hyper-V role detected

CPU: total 8 (initial active 8) (4 cores per cpu, 2 threads per core) family 6 model 140 stepping 1 microcode 0xac, cx8, cmov, fxsr, ht, mmx, 3dnowpref, sse, sse2, sse3, ssse3, sse4.1, sse4.2, popcnt, lzcnt, tsc, tscinvbit, avx, avx2, aes, erms, clmul, bmi1, bmi2, adx, avx512f, avx512dq, avx512cd, avx512bw, avx512vl, sha, fma, vzeroupper, avx512_vpopcntdq, avx512_vpclmulqdq, avx512_vaes, avx512_vnni, clflush, clflushopt, clwb, avx512_vbmi2, avx512_vbmi, hv, rdtscp, rdpid, fsrm, gfni, avx512_bitalg, f16c, cet_ibt, cet_ss, avx512_ifma
Processor Information for all 8 processors :
  Max Mhz: 2419, Current Mhz: 2419, Mhz Limit: 2419

Memory: 4k page, system-wide physical 7948M (416M free)
TotalPageFile size 14092M (AvailPageFile size 5M)
current process WorkingSet (physical memory assigned to process): 223M, peak: 234M
current process commit charge ("private bytes"): 259M, peak: 272M

vm_info: OpenJDK 64-Bit Server VM (22.0.2+9-70) for windows-amd64 JRE (22.0.2+9-70), built on 2024-06-04T16:52:23Z by "mach5one" with MS VC++ 17.6 (VS2022)

END.
