#
# There is insufficient memory for the Java Runtime Environment to continue.
# Native memory allocation (malloc) failed to allocate 32744 bytes. Error detail: Chunk::new
# Possible reasons:
#   The system is out of physical RAM or swap space
#   This process is running with CompressedOops enabled, and the Java Heap may be blocking the growth of the native heap
# Possible solutions:
#   Reduce memory load on the system
#   Increase physical memory or swap space
#   Check if swap backing store is full
#   Decrease Java heap size (-Xmx/-Xms)
#   Decrease number of Java threads
#   Decrease Java thread stack sizes (-Xss)
#   Set larger code cache with -XX:ReservedCodeCacheSize=
#   JVM is running with Unscaled Compressed Oops mode in which the Java heap is
#     placed in the first 4GB address space. The Java Heap base address is the
#     maximum limit for the native heap growth. Please use -XX:HeapBaseMinAddress
#     to set the Java Heap base and to place the Java Heap above 4GB virtual address.
# This output file may be truncated or incomplete.
#
#  Out of Memory Error (arena.cpp:150), pid=17324, tid=17352
#
# JRE version: OpenJDK Runtime Environment (22.0.2+9) (build 22.0.2+9-70)
# Java VM: OpenJDK 64-Bit Server VM (22.0.2+9-70, mixed mode, sharing, tiered, compressed oops, compressed class ptrs, g1 gc, windows-amd64)
# No core dump will be written. Minidumps are not enabled by default on client versions of Windows
#

---------------  S U M M A R Y ------------

Command Line: -agentlib:jdwp=transport=dt_socket,address=127.0.0.1:62472,suspend=y,server=n -javaagent:C:\Users\HP\AppData\Local\JetBrains\IdeaIC2024.1\captureAgent\debugger-agent.jar -Dfile.encoding=UTF-8 -Dsun.stdout.encoding=UTF-8 -Dsun.stderr.encoding=UTF-8 com.abcRestaurant.abcRestaurant.AbcRestaurantApplication

Host: 11th Gen Intel(R) Core(TM) i5-1135G7 @ 2.40GHz, 8 cores, 7G,  Windows 11 , 64 bit Build 22621 (10.0.22621.3672)
Time: Sun Aug  4 15:35:56 2024 Sri Lanka Standard Time elapsed time: 3.331693 seconds (0d 0h 0m 3s)

---------------  T H R E A D  ---------------

Current thread (0x00000242354f30e0):  JavaThread "C2 CompilerThread2" daemon [_thread_in_native, id=17352, stack(0x000000dfee600000,0x000000dfee700000) (1024K)]


Current CompileTask:
C2:3331 2543       4       java.lang.invoke.MethodType::methodType (69 bytes)

Stack: [0x000000dfee600000,0x000000dfee700000]
Native frames: (J=compiled Java code, j=interpreted, Vv=VM code, C=native code)
V  [jvm.dll+0x6e26e9]  (no source info available)
V  [jvm.dll+0x875753]  (no source info available)
V  [jvm.dll+0x877b7e]  (no source info available)
V  [jvm.dll+0x878253]  (no source info available)
V  [jvm.dll+0x27fc86]  (no source info available)
V  [jvm.dll+0xc3d0f]  (no source info available)
V  [jvm.dll+0xc3f6b]  (no source info available)
V  [jvm.dll+0x3c028c]  (no source info available)
V  [jvm.dll+0x3b9cdc]  (no source info available)
V  [jvm.dll+0x1df6e3]  (no source info available)
V  [jvm.dll+0x24793c]  (no source info available)
V  [jvm.dll+0x246e9f]  (no source info available)
V  [jvm.dll+0x1c4e80]  (no source info available)
V  [jvm.dll+0x2568f3]  (no source info available)
V  [jvm.dll+0x254baa]  (no source info available)
V  [jvm.dll+0x3f57a6]  (no source info available)
V  [jvm.dll+0x81dc0b]  (no source info available)
V  [jvm.dll+0x6e0d85]  (no source info available)
C  [ucrtbase.dll+0x29333]  (no source info available)
C  [KERNEL32.DLL+0x1257d]  (no source info available)
C  [ntdll.dll+0x5af28]  (no source info available)


---------------  P R O C E S S  ---------------

Threads class SMR info:
_java_thread_list=0x000002427c460ee0, length=18, elements={
0x0000024216b7b910, 0x00000242354cbcf0, 0x00000242354ccd00, 0x00000242354d7250,
0x00000242354d9eb0, 0x00000242354daa00, 0x00000242354db550, 0x00000242354ed130,
0x00000242354f2340, 0x00000242356ef500, 0x00000242358160b0, 0x0000024235816af0,
0x0000024235923e30, 0x00000242359244c0, 0x00000242354f0130, 0x000002427b21e320,
0x000002427ba30420, 0x00000242354f30e0
}

Java Threads: ( => current thread )
  0x0000024216b7b910 JavaThread "main"                              [_thread_blocked, id=11548, stack(0x000000dfec600000,0x000000dfec700000) (1024K)]
  0x00000242354cbcf0 JavaThread "Reference Handler"          daemon [_thread_blocked, id=15344, stack(0x000000dfece00000,0x000000dfecf00000) (1024K)]
  0x00000242354ccd00 JavaThread "Finalizer"                  daemon [_thread_blocked, id=11004, stack(0x000000dfecf00000,0x000000dfed000000) (1024K)]
  0x00000242354d7250 JavaThread "Signal Dispatcher"          daemon [_thread_blocked, id=6428, stack(0x000000dfed000000,0x000000dfed100000) (1024K)]
  0x00000242354d9eb0 JavaThread "Attach Listener"            daemon [_thread_blocked, id=16312, stack(0x000000dfed100000,0x000000dfed200000) (1024K)]
  0x00000242354daa00 JavaThread "Service Thread"             daemon [_thread_blocked, id=15240, stack(0x000000dfed200000,0x000000dfed300000) (1024K)]
  0x00000242354db550 JavaThread "Monitor Deflation Thread"   daemon [_thread_blocked, id=10476, stack(0x000000dfed300000,0x000000dfed400000) (1024K)]
  0x00000242354ed130 JavaThread "C2 CompilerThread0"         daemon [_thread_in_native, id=3092, stack(0x000000dfed400000,0x000000dfed500000) (1024K)]
  0x00000242354f2340 JavaThread "C1 CompilerThread0"         daemon [_thread_in_native, id=4868, stack(0x000000dfed500000,0x000000dfed600000) (1024K)]
  0x00000242356ef500 JavaThread "Common-Cleaner"             daemon [_thread_blocked, id=12072, stack(0x000000dfed600000,0x000000dfed700000) (1024K)]
  0x00000242358160b0 JavaThread "JDWP Transport Listener: dt_socket" daemon [_thread_blocked, id=1936, stack(0x000000dfed800000,0x000000dfed900000) (1024K)]
  0x0000024235816af0 JavaThread "JDWP Event Helper Thread"   daemon [_thread_blocked, id=8844, stack(0x000000dfed900000,0x000000dfeda00000) (1024K)]
  0x0000024235923e30 JavaThread "JDWP Command Reader"        daemon [_thread_in_native, id=17752, stack(0x000000dfeda00000,0x000000dfedb00000) (1024K)]
  0x00000242359244c0 JavaThread "Notification Thread"        daemon [_thread_blocked, id=4988, stack(0x000000dfed700000,0x000000dfed800000) (1024K)]
  0x00000242354f0130 JavaThread "C2 CompilerThread1"         daemon [_thread_in_native, id=8128, stack(0x000000dfedb00000,0x000000dfedc00000) (1024K)]
  0x000002427b21e320 JavaThread "Thread-0"                          [_thread_blocked, id=10692, stack(0x000000dfedc00000,0x000000dfedd00000) (1024K)]
  0x000002427ba30420 JavaThread "restartedMain"                     [_thread_in_vm, id=10484, stack(0x000000dfedd00000,0x000000dfede00000) (1024K)]
=>0x00000242354f30e0 JavaThread "C2 CompilerThread2"         daemon [_thread_in_native, id=17352, stack(0x000000dfee600000,0x000000dfee700000) (1024K)]
Total: 18

Other Threads:
  0x00000242354b57f0 VMThread "VM Thread"                           [id=5792, stack(0x000000dfecd00000,0x000000dfece00000) (1024K)]
  0x000002423549ce70 WatcherThread "VM Periodic Task Thread"        [id=2424, stack(0x000000dfecc00000,0x000000dfecd00000) (1024K)]
  0x0000024218d90950 WorkerThread "GC Thread#0"                     [id=18196, stack(0x000000dfec700000,0x000000dfec800000) (1024K)]
  0x000002427b9ef210 WorkerThread "GC Thread#1"                     [id=5856, stack(0x000000dfede00000,0x000000dfedf00000) (1024K)]
  0x000002427b9ef5c0 WorkerThread "GC Thread#2"                     [id=11508, stack(0x000000dfedf00000,0x000000dfee000000) (1024K)]
  0x000002427b50d0e0 WorkerThread "GC Thread#3"                     [id=17096, stack(0x000000dfee000000,0x000000dfee100000) (1024K)]
  0x000002427b50d8a0 WorkerThread "GC Thread#4"                     [id=15988, stack(0x000000dfee100000,0x000000dfee200000) (1024K)]
  0x000002427ba0e100 WorkerThread "GC Thread#5"                     [id=17440, stack(0x000000dfee200000,0x000000dfee300000) (1024K)]
  0x000002427b233490 WorkerThread "GC Thread#6"                     [id=11220, stack(0x000000dfee300000,0x000000dfee400000) (1024K)]
  0x000002427b9a7930 WorkerThread "GC Thread#7"                     [id=16648, stack(0x000000dfee400000,0x000000dfee500000) (1024K)]
  0x0000024218da1370 ConcurrentGCThread "G1 Main Marker"            [id=11604, stack(0x000000dfec800000,0x000000dfec900000) (1024K)]
  0x0000024218da2620 WorkerThread "G1 Conc#0"                       [id=13156, stack(0x000000dfec900000,0x000000dfeca00000) (1024K)]
  0x000002423536c940 ConcurrentGCThread "G1 Refine#0"               [id=7316, stack(0x000000dfeca00000,0x000000dfecb00000) (1024K)]
  0x000002423536d4c0 ConcurrentGCThread "G1 Service"                [id=7508, stack(0x000000dfecb00000,0x000000dfecc00000) (1024K)]
Total: 14

Threads with active compile tasks:
C2 CompilerThread0  3370 2544       4       java.lang.invoke.MethodType::makeImpl (109 bytes)
C1 CompilerThread0  3370 3036       3       java.lang.reflect.Method::isVarArgs (5 bytes)
C2 CompilerThread1  3370 3010       4       org.springframework.boot.context.properties.source.ConfigurationPropertyName$ElementsParser::parse (234 bytes)
C2 CompilerThread2  3370 2543       4       java.lang.invoke.MethodType::methodType (69 bytes)
Total: 4

VM state: not at safepoint (normal execution)

VM Mutex/Monitor currently owned by a thread: None

Heap address: 0x0000000083c00000, size: 1988 MB, Compressed Oops mode: 32-bit

CDS archive(s) mapped at: [0x0000024236000000-0x0000024236c60000-0x0000024236c60000), size 12976128, SharedBaseAddress: 0x0000024236000000, ArchiveRelocationMode: 1.
Compressed class space mapped at: 0x0000024237000000-0x0000024277000000, reserved size: 1073741824
Narrow klass base: 0x0000024236000000, Narrow klass shift: 0, Narrow klass range: 0x41000000

GC Precious Log:
 CardTable entry size: 512
 Card Set container configuration: InlinePtr #cards 5 size 8 Array Of Cards #cards 12 size 40 Howl #buckets 4 coarsen threshold 1843 Howl Bitmap #cards 512 size 80 coarsen threshold 460 Card regions per heap region 1 cards per card region 2048
 CPUs: 8 total, 8 available
 Memory: 7948M
 Large Page Support: Disabled
 NUMA Support: Disabled
 Compressed Oops: Enabled (32-bit)
 Heap Region Size: 1M
 Heap Min Capacity: 8M
 Heap Initial Capacity: 126M
 Heap Max Capacity: 1988M
 Pre-touch: Disabled
 Parallel Workers: 8
 Concurrent Workers: 2
 Concurrent Refinement Workers: 8
 Periodic GC: Disabled

Heap:
 garbage-first heap   total reserved 2035712K, committed 129024K, used 53896K [0x0000000083c00000, 0x0000000100000000)
  region size 1024K, 50 young (51200K), 3 survivors (3072K)
 Metaspace       used 19885K, committed 20160K, reserved 1114112K
  class space    used 2430K, committed 2560K, reserved 1048576K

Heap Regions: E=young(eden), S=young(survivor), O=old, HS=humongous(starts), HC=humongous(continues), CS=collection set, F=free, TAMS=top-at-mark-start, PB=parsable bottom
|   0|0x0000000083c00000, 0x0000000083d00000, 0x0000000083d00000|100%| O|  |TAMS 0x0000000083c00000| PB 0x0000000083c00000| Untracked |  0
|   1|0x0000000083d00000, 0x0000000083e00000, 0x0000000083e00000|100%| O|  |TAMS 0x0000000083d00000| PB 0x0000000083d00000| Untracked |  0
|   2|0x0000000083e00000, 0x0000000083f00000, 0x0000000083f00000|100%| O|  |TAMS 0x0000000083e00000| PB 0x0000000083e00000| Untracked |  0
|   3|0x0000000083f00000, 0x0000000084000000, 0x0000000084000000|100%| O|  |TAMS 0x0000000083f00000| PB 0x0000000083f00000| Untracked |  0
|   4|0x0000000084000000, 0x00000000840f1998, 0x0000000084100000| 94%| O|  |TAMS 0x0000000084000000| PB 0x0000000084000000| Untracked |  0
|   5|0x0000000084100000, 0x0000000084100000, 0x0000000084200000|  0%| F|  |TAMS 0x0000000084100000| PB 0x0000000084100000| Untracked |  0
|   6|0x0000000084200000, 0x0000000084200000, 0x0000000084300000|  0%| F|  |TAMS 0x0000000084200000| PB 0x0000000084200000| Untracked |  0
|   7|0x0000000084300000, 0x0000000084300000, 0x0000000084400000|  0%| F|  |TAMS 0x0000000084300000| PB 0x0000000084300000| Untracked |  0
|   8|0x0000000084400000, 0x0000000084400000, 0x0000000084500000|  0%| F|  |TAMS 0x0000000084400000| PB 0x0000000084400000| Untracked |  0
|   9|0x0000000084500000, 0x0000000084500000, 0x0000000084600000|  0%| F|  |TAMS 0x0000000084500000| PB 0x0000000084500000| Untracked |  0
|  10|0x0000000084600000, 0x0000000084600000, 0x0000000084700000|  0%| F|  |TAMS 0x0000000084600000| PB 0x0000000084600000| Untracked |  0
|  11|0x0000000084700000, 0x0000000084700000, 0x0000000084800000|  0%| F|  |TAMS 0x0000000084700000| PB 0x0000000084700000| Untracked |  0
|  12|0x0000000084800000, 0x0000000084800000, 0x0000000084900000|  0%| F|  |TAMS 0x0000000084800000| PB 0x0000000084800000| Untracked |  0
|  13|0x0000000084900000, 0x0000000084900000, 0x0000000084a00000|  0%| F|  |TAMS 0x0000000084900000| PB 0x0000000084900000| Untracked |  0
|  14|0x0000000084a00000, 0x0000000084a00000, 0x0000000084b00000|  0%| F|  |TAMS 0x0000000084a00000| PB 0x0000000084a00000| Untracked |  0
|  15|0x0000000084b00000, 0x0000000084b00000, 0x0000000084c00000|  0%| F|  |TAMS 0x0000000084b00000| PB 0x0000000084b00000| Untracked |  0
|  16|0x0000000084c00000, 0x0000000084c00000, 0x0000000084d00000|  0%| F|  |TAMS 0x0000000084c00000| PB 0x0000000084c00000| Untracked |  0
|  17|0x0000000084d00000, 0x0000000084d00000, 0x0000000084e00000|  0%| F|  |TAMS 0x0000000084d00000| PB 0x0000000084d00000| Untracked |  0
|  18|0x0000000084e00000, 0x0000000084e00000, 0x0000000084f00000|  0%| F|  |TAMS 0x0000000084e00000| PB 0x0000000084e00000| Untracked |  0
|  19|0x0000000084f00000, 0x0000000084f00000, 0x0000000085000000|  0%| F|  |TAMS 0x0000000084f00000| PB 0x0000000084f00000| Untracked |  0
|  20|0x0000000085000000, 0x0000000085000000, 0x0000000085100000|  0%| F|  |TAMS 0x0000000085000000| PB 0x0000000085000000| Untracked |  0
|  21|0x0000000085100000, 0x0000000085100000, 0x0000000085200000|  0%| F|  |TAMS 0x0000000085100000| PB 0x0000000085100000| Untracked |  0
|  22|0x0000000085200000, 0x0000000085200000, 0x0000000085300000|  0%| F|  |TAMS 0x0000000085200000| PB 0x0000000085200000| Untracked |  0
|  23|0x0000000085300000, 0x0000000085300000, 0x0000000085400000|  0%| F|  |TAMS 0x0000000085300000| PB 0x0000000085300000| Untracked |  0
|  24|0x0000000085400000, 0x0000000085400000, 0x0000000085500000|  0%| F|  |TAMS 0x0000000085400000| PB 0x0000000085400000| Untracked |  0
|  25|0x0000000085500000, 0x0000000085500000, 0x0000000085600000|  0%| F|  |TAMS 0x0000000085500000| PB 0x0000000085500000| Untracked |  0
|  26|0x0000000085600000, 0x0000000085600000, 0x0000000085700000|  0%| F|  |TAMS 0x0000000085600000| PB 0x0000000085600000| Untracked |  0
|  27|0x0000000085700000, 0x0000000085700000, 0x0000000085800000|  0%| F|  |TAMS 0x0000000085700000| PB 0x0000000085700000| Untracked |  0
|  28|0x0000000085800000, 0x0000000085800000, 0x0000000085900000|  0%| F|  |TAMS 0x0000000085800000| PB 0x0000000085800000| Untracked |  0
|  29|0x0000000085900000, 0x0000000085900000, 0x0000000085a00000|  0%| F|  |TAMS 0x0000000085900000| PB 0x0000000085900000| Untracked |  0
|  30|0x0000000085a00000, 0x0000000085a00000, 0x0000000085b00000|  0%| F|  |TAMS 0x0000000085a00000| PB 0x0000000085a00000| Untracked |  0
|  31|0x0000000085b00000, 0x0000000085b00000, 0x0000000085c00000|  0%| F|  |TAMS 0x0000000085b00000| PB 0x0000000085b00000| Untracked |  0
|  32|0x0000000085c00000, 0x0000000085c00000, 0x0000000085d00000|  0%| F|  |TAMS 0x0000000085c00000| PB 0x0000000085c00000| Untracked |  0
|  33|0x0000000085d00000, 0x0000000085d00000, 0x0000000085e00000|  0%| F|  |TAMS 0x0000000085d00000| PB 0x0000000085d00000| Untracked |  0
|  34|0x0000000085e00000, 0x0000000085e00000, 0x0000000085f00000|  0%| F|  |TAMS 0x0000000085e00000| PB 0x0000000085e00000| Untracked |  0
|  35|0x0000000085f00000, 0x0000000085f00000, 0x0000000086000000|  0%| F|  |TAMS 0x0000000085f00000| PB 0x0000000085f00000| Untracked |  0
|  36|0x0000000086000000, 0x0000000086000000, 0x0000000086100000|  0%| F|  |TAMS 0x0000000086000000| PB 0x0000000086000000| Untracked |  0
|  37|0x0000000086100000, 0x0000000086100000, 0x0000000086200000|  0%| F|  |TAMS 0x0000000086100000| PB 0x0000000086100000| Untracked |  0
|  38|0x0000000086200000, 0x0000000086200000, 0x0000000086300000|  0%| F|  |TAMS 0x0000000086200000| PB 0x0000000086200000| Untracked |  0
|  39|0x0000000086300000, 0x0000000086300000, 0x0000000086400000|  0%| F|  |TAMS 0x0000000086300000| PB 0x0000000086300000| Untracked |  0
|  40|0x0000000086400000, 0x0000000086400000, 0x0000000086500000|  0%| F|  |TAMS 0x0000000086400000| PB 0x0000000086400000| Untracked |  0
|  41|0x0000000086500000, 0x0000000086500000, 0x0000000086600000|  0%| F|  |TAMS 0x0000000086500000| PB 0x0000000086500000| Untracked |  0
|  42|0x0000000086600000, 0x0000000086600000, 0x0000000086700000|  0%| F|  |TAMS 0x0000000086600000| PB 0x0000000086600000| Untracked |  0
|  43|0x0000000086700000, 0x0000000086700000, 0x0000000086800000|  0%| F|  |TAMS 0x0000000086700000| PB 0x0000000086700000| Untracked |  0
|  44|0x0000000086800000, 0x0000000086800000, 0x0000000086900000|  0%| F|  |TAMS 0x0000000086800000| PB 0x0000000086800000| Untracked |  0
|  45|0x0000000086900000, 0x0000000086900000, 0x0000000086a00000|  0%| F|  |TAMS 0x0000000086900000| PB 0x0000000086900000| Untracked |  0
|  46|0x0000000086a00000, 0x0000000086a00000, 0x0000000086b00000|  0%| F|  |TAMS 0x0000000086a00000| PB 0x0000000086a00000| Untracked |  0
|  47|0x0000000086b00000, 0x0000000086b00000, 0x0000000086c00000|  0%| F|  |TAMS 0x0000000086b00000| PB 0x0000000086b00000| Untracked |  0
|  48|0x0000000086c00000, 0x0000000086c00000, 0x0000000086d00000|  0%| F|  |TAMS 0x0000000086c00000| PB 0x0000000086c00000| Untracked |  0
|  49|0x0000000086d00000, 0x0000000086d00000, 0x0000000086e00000|  0%| F|  |TAMS 0x0000000086d00000| PB 0x0000000086d00000| Untracked |  0
|  50|0x0000000086e00000, 0x0000000086e00000, 0x0000000086f00000|  0%| F|  |TAMS 0x0000000086e00000| PB 0x0000000086e00000| Untracked |  0
|  51|0x0000000086f00000, 0x0000000086f00000, 0x0000000087000000|  0%| F|  |TAMS 0x0000000086f00000| PB 0x0000000086f00000| Untracked |  0
|  52|0x0000000087000000, 0x0000000087000000, 0x0000000087100000|  0%| F|  |TAMS 0x0000000087000000| PB 0x0000000087000000| Untracked |  0
|  53|0x0000000087100000, 0x0000000087100000, 0x0000000087200000|  0%| F|  |TAMS 0x0000000087100000| PB 0x0000000087100000| Untracked |  0
|  54|0x0000000087200000, 0x0000000087200000, 0x0000000087300000|  0%| F|  |TAMS 0x0000000087200000| PB 0x0000000087200000| Untracked |  0
|  55|0x0000000087300000, 0x0000000087300000, 0x0000000087400000|  0%| F|  |TAMS 0x0000000087300000| PB 0x0000000087300000| Untracked |  0
|  56|0x0000000087400000, 0x0000000087400000, 0x0000000087500000|  0%| F|  |TAMS 0x0000000087400000| PB 0x0000000087400000| Untracked |  0
|  57|0x0000000087500000, 0x0000000087500000, 0x0000000087600000|  0%| F|  |TAMS 0x0000000087500000| PB 0x0000000087500000| Untracked |  0
|  58|0x0000000087600000, 0x0000000087600000, 0x0000000087700000|  0%| F|  |TAMS 0x0000000087600000| PB 0x0000000087600000| Untracked |  0
|  59|0x0000000087700000, 0x0000000087700000, 0x0000000087800000|  0%| F|  |TAMS 0x0000000087700000| PB 0x0000000087700000| Untracked |  0
|  60|0x0000000087800000, 0x0000000087800000, 0x0000000087900000|  0%| F|  |TAMS 0x0000000087800000| PB 0x0000000087800000| Untracked |  0
|  61|0x0000000087900000, 0x0000000087900000, 0x0000000087a00000|  0%| F|  |TAMS 0x0000000087900000| PB 0x0000000087900000| Untracked |  0
|  62|0x0000000087a00000, 0x0000000087a00000, 0x0000000087b00000|  0%| F|  |TAMS 0x0000000087a00000| PB 0x0000000087a00000| Untracked |  0
|  63|0x0000000087b00000, 0x0000000087b00000, 0x0000000087c00000|  0%| F|  |TAMS 0x0000000087b00000| PB 0x0000000087b00000| Untracked |  0
|  64|0x0000000087c00000, 0x0000000087c00000, 0x0000000087d00000|  0%| F|  |TAMS 0x0000000087c00000| PB 0x0000000087c00000| Untracked |  0
|  65|0x0000000087d00000, 0x0000000087d00000, 0x0000000087e00000|  0%| F|  |TAMS 0x0000000087d00000| PB 0x0000000087d00000| Untracked |  0
|  66|0x0000000087e00000, 0x0000000087e00000, 0x0000000087f00000|  0%| F|  |TAMS 0x0000000087e00000| PB 0x0000000087e00000| Untracked |  0
|  67|0x0000000087f00000, 0x0000000087f00000, 0x0000000088000000|  0%| F|  |TAMS 0x0000000087f00000| PB 0x0000000087f00000| Untracked |  0
|  68|0x0000000088000000, 0x0000000088000000, 0x0000000088100000|  0%| F|  |TAMS 0x0000000088000000| PB 0x0000000088000000| Untracked |  0
|  69|0x0000000088100000, 0x0000000088100000, 0x0000000088200000|  0%| F|  |TAMS 0x0000000088100000| PB 0x0000000088100000| Untracked |  0
|  70|0x0000000088200000, 0x0000000088200000, 0x0000000088300000|  0%| F|  |TAMS 0x0000000088200000| PB 0x0000000088200000| Untracked |  0
|  71|0x0000000088300000, 0x0000000088300000, 0x0000000088400000|  0%| F|  |TAMS 0x0000000088300000| PB 0x0000000088300000| Untracked |  0
|  72|0x0000000088400000, 0x0000000088400000, 0x0000000088500000|  0%| F|  |TAMS 0x0000000088400000| PB 0x0000000088400000| Untracked |  0
|  73|0x0000000088500000, 0x0000000088500000, 0x0000000088600000|  0%| F|  |TAMS 0x0000000088500000| PB 0x0000000088500000| Untracked |  0
|  74|0x0000000088600000, 0x0000000088600000, 0x0000000088700000|  0%| F|  |TAMS 0x0000000088600000| PB 0x0000000088600000| Untracked |  0
|  75|0x0000000088700000, 0x0000000088700000, 0x0000000088800000|  0%| F|  |TAMS 0x0000000088700000| PB 0x0000000088700000| Untracked |  0
|  76|0x0000000088800000, 0x00000000888c2a98, 0x0000000088900000| 76%| E|  |TAMS 0x0000000088800000| PB 0x0000000088800000| Complete |  0
|  77|0x0000000088900000, 0x0000000088a00000, 0x0000000088a00000|100%| E|CS|TAMS 0x0000000088900000| PB 0x0000000088900000| Complete |  0
|  78|0x0000000088a00000, 0x0000000088b00000, 0x0000000088b00000|100%| E|CS|TAMS 0x0000000088a00000| PB 0x0000000088a00000| Complete |  0
|  79|0x0000000088b00000, 0x0000000088c00000, 0x0000000088c00000|100%| E|CS|TAMS 0x0000000088b00000| PB 0x0000000088b00000| Complete |  0
|  80|0x0000000088c00000, 0x0000000088d00000, 0x0000000088d00000|100%| E|CS|TAMS 0x0000000088c00000| PB 0x0000000088c00000| Complete |  0
|  81|0x0000000088d00000, 0x0000000088e00000, 0x0000000088e00000|100%| E|CS|TAMS 0x0000000088d00000| PB 0x0000000088d00000| Complete |  0
|  82|0x0000000088e00000, 0x0000000088f00000, 0x0000000088f00000|100%| E|CS|TAMS 0x0000000088e00000| PB 0x0000000088e00000| Complete |  0
|  83|0x0000000088f00000, 0x0000000089000000, 0x0000000089000000|100%| E|CS|TAMS 0x0000000088f00000| PB 0x0000000088f00000| Complete |  0
|  84|0x0000000089000000, 0x0000000089100000, 0x0000000089100000|100%| E|CS|TAMS 0x0000000089000000| PB 0x0000000089000000| Complete |  0
|  85|0x0000000089100000, 0x0000000089200000, 0x0000000089200000|100%| E|CS|TAMS 0x0000000089100000| PB 0x0000000089100000| Complete |  0
|  86|0x0000000089200000, 0x0000000089300000, 0x0000000089300000|100%| E|CS|TAMS 0x0000000089200000| PB 0x0000000089200000| Complete |  0
|  87|0x0000000089300000, 0x00000000893b0688, 0x0000000089400000| 68%| S|CS|TAMS 0x0000000089300000| PB 0x0000000089300000| Complete |  0
|  88|0x0000000089400000, 0x0000000089500000, 0x0000000089500000|100%| S|CS|TAMS 0x0000000089400000| PB 0x0000000089400000| Complete |  0
|  89|0x0000000089500000, 0x0000000089600000, 0x0000000089600000|100%| S|CS|TAMS 0x0000000089500000| PB 0x0000000089500000| Complete |  0
|  90|0x0000000089600000, 0x0000000089700000, 0x0000000089700000|100%| E|CS|TAMS 0x0000000089600000| PB 0x0000000089600000| Complete |  0
|  91|0x0000000089700000, 0x0000000089800000, 0x0000000089800000|100%| E|CS|TAMS 0x0000000089700000| PB 0x0000000089700000| Complete |  0
|  92|0x0000000089800000, 0x0000000089900000, 0x0000000089900000|100%| E|CS|TAMS 0x0000000089800000| PB 0x0000000089800000| Complete |  0
|  93|0x0000000089900000, 0x0000000089a00000, 0x0000000089a00000|100%| E|CS|TAMS 0x0000000089900000| PB 0x0000000089900000| Complete |  0
|  94|0x0000000089a00000, 0x0000000089b00000, 0x0000000089b00000|100%| E|CS|TAMS 0x0000000089a00000| PB 0x0000000089a00000| Complete |  0
|  95|0x0000000089b00000, 0x0000000089c00000, 0x0000000089c00000|100%| E|CS|TAMS 0x0000000089b00000| PB 0x0000000089b00000| Complete |  0
|  96|0x0000000089c00000, 0x0000000089d00000, 0x0000000089d00000|100%| E|CS|TAMS 0x0000000089c00000| PB 0x0000000089c00000| Complete |  0
|  97|0x0000000089d00000, 0x0000000089e00000, 0x0000000089e00000|100%| E|CS|TAMS 0x0000000089d00000| PB 0x0000000089d00000| Complete |  0
|  98|0x0000000089e00000, 0x0000000089f00000, 0x0000000089f00000|100%| E|CS|TAMS 0x0000000089e00000| PB 0x0000000089e00000| Complete |  0
|  99|0x0000000089f00000, 0x000000008a000000, 0x000000008a000000|100%| E|  |TAMS 0x0000000089f00000| PB 0x0000000089f00000| Complete |  0
| 100|0x000000008a000000, 0x000000008a100000, 0x000000008a100000|100%| E|CS|TAMS 0x000000008a000000| PB 0x000000008a000000| Complete |  0
| 101|0x000000008a100000, 0x000000008a200000, 0x000000008a200000|100%| E|CS|TAMS 0x000000008a100000| PB 0x000000008a100000| Complete |  0
| 102|0x000000008a200000, 0x000000008a300000, 0x000000008a300000|100%| E|CS|TAMS 0x000000008a200000| PB 0x000000008a200000| Complete |  0
| 103|0x000000008a300000, 0x000000008a400000, 0x000000008a400000|100%| E|CS|TAMS 0x000000008a300000| PB 0x000000008a300000| Complete |  0
| 104|0x000000008a400000, 0x000000008a500000, 0x000000008a500000|100%| E|CS|TAMS 0x000000008a400000| PB 0x000000008a400000| Complete |  0
| 105|0x000000008a500000, 0x000000008a600000, 0x000000008a600000|100%| E|CS|TAMS 0x000000008a500000| PB 0x000000008a500000| Complete |  0
| 106|0x000000008a600000, 0x000000008a700000, 0x000000008a700000|100%| E|CS|TAMS 0x000000008a600000| PB 0x000000008a600000| Complete |  0
| 107|0x000000008a700000, 0x000000008a800000, 0x000000008a800000|100%| E|CS|TAMS 0x000000008a700000| PB 0x000000008a700000| Complete |  0
| 108|0x000000008a800000, 0x000000008a900000, 0x000000008a900000|100%| E|CS|TAMS 0x000000008a800000| PB 0x000000008a800000| Complete |  0
| 109|0x000000008a900000, 0x000000008aa00000, 0x000000008aa00000|100%| E|CS|TAMS 0x000000008a900000| PB 0x000000008a900000| Complete |  0
| 110|0x000000008aa00000, 0x000000008ab00000, 0x000000008ab00000|100%| E|CS|TAMS 0x000000008aa00000| PB 0x000000008aa00000| Complete |  0
| 111|0x000000008ab00000, 0x000000008ac00000, 0x000000008ac00000|100%| E|CS|TAMS 0x000000008ab00000| PB 0x000000008ab00000| Complete |  0
| 112|0x000000008ac00000, 0x000000008ad00000, 0x000000008ad00000|100%| E|CS|TAMS 0x000000008ac00000| PB 0x000000008ac00000| Complete |  0
| 113|0x000000008ad00000, 0x000000008ae00000, 0x000000008ae00000|100%| E|CS|TAMS 0x000000008ad00000| PB 0x000000008ad00000| Complete |  0
| 114|0x000000008ae00000, 0x000000008af00000, 0x000000008af00000|100%| E|CS|TAMS 0x000000008ae00000| PB 0x000000008ae00000| Complete |  0
| 115|0x000000008af00000, 0x000000008b000000, 0x000000008b000000|100%| E|CS|TAMS 0x000000008af00000| PB 0x000000008af00000| Complete |  0
| 116|0x000000008b000000, 0x000000008b100000, 0x000000008b100000|100%| E|CS|TAMS 0x000000008b000000| PB 0x000000008b000000| Complete |  0
| 117|0x000000008b100000, 0x000000008b200000, 0x000000008b200000|100%| E|CS|TAMS 0x000000008b100000| PB 0x000000008b100000| Complete |  0
| 118|0x000000008b200000, 0x000000008b300000, 0x000000008b300000|100%| E|CS|TAMS 0x000000008b200000| PB 0x000000008b200000| Complete |  0
| 119|0x000000008b300000, 0x000000008b400000, 0x000000008b400000|100%| E|CS|TAMS 0x000000008b300000| PB 0x000000008b300000| Complete |  0
| 120|0x000000008b400000, 0x000000008b500000, 0x000000008b500000|100%| E|CS|TAMS 0x000000008b400000| PB 0x000000008b400000| Complete |  0
| 121|0x000000008b500000, 0x000000008b600000, 0x000000008b600000|100%| E|CS|TAMS 0x000000008b500000| PB 0x000000008b500000| Complete |  0
| 122|0x000000008b600000, 0x000000008b700000, 0x000000008b700000|100%| E|CS|TAMS 0x000000008b600000| PB 0x000000008b600000| Complete |  0
| 123|0x000000008b700000, 0x000000008b800000, 0x000000008b800000|100%| E|CS|TAMS 0x000000008b700000| PB 0x000000008b700000| Complete |  0
| 124|0x000000008b800000, 0x000000008b900000, 0x000000008b900000|100%| E|CS|TAMS 0x000000008b800000| PB 0x000000008b800000| Complete |  0
| 125|0x000000008b900000, 0x000000008ba00000, 0x000000008ba00000|100%| E|CS|TAMS 0x000000008b900000| PB 0x000000008b900000| Complete |  0

Card table byte_map: [0x00000242307a0000,0x0000024230b90000] _byte_map_base: 0x0000024230382000

Marking Bits: (CMBitMap*) 0x0000024218d91060
 Bits: [0x0000024230b90000, 0x0000024232aa0000)

Polling page: 0x0000024216c70000

Metaspace:

Usage:
  Non-class:     17.07 MB used.
      Class:      2.38 MB used.
       Both:     19.44 MB used.

Virtual space:
  Non-class space:       64.00 MB reserved,      17.19 MB ( 27%) committed,  1 nodes.
      Class space:        1.00 GB reserved,       2.50 MB ( <1%) committed,  1 nodes.
             Both:        1.06 GB reserved,      19.69 MB (  2%) committed. 

Chunk freelists:
   Non-Class:  14.44 MB
       Class:  13.53 MB
        Both:  27.97 MB

MaxMetaspaceSize: unlimited
CompressedClassSpaceSize: 1.00 GB
Initial GC threshold: 21.00 MB
Current GC threshold: 21.00 MB
CDS: on
 - commit_granule_bytes: 65536.
 - commit_granule_words: 8192.
 - virtual_space_node_default_size: 8388608.
 - enlarge_chunks_in_place: 1.
 - use_allocation_guard: 0.


Internal statistics:

num_allocs_failed_limit: 0.
num_arena_births: 304.
num_arena_deaths: 0.
num_vsnodes_births: 2.
num_vsnodes_deaths: 0.
num_space_committed: 315.
num_space_uncommitted: 0.
num_chunks_returned_to_freelist: 0.
num_chunks_taken_from_freelist: 1002.
num_chunk_merges: 0.
num_chunk_splits: 644.
num_chunks_enlarged: 460.
num_inconsistent_stats: 0.

CodeHeap 'non-profiled nmethods': size=120000Kb used=1253Kb max_used=1253Kb free=118746Kb
 bounds [0x0000024228b40000, 0x0000024228db0000, 0x0000024230070000]
CodeHeap 'profiled nmethods': size=120000Kb used=6102Kb max_used=6102Kb free=113897Kb
 bounds [0x0000024221070000, 0x0000024221670000, 0x00000242285a0000]
CodeHeap 'non-nmethods': size=5760Kb used=1664Kb max_used=1696Kb free=4095Kb
 bounds [0x00000242285a0000, 0x0000024228810000, 0x0000024228b40000]
 total_blobs=3558 nmethods=3028 adapters=434
 compilation: enabled
              stopped_count=0, restarted_count=0
 full_count=0

Compilation events (20 events):
Event: 3.316 Thread 0x00000242354f2340 nmethod 3028 0x0000024221661b10 code [0x0000024221661cc0, 0x0000024221662070]
Event: 3.316 Thread 0x00000242354f2340 3029       3       java.util.stream.ReduceOps$3ReducingSink::<init> (20 bytes)
Event: 3.316 Thread 0x00000242354f2340 nmethod 3029 0x0000024221662190 code [0x0000024221662340, 0x0000024221662618]
Event: 3.316 Thread 0x00000242354f2340 3030       3       java.util.stream.ReduceOps$Box::<init> (5 bytes)
Event: 3.316 Thread 0x00000242354f2340 nmethod 3030 0x0000024221662710 code [0x00000242216628a0, 0x0000024221662a08]
Event: 3.316 Thread 0x00000242354f2340 3031       3       java.util.stream.ReduceOps$3ReducingSink::begin (14 bytes)
Event: 3.316 Thread 0x00000242354f2340 nmethod 3031 0x0000024221662a90 code [0x0000024221662c40, 0x0000024221662e78]
Event: 3.316 Thread 0x00000242354f2340 3025       3       java.lang.Package$VersionInfo::<init> (44 bytes)
Event: 3.316 Thread 0x00000242354f2340 nmethod 3025 0x0000024221662f90 code [0x0000024221663140, 0x0000024221663538]
Event: 3.317 Thread 0x00000242354f2340 3027       3       org.springframework.core.annotation.TypeMappedAnnotations$Aggregate::size (10 bytes)
Event: 3.317 Thread 0x00000242354f2340 nmethod 3027 0x0000024221663610 code [0x00000242216637c0, 0x00000242216639a0]
Event: 3.320 Thread 0x00000242354f2340 3032       3       org.springframework.core.annotation.AnnotationsScanner::isWithoutHierarchy (119 bytes)
Event: 3.321 Thread 0x00000242354f2340 nmethod 3032 0x0000024221663a90 code [0x0000024221663ce0, 0x0000024221664768]
Event: 3.321 Thread 0x00000242354f2340 3033       3       org.springframework.beans.factory.support.AbstractBeanFactory::getMergedLocalBeanDefinition (38 bytes)
Event: 3.321 Thread 0x00000242354f2340 nmethod 3033 0x0000024221664a10 code [0x0000024221664c00, 0x0000024221665160]
Event: 3.322 Thread 0x00000242354f2340 3034       3       java.util.Collections$SetFromMap::contains (11 bytes)
Event: 3.322 Thread 0x00000242354f2340 nmethod 3034 0x0000024221665310 code [0x00000242216654c0, 0x00000242216656b0]
Event: 3.322 Thread 0x00000242354f2340 3035       3       java.util.HashSet::size (8 bytes)
Event: 3.322 Thread 0x00000242354f2340 nmethod 3035 0x0000024221665790 code [0x0000024221665920, 0x0000024221665ad0]
Event: 3.330 Thread 0x00000242354f2340 3036       3       java.lang.reflect.Method::isVarArgs (5 bytes)

GC Heap History (4 events):
Event: 1.848 GC heap before
{Heap before GC invocations=0 (full 0):
 garbage-first heap   total reserved 2035712K, committed 129024K, used 23552K [0x0000000083c00000, 0x0000000100000000)
  region size 1024K, 24 young (24576K), 0 survivors (0K)
 Metaspace       used 5132K, committed 5312K, reserved 1114112K
  class space    used 577K, committed 640K, reserved 1048576K
}
Event: 1.851 GC heap after
{Heap after GC invocations=1 (full 0):
 garbage-first heap   total reserved 2035712K, committed 129024K, used 4999K [0x0000000083c00000, 0x0000000100000000)
  region size 1024K, 3 young (3072K), 3 survivors (3072K)
 Metaspace       used 5132K, committed 5312K, reserved 1114112K
  class space    used 577K, committed 640K, reserved 1048576K
}
Event: 2.415 GC heap before
{Heap before GC invocations=1 (full 0):
 garbage-first heap   total reserved 2035712K, committed 129024K, used 37767K [0x0000000083c00000, 0x0000000100000000)
  region size 1024K, 36 young (36864K), 3 survivors (3072K)
 Metaspace       used 12624K, committed 12992K, reserved 1114112K
  class space    used 1479K, committed 1664K, reserved 1048576K
}
Event: 2.419 GC heap after
{Heap after GC invocations=2 (full 0):
 garbage-first heap   total reserved 2035712K, committed 129024K, used 7816K [0x0000000083c00000, 0x0000000100000000)
  region size 1024K, 3 young (3072K), 3 survivors (3072K)
 Metaspace       used 12624K, committed 12992K, reserved 1114112K
  class space    used 1479K, committed 1664K, reserved 1048576K
}

Dll operation events (12 events):
Event: 0.136 Loaded shared library C:\Users\HP\.jdks\openjdk-22.0.2\bin\java.dll
Event: 0.137 Loaded shared library C:\Users\HP\.jdks\openjdk-22.0.2\bin\zip.dll
Event: 0.174 Loaded shared library C:\Users\HP\.jdks\openjdk-22.0.2\bin\jsvml.dll
Event: 1.247 Loaded shared library C:\Users\HP\.jdks\openjdk-22.0.2\bin\instrument.dll
Event: 1.291 Loaded shared library C:\Users\HP\.jdks\openjdk-22.0.2\bin\net.dll
Event: 1.293 Loaded shared library C:\Users\HP\.jdks\openjdk-22.0.2\bin\nio.dll
Event: 1.304 Loaded shared library C:\Users\HP\.jdks\openjdk-22.0.2\bin\zip.dll
Event: 1.433 Loaded shared library C:\Users\HP\.jdks\openjdk-22.0.2\bin\jimage.dll
Event: 1.772 Loaded shared library C:\Users\HP\.jdks\openjdk-22.0.2\bin\management.dll
Event: 1.773 Loaded shared library C:\Users\HP\.jdks\openjdk-22.0.2\bin\management_ext.dll
Event: 2.253 Loaded shared library C:\Users\HP\.jdks\openjdk-22.0.2\bin\le.dll
Event: 2.691 Loaded shared library C:\Users\HP\.jdks\openjdk-22.0.2\bin\sunmscapi.dll

Deoptimization events (20 events):
Event: 3.312 Thread 0x000002427ba30420 DEOPT PACKING pc=0x000002422158776c sp=0x000000dfeddfd070
Event: 3.312 Thread 0x000002427ba30420 DEOPT UNPACKING pc=0x00000242285f88e2 sp=0x000000dfeddfc620 mode 1
Event: 3.312 Thread 0x000002427ba30420 DEOPT PACKING pc=0x0000024221583f24 sp=0x000000dfeddfd1e0
Event: 3.312 Thread 0x000002427ba30420 DEOPT UNPACKING pc=0x00000242285f88e2 sp=0x000000dfeddfc780 mode 1
Event: 3.314 Thread 0x000002427ba30420 DEOPT PACKING pc=0x000002422158776c sp=0x000000dfeddfd4b0
Event: 3.314 Thread 0x000002427ba30420 DEOPT UNPACKING pc=0x00000242285f88e2 sp=0x000000dfeddfca60 mode 1
Event: 3.314 Thread 0x000002427ba30420 DEOPT PACKING pc=0x0000024221583f24 sp=0x000000dfeddfd620
Event: 3.314 Thread 0x000002427ba30420 DEOPT UNPACKING pc=0x00000242285f88e2 sp=0x000000dfeddfcbc0 mode 1
Event: 3.316 Thread 0x000002427ba30420 DEOPT PACKING pc=0x000002422158776c sp=0x000000dfeddfd840
Event: 3.316 Thread 0x000002427ba30420 DEOPT UNPACKING pc=0x00000242285f88e2 sp=0x000000dfeddfcdf0 mode 1
Event: 3.316 Thread 0x000002427ba30420 DEOPT PACKING pc=0x0000024221583f24 sp=0x000000dfeddfd9b0
Event: 3.316 Thread 0x000002427ba30420 DEOPT UNPACKING pc=0x00000242285f88e2 sp=0x000000dfeddfcf50 mode 1
Event: 3.317 Thread 0x000002427ba30420 DEOPT PACKING pc=0x000002422158776c sp=0x000000dfeddfd070
Event: 3.317 Thread 0x000002427ba30420 DEOPT UNPACKING pc=0x00000242285f88e2 sp=0x000000dfeddfc620 mode 1
Event: 3.317 Thread 0x000002427ba30420 DEOPT PACKING pc=0x0000024221583f24 sp=0x000000dfeddfd1e0
Event: 3.317 Thread 0x000002427ba30420 DEOPT UNPACKING pc=0x00000242285f88e2 sp=0x000000dfeddfc780 mode 1
Event: 3.320 Thread 0x000002427ba30420 DEOPT PACKING pc=0x000002422158776c sp=0x000000dfeddfd840
Event: 3.320 Thread 0x000002427ba30420 DEOPT UNPACKING pc=0x00000242285f88e2 sp=0x000000dfeddfcdf0 mode 1
Event: 3.320 Thread 0x000002427ba30420 DEOPT PACKING pc=0x0000024221583f24 sp=0x000000dfeddfd9b0
Event: 3.320 Thread 0x000002427ba30420 DEOPT UNPACKING pc=0x00000242285f88e2 sp=0x000000dfeddfcf50 mode 1

Classes loaded (20 events):
Event: 3.322 Loading class org/springframework/boot/context/properties/ConfigurationPropertiesBindException
Event: 3.322 Loading class org/springframework/boot/context/properties/ConfigurationPropertiesBindException done
Event: 3.322 Loading class org/springframework/boot/context/properties/ConfigurationPropertiesBinder
Event: 3.322 Loading class org/springframework/boot/context/properties/ConfigurationPropertiesBinder done
Event: 3.323 Loading class org/springframework/validation/Validator
Event: 3.323 Loading class org/springframework/validation/Validator done
Event: 3.324 Loading class org/springframework/boot/context/properties/ConfigurationPropertiesBinder$ConfigurationPropertiesBinderFactory
Event: 3.324 Loading class org/springframework/boot/context/properties/ConfigurationPropertiesBinder$ConfigurationPropertiesBinderFactory done
Event: 3.325 Loading class org/springframework/boot/context/properties/BoundConfigurationProperties
Event: 3.325 Loading class org/springframework/boot/context/properties/BoundConfigurationProperties done
Event: 3.326 Loading class org/springframework/boot/validation/beanvalidation/MethodValidationExcludeFilter
Event: 3.326 Loading class org/springframework/boot/validation/beanvalidation/MethodValidationExcludeFilter done
Event: 3.327 Loading class org/springframework/boot/context/properties/ConfigurationPropertiesBeanRegistrar
Event: 3.327 Loading class org/springframework/boot/context/properties/ConfigurationPropertiesBeanRegistrar done
Event: 3.328 Loading class org/springframework/core/annotation/MergedAnnotation
Event: 3.328 Loading class org/springframework/core/annotation/MergedAnnotation done
Event: 3.328 Loading class org/springframework/core/annotation/MergedAnnotation
Event: 3.328 Loading class org/springframework/core/annotation/MergedAnnotation done
Event: 3.329 Loading class org/springframework/boot/context/properties/ConfigurationPropertiesBeanRegistrar
Event: 3.329 Loading class org/springframework/boot/context/properties/ConfigurationPropertiesBeanRegistrar done

Classes unloaded (0 events):
No events

Classes redefined (0 events):
No events

Internal exceptions (20 events):
Event: 2.228 Thread 0x000002427bcd14e0 Exception <a 'java/lang/NoClassDefFoundError'{0x000000008aac8710}: jakarta/validation/Validation> (0x000000008aac8710) 
thrown [s\open\src\hotspot\share\classfile\systemDictionary.cpp, line 302]
Event: 2.233 Thread 0x000002427ba30420 Exception <a 'java/lang/NoSuchMethodError'{0x000000008aae1f48}: 'java.lang.Object java.lang.invoke.DirectMethodHandle$Holder.invokeStaticInit(java.lang.Object, int)'> (0x000000008aae1f48) 
thrown [s\open\src\hotspot\share\interpreter\linkResolver.cpp, line 774]
Event: 2.235 Thread 0x000002427ba30420 Exception <a 'java/lang/NoSuchMethodError'{0x000000008aaee3f8}: 'java.lang.Object java.lang.invoke.DirectMethodHandle$Holder.invokeStatic(java.lang.Object, int, java.lang.Object)'> (0x000000008aaee3f8) 
thrown [s\open\src\hotspot\share\interpreter\linkResolver.cpp, line 774]
Event: 2.235 Thread 0x000002427ba30420 Exception <a 'java/lang/NoSuchMethodError'{0x000000008aaf1a78}: 'java.lang.Object java.lang.invoke.DirectMethodHandle$Holder.invokeStaticInit(java.lang.Object, int, java.lang.Object)'> (0x000000008aaf1a78) 
thrown [s\open\src\hotspot\share\interpreter\linkResolver.cpp, line 774]
Event: 2.247 Thread 0x000002427ba30420 Exception <a 'sun/nio/fs/WindowsException'{0x000000008a9e8410}> (0x000000008a9e8410) 
thrown [s\open\src\hotspot\share\prims\jni.cpp, line 520]
Event: 2.255 Thread 0x000002427ba30420 Exception <a 'jdk/internal/org/jline/terminal/impl/jna/LastErrorException'{0x000000008a895cf0}> (0x000000008a895cf0) 
thrown [s\open\src\hotspot\share\prims\jni.cpp, line 520]
Event: 2.255 Thread 0x000002427ba30420 Exception <a 'jdk/internal/org/jline/terminal/impl/jna/LastErrorException'{0x000000008a8963b0}> (0x000000008a8963b0) 
thrown [s\open\src\hotspot\share\prims\jni.cpp, line 520]
Event: 2.255 Thread 0x000002427ba30420 Exception <a 'jdk/internal/org/jline/terminal/impl/jna/LastErrorException'{0x000000008a896a20}> (0x000000008a896a20) 
thrown [s\open\src\hotspot\share\prims\jni.cpp, line 520]
Event: 2.429 Thread 0x000002427ba30420 Implicit null exception at 0x0000024228b7b421 to 0x0000024228b7bb8c
Event: 2.442 Thread 0x000002427ba30420 Exception <a 'sun/nio/fs/WindowsException'{0x000000008b89d980}> (0x000000008b89d980) 
thrown [s\open\src\hotspot\share\prims\jni.cpp, line 520]
Event: 2.451 Thread 0x000002427ba30420 Exception <a 'java/lang/NoSuchMethodError'{0x000000008b764598}: 'java.lang.Object java.lang.invoke.DirectMethodHandle$Holder.invokeInterface(java.lang.Object, java.lang.Object, java.lang.Object, java.lang.Object)'> (0x000000008b764598) 
thrown [s\open\src\hotspot\share\interpreter\linkResolver.cpp, line 774]
Event: 2.569 Thread 0x000002427bcd14e0 Exception <a 'java/lang/NoSuchMethodError'{0x000000008aca3b20}: 'long java.lang.invoke.DirectMethodHandle$Holder.invokeSpecial(java.lang.Object, java.lang.Object)'> (0x000000008aca3b20) 
thrown [s\open\src\hotspot\share\interpreter\linkResolver.cpp, line 774]
Event: 2.571 Thread 0x000002427bcd14e0 Exception <a 'java/lang/NoSuchMethodError'{0x000000008acadb20}: 'long java.lang.invoke.DirectMethodHandle$Holder.invokeStatic(java.lang.Object, java.lang.Object)'> (0x000000008acadb20) 
thrown [s\open\src\hotspot\share\interpreter\linkResolver.cpp, line 774]
Event: 2.571 Thread 0x000002427bcd14e0 Exception <a 'java/lang/NoSuchMethodError'{0x000000008acb0c08}: 'long java.lang.invoke.DirectMethodHandle$Holder.invokeStaticInit(java.lang.Object, java.lang.Object)'> (0x000000008acb0c08) 
thrown [s\open\src\hotspot\share\interpreter\linkResolver.cpp, line 774]
Event: 2.573 Thread 0x000002427bcd14e0 Exception <a 'java/lang/NoSuchMethodError'{0x000000008acbce00}: 'long java.lang.invoke.DirectMethodHandle$Holder.invokeInterface(java.lang.Object, java.lang.Object)'> (0x000000008acbce00) 
thrown [s\open\src\hotspot\share\interpreter\linkResolver.cpp, line 774]
Event: 2.573 Thread 0x000002427bcd14e0 Exception <a 'java/lang/IncompatibleClassChangeError'{0x000000008acbfe10}: Found class java.lang.Object, but interface was expected> (0x000000008acbfe10) 
thrown [s\open\src\hotspot\share\interpreter\linkResolver.cpp, line 841]
Event: 2.576 Thread 0x000002427bcd14e0 Exception <a 'java/lang/NoSuchMethodError'{0x000000008acd90a8}: 'java.lang.Object java.lang.invoke.DirectMethodHandle$Holder.invokeVirtual(java.lang.Object, java.lang.Object, java.lang.Object, java.lang.Object)'> (0x000000008acd90a8) 
thrown [s\open\src\hotspot\share\interpreter\linkResolver.cpp, line 774]
Event: 2.635 Thread 0x000002427ba30420 Exception <a 'java/lang/NoSuchMethodError'{0x000000008a715218}: 'int java.lang.invoke.DirectMethodHandle$Holder.invokeSpecial(java.lang.Object, java.lang.Object, java.lang.Object, java.lang.Object, java.lang.Object)'> (0x000000008a715218) 
thrown [s\open\src\hotspot\share\interpreter\linkResolver.cpp, line 774]
Event: 2.638 Thread 0x000002427ba30420 Exception <a 'java/lang/NoSuchMethodError'{0x000000008a723fb0}: 'void java.lang.invoke.DirectMethodHandle$Holder.invokeVirtual(java.lang.Object, java.lang.Object)'> (0x000000008a723fb0) 
thrown [s\open\src\hotspot\share\interpreter\linkResolver.cpp, line 774]
Event: 2.918 Thread 0x000002427ba30420 Exception <a 'java/lang/IncompatibleClassChangeError'{0x0000000089cf7bd8}: Found class java.lang.Object, but interface was expected> (0x0000000089cf7bd8) 
thrown [s\open\src\hotspot\share\interpreter\linkResolver.cpp, line 841]

ZGC Phase Switch (0 events):
No events

VM Operations (20 events):
Event: 2.220 Executing VM operation: HandshakeAllThreads (Deoptimize)
Event: 2.220 Executing VM operation: HandshakeAllThreads (Deoptimize) done
Event: 2.220 Executing VM operation: HandshakeAllThreads (Deoptimize)
Event: 2.220 Executing VM operation: HandshakeAllThreads (Deoptimize) done
Event: 2.222 Executing VM operation: ICBufferFull
Event: 2.222 Executing VM operation: ICBufferFull done
Event: 2.378 Executing VM operation: HandshakeAllThreads (Deoptimize)
Event: 2.378 Executing VM operation: HandshakeAllThreads (Deoptimize) done
Event: 2.415 Executing VM operation: G1CollectForAllocation (G1 Evacuation Pause)
Event: 2.419 Executing VM operation: G1CollectForAllocation (G1 Evacuation Pause) done
Event: 2.569 Executing VM operation: HandshakeAllThreads (Deoptimize)
Event: 2.569 Executing VM operation: HandshakeAllThreads (Deoptimize) done
Event: 2.612 Executing VM operation: HandshakeAllThreads (Deoptimize)
Event: 2.612 Executing VM operation: HandshakeAllThreads (Deoptimize) done
Event: 2.621 Executing VM operation: HandshakeAllThreads (Deoptimize)
Event: 2.621 Executing VM operation: HandshakeAllThreads (Deoptimize) done
Event: 2.655 Executing VM operation: HandshakeAllThreads (Deoptimize)
Event: 2.655 Executing VM operation: HandshakeAllThreads (Deoptimize) done
Event: 2.953 Executing VM operation: ICBufferFull
Event: 2.954 Executing VM operation: ICBufferFull done

Memory protections (0 events):
No events

Nmethod flushes (0 events):
No events

Events (20 events):
Event: 0.171 Thread 0x0000024216b7b910 Thread added: 0x00000242354d9eb0
Event: 0.171 Thread 0x0000024216b7b910 Thread added: 0x00000242354daa00
Event: 0.171 Thread 0x0000024216b7b910 Thread added: 0x00000242354db550
Event: 0.171 Thread 0x0000024216b7b910 Thread added: 0x00000242354ed130
Event: 0.171 Thread 0x0000024216b7b910 Thread added: 0x00000242354f2340
Event: 0.227 Thread 0x0000024216b7b910 Thread added: 0x00000242356ef500
Event: 0.247 Thread 0x00000242354f2340 Thread added: 0x00000242354f0800
Event: 0.264 Thread 0x0000024216b7b910 Thread added: 0x00000242358160b0
Event: 0.264 Thread 0x0000024216b7b910 Thread added: 0x0000024235816af0
Event: 0.266 Thread 0x00000242358160b0 Thread added: 0x0000024235923e30
Event: 1.227 Thread 0x00000242354f0800 Thread exited: 0x00000242354f0800
Event: 1.263 Thread 0x0000024216b7b910 Thread added: 0x00000242359244c0
Event: 1.352 Thread 0x00000242354ed130 Thread added: 0x00000242354f0130
Event: 1.806 Thread 0x0000024216b7b910 Thread added: 0x000002427b21e320
Event: 1.809 Thread 0x000002427b21e320 Thread added: 0x000002427ba30420
Event: 2.225 Thread 0x000002427ba30420 Thread added: 0x000002427bcd14e0
Event: 2.309 Thread 0x00000242354f2340 Thread added: 0x00000242354f30e0
Event: 2.697 Thread 0x000002427bcd14e0 Thread exited: 0x000002427bcd14e0
Event: 2.806 Thread 0x000002427ba30420 Thread added: 0x000002427c37c100
Event: 2.907 Thread 0x000002427c37c100 Thread exited: 0x000002427c37c100


Dynamic libraries:
0x00007ff689760000 - 0x00007ff68976e000 	C:\Users\HP\.jdks\openjdk-22.0.2\bin\java.exe
0x00007ffc5c5f0000 - 0x00007ffc5c807000 	C:\WINDOWS\SYSTEM32\ntdll.dll
0x00007ffc5b5d0000 - 0x00007ffc5b694000 	C:\WINDOWS\System32\KERNEL32.DLL
0x00007ffc59c80000 - 0x00007ffc5a02d000 	C:\WINDOWS\System32\KERNELBASE.dll
0x00007ffc5a210000 - 0x00007ffc5a321000 	C:\WINDOWS\System32\ucrtbase.dll
0x00007ffc4be20000 - 0x00007ffc4be3b000 	C:\Users\HP\.jdks\openjdk-22.0.2\bin\VCRUNTIME140.dll
0x00007ffc4eef0000 - 0x00007ffc4ef07000 	C:\Users\HP\.jdks\openjdk-22.0.2\bin\jli.dll
0x00007ffc5a960000 - 0x00007ffc5ab0e000 	C:\WINDOWS\System32\USER32.dll
0x00007ffc3a2a0000 - 0x00007ffc3a533000 	C:\WINDOWS\WinSxS\amd64_microsoft.windows.common-controls_6595b64144ccf1df_6.0.22621.3672_none_2713b9d173822955\COMCTL32.dll
0x00007ffc599c0000 - 0x00007ffc599e6000 	C:\WINDOWS\System32\win32u.dll
0x00007ffc5c500000 - 0x00007ffc5c5a7000 	C:\WINDOWS\System32\msvcrt.dll
0x00007ffc5c0c0000 - 0x00007ffc5c0e9000 	C:\WINDOWS\System32\GDI32.dll
0x00007ffc5a0f0000 - 0x00007ffc5a209000 	C:\WINDOWS\System32\gdi32full.dll
0x00007ffc59920000 - 0x00007ffc599ba000 	C:\WINDOWS\System32\msvcp_win.dll
0x00007ffc5aeb0000 - 0x00007ffc5aee1000 	C:\WINDOWS\System32\IMM32.DLL
0x00007ffc52940000 - 0x00007ffc5294c000 	C:\Users\HP\.jdks\openjdk-22.0.2\bin\vcruntime140_1.dll
0x00007ffc3ff30000 - 0x00007ffc3ffbe000 	C:\Users\HP\.jdks\openjdk-22.0.2\bin\msvcp140.dll
0x00007ffbcfa00000 - 0x00007ffbd0749000 	C:\Users\HP\.jdks\openjdk-22.0.2\bin\server\jvm.dll
0x00007ffc5a330000 - 0x00007ffc5a3e2000 	C:\WINDOWS\System32\ADVAPI32.dll
0x00007ffc5ad40000 - 0x00007ffc5ade9000 	C:\WINDOWS\System32\sechost.dll
0x00007ffc59c50000 - 0x00007ffc59c78000 	C:\WINDOWS\System32\bcrypt.dll
0x00007ffc5a840000 - 0x00007ffc5a954000 	C:\WINDOWS\System32\RPCRT4.dll
0x00007ffc5c0f0000 - 0x00007ffc5c161000 	C:\WINDOWS\System32\WS2_32.dll
0x00007ffc597e0000 - 0x00007ffc5982d000 	C:\WINDOWS\SYSTEM32\POWRPROF.dll
0x00007ffc54ca0000 - 0x00007ffc54cd4000 	C:\WINDOWS\SYSTEM32\WINMM.dll
0x00007ffc54bd0000 - 0x00007ffc54bda000 	C:\WINDOWS\SYSTEM32\VERSION.dll
0x00007ffc597c0000 - 0x00007ffc597d3000 	C:\WINDOWS\SYSTEM32\UMPDC.dll
0x00007ffc58910000 - 0x00007ffc58928000 	C:\WINDOWS\SYSTEM32\kernel.appcore.dll
0x00007ffc528c0000 - 0x00007ffc528ca000 	C:\Users\HP\.jdks\openjdk-22.0.2\bin\jimage.dll
0x00007ffc57180000 - 0x00007ffc573b2000 	C:\WINDOWS\SYSTEM32\DBGHELP.DLL
0x00007ffc5c170000 - 0x00007ffc5c4f8000 	C:\WINDOWS\System32\combase.dll
0x00007ffc5b380000 - 0x00007ffc5b457000 	C:\WINDOWS\System32\OLEAUT32.dll
0x00007ffc4f850000 - 0x00007ffc4f882000 	C:\WINDOWS\SYSTEM32\dbgcore.DLL
0x00007ffc59a60000 - 0x00007ffc59adb000 	C:\WINDOWS\System32\bcryptPrimitives.dll
0x00007ffc4f4e0000 - 0x00007ffc4f51c000 	C:\Users\HP\.jdks\openjdk-22.0.2\bin\jdwp.dll
0x00007ffc55ab0000 - 0x00007ffc55abf000 	C:\Users\HP\.jdks\openjdk-22.0.2\bin\instrument.dll
0x00007ffc4be00000 - 0x00007ffc4be1e000 	C:\Users\HP\.jdks\openjdk-22.0.2\bin\java.dll
0x00007ffc5b6a0000 - 0x00007ffc5beff000 	C:\WINDOWS\System32\SHELL32.dll
0x00007ffc5a450000 - 0x00007ffc5a5f5000 	C:\WINDOWS\System32\ole32.dll
0x00007ffc3b010000 - 0x00007ffc3b027000 	C:\Users\HP\.jdks\openjdk-22.0.2\bin\zip.dll
0x00007ffc57820000 - 0x00007ffc5811c000 	C:\WINDOWS\SYSTEM32\windows.storage.dll
0x00007ffc576e0000 - 0x00007ffc5781f000 	C:\WINDOWS\SYSTEM32\wintypes.dll
0x00007ffc5b480000 - 0x00007ffc5b574000 	C:\WINDOWS\System32\SHCORE.dll
0x00007ffc5adf0000 - 0x00007ffc5ae4e000 	C:\WINDOWS\System32\shlwapi.dll
0x00007ffc59850000 - 0x00007ffc59871000 	C:\WINDOWS\SYSTEM32\profapi.dll
0x00007ffc3c2c0000 - 0x00007ffc3c397000 	C:\Users\HP\.jdks\openjdk-22.0.2\bin\jsvml.dll
0x00007ffc4f410000 - 0x00007ffc4f41c000 	C:\Users\HP\.jdks\openjdk-22.0.2\bin\dt_socket.dll
0x00007ffc58370000 - 0x00007ffc5839d000 	C:\WINDOWS\SYSTEM32\IPHLPAPI.DLL
0x00007ffc58d70000 - 0x00007ffc58dd9000 	C:\WINDOWS\system32\mswsock.dll
0x00007ffc52800000 - 0x00007ffc52810000 	C:\Users\HP\.jdks\openjdk-22.0.2\bin\net.dll
0x00007ffc4bc40000 - 0x00007ffc4bc56000 	C:\Users\HP\.jdks\openjdk-22.0.2\bin\nio.dll
0x00007ffc558b0000 - 0x00007ffc558ba000 	C:\Users\HP\.jdks\openjdk-22.0.2\bin\management.dll
0x00007ffc52fd0000 - 0x00007ffc52fdb000 	C:\Users\HP\.jdks\openjdk-22.0.2\bin\management_ext.dll
0x00007ffc5a600000 - 0x00007ffc5a608000 	C:\WINDOWS\System32\PSAPI.DLL
0x00007ffc52930000 - 0x00007ffc5293b000 	C:\Users\HP\.jdks\openjdk-22.0.2\bin\le.dll
0x00007ffc557c0000 - 0x00007ffc557ce000 	C:\Users\HP\.jdks\openjdk-22.0.2\bin\sunmscapi.dll
0x00007ffc59ae0000 - 0x00007ffc59c47000 	C:\WINDOWS\System32\CRYPT32.dll
0x00007ffc591c0000 - 0x00007ffc591ee000 	C:\WINDOWS\SYSTEM32\ncrypt.dll
0x00007ffc59180000 - 0x00007ffc591b7000 	C:\WINDOWS\SYSTEM32\NTASN1.dll

dbghelp: loaded successfully - version: 4.0.5 - missing functions: none
symbol engine: initialized successfully - sym options: 0x614 - pdb path: .;C:\Users\HP\.jdks\openjdk-22.0.2\bin;C:\WINDOWS\SYSTEM32;C:\WINDOWS\WinSxS\amd64_microsoft.windows.common-controls_6595b64144ccf1df_6.0.22621.3672_none_2713b9d173822955;C:\Users\HP\.jdks\openjdk-22.0.2\bin\server

VM Arguments:
jvm_args: -agentlib:jdwp=transport=dt_socket,address=127.0.0.1:62472,suspend=y,server=n -javaagent:C:\Users\HP\AppData\Local\JetBrains\IdeaIC2024.1\captureAgent\debugger-agent.jar -Dfile.encoding=UTF-8 -Dsun.stdout.encoding=UTF-8 -Dsun.stderr.encoding=UTF-8 
java_command: com.abcRestaurant.abcRestaurant.AbcRestaurantApplication
java_class_path (initial): C:\Users\HP\Desktop\BSc 1st Sem\Advanced Programming\abcRestaurant\target\classes;C:\Users\HP\.m2\repository\org\springframework\boot\spring-boot-starter-data-mongodb\3.3.2\spring-boot-starter-data-mongodb-3.3.2.jar;C:\Users\HP\.m2\repository\org\springframework\boot\spring-boot-starter\3.3.2\spring-boot-starter-3.3.2.jar;C:\Users\HP\.m2\repository\org\springframework\boot\spring-boot-starter-logging\3.3.2\spring-boot-starter-logging-3.3.2.jar;C:\Users\HP\.m2\repository\ch\qos\logback\logback-classic\1.5.6\logback-classic-1.5.6.jar;C:\Users\HP\.m2\repository\ch\qos\logback\logback-core\1.5.6\logback-core-1.5.6.jar;C:\Users\HP\.m2\repository\org\apache\logging\log4j\log4j-to-slf4j\2.23.1\log4j-to-slf4j-2.23.1.jar;C:\Users\HP\.m2\repository\org\apache\logging\log4j\log4j-api\2.23.1\log4j-api-2.23.1.jar;C:\Users\HP\.m2\repository\org\slf4j\jul-to-slf4j\2.0.13\jul-to-slf4j-2.0.13.jar;C:\Users\HP\.m2\repository\jakarta\annotation\jakarta.annotation-api\2.1.1\jakarta.annotation-api-2.1.1.jar;C:\Users\HP\.m2\repository\org\yaml\snakeyaml\2.2\snakeyaml-2.2.jar;C:\Users\HP\.m2\repository\org\mongodb\mongodb-driver-sync\5.0.1\mongodb-driver-sync-5.0.1.jar;C:\Users\HP\.m2\repository\org\mongodb\bson\5.0.1\bson-5.0.1.jar;C:\Users\HP\.m2\repository\org\mongodb\mongodb-driver-core\5.0.1\mongodb-driver-core-5.0.1.jar;C:\Users\HP\.m2\repository\org\mongodb\bson-record-codec\5.0.1\bson-record-codec-5.0.1.jar;C:\Users\HP\.m2\repository\org\springframework\data\spring-data-mongodb\4.3.2\spring-data-mongodb-4.3.2.jar;C:\Users\HP\.m2\repository\org\springframework\spring-tx\6.1.11\spring-tx-6.1.11.jar;C:\Users\HP\.m2\repository\org\springframework\spring-context\6.1.11\spring-context-6.1.11.jar;C:\Users\HP\.m2\repository\org\springframework\spring-beans\6.1.11\spring-beans-6.1.11.jar;C:\Users\HP\.m2\repository\org\springframework\spring-expression\6.1.11\spring-expression-6.1.11.jar;C:\Users\HP\.m2\repository\org\springframework\data\spring-data-commons\3.3.2\spring-data-commons-3.3.2.jar;C:\Users\HP\.m2\repository\org\slf4j\slf4j-api\2.0.13\slf4j-api-2.0.13.jar;C:\Users\HP\.m2\repository\org\springframework\boot\spring-boot-starter-web\3.3.2\spring-boot-starter-web-3.3.2.jar;C:\Users\HP\.m2\repository\org\springframework\boot\spring-boot-starter-json\3.3.2\spring-boot-starter-json-3.3.2.jar;C:\Users\HP\.m2\repository\com\fasterxml\jackson\core\jackson-databind\2.17.2\jackson-databind-2.17.2.jar;C:\Users\HP\.m2\repository\com\fasterxml\jackson\core\jackson-annotations\2.17.2\jackson-annotations-2.17.2.jar;C:\Users\HP\.m2\repository\com\fasterxml\jackson\core\jackson-core\2.17.2\jackson-core-2.17.2.jar;C:\Users\HP\.m2\repository\com\fasterxml\jackson\datatype\jackson-datatype-jdk8\2.17.2\jackson-datatype-jdk8-2.17.2.jar;C:\Users\HP\.m2\repository\com\fasterxml\jackson\datatype\jackson-datatype-jsr310\2.17.2\jackson-datatype-jsr310-2.17.2.jar;C:\Users\HP\.m2\repository\com\fasterxml\jackson\module\jackson-module-parameter-names\2.17.2\jackson-module-parameter-names-2.17.2.jar;C:\Users\HP\.m2\repository\org\springframework\boot\spring-boot-starter-tomcat\3.3.2\spring-boot-starter-tomcat-3.3.2.jar;C:\Users\HP\.m2\repository\org\apache\tomcat\embed\tomcat-embed-core\10.1.26\tomcat-embed-core-10.1.26.jar;C:\Users\HP\.m2\repository\org\apache\tomcat\embed\tomcat-embed-el\10.1.26\tomcat-embed-el-10.1.26.jar;C:\Users\HP\.m2\repository\org\apache\tomcat\embed\tomcat-embed-websocket\10.1.26\tomcat-embed-websocket-10.1.26.jar;C:\Users\HP\.m2\repository\org\springframework\spring-web\6.1.11\spring-web-6.1.11.jar;C:\Users\HP\.m2\repository\io\micrometer\micrometer-observation\1.13.2\micrometer-observation-1.13.2.jar;C:\Users\HP\.m2\repository\io\micrometer\micrometer-commons\1.13.2\micrometer-commons-1.13.2.jar;C:\Users\HP\.m2\repository\org\springframework\spring-webmvc\6.1.11\spring-webmvc-6.1.11.jar;C:\Users\HP\.m2\repository\org\springframework\spring-aop\6.1.11\spring-aop-6.1.11.jar;C:\Users\HP\.m2\repository\org\springframework\boot\spring-boot-devtools\3.3.2\spring-boot-devtools-3.3.2.jar;C:\Users\HP\.m2\repository\org\springframework\boot\spring-boot\3.3.2\spring-boot-3.3.2.jar;C:\Users\HP\.m2\repository\org\springframework\boot\spring-boot-autoconfigure\3.3.2\spring-boot-autoconfigure-3.3.2.jar;C:\Users\HP\.m2\repository\org\projectlombok\lombok\1.18.34\lombok-1.18.34.jar;C:\Users\HP\.m2\repository\jakarta\activation\jakarta.activation-api\2.1.3\jakarta.activation-api-2.1.3.jar;C:\Users\HP\.m2\repository\org\springframework\spring-core\6.1.11\spring-core-6.1.11.jar;C:\Users\HP\.m2\repository\org\springframework\spring-jcl\6.1.11\spring-jcl-6.1.11.jar;C:\Users\HP\.m2\repository\me\paulschwarz\spring-dotenv\2.5.4\spring-dotenv-2.5.4.jar;C:\Users\HP\.m2\repository\io\github\cdimascio\dotenv-java\2.2.3\dotenv-java-2.2.3.jar;C:\Users\HP\.m2\repository\org\springframework\boot\spring-boot-starter-mail\3.3.2\spring-boot-starter-mail-3.3.2.jar;C:\Users\HP\.m2\repository\org\springframework\spring-context-support\6.1.11\spring-context-support-6.1.11.jar;C:\Users\HP\.m2\repository\org\eclipse\angus\jakarta.mail\2.0.3\jakarta.mail-2.0.3.jar;C:\Users\HP\.m2\repository\org\eclipse\angus\angus-activation\2.0.2\angus-activation-2.0.2.jar;D:\IntelliJ IDEA Community Edition 2024.1.4\lib\idea_rt.jar
Launcher Type: SUN_STANDARD

[Global flags]
     intx CICompilerCount                          = 4                                         {product} {ergonomic}
     uint ConcGCThreads                            = 2                                         {product} {ergonomic}
     uint G1ConcRefinementThreads                  = 8                                         {product} {ergonomic}
   size_t G1HeapRegionSize                         = 1048576                                   {product} {ergonomic}
   size_t InitialHeapSize                          = 132120576                                 {product} {ergonomic}
   size_t MarkStackSize                            = 4194304                                   {product} {ergonomic}
   size_t MaxHeapSize                              = 2084569088                                {product} {ergonomic}
   size_t MaxNewSize                               = 1249902592                                {product} {ergonomic}
   size_t MinHeapDeltaBytes                        = 1048576                                   {product} {ergonomic}
   size_t MinHeapSize                              = 8388608                                   {product} {ergonomic}
    uintx NonNMethodCodeHeapSize                   = 5839372                                {pd product} {ergonomic}
    uintx NonProfiledCodeHeapSize                  = 122909434                              {pd product} {ergonomic}
    uintx ProfiledCodeHeapSize                     = 122909434                              {pd product} {ergonomic}
    uintx ReservedCodeCacheSize                    = 251658240                              {pd product} {ergonomic}
     bool SegmentedCodeCache                       = true                                      {product} {ergonomic}
   size_t SoftMaxHeapSize                          = 2084569088                             {manageable} {ergonomic}
     bool UseCompressedOops                        = true                           {product lp64_product} {ergonomic}
     bool UseG1GC                                  = true                                      {product} {ergonomic}
     bool UseLargePagesIndividualAllocation        = false                                  {pd product} {ergonomic}

Logging:
Log output configuration:
 #0: stdout all=warning uptime,level,tags foldmultilines=false
 #1: stderr all=off uptime,level,tags foldmultilines=false

Environment Variables:
PATH=C:\Program Files\Common Files\Oracle\Java\javapath;C:\WINDOWS\system32;C:\WINDOWS;C:\WINDOWS\System32\Wbem;C:\WINDOWS\System32\WindowsPowerShell\v1.0\;C:\WINDOWS\System32\OpenSSH\;C:\ProgramData\chocolatey\bin;C:\Program Files\dotnet\;D:\Git\cmd;C:\Program Files\Microsoft SQL Server\150\Tools\Binn\;C:\Program Files\Microsoft SQL Server\130\Tools\Binn\;C:\Program Files\Microsoft SQL Server\Client SDK\ODBC\170\Tools\Binn\;C:\Program Files (x86)\Microsoft SQL Server\160\Tools\Binn\;C:\Program Files\Microsoft SQL Server\160\Tools\Binn\;C:\Program Files\Microsoft SQL Server\160\DTS\Binn\;C:\Program Files (x86)\Microsoft SQL Server\160\DTS\Binn\;C:\Program Files\Azure Data Studio\bin;C:\Program Files\nodejs\;C:\Users\HP\AppData\Local\Programs\Python\Python312\Scripts\;C:\Users\HP\AppData\Local\Programs\Python\Python312\;C:\Users\HP\AppData\Local\Programs\Python\Launcher\;C:\Users\HP\AppData\Local\Microsoft\WindowsApps;D:\Microsoft VS Code\bin;C:\Users\HP\AppData\Local\GitHubDesktop\bin;C:\Program Files\Azure Data Studio\bin;C:\Users\HP\AppData\Roaming\npm;D:\IntelliJ IDEA Community Edition 2024.1.4\bin;
USERNAME=HP
OS=Windows_NT
PROCESSOR_IDENTIFIER=Intel64 Family 6 Model 140 Stepping 1, GenuineIntel
TMP=C:\Users\HP\AppData\Local\Temp
TEMP=C:\Users\HP\AppData\Local\Temp




Periodic native trim disabled

---------------  S Y S T E M  ---------------

OS:
 Windows 11 , 64 bit Build 22621 (10.0.22621.3672)
OS uptime: 5 days 1:14 hours
Hyper-V role detected

CPU: total 8 (initial active 8) (4 cores per cpu, 2 threads per core) family 6 model 140 stepping 1 microcode 0xac, cx8, cmov, fxsr, ht, mmx, 3dnowpref, sse, sse2, sse3, ssse3, sse4.1, sse4.2, popcnt, lzcnt, tsc, tscinvbit, avx, avx2, aes, erms, clmul, bmi1, bmi2, adx, avx512f, avx512dq, avx512cd, avx512bw, avx512vl, sha, fma, vzeroupper, avx512_vpopcntdq, avx512_vpclmulqdq, avx512_vaes, avx512_vnni, clflush, clflushopt, clwb, avx512_vbmi2, avx512_vbmi, hv, rdtscp, rdpid, fsrm, gfni, avx512_bitalg, f16c, cet_ibt, cet_ss, avx512_ifma
Processor Information for all 8 processors :
  Max Mhz: 2419, Current Mhz: 2419, Mhz Limit: 2419

Memory: 4k page, system-wide physical 7948M (491M free)
TotalPageFile size 14092M (AvailPageFile size 6M)
current process WorkingSet (physical memory assigned to process): 211M, peak: 215M
current process commit charge ("private bytes"): 324M, peak: 329M

vm_info: OpenJDK 64-Bit Server VM (22.0.2+9-70) for windows-amd64 JRE (22.0.2+9-70), built on 2024-06-04T16:52:23Z by "mach5one" with MS VC++ 17.6 (VS2022)

END.
