#
# There is insufficient memory for the Java Runtime Environment to continue.
# Native memory allocation (malloc) failed to allocate 954992 bytes. Error detail: Chunk::new
# Possible reasons:
#   The system is out of physical RAM or swap space
#   This process is running with CompressedOops enabled, and the Java Heap may be blocking the growth of the native heap
# Possible solutions:
#   Reduce memory load on the system
#   Increase physical memory or swap space
#   Check if swap backing store is full
#   Decrease Java heap size (-Xmx/-Xms)
#   Decrease number of Java threads
#   Decrease Java thread stack sizes (-Xss)
#   Set larger code cache with -XX:ReservedCodeCacheSize=
#   JVM is running with Unscaled Compressed Oops mode in which the Java heap is
#     placed in the first 4GB address space. The Java Heap base address is the
#     maximum limit for the native heap growth. Please use -XX:HeapBaseMinAddress
#     to set the Java Heap base and to place the Java Heap above 4GB virtual address.
# This output file may be truncated or incomplete.
#
#  Out of Memory Error (arena.cpp:150), pid=12508, tid=17416
#
# JRE version: OpenJDK Runtime Environment (22.0.2+9) (build 22.0.2+9-70)
# Java VM: OpenJDK 64-Bit Server VM (22.0.2+9-70, mixed mode, sharing, tiered, compressed oops, compressed class ptrs, g1 gc, windows-amd64)
# No core dump will be written. Minidumps are not enabled by default on client versions of Windows
#

---------------  S U M M A R Y ------------

Command Line: -javaagent:D:\IntelliJ IDEA Community Edition 2024.1.4\lib\idea_rt.jar=54883:D:\IntelliJ IDEA Community Edition 2024.1.4\bin -Dfile.encoding=UTF-8 -Dsun.stdout.encoding=UTF-8 -Dsun.stderr.encoding=UTF-8 com.abcRestaurant.abcRestaurant.AbcRestaurantApplication

Host: 11th Gen Intel(R) Core(TM) i5-1135G7 @ 2.40GHz, 8 cores, 7G,  Windows 11 , 64 bit Build 22621 (10.0.22621.3672)
Time: Tue Aug  6 20:15:23 2024 Sri Lanka Standard Time elapsed time: 41.927637 seconds (0d 0h 0m 41s)

---------------  T H R E A D  ---------------

Current thread (0x00000237c939acb0):  JavaThread "C2 CompilerThread1" daemon [_thread_in_native, id=17416, stack(0x000000dd30100000,0x000000dd30200000) (1024K)]


Current CompileTask:
C2:41927 6248       4       jdk.internal.org.objectweb.asm.MethodWriter::computeAllFrames (510 bytes)

Stack: [0x000000dd30100000,0x000000dd30200000]
Native frames: (J=compiled Java code, j=interpreted, Vv=VM code, C=native code)
V  [jvm.dll+0x6e26e9]  (no source info available)
V  [jvm.dll+0x875753]  (no source info available)
V  [jvm.dll+0x877b7e]  (no source info available)
V  [jvm.dll+0x878253]  (no source info available)
V  [jvm.dll+0x27fc86]  (no source info available)
V  [jvm.dll+0xc3d0f]  (no source info available)
V  [jvm.dll+0xc3f6b]  (no source info available)
V  [jvm.dll+0x3bb47c]  (no source info available)
V  [jvm.dll+0x1df4ac]  (no source info available)
V  [jvm.dll+0x24793c]  (no source info available)
V  [jvm.dll+0x246e9f]  (no source info available)
V  [jvm.dll+0x1c4e80]  (no source info available)
V  [jvm.dll+0x2568f3]  (no source info available)
V  [jvm.dll+0x254baa]  (no source info available)
V  [jvm.dll+0x3f57a6]  (no source info available)
V  [jvm.dll+0x81dc0b]  (no source info available)
V  [jvm.dll+0x6e0d85]  (no source info available)
C  [ucrtbase.dll+0x29333]  (no source info available)
C  [KERNEL32.DLL+0x1257d]  (no source info available)
C  [ntdll.dll+0x5af28]  (no source info available)


---------------  P R O C E S S  ---------------

Threads class SMR info:
_java_thread_list=0x00000237c7a09e90, length=44, elements={
0x00000237f55761b0, 0x00000237f55771c0, 0x00000237f5581530, 0x00000237f5582490,
0x00000237f557d940, 0x00000237f557e760, 0x00000237f558af00, 0x00000237c5113580,
0x00000237c51e93d0, 0x00000237c54f7ae0, 0x00000237c5647f70, 0x00000237c9728190,
0x00000237c86a9050, 0x00000237c892a980, 0x00000237c8929c60, 0x00000237c8927b90,
0x00000237c89288b0, 0x00000237c8928220, 0x00000237c8928f40, 0x00000237c892a2f0,
0x00000237c89295d0, 0x00000237c89c2970, 0x00000237c89c3d20, 0x00000237c89bf4f0,
0x00000237c89c15c0, 0x00000237c89c1c50, 0x00000237c89bcd90, 0x00000237c89bdab0,
0x00000237c89be140, 0x00000237c89be7d0, 0x00000237c89c22e0, 0x00000237c89bee60,
0x00000237c89c43b0, 0x00000237c89bfb80, 0x00000237c89bd420, 0x00000237c89c0210,
0x00000237c89c08a0, 0x00000237c89c3000, 0x00000237c89c3690, 0x00000237ca112570,
0x00000237ca114640, 0x00000237c939acb0, 0x00000237ca115360, 0x00000237ca112c00
}

Java Threads: ( => current thread )
  0x00000237f55761b0 JavaThread "Reference Handler"          daemon [_thread_blocked, id=9384, stack(0x000000dd2f400000,0x000000dd2f500000) (1024K)]
  0x00000237f55771c0 JavaThread "Finalizer"                  daemon [_thread_blocked, id=8520, stack(0x000000dd2f500000,0x000000dd2f600000) (1024K)]
  0x00000237f5581530 JavaThread "Signal Dispatcher"          daemon [_thread_blocked, id=11316, stack(0x000000dd2f600000,0x000000dd2f700000) (1024K)]
  0x00000237f5582490 JavaThread "Attach Listener"            daemon [_thread_blocked, id=10264, stack(0x000000dd2f700000,0x000000dd2f800000) (1024K)]
  0x00000237f557d940 JavaThread "Service Thread"             daemon [_thread_blocked, id=12032, stack(0x000000dd2f800000,0x000000dd2f900000) (1024K)]
  0x00000237f557e760 JavaThread "Monitor Deflation Thread"   daemon [_thread_blocked, id=6932, stack(0x000000dd2f900000,0x000000dd2fa00000) (1024K)]
  0x00000237f558af00 JavaThread "C2 CompilerThread0"         daemon [_thread_blocked, id=14544, stack(0x000000dd2fa00000,0x000000dd2fb00000) (1024K)]
  0x00000237c5113580 JavaThread "C1 CompilerThread0"         daemon [_thread_blocked, id=17316, stack(0x000000dd2fb00000,0x000000dd2fc00000) (1024K)]
  0x00000237c51e93d0 JavaThread "Common-Cleaner"             daemon [_thread_blocked, id=17076, stack(0x000000dd2fc00000,0x000000dd2fd00000) (1024K)]
  0x00000237c54f7ae0 JavaThread "Monitor Ctrl-Break"         daemon [_thread_in_native, id=1532, stack(0x000000dd2fe00000,0x000000dd2ff00000) (1024K)]
  0x00000237c5647f70 JavaThread "Notification Thread"        daemon [_thread_blocked, id=2724, stack(0x000000dd2ff00000,0x000000dd30000000) (1024K)]
  0x00000237c9728190 JavaThread "Catalina-utility-1"                [_thread_blocked, id=16628, stack(0x000000dd30b00000,0x000000dd30c00000) (1024K)]
  0x00000237c86a9050 JavaThread "Catalina-utility-2"                [_thread_blocked, id=15992, stack(0x000000dd30c00000,0x000000dd30d00000) (1024K)]
  0x00000237c892a980 JavaThread "container-0"                       [_thread_blocked, id=13716, stack(0x000000dd30d00000,0x000000dd30e00000) (1024K)]
  0x00000237c8929c60 JavaThread "Jndi-Dns-address-change-listener" daemon [_thread_in_native, id=11380, stack(0x000000dd30e00000,0x000000dd30f00000) (1024K)]
  0x00000237c8927b90 JavaThread "BufferPoolPruner-1-thread-1" daemon [_thread_blocked, id=16836, stack(0x000000dd30f00000,0x000000dd31000000) (1024K)]
  0x00000237c89288b0 JavaThread "cluster-ClusterId{value='66b236ddd5a61b44f66de569', description='null'}-srv-abccluster.kd72xqs.mongodb.net" daemon [_thread_blocked, id=6516, stack(0x000000dd31000000,0x000000dd31100000) (1024K)]
  0x00000237c8928220 JavaThread "cluster-ClusterId{value='66b236ddd5a61b44f66de569', description='null'}-ac-byq5ho1-shard-00-01.kd72xqs.mongodb.net:27017" daemon [_thread_in_native, id=15568, stack(0x000000dd31100000,0x000000dd31200000) (1024K)]
  0x00000237c8928f40 JavaThread "cluster-rtt-ClusterId{value='66b236ddd5a61b44f66de569', description='null'}-ac-byq5ho1-shard-00-01.kd72xqs.mongodb.net:27017" daemon [_thread_blocked, id=17216, stack(0x000000dd31200000,0x000000dd31300000) (1024K)]
  0x00000237c892a2f0 JavaThread "cluster-ClusterId{value='66b236ddd5a61b44f66de569', description='null'}-ac-byq5ho1-shard-00-02.kd72xqs.mongodb.net:27017" daemon [_thread_in_native, id=1664, stack(0x000000dd31300000,0x000000dd31400000) (1024K)]
  0x00000237c89295d0 JavaThread "cluster-rtt-ClusterId{value='66b236ddd5a61b44f66de569', description='null'}-ac-byq5ho1-shard-00-02.kd72xqs.mongodb.net:27017" daemon [_thread_blocked, id=16880, stack(0x000000dd31400000,0x000000dd31500000) (1024K)]
  0x00000237c89c2970 JavaThread "cluster-ClusterId{value='66b236ddd5a61b44f66de569', description='null'}-ac-byq5ho1-shard-00-00.kd72xqs.mongodb.net:27017" daemon [_thread_in_native, id=3788, stack(0x000000dd31500000,0x000000dd31600000) (1024K)]
  0x00000237c89c3d20 JavaThread "cluster-rtt-ClusterId{value='66b236ddd5a61b44f66de569', description='null'}-ac-byq5ho1-shard-00-00.kd72xqs.mongodb.net:27017" daemon [_thread_blocked, id=10456, stack(0x000000dd31600000,0x000000dd31700000) (1024K)]
  0x00000237c89bf4f0 JavaThread "Live Reload Server"         daemon [_thread_in_native, id=16052, stack(0x000000dd31800000,0x000000dd31900000) (1024K)]
  0x00000237c89c15c0 JavaThread "MaintenanceTimer-4-thread-1" daemon [_thread_blocked, id=5052, stack(0x000000dd31900000,0x000000dd31a00000) (1024K)]
  0x00000237c89c1c50 JavaThread "MaintenanceTimer-2-thread-1" daemon [_thread_blocked, id=10292, stack(0x000000dd31a00000,0x000000dd31b00000) (1024K)]
  0x00000237c89bcd90 JavaThread "MaintenanceTimer-3-thread-1" daemon [_thread_blocked, id=15232, stack(0x000000dd31b00000,0x000000dd31c00000) (1024K)]
  0x00000237c89bdab0 JavaThread "File Watcher"               daemon [_thread_blocked, id=8696, stack(0x000000dd31c00000,0x000000dd31d00000) (1024K)]
  0x00000237c89be140 JavaThread "http-nio-8080-exec-1"       daemon [_thread_blocked, id=4508, stack(0x000000dd31d00000,0x000000dd31e00000) (1024K)]
  0x00000237c89be7d0 JavaThread "http-nio-8080-exec-2"       daemon [_thread_blocked, id=11168, stack(0x000000dd31e00000,0x000000dd31f00000) (1024K)]
  0x00000237c89c22e0 JavaThread "http-nio-8080-exec-3"       daemon [_thread_blocked, id=8084, stack(0x000000dd31f00000,0x000000dd32000000) (1024K)]
  0x00000237c89bee60 JavaThread "http-nio-8080-exec-4"       daemon [_thread_blocked, id=3796, stack(0x000000dd32000000,0x000000dd32100000) (1024K)]
  0x00000237c89c43b0 JavaThread "http-nio-8080-exec-5"       daemon [_thread_blocked, id=9656, stack(0x000000dd32100000,0x000000dd32200000) (1024K)]
  0x00000237c89bfb80 JavaThread "http-nio-8080-exec-6"       daemon [_thread_blocked, id=1292, stack(0x000000dd32200000,0x000000dd32300000) (1024K)]
  0x00000237c89bd420 JavaThread "http-nio-8080-exec-7"       daemon [_thread_blocked, id=15640, stack(0x000000dd32300000,0x000000dd32400000) (1024K)]
  0x00000237c89c0210 JavaThread "http-nio-8080-exec-8"       daemon [_thread_blocked, id=7052, stack(0x000000dd32400000,0x000000dd32500000) (1024K)]
  0x00000237c89c08a0 JavaThread "http-nio-8080-exec-9"       daemon [_thread_blocked, id=5528, stack(0x000000dd32500000,0x000000dd32600000) (1024K)]
  0x00000237c89c3000 JavaThread "http-nio-8080-exec-10"      daemon [_thread_blocked, id=7368, stack(0x000000dd32600000,0x000000dd32700000) (1024K)]
  0x00000237c89c3690 JavaThread "http-nio-8080-Poller"       daemon [_thread_in_native, id=17092, stack(0x000000dd32700000,0x000000dd32800000) (1024K)]
  0x00000237ca112570 JavaThread "http-nio-8080-Acceptor"     daemon [_thread_in_native, id=10416, stack(0x000000dd32800000,0x000000dd32900000) (1024K)]
  0x00000237ca114640 JavaThread "DestroyJavaVM"                     [_thread_blocked, id=8036, stack(0x000000dd2ec00000,0x000000dd2ed00000) (1024K)]
=>0x00000237c939acb0 JavaThread "C2 CompilerThread1"         daemon [_thread_in_native, id=17416, stack(0x000000dd30100000,0x000000dd30200000) (1024K)]
  0x00000237ca115360 JavaThread "http-nio-8080-exec-11"      daemon [_thread_blocked, id=2576, stack(0x000000dd30800000,0x000000dd30900000) (1024K)]
  0x00000237ca112c00 JavaThread "http-nio-8080-exec-12"      daemon [_thread_blocked, id=3468, stack(0x000000dd32900000,0x000000dd32a00000) (1024K)]
Total: 44

Other Threads:
  0x00000237f555b620 VMThread "VM Thread"                           [id=14536, stack(0x000000dd2f300000,0x000000dd2f400000) (1024K)]
  0x00000237f5544270 WatcherThread "VM Periodic Task Thread"        [id=3752, stack(0x000000dd2f200000,0x000000dd2f300000) (1024K)]
  0x00000237d6f4c120 WorkerThread "GC Thread#0"                     [id=12260, stack(0x000000dd2ed00000,0x000000dd2ee00000) (1024K)]
  0x00000237c62bfff0 WorkerThread "GC Thread#1"                     [id=13604, stack(0x000000dd30200000,0x000000dd30300000) (1024K)]
  0x00000237c62c03a0 WorkerThread "GC Thread#2"                     [id=13852, stack(0x000000dd30300000,0x000000dd30400000) (1024K)]
  0x00000237c62d2ae0 WorkerThread "GC Thread#3"                     [id=8344, stack(0x000000dd30400000,0x000000dd30500000) (1024K)]
  0x00000237c62d2e90 WorkerThread "GC Thread#4"                     [id=16256, stack(0x000000dd30500000,0x000000dd30600000) (1024K)]
  0x00000237c62d3240 WorkerThread "GC Thread#5"                     [id=16840, stack(0x000000dd30600000,0x000000dd30700000) (1024K)]
  0x00000237c6873ba0 WorkerThread "GC Thread#6"                     [id=2524, stack(0x000000dd30900000,0x000000dd30a00000) (1024K)]
  0x00000237c67d3360 WorkerThread "GC Thread#7"                     [id=15932, stack(0x000000dd30a00000,0x000000dd30b00000) (1024K)]
  0x00000237d6f5c990 ConcurrentGCThread "G1 Main Marker"            [id=12580, stack(0x000000dd2ee00000,0x000000dd2ef00000) (1024K)]
  0x00000237d6f5d4a0 WorkerThread "G1 Conc#0"                       [id=10480, stack(0x000000dd2ef00000,0x000000dd2f000000) (1024K)]
  0x00000237c73585e0 WorkerThread "G1 Conc#1"                       [id=5620, stack(0x000000dd30700000,0x000000dd30800000) (1024K)]
  0x00000237d6fae830 ConcurrentGCThread "G1 Refine#0"               [id=16680, stack(0x000000dd2f000000,0x000000dd2f100000) (1024K)]
  0x00000237f5418880 ConcurrentGCThread "G1 Service"                [id=11676, stack(0x000000dd2f100000,0x000000dd2f200000) (1024K)]
Total: 15

Threads with active compile tasks:
C2 CompilerThread1  42022 6248       4       jdk.internal.org.objectweb.asm.MethodWriter::computeAllFrames (510 bytes)
Total: 1

VM state: not at safepoint (normal execution)

VM Mutex/Monitor currently owned by a thread: None

Heap address: 0x0000000083c00000, size: 1988 MB, Compressed Oops mode: 32-bit

CDS archive(s) mapped at: [0x0000023780000000-0x0000023780c60000-0x0000023780c60000), size 12976128, SharedBaseAddress: 0x0000023780000000, ArchiveRelocationMode: 1.
Compressed class space mapped at: 0x0000023781000000-0x00000237c1000000, reserved size: 1073741824
Narrow klass base: 0x0000023780000000, Narrow klass shift: 0, Narrow klass range: 0x41000000

GC Precious Log:
 CardTable entry size: 512
 Card Set container configuration: InlinePtr #cards 5 size 8 Array Of Cards #cards 12 size 40 Howl #buckets 4 coarsen threshold 1843 Howl Bitmap #cards 512 size 80 coarsen threshold 460 Card regions per heap region 1 cards per card region 2048
 CPUs: 8 total, 8 available
 Memory: 7948M
 Large Page Support: Disabled
 NUMA Support: Disabled
 Compressed Oops: Enabled (32-bit)
 Heap Region Size: 1M
 Heap Min Capacity: 8M
 Heap Initial Capacity: 126M
 Heap Max Capacity: 1988M
 Pre-touch: Disabled
 Parallel Workers: 8
 Concurrent Workers: 2
 Concurrent Refinement Workers: 8
 Periodic GC: Disabled

Heap:
 garbage-first heap   total reserved 2035712K, committed 54272K, used 29400K [0x0000000083c00000, 0x0000000100000000)
  region size 1024K, 7 young (7168K), 2 survivors (2048K)
 Metaspace       used 49390K, committed 50048K, reserved 1114112K
  class space    used 6542K, committed 6848K, reserved 1048576K

Heap Regions: E=young(eden), S=young(survivor), O=old, HS=humongous(starts), HC=humongous(continues), CS=collection set, F=free, TAMS=top-at-mark-start, PB=parsable bottom
|   0|0x0000000083c00000, 0x0000000083d00000, 0x0000000083d00000|100%| O|  |TAMS 0x0000000083c00000| PB 0x0000000083c00000| Untracked |  0
|   1|0x0000000083d00000, 0x0000000083e00000, 0x0000000083e00000|100%| O|  |TAMS 0x0000000083d00000| PB 0x0000000083d00000| Untracked |  0
|   2|0x0000000083e00000, 0x0000000083f00000, 0x0000000083f00000|100%| O|  |TAMS 0x0000000083e00000| PB 0x0000000083e00000| Untracked |  0
|   3|0x0000000083f00000, 0x0000000084000000, 0x0000000084000000|100%| O|  |TAMS 0x0000000083f00000| PB 0x0000000083f00000| Untracked |  0
|   4|0x0000000084000000, 0x0000000084100000, 0x0000000084100000|100%| O|  |TAMS 0x0000000084000000| PB 0x0000000084000000| Untracked |  0
|   5|0x0000000084100000, 0x0000000084200000, 0x0000000084200000|100%| O|  |TAMS 0x0000000084100000| PB 0x0000000084100000| Untracked |  0
|   6|0x0000000084200000, 0x0000000084300000, 0x0000000084300000|100%| O|  |TAMS 0x0000000084200000| PB 0x0000000084200000| Untracked |  0
|   7|0x0000000084300000, 0x0000000084400000, 0x0000000084400000|100%| O|  |TAMS 0x0000000084300000| PB 0x0000000084300000| Untracked |  0
|   8|0x0000000084400000, 0x0000000084500000, 0x0000000084500000|100%| O|  |TAMS 0x0000000084400000| PB 0x0000000084400000| Untracked |  0
|   9|0x0000000084500000, 0x0000000084600000, 0x0000000084600000|100%| O|  |TAMS 0x0000000084500000| PB 0x0000000084500000| Untracked |  0
|  10|0x0000000084600000, 0x0000000084700000, 0x0000000084700000|100%| O|  |TAMS 0x0000000084600000| PB 0x0000000084600000| Untracked |  0
|  11|0x0000000084700000, 0x0000000084800000, 0x0000000084800000|100%| O|  |TAMS 0x0000000084700000| PB 0x0000000084700000| Untracked |  0
|  12|0x0000000084800000, 0x0000000084900000, 0x0000000084900000|100%| O|  |TAMS 0x0000000084800000| PB 0x0000000084800000| Untracked |  0
|  13|0x0000000084900000, 0x0000000084a00000, 0x0000000084a00000|100%| O|  |TAMS 0x0000000084900000| PB 0x0000000084900000| Untracked |  0
|  14|0x0000000084a00000, 0x0000000084b00000, 0x0000000084b00000|100%| O|  |TAMS 0x0000000084a00000| PB 0x0000000084a00000| Untracked |  0
|  15|0x0000000084b00000, 0x0000000084c00000, 0x0000000084c00000|100%| O|  |TAMS 0x0000000084b00000| PB 0x0000000084b00000| Untracked |  0
|  16|0x0000000084c00000, 0x0000000084d00000, 0x0000000084d00000|100%| O|  |TAMS 0x0000000084c00000| PB 0x0000000084c00000| Untracked |  0
|  17|0x0000000084d00000, 0x0000000084e00000, 0x0000000084e00000|100%| O|  |TAMS 0x0000000084d00000| PB 0x0000000084d00000| Untracked |  0
|  18|0x0000000084e00000, 0x0000000084f00000, 0x0000000084f00000|100%| O|  |TAMS 0x0000000084e00000| PB 0x0000000084e00000| Untracked |  0
|  19|0x0000000084f00000, 0x0000000085000000, 0x0000000085000000|100%| O|  |TAMS 0x0000000084f00000| PB 0x0000000084f00000| Untracked |  0
|  20|0x0000000085000000, 0x0000000085100000, 0x0000000085100000|100%| O|  |TAMS 0x0000000085000000| PB 0x0000000085000000| Untracked |  0
|  21|0x0000000085100000, 0x000000008514e9c0, 0x0000000085200000| 30%| O|  |TAMS 0x0000000085100000| PB 0x0000000085100000| Untracked |  0
|  22|0x0000000085200000, 0x0000000085200000, 0x0000000085300000|  0%| F|  |TAMS 0x0000000085200000| PB 0x0000000085200000| Untracked |  0
|  23|0x0000000085300000, 0x0000000085400000, 0x0000000085400000|100%| O|  |TAMS 0x0000000085300000| PB 0x0000000085300000| Untracked |  0
|  24|0x0000000085400000, 0x0000000085500000, 0x0000000085500000|100%| O|  |TAMS 0x0000000085400000| PB 0x0000000085400000| Untracked |  0
|  25|0x0000000085500000, 0x0000000085600000, 0x0000000085600000|100%| O|  |TAMS 0x0000000085500000| PB 0x0000000085500000| Untracked |  0
|  26|0x0000000085600000, 0x0000000085600000, 0x0000000085700000|  0%| F|  |TAMS 0x0000000085600000| PB 0x0000000085600000| Untracked |  0
|  27|0x0000000085700000, 0x0000000085700000, 0x0000000085800000|  0%| F|  |TAMS 0x0000000085700000| PB 0x0000000085700000| Untracked |  0
|  28|0x0000000085800000, 0x0000000085867890, 0x0000000085900000| 40%| S|CS|TAMS 0x0000000085800000| PB 0x0000000085800000| Complete |  0
|  29|0x0000000085900000, 0x0000000085a00000, 0x0000000085a00000|100%| S|CS|TAMS 0x0000000085900000| PB 0x0000000085900000| Complete |  0
|  30|0x0000000085a00000, 0x0000000085a00000, 0x0000000085b00000|  0%| F|  |TAMS 0x0000000085a00000| PB 0x0000000085a00000| Untracked |  0
|  31|0x0000000085b00000, 0x0000000085b00000, 0x0000000085c00000|  0%| F|  |TAMS 0x0000000085b00000| PB 0x0000000085b00000| Untracked |  0
|  32|0x0000000085c00000, 0x0000000085c00000, 0x0000000085d00000|  0%| F|  |TAMS 0x0000000085c00000| PB 0x0000000085c00000| Untracked |  0
|  33|0x0000000085d00000, 0x0000000085d00000, 0x0000000085e00000|  0%| F|  |TAMS 0x0000000085d00000| PB 0x0000000085d00000| Untracked |  0
|  34|0x0000000085e00000, 0x0000000085e00000, 0x0000000085f00000|  0%| F|  |TAMS 0x0000000085e00000| PB 0x0000000085e00000| Untracked |  0
|  35|0x0000000085f00000, 0x0000000085f00000, 0x0000000086000000|  0%| F|  |TAMS 0x0000000085f00000| PB 0x0000000085f00000| Untracked |  0
|  36|0x0000000086000000, 0x0000000086000000, 0x0000000086100000|  0%| F|  |TAMS 0x0000000086000000| PB 0x0000000086000000| Untracked |  0
|  37|0x0000000086100000, 0x0000000086100000, 0x0000000086200000|  0%| F|  |TAMS 0x0000000086100000| PB 0x0000000086100000| Untracked |  0
|  38|0x0000000086200000, 0x0000000086200000, 0x0000000086300000|  0%| F|  |TAMS 0x0000000086200000| PB 0x0000000086200000| Untracked |  0
|  39|0x0000000086300000, 0x0000000086300000, 0x0000000086400000|  0%| F|  |TAMS 0x0000000086300000| PB 0x0000000086300000| Untracked |  0
|  40|0x0000000086400000, 0x0000000086400000, 0x0000000086500000|  0%| F|  |TAMS 0x0000000086400000| PB 0x0000000086400000| Untracked |  0
|  41|0x0000000086500000, 0x0000000086500000, 0x0000000086600000|  0%| F|  |TAMS 0x0000000086500000| PB 0x0000000086500000| Untracked |  0
|  42|0x0000000086600000, 0x0000000086600000, 0x0000000086700000|  0%| F|  |TAMS 0x0000000086600000| PB 0x0000000086600000| Untracked |  0
|  43|0x0000000086700000, 0x0000000086700000, 0x0000000086800000|  0%| F|  |TAMS 0x0000000086700000| PB 0x0000000086700000| Untracked |  0
|  44|0x0000000086800000, 0x0000000086800000, 0x0000000086900000|  0%| F|  |TAMS 0x0000000086800000| PB 0x0000000086800000| Untracked |  0
|  73|0x0000000088500000, 0x0000000088500000, 0x0000000088600000|  0%| F|  |TAMS 0x0000000088500000| PB 0x0000000088500000| Untracked |  0
|  74|0x0000000088600000, 0x0000000088600000, 0x0000000088700000|  0%| F|  |TAMS 0x0000000088600000| PB 0x0000000088600000| Untracked |  0
|  75|0x0000000088700000, 0x0000000088700000, 0x0000000088800000|  0%| F|  |TAMS 0x0000000088700000| PB 0x0000000088700000| Untracked |  0
|  76|0x0000000088800000, 0x0000000088848500, 0x0000000088900000| 28%| E|  |TAMS 0x0000000088800000| PB 0x0000000088800000| Complete |  0
|  77|0x0000000088900000, 0x0000000088a00000, 0x0000000088a00000|100%| E|CS|TAMS 0x0000000088900000| PB 0x0000000088900000| Complete |  0
|  78|0x0000000088a00000, 0x0000000088b00000, 0x0000000088b00000|100%| E|CS|TAMS 0x0000000088a00000| PB 0x0000000088a00000| Complete |  0
|  79|0x0000000088b00000, 0x0000000088c00000, 0x0000000088c00000|100%| E|  |TAMS 0x0000000088b00000| PB 0x0000000088b00000| Complete |  0
| 125|0x000000008b900000, 0x000000008ba00000, 0x000000008ba00000|100%| E|CS|TAMS 0x000000008b900000| PB 0x000000008b900000| Complete |  0

Card table byte_map: [0x00000237f0880000,0x00000237f0c70000] _byte_map_base: 0x00000237f0462000

Marking Bits: (CMBitMap*) 0x00000237d6f4c830
 Bits: [0x00000237f0c70000, 0x00000237f2b80000)

Polling page: 0x00000237d6fb0000

Metaspace:

Usage:
  Non-class:     41.84 MB used.
      Class:      6.39 MB used.
       Both:     48.23 MB used.

Virtual space:
  Non-class space:       64.00 MB reserved,      42.19 MB ( 66%) committed,  1 nodes.
      Class space:        1.00 GB reserved,       6.69 MB ( <1%) committed,  1 nodes.
             Both:        1.06 GB reserved,      48.88 MB (  4%) committed. 

Chunk freelists:
   Non-Class:  5.38 MB
       Class:  9.20 MB
        Both:  14.58 MB

MaxMetaspaceSize: unlimited
CompressedClassSpaceSize: 1.00 GB
Initial GC threshold: 21.00 MB
Current GC threshold: 59.19 MB
CDS: on
 - commit_granule_bytes: 65536.
 - commit_granule_words: 8192.
 - virtual_space_node_default_size: 8388608.
 - enlarge_chunks_in_place: 1.
 - use_allocation_guard: 0.


Internal statistics:

num_allocs_failed_limit: 6.
num_arena_births: 892.
num_arena_deaths: 0.
num_vsnodes_births: 2.
num_vsnodes_deaths: 0.
num_space_committed: 782.
num_space_uncommitted: 0.
num_chunks_returned_to_freelist: 6.
num_chunks_taken_from_freelist: 2606.
num_chunk_merges: 6.
num_chunk_splits: 1723.
num_chunks_enlarged: 1207.
num_inconsistent_stats: 0.

CodeHeap 'non-profiled nmethods': size=120000Kb used=3814Kb max_used=3814Kb free=116185Kb
 bounds [0x00000237e8500000, 0x00000237e88c0000, 0x00000237efa30000]
CodeHeap 'profiled nmethods': size=120000Kb used=12129Kb max_used=12129Kb free=107870Kb
 bounds [0x00000237e0a30000, 0x00000237e1610000, 0x00000237e7f60000]
CodeHeap 'non-nmethods': size=5760Kb used=1826Kb max_used=1842Kb free=3933Kb
 bounds [0x00000237e7f60000, 0x00000237e81d0000, 0x00000237e8500000]
 total_blobs=6661 nmethods=5991 adapters=574
 compilation: enabled
              stopped_count=0, restarted_count=0
 full_count=0

Compilation events (20 events):
Event: 41.847 Thread 0x00000237c5113580 6476       3       org.springframework.http.MediaType::isLessSpecific (12 bytes)
Event: 41.848 Thread 0x00000237c5113580 nmethod 6476 0x00000237e1606010 code [0x00000237e16061e0, 0x00000237e1606528]
Event: 41.848 Thread 0x00000237c5113580 6474       3       java.util.concurrent.CopyOnWriteArrayList::toArray (11 bytes)
Event: 41.848 Thread 0x00000237c5113580 nmethod 6474 0x00000237e1606690 code [0x00000237e1606840, 0x00000237e1606b00]
Event: 41.848 Thread 0x00000237c5113580 6472       3       org.apache.catalina.connector.Request::getPathInfo (11 bytes)
Event: 41.849 Thread 0x00000237c5113580 nmethod 6472 0x00000237e1606c10 code [0x00000237e1606dc0, 0x00000237e1606f10]
Event: 41.849 Thread 0x00000237c5113580 6480       3       org.apache.tomcat.util.buf.MessageBytes::getCharset (8 bytes)
Event: 41.849 Thread 0x00000237c5113580 nmethod 6480 0x00000237e1607010 code [0x00000237e16071c0, 0x00000237e16073d0]
Event: 41.849 Thread 0x00000237c5113580 6481       3       org.apache.tomcat.util.buf.ByteChunk::getCharset (19 bytes)
Event: 41.849 Thread 0x00000237c5113580 nmethod 6481 0x00000237e1607490 code [0x00000237e1607620, 0x00000237e16077c0]
Event: 41.849 Thread 0x00000237c5113580 6475       3       java.util.concurrent.locks.AbstractQueuedSynchronizer::releaseShared (19 bytes)
Event: 41.850 Thread 0x00000237c5113580 nmethod 6475 0x00000237e1607890 code [0x00000237e1607aa0, 0x00000237e1608098]
Event: 41.854 Thread 0x00000237f558af00 6482       4       java.nio.MappedByteBuffer::position (6 bytes)
Event: 41.855 Thread 0x00000237f558af00 nmethod 6482 0x00000237e88b7310 code [0x00000237e88b74a0, 0x00000237e88b7598]
Event: 41.863 Thread 0x00000237c5113580 6483       3       java.io.FileDescriptor$1::get (5 bytes)
Event: 41.863 Thread 0x00000237c5113580 nmethod 6483 0x00000237e1608290 code [0x00000237e1608420, 0x00000237e1608538]
Event: 41.865 Thread 0x00000237f558af00 6484       4       java.nio.HeapByteBuffer::put (12 bytes)
Event: 41.873 Thread 0x00000237f558af00 nmethod 6484 0x00000237e88b7690 code [0x00000237e88b7880, 0x00000237e88b7f80]
Event: 41.873 Thread 0x00000237f558af00 6485       4       org.apache.tomcat.util.net.SocketWrapperBase::transfer (46 bytes)
Event: 41.883 Thread 0x00000237f558af00 nmethod 6485 0x00000237e88b8710 code [0x00000237e88b8900, 0x00000237e88b90b0]

GC Heap History (20 events):
Event: 1.331 GC heap before
{Heap before GC invocations=1 (full 0):
 garbage-first heap   total reserved 2035712K, committed 129024K, used 37247K [0x0000000083c00000, 0x0000000100000000)
  region size 1024K, 35 young (35840K), 3 survivors (3072K)
 Metaspace       used 15109K, committed 15424K, reserved 1114112K
  class space    used 1828K, committed 1984K, reserved 1048576K
}
Event: 1.336 GC heap after
{Heap after GC invocations=2 (full 0):
 garbage-first heap   total reserved 2035712K, committed 129024K, used 8518K [0x0000000083c00000, 0x0000000100000000)
  region size 1024K, 4 young (4096K), 4 survivors (4096K)
 Metaspace       used 15109K, committed 15424K, reserved 1114112K
  class space    used 1828K, committed 1984K, reserved 1048576K
}
Event: 2.290 GC heap before
{Heap before GC invocations=2 (full 0):
 garbage-first heap   total reserved 2035712K, committed 129024K, used 49478K [0x0000000083c00000, 0x0000000100000000)
  region size 1024K, 46 young (47104K), 4 survivors (4096K)
 Metaspace       used 21195K, committed 21504K, reserved 1114112K
  class space    used 2611K, committed 2752K, reserved 1048576K
}
Event: 2.297 GC heap after
{Heap after GC invocations=3 (full 0):
 garbage-first heap   total reserved 2035712K, committed 129024K, used 11902K [0x0000000083c00000, 0x0000000100000000)
  region size 1024K, 7 young (7168K), 7 survivors (7168K)
 Metaspace       used 21195K, committed 21504K, reserved 1114112K
  class space    used 2611K, committed 2752K, reserved 1048576K
}
Event: 2.856 GC heap before
{Heap before GC invocations=4 (full 0):
 garbage-first heap   total reserved 2035712K, committed 45056K, used 31358K [0x0000000083c00000, 0x0000000100000000)
  region size 1024K, 26 young (26624K), 7 survivors (7168K)
 Metaspace       used 24539K, committed 24960K, reserved 1114112K
  class space    used 3078K, committed 3264K, reserved 1048576K
}
Event: 2.863 GC heap after
{Heap after GC invocations=5 (full 0):
 garbage-first heap   total reserved 2035712K, committed 45056K, used 13952K [0x0000000083c00000, 0x0000000100000000)
  region size 1024K, 3 young (3072K), 3 survivors (3072K)
 Metaspace       used 24539K, committed 24960K, reserved 1114112K
  class space    used 3078K, committed 3264K, reserved 1048576K
}
Event: 3.318 GC heap before
{Heap before GC invocations=5 (full 0):
 garbage-first heap   total reserved 2035712K, committed 45056K, used 34432K [0x0000000083c00000, 0x0000000100000000)
  region size 1024K, 24 young (24576K), 3 survivors (3072K)
 Metaspace       used 27061K, committed 27584K, reserved 1114112K
  class space    used 3448K, committed 3648K, reserved 1048576K
}
Event: 3.322 GC heap after
{Heap after GC invocations=6 (full 0):
 garbage-first heap   total reserved 2035712K, committed 45056K, used 15164K [0x0000000083c00000, 0x0000000100000000)
  region size 1024K, 2 young (2048K), 2 survivors (2048K)
 Metaspace       used 27061K, committed 27584K, reserved 1114112K
  class space    used 3448K, committed 3648K, reserved 1048576K
}
Event: 4.025 GC heap before
{Heap before GC invocations=6 (full 0):
 garbage-first heap   total reserved 2035712K, committed 45056K, used 36668K [0x0000000083c00000, 0x0000000100000000)
  region size 1024K, 23 young (23552K), 2 survivors (2048K)
 Metaspace       used 32380K, committed 32896K, reserved 1114112K
  class space    used 4187K, committed 4416K, reserved 1048576K
}
Event: 4.030 GC heap after
{Heap after GC invocations=7 (full 0):
 garbage-first heap   total reserved 2035712K, committed 45056K, used 17061K [0x0000000083c00000, 0x0000000100000000)
  region size 1024K, 3 young (3072K), 3 survivors (3072K)
 Metaspace       used 32380K, committed 32896K, reserved 1114112K
  class space    used 4187K, committed 4416K, reserved 1048576K
}
Event: 4.270 GC heap before
{Heap before GC invocations=7 (full 0):
 garbage-first heap   total reserved 2035712K, committed 45056K, used 32421K [0x0000000083c00000, 0x0000000100000000)
  region size 1024K, 20 young (20480K), 3 survivors (3072K)
 Metaspace       used 35619K, committed 36096K, reserved 1114112K
  class space    used 4605K, committed 4800K, reserved 1048576K
}
Event: 4.275 GC heap after
{Heap after GC invocations=8 (full 0):
 garbage-first heap   total reserved 2035712K, committed 45056K, used 19596K [0x0000000083c00000, 0x0000000100000000)
  region size 1024K, 3 young (3072K), 3 survivors (3072K)
 Metaspace       used 35619K, committed 36096K, reserved 1114112K
  class space    used 4605K, committed 4800K, reserved 1048576K
}
Event: 4.722 GC heap before
{Heap before GC invocations=9 (full 0):
 garbage-first heap   total reserved 2035712K, committed 45056K, used 38028K [0x0000000083c00000, 0x0000000100000000)
  region size 1024K, 21 young (21504K), 3 survivors (3072K)
 Metaspace       used 40102K, committed 40768K, reserved 1114112K
  class space    used 5225K, committed 5504K, reserved 1048576K
}
Event: 4.727 GC heap after
{Heap after GC invocations=10 (full 0):
 garbage-first heap   total reserved 2035712K, committed 45056K, used 22304K [0x0000000083c00000, 0x0000000100000000)
  region size 1024K, 3 young (3072K), 3 survivors (3072K)
 Metaspace       used 40102K, committed 40768K, reserved 1114112K
  class space    used 5225K, committed 5504K, reserved 1048576K
}
Event: 5.013 GC heap before
{Heap before GC invocations=10 (full 0):
 garbage-first heap   total reserved 2035712K, committed 45056K, used 36640K [0x0000000083c00000, 0x0000000100000000)
  region size 1024K, 18 young (18432K), 3 survivors (3072K)
 Metaspace       used 42585K, committed 43200K, reserved 1114112K
  class space    used 5559K, committed 5824K, reserved 1048576K
}
Event: 5.018 GC heap after
{Heap after GC invocations=11 (full 0):
 garbage-first heap   total reserved 2035712K, committed 54272K, used 24134K [0x0000000083c00000, 0x0000000100000000)
  region size 1024K, 3 young (3072K), 3 survivors (3072K)
 Metaspace       used 42585K, committed 43200K, reserved 1114112K
  class space    used 5559K, committed 5824K, reserved 1048576K
}
Event: 5.404 GC heap before
{Heap before GC invocations=11 (full 0):
 garbage-first heap   total reserved 2035712K, committed 54272K, used 44614K [0x0000000083c00000, 0x0000000100000000)
  region size 1024K, 23 young (23552K), 3 survivors (3072K)
 Metaspace       used 45061K, committed 45696K, reserved 1114112K
  class space    used 5944K, committed 6208K, reserved 1048576K
}
Event: 5.408 GC heap after
{Heap after GC invocations=12 (full 0):
 garbage-first heap   total reserved 2035712K, committed 54272K, used 25259K [0x0000000083c00000, 0x0000000100000000)
  region size 1024K, 3 young (3072K), 3 survivors (3072K)
 Metaspace       used 45061K, committed 45696K, reserved 1114112K
  class space    used 5944K, committed 6208K, reserved 1048576K
}
Event: 41.531 GC heap before
{Heap before GC invocations=12 (full 0):
 garbage-first heap   total reserved 2035712K, committed 54272K, used 44715K [0x0000000083c00000, 0x0000000100000000)
  region size 1024K, 23 young (23552K), 3 survivors (3072K)
 Metaspace       used 48651K, committed 49344K, reserved 1114112K
  class space    used 6469K, committed 6784K, reserved 1048576K
}
Event: 41.542 GC heap after
{Heap after GC invocations=13 (full 0):
 garbage-first heap   total reserved 2035712K, committed 54272K, used 26328K [0x0000000083c00000, 0x0000000100000000)
  region size 1024K, 2 young (2048K), 2 survivors (2048K)
 Metaspace       used 48651K, committed 49344K, reserved 1114112K
  class space    used 6469K, committed 6784K, reserved 1048576K
}

Dll operation events (15 events):
Event: 0.010 Loaded shared library C:\Users\HP\.jdks\openjdk-22.0.2\bin\java.dll
Event: 0.039 Loaded shared library C:\Users\HP\.jdks\openjdk-22.0.2\bin\jsvml.dll
Event: 0.106 Loaded shared library C:\Users\HP\.jdks\openjdk-22.0.2\bin\zip.dll
Event: 0.109 Loaded shared library C:\Users\HP\.jdks\openjdk-22.0.2\bin\instrument.dll
Event: 0.114 Loaded shared library C:\Users\HP\.jdks\openjdk-22.0.2\bin\net.dll
Event: 0.116 Loaded shared library C:\Users\HP\.jdks\openjdk-22.0.2\bin\nio.dll
Event: 0.119 Loaded shared library C:\Users\HP\.jdks\openjdk-22.0.2\bin\zip.dll
Event: 0.177 Loaded shared library D:\IntelliJ IDEA Community Edition 2024.1.4\bin\breakgen64.dll
Event: 0.188 Loaded shared library C:\Users\HP\.jdks\openjdk-22.0.2\bin\extnet.dll
Event: 0.225 Loaded shared library C:\Users\HP\.jdks\openjdk-22.0.2\bin\jimage.dll
Event: 0.550 Loaded shared library C:\Users\HP\.jdks\openjdk-22.0.2\bin\management.dll
Event: 0.553 Loaded shared library C:\Users\HP\.jdks\openjdk-22.0.2\bin\management_ext.dll
Event: 1.121 Loaded shared library C:\Users\HP\.jdks\openjdk-22.0.2\bin\le.dll
Event: 1.479 Loaded shared library C:\Users\HP\.jdks\openjdk-22.0.2\bin\sunmscapi.dll
Event: 41.443 Loaded shared library C:\Users\HP\.jdks\openjdk-22.0.2\bin\verify.dll

Deoptimization events (20 events):
Event: 41.650 Thread 0x00000237c89be140 Uncommon trap: trap_request=0xffffff45 fr.pc=0x00000237e865637c relative=0x00000000000001bc
Event: 41.650 Thread 0x00000237c89be7d0 Uncommon trap: trap_request=0xffffff45 fr.pc=0x00000237e865637c relative=0x00000000000001bc
Event: 41.650 Thread 0x00000237c89be140 Uncommon trap: reason=unstable_if action=reinterpret pc=0x00000237e865637c method=java.util.HashMap.getNode(Ljava/lang/Object;)Ljava/util/HashMap$Node; @ 66 c2
Event: 41.650 Thread 0x00000237c89be7d0 Uncommon trap: reason=unstable_if action=reinterpret pc=0x00000237e865637c method=java.util.HashMap.getNode(Ljava/lang/Object;)Ljava/util/HashMap$Node; @ 66 c2
Event: 41.650 Thread 0x00000237c89be140 DEOPT PACKING pc=0x00000237e865637c sp=0x000000dd31dfa960
Event: 41.650 Thread 0x00000237c89be7d0 DEOPT PACKING pc=0x00000237e865637c sp=0x000000dd31efa920
Event: 41.650 Thread 0x00000237c89be7d0 DEOPT UNPACKING pc=0x00000237e7fb7da2 sp=0x000000dd31efa8a0 mode 2
Event: 41.650 Thread 0x00000237c89be140 DEOPT UNPACKING pc=0x00000237e7fb7da2 sp=0x000000dd31dfa8e0 mode 2
Event: 41.650 Thread 0x00000237c89be7d0 Uncommon trap: trap_request=0xffffff45 fr.pc=0x00000237e87f2604 relative=0x0000000000000844
Event: 41.650 Thread 0x00000237c89be140 Uncommon trap: trap_request=0xffffff45 fr.pc=0x00000237e87f2604 relative=0x0000000000000844
Event: 41.650 Thread 0x00000237c89be7d0 Uncommon trap: reason=unstable_if action=reinterpret pc=0x00000237e87f2604 method=java.util.HashMap.putVal(ILjava/lang/Object;Ljava/lang/Object;ZZ)Ljava/lang/Object; @ 94 c2
Event: 41.650 Thread 0x00000237c89be140 Uncommon trap: reason=unstable_if action=reinterpret pc=0x00000237e87f2604 method=java.util.HashMap.putVal(ILjava/lang/Object;Ljava/lang/Object;ZZ)Ljava/lang/Object; @ 94 c2
Event: 41.650 Thread 0x00000237c89be7d0 DEOPT PACKING pc=0x00000237e87f2604 sp=0x000000dd31efa8c0
Event: 41.650 Thread 0x00000237c89be140 DEOPT PACKING pc=0x00000237e87f2604 sp=0x000000dd31dfa900
Event: 41.650 Thread 0x00000237c89be7d0 DEOPT UNPACKING pc=0x00000237e7fb7da2 sp=0x000000dd31efa878 mode 2
Event: 41.650 Thread 0x00000237c89be140 DEOPT UNPACKING pc=0x00000237e7fb7da2 sp=0x000000dd31dfa8b8 mode 2
Event: 41.735 Thread 0x00000237c89bfb80 Uncommon trap: trap_request=0xffffffdc fr.pc=0x00000237e88a7f8c relative=0x000000000000024c
Event: 41.735 Thread 0x00000237c89bfb80 Uncommon trap: reason=class_check action=make_not_entrant pc=0x00000237e88a7f8c method=java.util.ArrayList.toArray([Ljava/lang/Object;)[Ljava/lang/Object; @ 21 c2
Event: 41.735 Thread 0x00000237c89bfb80 DEOPT PACKING pc=0x00000237e88a7f8c sp=0x000000dd322fb700
Event: 41.735 Thread 0x00000237c89bfb80 DEOPT UNPACKING pc=0x00000237e7fb7da2 sp=0x000000dd322fb6c0 mode 2

Classes loaded (20 events):
Event: 41.474 Loading class java/time/format/DateTimeFormatterBuilder$ZoneTextPrinterParser
Event: 41.474 Loading class java/time/format/DateTimeFormatterBuilder$ZoneTextPrinterParser done
Event: 41.475 Loading class java/time/format/DateTimeFormatterBuilder$ReducedPrinterParser
Event: 41.475 Loading class java/time/format/DateTimeFormatterBuilder$ReducedPrinterParser done
Event: 41.494 Loading class java/util/OptionalLong
Event: 41.495 Loading class java/util/OptionalLong done
Event: 41.495 Loading class java/util/OptionalDouble
Event: 41.496 Loading class java/util/OptionalDouble done
Event: 41.514 Loading class java/util/AbstractMap$SimpleEntry
Event: 41.515 Loading class java/util/AbstractMap$SimpleEntry done
Event: 41.569 Loading class java/util/stream/LongStream
Event: 41.570 Loading class java/util/stream/LongStream done
Event: 41.570 Loading class java/util/stream/DoubleStream
Event: 41.571 Loading class java/util/stream/DoubleStream done
Event: 41.610 Loading class org/w3c/dom/Node
Event: 41.611 Loading class org/w3c/dom/Node done
Event: 41.611 Loading class org/w3c/dom/Document
Event: 41.611 Loading class org/w3c/dom/Document done
Event: 41.706 Loading class java/util/ArrayList$SubList$2
Event: 41.706 Loading class java/util/ArrayList$SubList$2 done

Classes unloaded (0 events):
No events

Classes redefined (0 events):
No events

Internal exceptions (20 events):
Event: 4.416 Thread 0x00000237c5bcdfc0 Exception <a 'java/lang/IncompatibleClassChangeError'{0x000000008870bd80}: Found class java.lang.Object, but interface was expected> (0x000000008870bd80) 
thrown [s\open\src\hotspot\share\interpreter\linkResolver.cpp, line 841]
Event: 4.427 Thread 0x00000237c5bcdfc0 Exception <a 'java/lang/NoSuchMethodError'{0x000000008877b6d0}: 'java.lang.Object java.lang.invoke.DirectMethodHandle$Holder.newInvokeSpecial(java.lang.Object, java.lang.Object, java.lang.Object, java.lang.Object, java.lang.Object, java.lang.Object)'> (0x000000008877b6d0) 
thrown [s\open\src\hotspot\share\interpreter\linkResolver.cpp, line 774]
Event: 4.557 Thread 0x00000237c5bcdfc0 Exception <a 'java/lang/NoSuchMethodError'{0x0000000085dbefc8}: 'java.lang.Object java.lang.invoke.DirectMethodHandle$Holder.invokeStatic(java.lang.Object, java.lang.Object, int, java.lang.Object)'> (0x0000000085dbefc8) 
thrown [s\open\src\hotspot\share\interpreter\linkResolver.cpp, line 774]
Event: 4.558 Thread 0x00000237c5bcdfc0 Exception <a 'java/lang/NoSuchMethodError'{0x0000000085dc5638}: 'java.lang.Object java.lang.invoke.DirectMethodHandle$Holder.newInvokeSpecial(java.lang.Object, java.lang.Object, int)'> (0x0000000085dc5638) 
thrown [s\open\src\hotspot\share\interpreter\linkResolver.cpp, line 774]
Event: 4.630 Thread 0x00000237c5bcdfc0 Exception <a 'java/io/FileNotFoundException'{0x0000000085a99c80}> (0x0000000085a99c80) 
thrown [s\open\src\hotspot\share\prims\jni.cpp, line 520]
Event: 4.631 Thread 0x00000237c5bcdfc0 Exception <a 'java/io/FileNotFoundException'{0x0000000085aa3c30}> (0x0000000085aa3c30) 
thrown [s\open\src\hotspot\share\prims\jni.cpp, line 520]
Event: 4.756 Thread 0x00000237c5bcdfc0 Exception <a 'java/lang/NoSuchMethodError'{0x0000000088af56d0}: 'java.lang.Object java.lang.invoke.DirectMethodHandle$Holder.newInvokeSpecial(java.lang.Object, java.lang.Object, java.lang.Object, java.lang.Object, java.lang.Object, java.lang.Object, java.lang.Object, java.lang.Object)'> (0x0000000088af56d0) 
thrown [s\open\src\hotspot\share\interpreter\linkResolver.cpp, line 774]
Event: 5.119 Thread 0x00000237c5bcdfc0 Exception <a 'java/lang/IncompatibleClassChangeError'{0x0000000088594960}: Found class java.lang.Object, but interface was expected> (0x0000000088594960) 
thrown [s\open\src\hotspot\share\interpreter\linkResolver.cpp, line 841]
Event: 5.282 Thread 0x00000237c5bcdfc0 Exception <a 'java/lang/NoSuchMethodError'{0x0000000086287e08}: 'void java.lang.invoke.DirectMethodHandle$Holder.invokeVirtual(java.lang.Object, java.lang.Object, long)'> (0x0000000086287e08) 
thrown [s\open\src\hotspot\share\interpreter\linkResolver.cpp, line 774]
Event: 5.344 Thread 0x00000237c5bcdfc0 Exception <a 'java/lang/NoSuchMethodError'{0x0000000085f3d730}: 'int java.lang.invoke.DirectMethodHandle$Holder.invokeStaticInit(java.lang.Object, java.lang.Object, java.lang.Object, java.lang.Object)'> (0x0000000085f3d730) 
thrown [s\open\src\hotspot\share\interpreter\linkResolver.cpp, line 774]
Event: 5.460 Thread 0x00000237c5bcdfc0 Exception <a 'java/lang/NoSuchMethodError'{0x0000000088b127e8}: 'java.lang.Object java.lang.invoke.DirectMethodHandle$Holder.newInvokeSpecial(java.lang.Object, java.lang.Object, int, java.lang.Object, java.lang.Object)'> (0x0000000088b127e8) 
thrown [s\open\src\hotspot\share\interpreter\linkResolver.cpp, line 774]
Event: 40.114 Thread 0x00000237c89be7d0 Exception <a 'java/lang/NoSuchMethodError'{0x00000000885bd3f8}: 'java.lang.Object java.lang.invoke.DirectMethodHandle$Holder.invokeSpecial(java.lang.Object, java.lang.Object, java.lang.Object, java.lang.Object, java.lang.Object, long)'> (0x00000000885bd3f8) 
thrown [s\open\src\hotspot\share\interpreter\linkResolver.cpp, line 774]
Event: 40.115 Thread 0x00000237c89be7d0 Exception <a 'java/lang/NoSuchMethodError'{0x00000000885c0bb8}: 'java.lang.Object java.lang.invoke.Invokers$Holder.linkToTargetMethod(java.lang.Object, java.lang.Object, java.lang.Object, long, java.lang.Object)'> (0x00000000885c0bb8) 
thrown [s\open\src\hotspot\share\interpreter\linkResolver.cpp, line 774]
Event: 40.336 Thread 0x00000237c89be7d0 Implicit null exception at 0x00000237e8825ff5 to 0x00000237e8826463
Event: 40.336 Thread 0x00000237c89be140 Implicit null exception at 0x00000237e881c763 to 0x00000237e881cab7
Event: 40.337 Thread 0x00000237c89be7d0 Implicit null exception at 0x00000237e87f7cd1 to 0x00000237e87f7fc4
Event: 41.447 Thread 0x00000237c89be140 Exception <a 'java/lang/NoSuchMethodError'{0x0000000085eeb590}: 'void java.lang.invoke.Invokers$Holder.invoke_MT(java.lang.Object, java.lang.Object, java.lang.Object, java.lang.Object)'> (0x0000000085eeb590) 
thrown [s\open\src\hotspot\share\interpreter\linkResolver.cpp, line 774]
Event: 41.447 Thread 0x00000237c89be7d0 Exception <a 'java/lang/NoSuchMethodError'{0x0000000085e8a3c0}: 'void java.lang.invoke.Invokers$Holder.invoke_MT(java.lang.Object, java.lang.Object, java.lang.Object, java.lang.Object)'> (0x0000000085e8a3c0) 
thrown [s\open\src\hotspot\share\interpreter\linkResolver.cpp, line 774]
Event: 41.705 Thread 0x00000237c89c22e0 Exception <a 'java/lang/NoSuchMethodError'{0x0000000088a173a8}: 'java.lang.Object java.lang.invoke.DirectMethodHandle$Holder.invokeStatic(java.lang.Object, int, int)'> (0x0000000088a173a8) 
thrown [s\open\src\hotspot\share\interpreter\linkResolver.cpp, line 774]
Event: 41.706 Thread 0x00000237c89bee60 Exception <a 'java/lang/NoSuchMethodError'{0x0000000088a18b78}: 'java.lang.Object java.lang.invoke.DirectMethodHandle$Holder.invokeStatic(java.lang.Object, int, int)'> (0x0000000088a18b78) 
thrown [s\open\src\hotspot\share\interpreter\linkResolver.cpp, line 774]

ZGC Phase Switch (0 events):
No events

VM Operations (20 events):
Event: 37.702 Executing VM operation: Cleanup
Event: 37.702 Executing VM operation: Cleanup done
Event: 40.145 Executing VM operation: HandshakeAllThreads (Deoptimize)
Event: 40.145 Executing VM operation: HandshakeAllThreads (Deoptimize) done
Event: 40.145 Executing VM operation: Cleanup
Event: 40.145 Executing VM operation: Cleanup done
Event: 40.298 Executing VM operation: HandshakeAllThreads (Deoptimize)
Event: 40.298 Executing VM operation: HandshakeAllThreads (Deoptimize) done
Event: 40.350 Executing VM operation: HandshakeAllThreads (Deoptimize)
Event: 40.350 Executing VM operation: HandshakeAllThreads (Deoptimize) done
Event: 41.243 Executing VM operation: HandshakeAllThreads (Deoptimize)
Event: 41.243 Executing VM operation: HandshakeAllThreads (Deoptimize) done
Event: 41.243 Executing VM operation: Cleanup
Event: 41.243 Executing VM operation: Cleanup done
Event: 41.477 Executing VM operation: HandshakeAllThreads (Deoptimize)
Event: 41.478 Executing VM operation: HandshakeAllThreads (Deoptimize) done
Event: 41.531 Executing VM operation: G1CollectForAllocation (G1 Evacuation Pause)
Event: 41.542 Executing VM operation: G1CollectForAllocation (G1 Evacuation Pause) done
Event: 41.579 Executing VM operation: HandshakeAllThreads (Deoptimize)
Event: 41.579 Executing VM operation: HandshakeAllThreads (Deoptimize) done

Memory protections (0 events):
No events

Nmethod flushes (20 events):
Event: 4.298 Thread 0x00000237f555b620 flushing  nmethod 0x00000237e0adca90
Event: 4.298 Thread 0x00000237f555b620 flushing  nmethod 0x00000237e0add190
Event: 4.298 Thread 0x00000237f555b620 flushing  nmethod 0x00000237e0add690
Event: 4.298 Thread 0x00000237f555b620 flushing  nmethod 0x00000237e0adde10
Event: 4.298 Thread 0x00000237f555b620 flushing  nmethod 0x00000237e0ade710
Event: 4.298 Thread 0x00000237f555b620 flushing  nmethod 0x00000237e0c1c710
Event: 4.298 Thread 0x00000237f555b620 flushing  nmethod 0x00000237e0c1cb90
Event: 4.298 Thread 0x00000237f555b620 flushing  nmethod 0x00000237e0c41e90
Event: 4.298 Thread 0x00000237f555b620 flushing  nmethod 0x00000237e0e45c10
Event: 4.298 Thread 0x00000237f555b620 flushing  nmethod 0x00000237e0e48790
Event: 4.298 Thread 0x00000237f555b620 flushing  nmethod 0x00000237e0e49e10
Event: 4.298 Thread 0x00000237f555b620 flushing  nmethod 0x00000237e0e4ae10
Event: 4.298 Thread 0x00000237f555b620 flushing  nmethod 0x00000237e0e4b710
Event: 4.298 Thread 0x00000237f555b620 flushing  nmethod 0x00000237e0e4c810
Event: 4.298 Thread 0x00000237f555b620 flushing  nmethod 0x00000237e0e4cd10
Event: 4.298 Thread 0x00000237f555b620 flushing  nmethod 0x00000237e0e7db90
Event: 4.298 Thread 0x00000237f555b620 flushing  nmethod 0x00000237e0e7ef10
Event: 4.298 Thread 0x00000237f555b620 flushing  nmethod 0x00000237e0e7f810
Event: 4.298 Thread 0x00000237f555b620 flushing  nmethod 0x00000237e0e80390
Event: 4.298 Thread 0x00000237f555b620 flushing  nmethod 0x00000237e0fd1e90

Events (20 events):
Event: 5.469 Thread 0x00000237c5bcdfc0 Thread added: 0x00000237c89c0210
Event: 5.469 Thread 0x00000237c5bcdfc0 Thread added: 0x00000237c89c08a0
Event: 5.469 Thread 0x00000237c5bcdfc0 Thread added: 0x00000237c89c3000
Event: 5.474 Thread 0x00000237c5bcdfc0 Thread added: 0x00000237c89c3690
Event: 5.476 Thread 0x00000237c5bcdfc0 Thread added: 0x00000237ca112570
Event: 5.493 Thread 0x00000237c5bcdfc0 Thread exited: 0x00000237c5bcdfc0
Event: 5.495 Thread 0x00000237c57f4ab0 Thread exited: 0x00000237c57f4ab0
Event: 5.496 Thread 0x00000237d6dcac10 Thread exited: 0x00000237d6dcac10
Event: 5.496 Thread 0x00000237ca114640 Thread added: 0x00000237ca114640
Event: 7.083 Thread 0x00000237c65ad3d0 Thread exited: 0x00000237c65ad3d0
Event: 7.083 Thread 0x00000237c54d40e0 Thread exited: 0x00000237c54d40e0
Event: 40.250 Thread 0x00000237c5113580 Thread added: 0x00000237c8597bb0
Event: 40.280 Thread 0x00000237c5113580 Thread added: 0x00000237c9b19ff0
Event: 40.788 Thread 0x00000237c9b19ff0 Thread exited: 0x00000237c9b19ff0
Event: 41.101 Thread 0x00000237f558af00 Thread added: 0x00000237c939acb0
Event: 41.262 Thread 0x00000237c939acb0 Thread exited: 0x00000237c939acb0
Event: 41.386 Thread 0x00000237c8597bb0 Thread exited: 0x00000237c8597bb0
Event: 41.455 Thread 0x00000237c5113580 Thread added: 0x00000237c939acb0
Event: 41.750 Thread 0x00000237c89c3690 Thread added: 0x00000237ca115360
Event: 41.752 Thread 0x00000237c89c3690 Thread added: 0x00000237ca112c00


Dynamic libraries:
0x00007ff7219f0000 - 0x00007ff7219fe000 	C:\Users\HP\.jdks\openjdk-22.0.2\bin\java.exe
0x00007ff835b90000 - 0x00007ff835da7000 	C:\WINDOWS\SYSTEM32\ntdll.dll
0x00007ff8353c0000 - 0x00007ff835484000 	C:\WINDOWS\System32\KERNEL32.DLL
0x00007ff8331f0000 - 0x00007ff83359d000 	C:\WINDOWS\System32\KERNELBASE.dll
0x00007ff833660000 - 0x00007ff833771000 	C:\WINDOWS\System32\ucrtbase.dll
0x00007ff82e3a0000 - 0x00007ff82e3b7000 	C:\Users\HP\.jdks\openjdk-22.0.2\bin\jli.dll
0x00007ff829a20000 - 0x00007ff829a3b000 	C:\Users\HP\.jdks\openjdk-22.0.2\bin\VCRUNTIME140.dll
0x00007ff8343f0000 - 0x00007ff83459e000 	C:\WINDOWS\System32\USER32.dll
0x00007ff8338a0000 - 0x00007ff8338c6000 	C:\WINDOWS\System32\win32u.dll
0x00007ff817c60000 - 0x00007ff817ef3000 	C:\WINDOWS\WinSxS\amd64_microsoft.windows.common-controls_6595b64144ccf1df_6.0.22621.3672_none_2713b9d173822955\COMCTL32.dll
0x00007ff835820000 - 0x00007ff835849000 	C:\WINDOWS\System32\GDI32.dll
0x00007ff833bb0000 - 0x00007ff833c57000 	C:\WINDOWS\System32\msvcrt.dll
0x00007ff833780000 - 0x00007ff833899000 	C:\WINDOWS\System32\gdi32full.dll
0x00007ff8330d0000 - 0x00007ff83316a000 	C:\WINDOWS\System32\msvcp_win.dll
0x00007ff8343b0000 - 0x00007ff8343e1000 	C:\WINDOWS\System32\IMM32.DLL
0x00007ff82f110000 - 0x00007ff82f11c000 	C:\Users\HP\.jdks\openjdk-22.0.2\bin\vcruntime140_1.dll
0x00007ff806930000 - 0x00007ff8069be000 	C:\Users\HP\.jdks\openjdk-22.0.2\bin\msvcp140.dll
0x00007fffcfa20000 - 0x00007fffd0769000 	C:\Users\HP\.jdks\openjdk-22.0.2\bin\server\jvm.dll
0x00007ff833ae0000 - 0x00007ff833b92000 	C:\WINDOWS\System32\ADVAPI32.dll
0x00007ff8345a0000 - 0x00007ff834649000 	C:\WINDOWS\System32\sechost.dll
0x00007ff832ec0000 - 0x00007ff832ee8000 	C:\WINDOWS\System32\bcrypt.dll
0x00007ff8356a0000 - 0x00007ff8357b4000 	C:\WINDOWS\System32\RPCRT4.dll
0x00007ff835340000 - 0x00007ff8353b1000 	C:\WINDOWS\System32\WS2_32.dll
0x00007ff832d80000 - 0x00007ff832dcd000 	C:\WINDOWS\SYSTEM32\POWRPROF.dll
0x00007ff82e200000 - 0x00007ff82e234000 	C:\WINDOWS\SYSTEM32\WINMM.dll
0x00007ff82e1f0000 - 0x00007ff82e1fa000 	C:\WINDOWS\SYSTEM32\VERSION.dll
0x00007ff832d60000 - 0x00007ff832d73000 	C:\WINDOWS\SYSTEM32\UMPDC.dll
0x00007ff831eb0000 - 0x00007ff831ec8000 	C:\WINDOWS\SYSTEM32\kernel.appcore.dll
0x00007ff82e430000 - 0x00007ff82e43a000 	C:\Users\HP\.jdks\openjdk-22.0.2\bin\jimage.dll
0x00007ff8306d0000 - 0x00007ff830902000 	C:\WINDOWS\SYSTEM32\DBGHELP.DLL
0x00007ff834660000 - 0x00007ff8349e8000 	C:\WINDOWS\System32\combase.dll
0x00007ff833dc0000 - 0x00007ff833e97000 	C:\WINDOWS\System32\OLEAUT32.dll
0x00007ff80ef40000 - 0x00007ff80ef72000 	C:\WINDOWS\SYSTEM32\dbgcore.DLL
0x00007ff833170000 - 0x00007ff8331eb000 	C:\WINDOWS\System32\bcryptPrimitives.dll
0x00007ff82e390000 - 0x00007ff82e39f000 	C:\Users\HP\.jdks\openjdk-22.0.2\bin\instrument.dll
0x00007ff829980000 - 0x00007ff82999e000 	C:\Users\HP\.jdks\openjdk-22.0.2\bin\java.dll
0x00007ff834a80000 - 0x00007ff8352df000 	C:\WINDOWS\System32\SHELL32.dll
0x00007ff8354f0000 - 0x00007ff835695000 	C:\WINDOWS\System32\ole32.dll
0x00007ff830dc0000 - 0x00007ff8316bc000 	C:\WINDOWS\SYSTEM32\windows.storage.dll
0x00007ff830c80000 - 0x00007ff830dbf000 	C:\WINDOWS\SYSTEM32\wintypes.dll
0x00007ff8339e0000 - 0x00007ff833ad4000 	C:\WINDOWS\System32\SHCORE.dll
0x00007ff8352e0000 - 0x00007ff83533e000 	C:\WINDOWS\System32\shlwapi.dll
0x00007ff832df0000 - 0x00007ff832e11000 	C:\WINDOWS\SYSTEM32\profapi.dll
0x00007ff806780000 - 0x00007ff806857000 	C:\Users\HP\.jdks\openjdk-22.0.2\bin\jsvml.dll
0x00007ff829810000 - 0x00007ff829827000 	C:\Users\HP\.jdks\openjdk-22.0.2\bin\zip.dll
0x00007ff82e250000 - 0x00007ff82e260000 	C:\Users\HP\.jdks\openjdk-22.0.2\bin\net.dll
0x00007ff832320000 - 0x00007ff832389000 	C:\WINDOWS\system32\mswsock.dll
0x00007ff825de0000 - 0x00007ff825df6000 	C:\Users\HP\.jdks\openjdk-22.0.2\bin\nio.dll
0x00007ff825930000 - 0x00007ff82594a000 	D:\IntelliJ IDEA Community Edition 2024.1.4\bin\breakgen64.dll
0x00007ff82dcb0000 - 0x00007ff82dcb9000 	C:\Users\HP\.jdks\openjdk-22.0.2\bin\extnet.dll
0x00007ff82dc90000 - 0x00007ff82dc9a000 	C:\Users\HP\.jdks\openjdk-22.0.2\bin\management.dll
0x00007ff829a10000 - 0x00007ff829a1b000 	C:\Users\HP\.jdks\openjdk-22.0.2\bin\management_ext.dll
0x00007ff8338d0000 - 0x00007ff8338d8000 	C:\WINDOWS\System32\PSAPI.DLL
0x00007ff829900000 - 0x00007ff82990b000 	C:\Users\HP\.jdks\openjdk-22.0.2\bin\le.dll
0x00007ff829970000 - 0x00007ff82997e000 	C:\Users\HP\.jdks\openjdk-22.0.2\bin\sunmscapi.dll
0x00007ff832f60000 - 0x00007ff8330c7000 	C:\WINDOWS\System32\CRYPT32.dll
0x00007ff832760000 - 0x00007ff83278e000 	C:\WINDOWS\SYSTEM32\ncrypt.dll
0x00007ff832720000 - 0x00007ff832757000 	C:\WINDOWS\SYSTEM32\NTASN1.dll
0x00007ff8325a0000 - 0x00007ff8325bb000 	C:\WINDOWS\SYSTEM32\CRYPTSP.dll
0x00007ff831e10000 - 0x00007ff831e45000 	C:\WINDOWS\system32\rsaenh.dll
0x00007ff832440000 - 0x00007ff832468000 	C:\WINDOWS\SYSTEM32\USERENV.dll
0x00007ff8325c0000 - 0x00007ff8325cc000 	C:\WINDOWS\SYSTEM32\CRYPTBASE.dll
0x00007ff831920000 - 0x00007ff83194d000 	C:\WINDOWS\SYSTEM32\IPHLPAPI.DLL
0x00007ff834650000 - 0x00007ff834659000 	C:\WINDOWS\System32\NSI.dll
0x00007ff82f260000 - 0x00007ff82f279000 	C:\WINDOWS\SYSTEM32\dhcpcsvc6.DLL
0x00007ff82eea0000 - 0x00007ff82eebf000 	C:\WINDOWS\SYSTEM32\dhcpcsvc.DLL
0x00007ff831990000 - 0x00007ff831a88000 	C:\WINDOWS\SYSTEM32\DNSAPI.dll
0x00007ff80a090000 - 0x00007ff80a098000 	C:\WINDOWS\system32\wshunix.dll
0x00007ff829ab0000 - 0x00007ff829aba000 	C:\Windows\System32\rasadhlp.dll
0x00007ff82e040000 - 0x00007ff82e0c3000 	C:\WINDOWS\System32\fwpuclnt.dll
0x00007ff829800000 - 0x00007ff829810000 	C:\Users\HP\.jdks\openjdk-22.0.2\bin\verify.dll

dbghelp: loaded successfully - version: 4.0.5 - missing functions: none
symbol engine: initialized successfully - sym options: 0x614 - pdb path: .;C:\Users\HP\.jdks\openjdk-22.0.2\bin;C:\WINDOWS\SYSTEM32;C:\WINDOWS\WinSxS\amd64_microsoft.windows.common-controls_6595b64144ccf1df_6.0.22621.3672_none_2713b9d173822955;C:\Users\HP\.jdks\openjdk-22.0.2\bin\server;D:\IntelliJ IDEA Community Edition 2024.1.4\bin

VM Arguments:
jvm_args: -javaagent:D:\IntelliJ IDEA Community Edition 2024.1.4\lib\idea_rt.jar=54883:D:\IntelliJ IDEA Community Edition 2024.1.4\bin -Dfile.encoding=UTF-8 -Dsun.stdout.encoding=UTF-8 -Dsun.stderr.encoding=UTF-8 
java_command: com.abcRestaurant.abcRestaurant.AbcRestaurantApplication
java_class_path (initial): C:\Users\HP\Desktop\BSc 1st Sem\Advanced Programming\abcRestaurant\target\classes;C:\Users\HP\.m2\repository\org\springframework\boot\spring-boot-starter-data-mongodb\3.3.2\spring-boot-starter-data-mongodb-3.3.2.jar;C:\Users\HP\.m2\repository\org\springframework\boot\spring-boot-starter\3.3.2\spring-boot-starter-3.3.2.jar;C:\Users\HP\.m2\repository\org\springframework\boot\spring-boot-starter-logging\3.3.2\spring-boot-starter-logging-3.3.2.jar;C:\Users\HP\.m2\repository\ch\qos\logback\logback-classic\1.5.6\logback-classic-1.5.6.jar;C:\Users\HP\.m2\repository\ch\qos\logback\logback-core\1.5.6\logback-core-1.5.6.jar;C:\Users\HP\.m2\repository\org\apache\logging\log4j\log4j-to-slf4j\2.23.1\log4j-to-slf4j-2.23.1.jar;C:\Users\HP\.m2\repository\org\apache\logging\log4j\log4j-api\2.23.1\log4j-api-2.23.1.jar;C:\Users\HP\.m2\repository\org\slf4j\jul-to-slf4j\2.0.13\jul-to-slf4j-2.0.13.jar;C:\Users\HP\.m2\repository\jakarta\annotation\jakarta.annotation-api\2.1.1\jakarta.annotation-api-2.1.1.jar;C:\Users\HP\.m2\repository\org\yaml\snakeyaml\2.2\snakeyaml-2.2.jar;C:\Users\HP\.m2\repository\org\mongodb\mongodb-driver-sync\5.0.1\mongodb-driver-sync-5.0.1.jar;C:\Users\HP\.m2\repository\org\mongodb\bson\5.0.1\bson-5.0.1.jar;C:\Users\HP\.m2\repository\org\mongodb\mongodb-driver-core\5.0.1\mongodb-driver-core-5.0.1.jar;C:\Users\HP\.m2\repository\org\mongodb\bson-record-codec\5.0.1\bson-record-codec-5.0.1.jar;C:\Users\HP\.m2\repository\org\springframework\data\spring-data-mongodb\4.3.2\spring-data-mongodb-4.3.2.jar;C:\Users\HP\.m2\repository\org\springframework\spring-tx\6.1.11\spring-tx-6.1.11.jar;C:\Users\HP\.m2\repository\org\springframework\spring-context\6.1.11\spring-context-6.1.11.jar;C:\Users\HP\.m2\repository\org\springframework\spring-beans\6.1.11\spring-beans-6.1.11.jar;C:\Users\HP\.m2\repository\org\springframework\spring-expression\6.1.11\spring-expression-6.1.11.jar;C:\Users\HP\.m2\repository\org\springframework\data\spring-data-commons\3.3.2\spring-data-commons-3.3.2.jar;C:\Users\HP\.m2\repository\org\slf4j\slf4j-api\2.0.13\slf4j-api-2.0.13.jar;C:\Users\HP\.m2\repository\org\springframework\boot\spring-boot-starter-web\3.3.2\spring-boot-starter-web-3.3.2.jar;C:\Users\HP\.m2\repository\org\springframework\boot\spring-boot-starter-json\3.3.2\spring-boot-starter-json-3.3.2.jar;C:\Users\HP\.m2\repository\com\fasterxml\jackson\core\jackson-databind\2.17.2\jackson-databind-2.17.2.jar;C:\Users\HP\.m2\repository\com\fasterxml\jackson\core\jackson-annotations\2.17.2\jackson-annotations-2.17.2.jar;C:\Users\HP\.m2\repository\com\fasterxml\jackson\core\jackson-core\2.17.2\jackson-core-2.17.2.jar;C:\Users\HP\.m2\repository\com\fasterxml\jackson\datatype\jackson-datatype-jdk8\2.17.2\jackson-datatype-jdk8-2.17.2.jar;C:\Users\HP\.m2\repository\com\fasterxml\jackson\datatype\jackson-datatype-jsr310\2.17.2\jackson-datatype-jsr310-2.17.2.jar;C:\Users\HP\.m2\repository\com\fasterxml\jackson\module\jackson-module-parameter-names\2.17.2\jackson-module-parameter-names-2.17.2.jar;C:\Users\HP\.m2\repository\org\springframework\boot\spring-boot-starter-tomcat\3.3.2\spring-boot-starter-tomcat-3.3.2.jar;C:\Users\HP\.m2\repository\org\apache\tomcat\embed\tomcat-embed-core\10.1.26\tomcat-embed-core-10.1.26.jar;C:\Users\HP\.m2\repository\org\apache\tomcat\embed\tomcat-embed-el\10.1.26\tomcat-embed-el-10.1.26.jar;C:\Users\HP\.m2\repository\org\apache\tomcat\embed\tomcat-embed-websocket\10.1.26\tomcat-embed-websocket-10.1.26.jar;C:\Users\HP\.m2\repository\org\springframework\spring-web\6.1.11\spring-web-6.1.11.jar;C:\Users\HP\.m2\repository\io\micrometer\micrometer-observation\1.13.2\micrometer-observation-1.13.2.jar;C:\Users\HP\.m2\repository\io\micrometer\micrometer-commons\1.13.2\micrometer-commons-1.13.2.jar;C:\Users\HP\.m2\repository\org\springframework\spring-webmvc\6.1.11\spring-webmvc-6.1.11.jar;C:\Users\HP\.m2\repository\org\springframework\boot\spring-boot-devtools\3.3.2\spring-boot-devtools-3.3.2.jar;C:\Users\HP\.m2\repository\org\springframework\boot\spring-boot\3.3.2\spring-boot-3.3.2.jar;C:\Users\HP\.m2\repository\org\springframework\boot\spring-boot-autoconfigure\3.3.2\spring-boot-autoconfigure-3.3.2.jar;C:\Users\HP\.m2\repository\org\projectlombok\lombok\1.18.34\lombok-1.18.34.jar;C:\Users\HP\.m2\repository\jakarta\activation\jakarta.activation-api\2.1.3\jakarta.activation-api-2.1.3.jar;C:\Users\HP\.m2\repository\org\springframework\spring-core\6.1.11\spring-core-6.1.11.jar;C:\Users\HP\.m2\repository\org\springframework\spring-jcl\6.1.11\spring-jcl-6.1.11.jar;C:\Users\HP\.m2\repository\me\paulschwarz\spring-dotenv\2.5.4\spring-dotenv-2.5.4.jar;C:\Users\HP\.m2\repository\io\github\cdimascio\dotenv-java\2.2.3\dotenv-java-2.2.3.jar;C:\Users\HP\.m2\repository\org\springframework\boot\spring-boot-starter-mail\3.3.2\spring-boot-starter-mail-3.3.2.jar;C:\Users\HP\.m2\repository\org\springframework\spring-context-support\6.1.11\spring-context-support-6.1.11.jar;C:\Users\HP\.m2\repository\org\eclipse\angus\jakarta.mail\2.0.3\jakarta.mail-2.0.3.jar;C:\Users\HP\.m2\repository\org\eclipse\angus\angus-activation\2.0.2\angus-activation-2.0.2.jar;C:\Users\HP\.m2\repository\org\springframework\boot\spring-boot-starter-security\3.3.2\spring-boot-starter-security-3.3.2.jar;C:\Users\HP\.m2\repository\org\springframework\spring-aop\6.1.11\spring-aop-6.1.11.jar;C:\Users\HP\.m2\repository\org\springframework\security\spring-security-config\6.3.1\spring-security-config-6.3.1.jar;C:\Users\HP\.m2\repository\org\springframework\security\spring-security-core\6.3.1\spring-security-core-6.3.1.jar;C:\Users\HP\.m2\repository\org\springframework\security\spring-security-crypto\6.3.1\spring-security-crypto-6.3.1.jar;C:\Users\HP\.m2\repository\org\springframework\security\spring-security-web\6.3.1\spring-security-web-6.3.1.jar;C:\Users\HP\.m2\repository\io\jsonwebtoken\jjwt\0.12.6\jjwt-0.12.6.jar;C:\Users\HP\.m2\repository\io\jsonwebtoken\jjwt-api\0.12.6\jjwt-api-0.12.6.jar;C:\Users\HP\.m2\repository\io\jsonwebtoken\jjwt-impl\0.12.6\jjwt-impl-0.12.6.jar;C:\Users\HP\.m2\repository\io\jsonwebtoken\jjwt-jackson\0.12.6\jjwt-jackson-0.12.6.jar
Launcher Type: SUN_STANDARD

[Global flags]
     intx CICompilerCount                          = 4                                         {product} {ergonomic}
     uint ConcGCThreads                            = 2                                         {product} {ergonomic}
     uint G1ConcRefinementThreads                  = 8                                         {product} {ergonomic}
   size_t G1HeapRegionSize                         = 1048576                                   {product} {ergonomic}
   size_t InitialHeapSize                          = 132120576                                 {product} {ergonomic}
   size_t MarkStackSize                            = 4194304                                   {product} {ergonomic}
   size_t MaxHeapSize                              = 2084569088                                {product} {ergonomic}
   size_t MaxNewSize                               = 1249902592                                {product} {ergonomic}
   size_t MinHeapDeltaBytes                        = 1048576                                   {product} {ergonomic}
   size_t MinHeapSize                              = 8388608                                   {product} {ergonomic}
    uintx NonNMethodCodeHeapSize                   = 5839372                                {pd product} {ergonomic}
    uintx NonProfiledCodeHeapSize                  = 122909434                              {pd product} {ergonomic}
    uintx ProfiledCodeHeapSize                     = 122909434                              {pd product} {ergonomic}
    uintx ReservedCodeCacheSize                    = 251658240                              {pd product} {ergonomic}
     bool SegmentedCodeCache                       = true                                      {product} {ergonomic}
   size_t SoftMaxHeapSize                          = 2084569088                             {manageable} {ergonomic}
     bool UseCompressedOops                        = true                           {product lp64_product} {ergonomic}
     bool UseG1GC                                  = true                                      {product} {ergonomic}
     bool UseLargePagesIndividualAllocation        = false                                  {pd product} {ergonomic}

Logging:
Log output configuration:
 #0: stdout all=warning uptime,level,tags foldmultilines=false
 #1: stderr all=off uptime,level,tags foldmultilines=false

Environment Variables:
PATH=C:\Program Files\Common Files\Oracle\Java\javapath;C:\WINDOWS\system32;C:\WINDOWS;C:\WINDOWS\System32\Wbem;C:\WINDOWS\System32\WindowsPowerShell\v1.0\;C:\WINDOWS\System32\OpenSSH\;C:\ProgramData\chocolatey\bin;C:\Program Files\dotnet\;D:\Git\cmd;C:\Program Files\Microsoft SQL Server\150\Tools\Binn\;C:\Program Files\Microsoft SQL Server\130\Tools\Binn\;C:\Program Files\Microsoft SQL Server\Client SDK\ODBC\170\Tools\Binn\;C:\Program Files (x86)\Microsoft SQL Server\160\Tools\Binn\;C:\Program Files\Microsoft SQL Server\160\Tools\Binn\;C:\Program Files\Microsoft SQL Server\160\DTS\Binn\;C:\Program Files (x86)\Microsoft SQL Server\160\DTS\Binn\;C:\Program Files\Azure Data Studio\bin;C:\Program Files\nodejs\;C:\Users\HP\AppData\Local\Programs\Python\Python312\Scripts\;C:\Users\HP\AppData\Local\Programs\Python\Python312\;C:\Users\HP\AppData\Local\Programs\Python\Launcher\;C:\Users\HP\AppData\Local\Microsoft\WindowsApps;D:\Microsoft VS Code\bin;C:\Users\HP\AppData\Local\GitHubDesktop\bin;C:\Program Files\Azure Data Studio\bin;C:\Users\HP\AppData\Roaming\npm;D:\IntelliJ IDEA Community Edition 2024.1.4\bin;
USERNAME=HP
OS=Windows_NT
PROCESSOR_IDENTIFIER=Intel64 Family 6 Model 140 Stepping 1, GenuineIntel
TMP=C:\Users\HP\AppData\Local\Temp
TEMP=C:\Users\HP\AppData\Local\Temp




Periodic native trim disabled

---------------  S Y S T E M  ---------------

OS:
 Windows 11 , 64 bit Build 22621 (10.0.22621.3672)
OS uptime: 1 days 4:17 hours
Hyper-V role detected

CPU: total 8 (initial active 8) (4 cores per cpu, 2 threads per core) family 6 model 140 stepping 1 microcode 0xac, cx8, cmov, fxsr, ht, mmx, 3dnowpref, sse, sse2, sse3, ssse3, sse4.1, sse4.2, popcnt, lzcnt, tsc, tscinvbit, avx, avx2, aes, erms, clmul, bmi1, bmi2, adx, avx512f, avx512dq, avx512cd, avx512bw, avx512vl, sha, fma, vzeroupper, avx512_vpopcntdq, avx512_vpclmulqdq, avx512_vaes, avx512_vnni, clflush, clflushopt, clwb, avx512_vbmi2, avx512_vbmi, hv, rdtscp, rdpid, fsrm, gfni, avx512_bitalg, f16c, cet_ibt, cet_ss, avx512_ifma
Processor Information for processor 0
  Max Mhz: 2419, Current Mhz: 1209, Mhz Limit: 2419
Processor Information for processor 1
  Max Mhz: 2419, Current Mhz: 2419, Mhz Limit: 2419
Processor Information for processor 2
  Max Mhz: 2419, Current Mhz: 2419, Mhz Limit: 2419
Processor Information for processor 3
  Max Mhz: 2419, Current Mhz: 1209, Mhz Limit: 2419
Processor Information for processor 4
  Max Mhz: 2419, Current Mhz: 2419, Mhz Limit: 2419
Processor Information for processor 5
  Max Mhz: 2419, Current Mhz: 2419, Mhz Limit: 2419
Processor Information for processor 6
  Max Mhz: 2419, Current Mhz: 2419, Mhz Limit: 2419
Processor Information for processor 7
  Max Mhz: 2419, Current Mhz: 2419, Mhz Limit: 2419

Memory: 4k page, system-wide physical 7948M (499M free)
TotalPageFile size 14092M (AvailPageFile size 14M)
current process WorkingSet (physical memory assigned to process): 221M, peak: 228M
current process commit charge ("private bytes"): 259M, peak: 296M

vm_info: OpenJDK 64-Bit Server VM (22.0.2+9-70) for windows-amd64 JRE (22.0.2+9-70), built on 2024-06-04T16:52:23Z by "mach5one" with MS VC++ 17.6 (VS2022)

END.
