#
# There is insufficient memory for the Java Runtime Environment to continue.
# Native memory allocation (malloc) failed to allocate 750496 bytes. Error detail: Chunk::new
# Possible reasons:
#   The system is out of physical RAM or swap space
#   This process is running with CompressedOops enabled, and the Java Heap may be blocking the growth of the native heap
# Possible solutions:
#   Reduce memory load on the system
#   Increase physical memory or swap space
#   Check if swap backing store is full
#   Decrease Java heap size (-Xmx/-Xms)
#   Decrease number of Java threads
#   Decrease Java thread stack sizes (-Xss)
#   Set larger code cache with -XX:ReservedCodeCacheSize=
#   JVM is running with Unscaled Compressed Oops mode in which the Java heap is
#     placed in the first 4GB address space. The Java Heap base address is the
#     maximum limit for the native heap growth. Please use -XX:HeapBaseMinAddress
#     to set the Java Heap base and to place the Java Heap above 4GB virtual address.
# This output file may be truncated or incomplete.
#
#  Out of Memory Error (arena.cpp:150), pid=1776, tid=18036
#
# JRE version: OpenJDK Runtime Environment (22.0.2+9) (build 22.0.2+9-70)
# Java VM: OpenJDK 64-Bit Server VM (22.0.2+9-70, mixed mode, sharing, tiered, compressed oops, compressed class ptrs, g1 gc, windows-amd64)
# No core dump will be written. Minidumps are not enabled by default on client versions of Windows
#

---------------  S U M M A R Y ------------

Command Line: -javaagent:D:\IntelliJ IDEA Community Edition 2024.1.4\lib\idea_rt.jar=54734:D:\IntelliJ IDEA Community Edition 2024.1.4\bin -Dfile.encoding=UTF-8 -Dsun.stdout.encoding=UTF-8 -Dsun.stderr.encoding=UTF-8 com.abcRestaurant.abcRestaurant.AbcRestaurantApplication

Host: 11th Gen Intel(R) Core(TM) i5-1135G7 @ 2.40GHz, 8 cores, 7G,  Windows 11 , 64 bit Build 22621 (10.0.22621.3958)
Time: Tue Sep  3 03:44:23 2024 Sri Lanka Standard Time elapsed time: 17.306287 seconds (0d 0h 0m 17s)

---------------  T H R E A D  ---------------

Current thread (0x0000027cf21e0ca0):  JavaThread "C2 CompilerThread1" daemon [_thread_in_native, id=18036, stack(0x000000bd4a800000,0x000000bd4a900000) (1024K)]


Current CompileTask:
C2:17306 6478       4       org.springframework.core.ResolvableType::hasGenerics (14 bytes)

Stack: [0x000000bd4a800000,0x000000bd4a900000]
Native frames: (J=compiled Java code, j=interpreted, Vv=VM code, C=native code)
V  [jvm.dll+0x6e26e9]  (no source info available)
V  [jvm.dll+0x875753]  (no source info available)
V  [jvm.dll+0x877b7e]  (no source info available)
V  [jvm.dll+0x878253]  (no source info available)
V  [jvm.dll+0x27fc86]  (no source info available)
V  [jvm.dll+0xc3d0f]  (no source info available)
V  [jvm.dll+0xc3f6b]  (no source info available)
V  [jvm.dll+0x2f3c7f]  (no source info available)
V  [jvm.dll+0x60c0fa]  (no source info available)
V  [jvm.dll+0x250c92]  (no source info available)
V  [jvm.dll+0x248d0e]  (no source info available)
V  [jvm.dll+0x246da6]  (no source info available)
V  [jvm.dll+0x1c4e80]  (no source info available)
V  [jvm.dll+0x2568f3]  (no source info available)
V  [jvm.dll+0x254baa]  (no source info available)
V  [jvm.dll+0x3f57a6]  (no source info available)
V  [jvm.dll+0x81dc0b]  (no source info available)
V  [jvm.dll+0x6e0d85]  (no source info available)
C  [ucrtbase.dll+0x29333]  (no source info available)
C  [KERNEL32.DLL+0x1257d]  (no source info available)
C  [ntdll.dll+0x5af28]  (no source info available)


---------------  P R O C E S S  ---------------

Threads class SMR info:
_java_thread_list=0x0000027cf0ae5990, length=43, elements={
0x0000027ca7e5d920, 0x0000027ca7e5e930, 0x0000027ca7e66970, 0x0000027ca7e68a20,
0x0000027ca7e6b8e0, 0x0000027ca7e6cb10, 0x0000027ca7e7d570, 0x0000027ca7e80120,
0x0000027ca7e6e550, 0x0000027ca7e6c480, 0x0000027ca7e6f270, 0x0000027ca7e6dec0,
0x0000027ca7e6f900, 0x0000027cee360980, 0x0000027cee3623c0, 0x0000027cee361010,
0x0000027cee3616a0, 0x0000027cee361d30, 0x0000027cee362a50, 0x0000027cee3630e0,
0x0000027cee363770, 0x0000027cee363e00, 0x0000027cefa48d40, 0x0000027cefa45f50,
0x0000027cefa4c850, 0x0000027cefa493d0, 0x0000027cefa4b4a0, 0x0000027cefa47990,
0x0000027cefa465e0, 0x0000027cefa4a780, 0x0000027cefa48020, 0x0000027cefa4cee0,
0x0000027cefa4a0f0, 0x0000027cefa4ae10, 0x0000027cefa46c70, 0x0000027cefa4bb30,
0x0000027cefa486b0, 0x0000027cefa4c1c0, 0x0000027cefa47300, 0x0000027cefa4d570,
0x0000027cf2457450, 0x0000027cf2458e90, 0x0000027cf21e0ca0
}

Java Threads: ( => current thread )
  0x0000027ca7e5d920 JavaThread "Reference Handler"          daemon [_thread_blocked, id=12588, stack(0x000000bd49f00000,0x000000bd4a000000) (1024K)]
  0x0000027ca7e5e930 JavaThread "Finalizer"                  daemon [_thread_blocked, id=10160, stack(0x000000bd4a000000,0x000000bd4a100000) (1024K)]
  0x0000027ca7e66970 JavaThread "Signal Dispatcher"          daemon [_thread_blocked, id=20108, stack(0x000000bd4a100000,0x000000bd4a200000) (1024K)]
  0x0000027ca7e68a20 JavaThread "Attach Listener"            daemon [_thread_blocked, id=5204, stack(0x000000bd4a200000,0x000000bd4a300000) (1024K)]
  0x0000027ca7e6b8e0 JavaThread "Service Thread"             daemon [_thread_blocked, id=3332, stack(0x000000bd4a300000,0x000000bd4a400000) (1024K)]
  0x0000027ca7e6cb10 JavaThread "Monitor Deflation Thread"   daemon [_thread_blocked, id=8088, stack(0x000000bd4a400000,0x000000bd4a500000) (1024K)]
  0x0000027ca7e7d570 JavaThread "C2 CompilerThread0"         daemon [_thread_in_native, id=5268, stack(0x000000bd4a500000,0x000000bd4a600000) (1024K)]
  0x0000027ca7e80120 JavaThread "C1 CompilerThread0"         daemon [_thread_in_native, id=16984, stack(0x000000bd4a600000,0x000000bd4a700000) (1024K)]
  0x0000027ca7e6e550 JavaThread "Common-Cleaner"             daemon [_thread_blocked, id=17228, stack(0x000000bd4a700000,0x000000bd4a800000) (1024K)]
  0x0000027ca7e6c480 JavaThread "Monitor Ctrl-Break"         daemon [_thread_in_native, id=7556, stack(0x000000bd4a900000,0x000000bd4aa00000) (1024K)]
  0x0000027ca7e6f270 JavaThread "Notification Thread"        daemon [_thread_blocked, id=16840, stack(0x000000bd4aa00000,0x000000bd4ab00000) (1024K)]
  0x0000027ca7e6dec0 JavaThread "Catalina-utility-1"                [_thread_blocked, id=1696, stack(0x000000bd4b500000,0x000000bd4b600000) (1024K)]
  0x0000027ca7e6f900 JavaThread "Catalina-utility-2"                [_thread_blocked, id=13236, stack(0x000000bd4b600000,0x000000bd4b700000) (1024K)]
  0x0000027cee360980 JavaThread "container-0"                       [_thread_blocked, id=15568, stack(0x000000bd4b700000,0x000000bd4b800000) (1024K)]
  0x0000027cee3623c0 JavaThread "Jndi-Dns-address-change-listener" daemon [_thread_in_native, id=1204, stack(0x000000bd4b800000,0x000000bd4b900000) (1024K)]
  0x0000027cee361010 JavaThread "BufferPoolPruner-1-thread-1" daemon [_thread_blocked, id=8896, stack(0x000000bd4b900000,0x000000bd4ba00000) (1024K)]
  0x0000027cee3616a0 JavaThread "cluster-ClusterId{value='66d638b2bb3f722f4f004777', description='null'}-srv-abccluster.kd72xqs.mongodb.net" daemon [_thread_blocked, id=2500, stack(0x000000bd4ba00000,0x000000bd4bb00000) (1024K)]
  0x0000027cee361d30 JavaThread "cluster-ClusterId{value='66d638b2bb3f722f4f004777', description='null'}-ac-byq5ho1-shard-00-01.kd72xqs.mongodb.net:27017" daemon [_thread_in_native, id=18608, stack(0x000000bd4bb00000,0x000000bd4bc00000) (1024K)]
  0x0000027cee362a50 JavaThread "cluster-rtt-ClusterId{value='66d638b2bb3f722f4f004777', description='null'}-ac-byq5ho1-shard-00-01.kd72xqs.mongodb.net:27017" daemon [_thread_blocked, id=2756, stack(0x000000bd4bc00000,0x000000bd4bd00000) (1024K)]
  0x0000027cee3630e0 JavaThread "cluster-ClusterId{value='66d638b2bb3f722f4f004777', description='null'}-ac-byq5ho1-shard-00-02.kd72xqs.mongodb.net:27017" daemon [_thread_in_native, id=7736, stack(0x000000bd4bd00000,0x000000bd4be00000) (1024K)]
  0x0000027cee363770 JavaThread "cluster-rtt-ClusterId{value='66d638b2bb3f722f4f004777', description='null'}-ac-byq5ho1-shard-00-02.kd72xqs.mongodb.net:27017" daemon [_thread_blocked, id=13324, stack(0x000000bd4be00000,0x000000bd4bf00000) (1024K)]
  0x0000027cee363e00 JavaThread "cluster-ClusterId{value='66d638b2bb3f722f4f004777', description='null'}-ac-byq5ho1-shard-00-00.kd72xqs.mongodb.net:27017" daemon [_thread_in_native, id=22068, stack(0x000000bd4bf00000,0x000000bd4c000000) (1024K)]
  0x0000027cefa48d40 JavaThread "cluster-rtt-ClusterId{value='66d638b2bb3f722f4f004777', description='null'}-ac-byq5ho1-shard-00-00.kd72xqs.mongodb.net:27017" daemon [_thread_blocked, id=13768, stack(0x000000bd4c000000,0x000000bd4c100000) (1024K)]
  0x0000027cefa45f50 JavaThread "Live Reload Server"         daemon [_thread_in_native, id=22184, stack(0x000000bd4c200000,0x000000bd4c300000) (1024K)]
  0x0000027cefa4c850 JavaThread "MaintenanceTimer-2-thread-1" daemon [_thread_blocked, id=6760, stack(0x000000bd4c300000,0x000000bd4c400000) (1024K)]
  0x0000027cefa493d0 JavaThread "MaintenanceTimer-4-thread-1" daemon [_thread_blocked, id=22476, stack(0x000000bd4c400000,0x000000bd4c500000) (1024K)]
  0x0000027cefa4b4a0 JavaThread "MaintenanceTimer-3-thread-1" daemon [_thread_blocked, id=5380, stack(0x000000bd4c500000,0x000000bd4c600000) (1024K)]
  0x0000027cefa47990 JavaThread "File Watcher"               daemon [_thread_blocked, id=5564, stack(0x000000bd4c600000,0x000000bd4c700000) (1024K)]
  0x0000027cefa465e0 JavaThread "http-nio-8080-exec-1"       daemon [_thread_in_Java, id=9608, stack(0x000000bd4c700000,0x000000bd4c800000) (1024K)]
  0x0000027cefa4a780 JavaThread "http-nio-8080-exec-2"       daemon [_thread_in_Java, id=21676, stack(0x000000bd4c800000,0x000000bd4c900000) (1024K)]
  0x0000027cefa48020 JavaThread "http-nio-8080-exec-3"       daemon [_thread_in_vm, id=18196, stack(0x000000bd4c900000,0x000000bd4ca00000) (1024K)]
  0x0000027cefa4cee0 JavaThread "http-nio-8080-exec-4"       daemon [_thread_blocked, id=5472, stack(0x000000bd4ca00000,0x000000bd4cb00000) (1024K)]
  0x0000027cefa4a0f0 JavaThread "http-nio-8080-exec-5"       daemon [_thread_blocked, id=21904, stack(0x000000bd4cb00000,0x000000bd4cc00000) (1024K)]
  0x0000027cefa4ae10 JavaThread "http-nio-8080-exec-6"       daemon [_thread_blocked, id=11912, stack(0x000000bd4cc00000,0x000000bd4cd00000) (1024K)]
  0x0000027cefa46c70 JavaThread "http-nio-8080-exec-7"       daemon [_thread_blocked, id=11772, stack(0x000000bd4cd00000,0x000000bd4ce00000) (1024K)]
  0x0000027cefa4bb30 JavaThread "http-nio-8080-exec-8"       daemon [_thread_blocked, id=13992, stack(0x000000bd4ce00000,0x000000bd4cf00000) (1024K)]
  0x0000027cefa486b0 JavaThread "http-nio-8080-exec-9"       daemon [_thread_blocked, id=19440, stack(0x000000bd4cf00000,0x000000bd4d000000) (1024K)]
  0x0000027cefa4c1c0 JavaThread "http-nio-8080-exec-10"      daemon [_thread_blocked, id=4572, stack(0x000000bd4d000000,0x000000bd4d100000) (1024K)]
  0x0000027cefa47300 JavaThread "http-nio-8080-Poller"       daemon [_thread_in_native, id=7688, stack(0x000000bd4d100000,0x000000bd4d200000) (1024K)]
  0x0000027cefa4d570 JavaThread "http-nio-8080-Acceptor"     daemon [_thread_in_native, id=19828, stack(0x000000bd4d200000,0x000000bd4d300000) (1024K)]
  0x0000027cf2457450 JavaThread "scheduling-1"                      [_thread_blocked, id=10268, stack(0x000000bd4d300000,0x000000bd4d400000) (1024K)]
  0x0000027cf2458e90 JavaThread "DestroyJavaVM"                     [_thread_blocked, id=8564, stack(0x000000bd49700000,0x000000bd49800000) (1024K)]
=>0x0000027cf21e0ca0 JavaThread "C2 CompilerThread1"         daemon [_thread_in_native, id=18036, stack(0x000000bd4a800000,0x000000bd4a900000) (1024K)]
Total: 43

Other Threads:
  0x0000027ca7e43aa0 VMThread "VM Thread"                           [id=15288, stack(0x000000bd49e00000,0x000000bd49f00000) (1024K)]
  0x0000027ca7e2c530 WatcherThread "VM Periodic Task Thread"        [id=9224, stack(0x000000bd49d00000,0x000000bd49e00000) (1024K)]
  0x0000027c8b72dc40 WorkerThread "GC Thread#0"                     [id=11496, stack(0x000000bd49800000,0x000000bd49900000) (1024K)]
  0x0000027cedab9770 WorkerThread "GC Thread#1"                     [id=2116, stack(0x000000bd4ae00000,0x000000bd4af00000) (1024K)]
  0x0000027cedab9b20 WorkerThread "GC Thread#2"                     [id=22244, stack(0x000000bd4af00000,0x000000bd4b000000) (1024K)]
  0x0000027ced758270 WorkerThread "GC Thread#3"                     [id=11932, stack(0x000000bd4b000000,0x000000bd4b100000) (1024K)]
  0x0000027ced758a30 WorkerThread "GC Thread#4"                     [id=4408, stack(0x000000bd4b100000,0x000000bd4b200000) (1024K)]
  0x0000027cee0f31d0 WorkerThread "GC Thread#5"                     [id=15064, stack(0x000000bd4b200000,0x000000bd4b300000) (1024K)]
  0x0000027ced8e6670 WorkerThread "GC Thread#6"                     [id=19104, stack(0x000000bd4ab00000,0x000000bd4ac00000) (1024K)]
  0x0000027cee903630 WorkerThread "GC Thread#7"                     [id=22224, stack(0x000000bd4b400000,0x000000bd4b500000) (1024K)]
  0x0000027c8b73e4b0 ConcurrentGCThread "G1 Main Marker"            [id=11628, stack(0x000000bd49900000,0x000000bd49a00000) (1024K)]
  0x0000027c8b73f170 WorkerThread "G1 Conc#0"                       [id=19656, stack(0x000000bd49a00000,0x000000bd49b00000) (1024K)]
  0x0000027cef95d5f0 WorkerThread "G1 Conc#1"                       [id=13592, stack(0x000000bd4b300000,0x000000bd4b400000) (1024K)]
  0x0000027c8b78e750 ConcurrentGCThread "G1 Refine#0"               [id=2992, stack(0x000000bd49b00000,0x000000bd49c00000) (1024K)]
  0x0000027ca7d018c0 ConcurrentGCThread "G1 Service"                [id=21516, stack(0x000000bd49c00000,0x000000bd49d00000) (1024K)]
Total: 15

Threads with active compile tasks:
C2 CompilerThread0  17395 6479 % !   4       org.springframework.beans.factory.support.DefaultListableBeanFactory::doGetBeanNamesForType @ 20 (505 bytes)
C1 CompilerThread0  17395 6656       2       java.util.concurrent.locks.ReentrantReadWriteLock$Sync::tryAcquireShared (177 bytes)
C2 CompilerThread1  17395 6478       4       org.springframework.core.ResolvableType::hasGenerics (14 bytes)
Total: 3

VM state: not at safepoint (normal execution)

VM Mutex/Monitor currently owned by a thread: None

Heap address: 0x0000000083c00000, size: 1988 MB, Compressed Oops mode: 32-bit

CDS archive(s) mapped at: [0x0000027ca8000000-0x0000027ca8c60000-0x0000027ca8c60000), size 12976128, SharedBaseAddress: 0x0000027ca8000000, ArchiveRelocationMode: 1.
Compressed class space mapped at: 0x0000027ca9000000-0x0000027ce9000000, reserved size: 1073741824
Narrow klass base: 0x0000027ca8000000, Narrow klass shift: 0, Narrow klass range: 0x41000000

GC Precious Log:
 CardTable entry size: 512
 Card Set container configuration: InlinePtr #cards 5 size 8 Array Of Cards #cards 12 size 40 Howl #buckets 4 coarsen threshold 1843 Howl Bitmap #cards 512 size 80 coarsen threshold 460 Card regions per heap region 1 cards per card region 2048
 CPUs: 8 total, 8 available
 Memory: 7948M
 Large Page Support: Disabled
 NUMA Support: Disabled
 Compressed Oops: Enabled (32-bit)
 Heap Region Size: 1M
 Heap Min Capacity: 8M
 Heap Initial Capacity: 126M
 Heap Max Capacity: 1988M
 Pre-touch: Disabled
 Parallel Workers: 8
 Concurrent Workers: 2
 Concurrent Refinement Workers: 8
 Periodic GC: Disabled

Heap:
 garbage-first heap   total reserved 2035712K, committed 54272K, used 37739K [0x0000000083c00000, 0x0000000100000000)
  region size 1024K, 13 young (13312K), 3 survivors (3072K)
 Metaspace       used 51758K, committed 52416K, reserved 1114112K
  class space    used 6887K, committed 7168K, reserved 1048576K

Heap Regions: E=young(eden), S=young(survivor), O=old, HS=humongous(starts), HC=humongous(continues), CS=collection set, F=free, TAMS=top-at-mark-start, PB=parsable bottom
|   0|0x0000000083c00000, 0x0000000083d00000, 0x0000000083d00000|100%| O|  |TAMS 0x0000000083c00000| PB 0x0000000083c00000| Untracked |  0
|   1|0x0000000083d00000, 0x0000000083e00000, 0x0000000083e00000|100%| O|  |TAMS 0x0000000083d00000| PB 0x0000000083d00000| Untracked |  0
|   2|0x0000000083e00000, 0x0000000083f00000, 0x0000000083f00000|100%| O|  |TAMS 0x0000000083e00000| PB 0x0000000083e00000| Untracked |  0
|   3|0x0000000083f00000, 0x0000000084000000, 0x0000000084000000|100%| O|  |TAMS 0x0000000083f00000| PB 0x0000000083f00000| Untracked |  0
|   4|0x0000000084000000, 0x0000000084100000, 0x0000000084100000|100%| O|  |TAMS 0x0000000084000000| PB 0x0000000084000000| Untracked |  0
|   5|0x0000000084100000, 0x0000000084200000, 0x0000000084200000|100%| O|  |TAMS 0x0000000084100000| PB 0x0000000084100000| Untracked |  0
|   6|0x0000000084200000, 0x0000000084300000, 0x0000000084300000|100%| O|  |TAMS 0x0000000084200000| PB 0x0000000084200000| Untracked |  0
|   7|0x0000000084300000, 0x0000000084400000, 0x0000000084400000|100%| O|  |TAMS 0x0000000084300000| PB 0x0000000084300000| Untracked |  0
|   8|0x0000000084400000, 0x0000000084500000, 0x0000000084500000|100%| O|  |TAMS 0x0000000084400000| PB 0x0000000084400000| Untracked |  0
|   9|0x0000000084500000, 0x0000000084600000, 0x0000000084600000|100%| O|  |TAMS 0x0000000084500000| PB 0x0000000084500000| Untracked |  0
|  10|0x0000000084600000, 0x0000000084700000, 0x0000000084700000|100%| O|  |TAMS 0x0000000084600000| PB 0x0000000084600000| Untracked |  0
|  11|0x0000000084700000, 0x0000000084800000, 0x0000000084800000|100%| O|  |TAMS 0x0000000084700000| PB 0x0000000084700000| Untracked |  0
|  12|0x0000000084800000, 0x0000000084900000, 0x0000000084900000|100%| O|  |TAMS 0x0000000084800000| PB 0x0000000084800000| Untracked |  0
|  13|0x0000000084900000, 0x0000000084a00000, 0x0000000084a00000|100%| O|  |TAMS 0x0000000084900000| PB 0x0000000084900000| Untracked |  0
|  14|0x0000000084a00000, 0x0000000084b00000, 0x0000000084b00000|100%| O|Cm|TAMS 0x0000000084a00000| PB 0x0000000084a00000| Complete |  0
|  15|0x0000000084b00000, 0x0000000084c00000, 0x0000000084c00000|100%| O|  |TAMS 0x0000000084b00000| PB 0x0000000084b00000| Untracked |  0
|  16|0x0000000084c00000, 0x0000000084d00000, 0x0000000084d00000|100%| O|  |TAMS 0x0000000084c00000| PB 0x0000000084c00000| Untracked |  0
|  17|0x0000000084d00000, 0x0000000084e00000, 0x0000000084e00000|100%| O|  |TAMS 0x0000000084d00000| PB 0x0000000084d00000| Untracked |  0
|  18|0x0000000084e00000, 0x0000000084f00000, 0x0000000084f00000|100%| O|  |TAMS 0x0000000084e00000| PB 0x0000000084e00000| Untracked |  0
|  19|0x0000000084f00000, 0x0000000085000000, 0x0000000085000000|100%| O|  |TAMS 0x0000000084f00000| PB 0x0000000084f00000| Untracked |  0
|  20|0x0000000085000000, 0x0000000085100000, 0x0000000085100000|100%| O|  |TAMS 0x0000000085000000| PB 0x0000000085000000| Untracked |  0
|  21|0x0000000085100000, 0x0000000085200000, 0x0000000085200000|100%| O|  |TAMS 0x0000000085100000| PB 0x0000000085100000| Untracked |  0
|  22|0x0000000085200000, 0x0000000085300000, 0x0000000085300000|100%| O|  |TAMS 0x0000000085200000| PB 0x0000000085200000| Untracked |  0
|  23|0x0000000085300000, 0x0000000085400000, 0x0000000085400000|100%| O|Cm|TAMS 0x0000000085300000| PB 0x0000000085300000| Complete |  0
|  24|0x0000000085400000, 0x0000000085500000, 0x0000000085500000|100%| O|  |TAMS 0x0000000085400000| PB 0x0000000085400000| Untracked |  0
|  25|0x0000000085500000, 0x0000000085600000, 0x0000000085600000|100%| O|  |TAMS 0x0000000085500000| PB 0x0000000085500000| Untracked |  0
|  26|0x0000000085600000, 0x00000000856ce670, 0x0000000085700000| 80%| O|  |TAMS 0x0000000085600000| PB 0x0000000085600000| Untracked |  0
|  27|0x0000000085700000, 0x0000000085700000, 0x0000000085800000|  0%| F|  |TAMS 0x0000000085700000| PB 0x0000000085700000| Untracked |  0
|  28|0x0000000085800000, 0x0000000085800000, 0x0000000085900000|  0%| F|  |TAMS 0x0000000085800000| PB 0x0000000085800000| Untracked |  0
|  29|0x0000000085900000, 0x0000000085900000, 0x0000000085a00000|  0%| F|  |TAMS 0x0000000085900000| PB 0x0000000085900000| Untracked |  0
|  30|0x0000000085a00000, 0x0000000085a00000, 0x0000000085b00000|  0%| F|  |TAMS 0x0000000085a00000| PB 0x0000000085a00000| Untracked |  0
|  31|0x0000000085b00000, 0x0000000085b00000, 0x0000000085c00000|  0%| F|  |TAMS 0x0000000085b00000| PB 0x0000000085b00000| Untracked |  0
|  32|0x0000000085c00000, 0x0000000085c0c748, 0x0000000085d00000|  4%| S|CS|TAMS 0x0000000085c00000| PB 0x0000000085c00000| Complete |  0
|  33|0x0000000085d00000, 0x0000000085e00000, 0x0000000085e00000|100%| S|CS|TAMS 0x0000000085d00000| PB 0x0000000085d00000| Complete |  0
|  34|0x0000000085e00000, 0x0000000085f00000, 0x0000000085f00000|100%| S|CS|TAMS 0x0000000085e00000| PB 0x0000000085e00000| Complete |  0
|  35|0x0000000085f00000, 0x0000000085f00000, 0x0000000086000000|  0%| F|  |TAMS 0x0000000085f00000| PB 0x0000000085f00000| Untracked |  0
|  36|0x0000000086000000, 0x0000000086000000, 0x0000000086100000|  0%| F|  |TAMS 0x0000000086000000| PB 0x0000000086000000| Untracked |  0
|  37|0x0000000086100000, 0x0000000086100000, 0x0000000086200000|  0%| F|  |TAMS 0x0000000086100000| PB 0x0000000086100000| Untracked |  0
|  38|0x0000000086200000, 0x0000000086200000, 0x0000000086300000|  0%| F|  |TAMS 0x0000000086200000| PB 0x0000000086200000| Untracked |  0
|  39|0x0000000086300000, 0x0000000086300000, 0x0000000086400000|  0%| F|  |TAMS 0x0000000086300000| PB 0x0000000086300000| Untracked |  0
|  40|0x0000000086400000, 0x0000000086400000, 0x0000000086500000|  0%| F|  |TAMS 0x0000000086400000| PB 0x0000000086400000| Untracked |  0
|  41|0x0000000086500000, 0x0000000086500000, 0x0000000086600000|  0%| F|  |TAMS 0x0000000086500000| PB 0x0000000086500000| Untracked |  0
|  42|0x0000000086600000, 0x0000000086600000, 0x0000000086700000|  0%| F|  |TAMS 0x0000000086600000| PB 0x0000000086600000| Untracked |  0
|  43|0x0000000086700000, 0x00000000867c4978, 0x0000000086800000| 76%| E|  |TAMS 0x0000000086700000| PB 0x0000000086700000| Complete |  0
|  44|0x0000000086800000, 0x0000000086900000, 0x0000000086900000|100%| E|CS|TAMS 0x0000000086800000| PB 0x0000000086800000| Complete |  0
|  71|0x0000000088300000, 0x0000000088400000, 0x0000000088400000|100%| E|  |TAMS 0x0000000088300000| PB 0x0000000088300000| Complete |  0
|  72|0x0000000088400000, 0x0000000088500000, 0x0000000088500000|100%| E|CS|TAMS 0x0000000088400000| PB 0x0000000088400000| Complete |  0
|  73|0x0000000088500000, 0x0000000088600000, 0x0000000088600000|100%| E|CS|TAMS 0x0000000088500000| PB 0x0000000088500000| Complete |  0
|  74|0x0000000088600000, 0x0000000088700000, 0x0000000088700000|100%| E|CS|TAMS 0x0000000088600000| PB 0x0000000088600000| Complete |  0
|  75|0x0000000088700000, 0x0000000088800000, 0x0000000088800000|100%| E|CS|TAMS 0x0000000088700000| PB 0x0000000088700000| Complete |  0
|  76|0x0000000088800000, 0x0000000088900000, 0x0000000088900000|100%| E|CS|TAMS 0x0000000088800000| PB 0x0000000088800000| Complete |  0
|  77|0x0000000088900000, 0x0000000088a00000, 0x0000000088a00000|100%| E|CS|TAMS 0x0000000088900000| PB 0x0000000088900000| Complete |  0
| 125|0x000000008b900000, 0x000000008ba00000, 0x000000008ba00000|100%| E|CS|TAMS 0x000000008b900000| PB 0x000000008b900000| Complete |  0

Card table byte_map: [0x0000027ca3130000,0x0000027ca3520000] _byte_map_base: 0x0000027ca2d12000

Marking Bits: (CMBitMap*) 0x0000027c8b72e350
 Bits: [0x0000027ca3520000, 0x0000027ca5430000)

Polling page: 0x0000027c89600000

Metaspace:

Usage:
  Non-class:     43.83 MB used.
      Class:      6.73 MB used.
       Both:     50.56 MB used.

Virtual space:
  Non-class space:       64.00 MB reserved,      44.19 MB ( 69%) committed,  1 nodes.
      Class space:        1.00 GB reserved,       7.00 MB ( <1%) committed,  1 nodes.
             Both:        1.06 GB reserved,      51.19 MB (  5%) committed. 

Chunk freelists:
   Non-Class:  3.58 MB
       Class:  9.00 MB
        Both:  12.58 MB

MaxMetaspaceSize: unlimited
CompressedClassSpaceSize: 1.00 GB
Initial GC threshold: 21.00 MB
Current GC threshold: 81.69 MB
CDS: on
 - commit_granule_bytes: 65536.
 - commit_granule_words: 8192.
 - virtual_space_node_default_size: 8388608.
 - enlarge_chunks_in_place: 1.
 - use_allocation_guard: 0.


Internal statistics:

num_allocs_failed_limit: 6.
num_arena_births: 910.
num_arena_deaths: 0.
num_vsnodes_births: 2.
num_vsnodes_deaths: 0.
num_space_committed: 819.
num_space_uncommitted: 0.
num_chunks_returned_to_freelist: 6.
num_chunks_taken_from_freelist: 2732.
num_chunk_merges: 6.
num_chunk_splits: 1814.
num_chunks_enlarged: 1274.
num_inconsistent_stats: 0.

CodeHeap 'non-profiled nmethods': size=120000Kb used=2897Kb max_used=3295Kb free=117102Kb
 bounds [0x0000027c9b4e0000, 0x0000027c9b820000, 0x0000027ca2a10000]
CodeHeap 'profiled nmethods': size=120000Kb used=10717Kb max_used=11514Kb free=109282Kb
 bounds [0x0000027c93a10000, 0x0000027c94550000, 0x0000027c9af40000]
CodeHeap 'non-nmethods': size=5760Kb used=1860Kb max_used=1875Kb free=3899Kb
 bounds [0x0000027c9af40000, 0x0000027c9b1b0000, 0x0000027c9b4e0000]
 total_blobs=6562 nmethods=5868 adapters=598
 compilation: enabled
              stopped_count=0, restarted_count=0
 full_count=0

Compilation events (20 events):
Event: 17.294 Thread 0x0000027ca7e80120 6568       2       jakarta.servlet.ServletRequestWrapper::setAttribute (12 bytes)
Event: 17.294 Thread 0x0000027ca7e80120 nmethod 6568 0x0000027c93b15f10 code [0x0000027c93b160c0, 0x0000027c93b161f8]
Event: 17.294 Thread 0x0000027ca7e80120 6569       2       java.util.concurrent.locks.ReentrantReadWriteLock$ReadLock::unlock (10 bytes)
Event: 17.294 Thread 0x0000027ca7e80120 nmethod 6569 0x0000027c93bf4310 code [0x0000027c93bf44c0, 0x0000027c93bf4668]
Event: 17.294 Thread 0x0000027ca7e80120 6570       2       java.util.concurrent.locks.AbstractQueuedSynchronizer::acquireShared (20 bytes)
Event: 17.294 Thread 0x0000027ca7e80120 nmethod 6570 0x0000027c93b99810 code [0x0000027c93b999c0, 0x0000027c93b99b60]
Event: 17.294 Thread 0x0000027ca7e80120 6571       2       org.springframework.web.util.pattern.PathPattern$$Lambda/0x0000027ca95ce618::applyAsInt (8 bytes)
Event: 17.295 Thread 0x0000027ca7e80120 nmethod 6571 0x0000027c93c5f190 code [0x0000027c93c5f320, 0x0000027c93c5f470]
Event: 17.295 Thread 0x0000027ca7e80120 6572       2       org.apache.catalina.core.StandardContext::getApplicationEventListeners (10 bytes)
Event: 17.295 Thread 0x0000027ca7e80120 nmethod 6572 0x0000027c93b86890 code [0x0000027c93b86a40, 0x0000027c93b86b78]
Event: 17.295 Thread 0x0000027ca7e80120 6573       2       java.util.concurrent.CopyOnWriteArrayList::toArray (11 bytes)
Event: 17.295 Thread 0x0000027ca7e80120 nmethod 6573 0x0000027c93ca6f90 code [0x0000027c93ca7140, 0x0000027c93ca72b0]
Event: 17.300 Thread 0x0000027ca7e80120 6574       3       java.util.concurrent.ConcurrentMap::computeIfAbsent (51 bytes)
Event: 17.300 Thread 0x0000027ca7e80120 nmethod 6574 0x0000027c93a92d90 code [0x0000027c93a92f80, 0x0000027c93a93538]
Event: 17.300 Thread 0x0000027ca7e80120 6575       2       org.springframework.core.annotation.AnnotationTypeMapping$MirrorSets::updateFrom (148 bytes)
Event: 17.303 Thread 0x0000027ca7e80120 nmethod 6575 0x0000027c93a58690 code [0x0000027c93a58940, 0x0000027c93a59418]
Event: 17.303 Thread 0x0000027ca7e80120 6577       2       io.jsonwebtoken.lang.Strings::hasLength (19 bytes)
Event: 17.303 Thread 0x0000027ca7e80120 nmethod 6577 0x0000027c93bc0310 code [0x0000027c93bc04a0, 0x0000027c93bc05d0]
Event: 17.303 Thread 0x0000027ca7e80120 6578       1       org.springframework.core.annotation.AnnotationTypeMapping$MirrorSets$MirrorSet::size (5 bytes)
Event: 17.303 Thread 0x0000027ca7e80120 nmethod 6578 0x0000027c9b50c010 code [0x0000027c9b50c1a0, 0x0000027c9b50c268]

GC Heap History (20 events):
Event: 2.767 GC heap before
{Heap before GC invocations=2 (full 0):
 garbage-first heap   total reserved 2035712K, committed 129024K, used 53819K [0x0000000083c00000, 0x0000000100000000)
  region size 1024K, 48 young (49152K), 3 survivors (3072K)
 Metaspace       used 21196K, committed 21504K, reserved 1114112K
  class space    used 2606K, committed 2752K, reserved 1048576K
}
Event: 2.774 GC heap after
{Heap after GC invocations=3 (full 0):
 garbage-first heap   total reserved 2035712K, committed 129024K, used 12555K [0x0000000083c00000, 0x0000000100000000)
  region size 1024K, 7 young (7168K), 7 survivors (7168K)
 Metaspace       used 21196K, committed 21504K, reserved 1114112K
  class space    used 2606K, committed 2752K, reserved 1048576K
}
Event: 3.388 GC heap before
{Heap before GC invocations=4 (full 0):
 garbage-first heap   total reserved 2035712K, committed 45056K, used 32011K [0x0000000083c00000, 0x0000000100000000)
  region size 1024K, 26 young (26624K), 7 survivors (7168K)
 Metaspace       used 24183K, committed 24640K, reserved 1114112K
  class space    used 3005K, committed 3200K, reserved 1048576K
}
Event: 3.396 GC heap after
{Heap after GC invocations=5 (full 0):
 garbage-first heap   total reserved 2035712K, committed 45056K, used 14240K [0x0000000083c00000, 0x0000000100000000)
  region size 1024K, 2 young (2048K), 2 survivors (2048K)
 Metaspace       used 24183K, committed 24640K, reserved 1114112K
  class space    used 3005K, committed 3200K, reserved 1048576K
}
Event: 3.923 GC heap before
{Heap before GC invocations=5 (full 0):
 garbage-first heap   total reserved 2035712K, committed 45056K, used 34720K [0x0000000083c00000, 0x0000000100000000)
  region size 1024K, 22 young (22528K), 2 survivors (2048K)
 Metaspace       used 26486K, committed 27008K, reserved 1114112K
  class space    used 3373K, committed 3584K, reserved 1048576K
}
Event: 3.929 GC heap after
{Heap after GC invocations=6 (full 0):
 garbage-first heap   total reserved 2035712K, committed 45056K, used 15516K [0x0000000083c00000, 0x0000000100000000)
  region size 1024K, 3 young (3072K), 3 survivors (3072K)
 Metaspace       used 26486K, committed 27008K, reserved 1114112K
  class space    used 3373K, committed 3584K, reserved 1048576K
}
Event: 4.444 GC heap before
{Heap before GC invocations=6 (full 0):
 garbage-first heap   total reserved 2035712K, committed 45056K, used 34972K [0x0000000083c00000, 0x0000000100000000)
  region size 1024K, 23 young (23552K), 3 survivors (3072K)
 Metaspace       used 30176K, committed 30720K, reserved 1114112K
  class space    used 3846K, committed 4096K, reserved 1048576K
}
Event: 4.449 GC heap after
{Heap after GC invocations=7 (full 0):
 garbage-first heap   total reserved 2035712K, committed 45056K, used 17586K [0x0000000083c00000, 0x0000000100000000)
  region size 1024K, 3 young (3072K), 3 survivors (3072K)
 Metaspace       used 30176K, committed 30720K, reserved 1114112K
  class space    used 3846K, committed 4096K, reserved 1048576K
}
Event: 4.916 GC heap before
{Heap before GC invocations=7 (full 0):
 garbage-first heap   total reserved 2035712K, committed 45056K, used 33970K [0x0000000083c00000, 0x0000000100000000)
  region size 1024K, 21 young (21504K), 3 survivors (3072K)
 Metaspace       used 35581K, committed 36160K, reserved 1114112K
  class space    used 4581K, committed 4864K, reserved 1048576K
}
Event: 4.920 GC heap after
{Heap after GC invocations=8 (full 0):
 garbage-first heap   total reserved 2035712K, committed 45056K, used 20395K [0x0000000083c00000, 0x0000000100000000)
  region size 1024K, 3 young (3072K), 3 survivors (3072K)
 Metaspace       used 35581K, committed 36160K, reserved 1114112K
  class space    used 4581K, committed 4864K, reserved 1048576K
}
Event: 5.241 GC heap before
{Heap before GC invocations=9 (full 0):
 garbage-first heap   total reserved 2035712K, committed 45056K, used 37803K [0x0000000083c00000, 0x0000000100000000)
  region size 1024K, 20 young (20480K), 3 survivors (3072K)
 Metaspace       used 38470K, committed 39040K, reserved 1114112K
  class space    used 4990K, committed 5248K, reserved 1048576K
}
Event: 5.246 GC heap after
{Heap after GC invocations=10 (full 0):
 garbage-first heap   total reserved 2035712K, committed 45056K, used 21940K [0x0000000083c00000, 0x0000000100000000)
  region size 1024K, 3 young (3072K), 3 survivors (3072K)
 Metaspace       used 38470K, committed 39040K, reserved 1114112K
  class space    used 4990K, committed 5248K, reserved 1048576K
}
Event: 5.654 GC heap before
{Heap before GC invocations=10 (full 0):
 garbage-first heap   total reserved 2035712K, committed 45056K, used 37300K [0x0000000083c00000, 0x0000000100000000)
  region size 1024K, 19 young (19456K), 3 survivors (3072K)
 Metaspace       used 40868K, committed 41472K, reserved 1114112K
  class space    used 5287K, committed 5568K, reserved 1048576K
}
Event: 5.661 GC heap after
{Heap after GC invocations=11 (full 0):
 garbage-first heap   total reserved 2035712K, committed 54272K, used 23574K [0x0000000083c00000, 0x0000000100000000)
  region size 1024K, 3 young (3072K), 3 survivors (3072K)
 Metaspace       used 40868K, committed 41472K, reserved 1114112K
  class space    used 5287K, committed 5568K, reserved 1048576K
}
Event: 6.121 GC heap before
{Heap before GC invocations=11 (full 0):
 garbage-first heap   total reserved 2035712K, committed 54272K, used 44054K [0x0000000083c00000, 0x0000000100000000)
  region size 1024K, 24 young (24576K), 3 survivors (3072K)
 Metaspace       used 43742K, committed 44352K, reserved 1114112K
  class space    used 5699K, committed 5952K, reserved 1048576K
}
Event: 6.127 GC heap after
{Heap after GC invocations=12 (full 0):
 garbage-first heap   total reserved 2035712K, committed 54272K, used 25483K [0x0000000083c00000, 0x0000000100000000)
  region size 1024K, 2 young (2048K), 2 survivors (2048K)
 Metaspace       used 43742K, committed 44352K, reserved 1114112K
  class space    used 5699K, committed 5952K, reserved 1048576K
}
Event: 6.573 GC heap before
{Heap before GC invocations=12 (full 0):
 garbage-first heap   total reserved 2035712K, committed 54272K, used 46987K [0x0000000083c00000, 0x0000000100000000)
  region size 1024K, 23 young (23552K), 2 survivors (2048K)
 Metaspace       used 46149K, committed 46784K, reserved 1114112K
  class space    used 6044K, committed 6336K, reserved 1048576K
}
Event: 6.578 GC heap after
{Heap after GC invocations=13 (full 0):
 garbage-first heap   total reserved 2035712K, committed 54272K, used 27600K [0x0000000083c00000, 0x0000000100000000)
  region size 1024K, 3 young (3072K), 3 survivors (3072K)
 Metaspace       used 46149K, committed 46784K, reserved 1114112K
  class space    used 6044K, committed 6336K, reserved 1048576K
}
Event: 17.199 GC heap before
{Heap before GC invocations=13 (full 0):
 garbage-first heap   total reserved 2035712K, committed 54272K, used 45008K [0x0000000083c00000, 0x0000000100000000)
  region size 1024K, 21 young (21504K), 3 survivors (3072K)
 Metaspace       used 49130K, committed 49856K, reserved 1114112K
  class space    used 6458K, committed 6784K, reserved 1048576K
}
Event: 17.205 GC heap after
{Heap after GC invocations=14 (full 0):
 garbage-first heap   total reserved 2035712K, committed 54272K, used 29547K [0x0000000083c00000, 0x0000000100000000)
  region size 1024K, 3 young (3072K), 3 survivors (3072K)
 Metaspace       used 49130K, committed 49856K, reserved 1114112K
  class space    used 6458K, committed 6784K, reserved 1048576K
}

Dll operation events (14 events):
Event: 0.010 Loaded shared library C:\Users\HP\.jdks\openjdk-22.0.2\bin\java.dll
Event: 0.040 Loaded shared library C:\Users\HP\.jdks\openjdk-22.0.2\bin\jsvml.dll
Event: 0.099 Loaded shared library C:\Users\HP\.jdks\openjdk-22.0.2\bin\zip.dll
Event: 0.103 Loaded shared library C:\Users\HP\.jdks\openjdk-22.0.2\bin\instrument.dll
Event: 0.108 Loaded shared library C:\Users\HP\.jdks\openjdk-22.0.2\bin\net.dll
Event: 0.110 Loaded shared library C:\Users\HP\.jdks\openjdk-22.0.2\bin\nio.dll
Event: 0.113 Loaded shared library C:\Users\HP\.jdks\openjdk-22.0.2\bin\zip.dll
Event: 0.205 Loaded shared library D:\IntelliJ IDEA Community Edition 2024.1.4\bin\breakgen64.dll
Event: 0.219 Loaded shared library C:\Users\HP\.jdks\openjdk-22.0.2\bin\extnet.dll
Event: 0.252 Loaded shared library C:\Users\HP\.jdks\openjdk-22.0.2\bin\jimage.dll
Event: 0.512 Loaded shared library C:\Users\HP\.jdks\openjdk-22.0.2\bin\management.dll
Event: 0.514 Loaded shared library C:\Users\HP\.jdks\openjdk-22.0.2\bin\management_ext.dll
Event: 1.134 Loaded shared library C:\Users\HP\.jdks\openjdk-22.0.2\bin\le.dll
Event: 1.723 Loaded shared library C:\Users\HP\.jdks\openjdk-22.0.2\bin\sunmscapi.dll

Deoptimization events (20 events):
Event: 17.275 Thread 0x0000027cefa4a780 Uncommon trap: trap_request=0xffffff45 fr.pc=0x0000027c9b7a922c relative=0x000000000000516c
Event: 17.275 Thread 0x0000027cefa4a780 Uncommon trap: reason=unstable_if action=reinterpret pc=0x0000027c9b7a922c method=java.lang.Class.annotationData()Ljava/lang/Class$AnnotationData; @ 36 c2
Event: 17.275 Thread 0x0000027cefa4a780 DEOPT PACKING pc=0x0000027c9b7a922c sp=0x000000bd4c8fb7e0
Event: 17.275 Thread 0x0000027cefa4a780 DEOPT UNPACKING pc=0x0000027c9af97da2 sp=0x000000bd4c8fb680 mode 2
Event: 17.292 Thread 0x0000027cefa4a780 Uncommon trap: trap_request=0xffffff45 fr.pc=0x0000027c9b813f1c relative=0x0000000000000dbc
Event: 17.292 Thread 0x0000027cefa4a780 Uncommon trap: reason=unstable_if action=reinterpret pc=0x0000027c9b813f1c method=java.util.concurrent.ConcurrentHashMap.computeIfAbsent(Ljava/lang/Object;Ljava/util/function/Function;)Ljava/lang/Object; @ 199 c2
Event: 17.292 Thread 0x0000027cefa4a780 DEOPT PACKING pc=0x0000027c9b813f1c sp=0x000000bd4c8fc900
Event: 17.292 Thread 0x0000027cefa4a780 DEOPT UNPACKING pc=0x0000027c9af97da2 sp=0x000000bd4c8fc898 mode 2
Event: 17.299 Thread 0x0000027cefa4a780 Uncommon trap: trap_request=0xffffff45 fr.pc=0x0000027c9b781c6c relative=0x00000000000019cc
Event: 17.299 Thread 0x0000027cefa4a780 Uncommon trap: reason=unstable_if action=reinterpret pc=0x0000027c9b781c6c method=org.springframework.util.ConcurrentReferenceHashMap$Segment.doTask(ILjava/lang/Object;Lorg/springframework/util/ConcurrentReferenceHashMap$Task;)Ljava/lang/Object; @ 89 c2
Event: 17.299 Thread 0x0000027cefa4a780 DEOPT PACKING pc=0x0000027c9b781c6c sp=0x000000bd4c8fbeb0
Event: 17.299 Thread 0x0000027cefa4a780 DEOPT UNPACKING pc=0x0000027c9af97da2 sp=0x000000bd4c8fbc28 mode 2
Event: 17.299 Thread 0x0000027cefa465e0 Uncommon trap: trap_request=0xffffff45 fr.pc=0x0000027c9b7bda70 relative=0x0000000000003a10
Event: 17.299 Thread 0x0000027cefa465e0 Uncommon trap: reason=unstable_if action=reinterpret pc=0x0000027c9b7bda70 method=java.util.concurrent.ConcurrentMap.computeIfAbsent(Ljava/lang/Object;Ljava/util/function/Function;)Ljava/lang/Object; @ 41 c2
Event: 17.299 Thread 0x0000027cefa465e0 DEOPT PACKING pc=0x0000027c9b7bda70 sp=0x000000bd4c7fb9c0
Event: 17.300 Thread 0x0000027cefa465e0 DEOPT UNPACKING pc=0x0000027c9af97da2 sp=0x000000bd4c7fb8e8 mode 2
Event: 17.300 Thread 0x0000027cefa465e0 Uncommon trap: trap_request=0xffffff45 fr.pc=0x0000027c9b79f820 relative=0x00000000000023e0
Event: 17.300 Thread 0x0000027cefa465e0 Uncommon trap: reason=unstable_if action=reinterpret pc=0x0000027c9b79f820 method=java.util.concurrent.ConcurrentMap.computeIfAbsent(Ljava/lang/Object;Ljava/util/function/Function;)Ljava/lang/Object; @ 41 c2
Event: 17.300 Thread 0x0000027cefa465e0 DEOPT PACKING pc=0x0000027c9b79f820 sp=0x000000bd4c7fb9b0
Event: 17.300 Thread 0x0000027cefa465e0 DEOPT UNPACKING pc=0x0000027c9af97da2 sp=0x000000bd4c7fb740 mode 2

Classes loaded (20 events):
Event: 17.270 Loading class javax/crypto/spec/OAEPParameterSpec
Event: 17.271 Loading class javax/crypto/spec/OAEPParameterSpec done
Event: 17.278 Loading class java/time/format/DateTimeFormatterBuilder$ZoneTextPrinterParser
Event: 17.279 Loading class java/time/format/DateTimeFormatterBuilder$ZoneTextPrinterParser done
Event: 17.279 Loading class java/time/format/DateTimeFormatterBuilder$ReducedPrinterParser
Event: 17.280 Loading class java/time/format/DateTimeFormatterBuilder$ReducedPrinterParser done
Event: 17.282 Loading class javax/crypto/SecretKeyFactory
Event: 17.282 Loading class javax/crypto/SecretKeyFactory done
Event: 17.287 Loading class java/util/stream/ReferencePipeline$4
Event: 17.287 Loading class java/util/stream/ReferencePipeline$4 done
Event: 17.287 Loading class java/util/function/IntBinaryOperator
Event: 17.287 Loading class java/util/function/IntBinaryOperator done
Event: 17.287 Loading class java/util/stream/ReduceOps$7
Event: 17.288 Loading class java/util/stream/ReduceOps$7 done
Event: 17.288 Loading class java/util/stream/ReduceOps$6ReducingSink
Event: 17.288 Loading class java/util/stream/ReduceOps$6ReducingSink done
Event: 17.288 Loading class java/util/stream/ReferencePipeline$4$1
Event: 17.288 Loading class java/util/stream/ReferencePipeline$4$1 done
Event: 17.298 Loading class java/security/interfaces/EdECKey
Event: 17.298 Loading class java/security/interfaces/EdECKey done

Classes unloaded (0 events):
No events

Classes redefined (0 events):
No events

Internal exceptions (20 events):
Event: 4.806 Thread 0x0000027ca7e6d1a0 Exception <a 'java/lang/NoSuchMethodError'{0x0000000085dc99b8}: 'java.lang.Object java.lang.invoke.DirectMethodHandle$Holder.newInvokeSpecial(java.lang.Object, java.lang.Object, java.lang.Object, int, int)'> (0x0000000085dc99b8) 
thrown [s\open\src\hotspot\share\interpreter\linkResolver.cpp, line 774]
Event: 4.823 Thread 0x0000027cee363770 Exception <a 'sun/nio/fs/WindowsException'{0x0000000085cb8338}> (0x0000000085cb8338) 
thrown [s\open\src\hotspot\share\prims\jni.cpp, line 520]
Event: 4.836 Thread 0x0000027ca7e6d1a0 Exception <a 'java/lang/IncompatibleClassChangeError'{0x0000000085b42000}: Found class java.lang.Object, but interface was expected> (0x0000000085b42000) 
thrown [s\open\src\hotspot\share\interpreter\linkResolver.cpp, line 841]
Event: 4.876 Thread 0x0000027ca7e6d1a0 Exception <a 'java/lang/IncompatibleClassChangeError'{0x000000008591b618}: Found class java.lang.Object, but interface was expected> (0x000000008591b618) 
thrown [s\open\src\hotspot\share\interpreter\linkResolver.cpp, line 841]
Event: 5.095 Thread 0x0000027ca7e6d1a0 Exception <a 'java/lang/NoSuchMethodError'{0x0000000085c59fc8}: 'long java.lang.invoke.DirectMethodHandle$Holder.invokeVirtual(java.lang.Object, java.lang.Object, java.lang.Object, java.lang.Object, java.lang.Object, java.lang.Object)'> (0x0000000085c59fc8) 
thrown [s\open\src\hotspot\share\interpreter\linkResolver.cpp, line 774]
Event: 5.195 Thread 0x0000027ca7e6d1a0 Exception <a 'java/lang/IncompatibleClassChangeError'{0x0000000085845200}: Found class java.lang.Object, but interface was expected> (0x0000000085845200) 
thrown [s\open\src\hotspot\share\interpreter\linkResolver.cpp, line 841]
Event: 5.213 Thread 0x0000027ca7e6d1a0 Exception <a 'java/lang/NoSuchMethodError'{0x00000000858dd6d8}: 'java.lang.Object java.lang.invoke.DirectMethodHandle$Holder.newInvokeSpecial(java.lang.Object, java.lang.Object, java.lang.Object, java.lang.Object, java.lang.Object, java.lang.Object)'> (0x00000000858dd6d8) 
thrown [s\open\src\hotspot\share\interpreter\linkResolver.cpp, line 774]
Event: 5.291 Thread 0x0000027ca7e6d1a0 Exception <a 'java/lang/NoSuchMethodError'{0x00000000889c03f8}: 'java.lang.Object java.lang.invoke.DirectMethodHandle$Holder.invokeStatic(java.lang.Object, java.lang.Object, int, java.lang.Object)'> (0x00000000889c03f8) 
thrown [s\open\src\hotspot\share\interpreter\linkResolver.cpp, line 774]
Event: 5.291 Thread 0x0000027ca7e6d1a0 Exception <a 'java/lang/NoSuchMethodError'{0x00000000889c6df0}: 'java.lang.Object java.lang.invoke.DirectMethodHandle$Holder.newInvokeSpecial(java.lang.Object, java.lang.Object, int)'> (0x00000000889c6df0) 
thrown [s\open\src\hotspot\share\interpreter\linkResolver.cpp, line 774]
Event: 5.506 Thread 0x0000027ca7e6d1a0 Exception <a 'java/io/FileNotFoundException'{0x0000000085fddbc0}> (0x0000000085fddbc0) 
thrown [s\open\src\hotspot\share\prims\jni.cpp, line 520]
Event: 5.507 Thread 0x0000027ca7e6d1a0 Exception <a 'java/io/FileNotFoundException'{0x0000000085ff9738}> (0x0000000085ff9738) 
thrown [s\open\src\hotspot\share\prims\jni.cpp, line 520]
Event: 5.815 Thread 0x0000027ca7e6d1a0 Exception <a 'java/lang/NoSuchMethodError'{0x0000000088353390}: 'java.lang.Object java.lang.invoke.DirectMethodHandle$Holder.newInvokeSpecial(java.lang.Object, java.lang.Object, java.lang.Object, java.lang.Object, java.lang.Object, java.lang.Object, java.lang.Object, java.lang.Object)'> (0x0000000088353390) 
thrown [s\open\src\hotspot\share\interpreter\linkResolver.cpp, line 774]
Event: 6.324 Thread 0x0000027ca7e6d1a0 Exception <a 'java/lang/IncompatibleClassChangeError'{0x0000000086712e88}: Found class java.lang.Object, but interface was expected> (0x0000000086712e88) 
thrown [s\open\src\hotspot\share\interpreter\linkResolver.cpp, line 841]
Event: 6.515 Thread 0x0000027ca7e6d1a0 Exception <a 'java/lang/NoSuchMethodError'{0x0000000085e37750}: 'void java.lang.invoke.DirectMethodHandle$Holder.invokeVirtual(java.lang.Object, java.lang.Object, long)'> (0x0000000085e37750) 
thrown [s\open\src\hotspot\share\interpreter\linkResolver.cpp, line 774]
Event: 6.591 Thread 0x0000027ca7e6d1a0 Exception <a 'java/lang/NoSuchMethodError'{0x000000008b984998}: 'int java.lang.invoke.DirectMethodHandle$Holder.invokeStaticInit(java.lang.Object, java.lang.Object, java.lang.Object, java.lang.Object)'> (0x000000008b984998) 
thrown [s\open\src\hotspot\share\interpreter\linkResolver.cpp, line 774]
Event: 6.729 Thread 0x0000027ca7e6d1a0 Exception <a 'java/lang/NoSuchMethodError'{0x00000000885e4928}: 'java.lang.Object java.lang.invoke.DirectMethodHandle$Holder.newInvokeSpecial(java.lang.Object, java.lang.Object, int, java.lang.Object, java.lang.Object)'> (0x00000000885e4928) 
thrown [s\open\src\hotspot\share\interpreter\linkResolver.cpp, line 774]
Event: 17.132 Thread 0x0000027cefa4cee0 Exception <a 'java/lang/NoSuchMethodError'{0x00000000861d53c8}: 'java.lang.Object java.lang.invoke.DirectMethodHandle$Holder.invokeSpecial(java.lang.Object, java.lang.Object, java.lang.Object, java.lang.Object, java.lang.Object, long)'> (0x00000000861d53c8) 
thrown [s\open\src\hotspot\share\interpreter\linkResolver.cpp, line 774]
Event: 17.133 Thread 0x0000027cefa4cee0 Exception <a 'java/lang/NoSuchMethodError'{0x00000000861d8dd8}: 'java.lang.Object java.lang.invoke.Invokers$Holder.linkToTargetMethod(java.lang.Object, java.lang.Object, java.lang.Object, long, java.lang.Object)'> (0x00000000861d8dd8) 
thrown [s\open\src\hotspot\share\interpreter\linkResolver.cpp, line 774]
Event: 17.216 Thread 0x0000027cefa465e0 Exception <a 'java/lang/NoSuchMethodError'{0x000000008b94a4b0}: 'java.lang.Object java.lang.invoke.DirectMethodHandle$Holder.invokeStatic(java.lang.Object, int, int)'> (0x000000008b94a4b0) 
thrown [s\open\src\hotspot\share\interpreter\linkResolver.cpp, line 774]
Event: 17.216 Thread 0x0000027cefa4a780 Exception <a 'java/lang/NoSuchMethodError'{0x000000008b9545d8}: 'java.lang.Object java.lang.invoke.DirectMethodHandle$Holder.invokeStatic(java.lang.Object, int, int)'> (0x000000008b9545d8) 
thrown [s\open\src\hotspot\share\interpreter\linkResolver.cpp, line 774]

ZGC Phase Switch (0 events):
No events

VM Operations (20 events):
Event: 6.727 Executing VM operation: HandshakeAllThreads (Deoptimize)
Event: 6.727 Executing VM operation: HandshakeAllThreads (Deoptimize) done
Event: 7.728 Executing VM operation: Cleanup
Event: 7.729 Executing VM operation: Cleanup done
Event: 9.737 Executing VM operation: Cleanup
Event: 9.737 Executing VM operation: Cleanup done
Event: 10.741 Executing VM operation: Cleanup
Event: 10.741 Executing VM operation: Cleanup done
Event: 11.746 Executing VM operation: Cleanup
Event: 11.746 Executing VM operation: Cleanup done
Event: 16.794 Executing VM operation: Cleanup
Event: 16.794 Executing VM operation: Cleanup done
Event: 17.155 Executing VM operation: HandshakeAllThreads (Deoptimize)
Event: 17.155 Executing VM operation: HandshakeAllThreads (Deoptimize) done
Event: 17.199 Executing VM operation: G1CollectForAllocation (G1 Evacuation Pause)
Event: 17.205 Executing VM operation: G1CollectForAllocation (G1 Evacuation Pause) done
Event: 17.239 Executing VM operation: G1PauseRemark
Event: 17.245 Executing VM operation: G1PauseRemark done
Event: 17.264 Executing VM operation: G1PauseCleanup
Event: 17.264 Executing VM operation: G1PauseCleanup done

Memory protections (0 events):
No events

Nmethod flushes (20 events):
Event: 17.244 Thread 0x0000027ca7e43aa0 flushing  nmethod 0x0000027c94043c90
Event: 17.244 Thread 0x0000027ca7e43aa0 flushing  nmethod 0x0000027c94044090
Event: 17.244 Thread 0x0000027ca7e43aa0 flushing  nmethod 0x0000027c9428f190
Event: 17.244 Thread 0x0000027ca7e43aa0 flushing  nmethod 0x0000027c9428f810
Event: 17.244 Thread 0x0000027ca7e43aa0 flushing  nmethod 0x0000027c94290810
Event: 17.244 Thread 0x0000027ca7e43aa0 flushing  nmethod 0x0000027c94297990
Event: 17.244 Thread 0x0000027ca7e43aa0 flushing  nmethod 0x0000027c94340410
Event: 17.244 Thread 0x0000027ca7e43aa0 flushing  nmethod 0x0000027c94341310
Event: 17.244 Thread 0x0000027ca7e43aa0 flushing  nmethod 0x0000027c94344b10
Event: 17.244 Thread 0x0000027ca7e43aa0 flushing  nmethod 0x0000027c9435ed10
Event: 17.244 Thread 0x0000027ca7e43aa0 flushing  nmethod 0x0000027c9435f190
Event: 17.244 Thread 0x0000027ca7e43aa0 flushing  nmethod 0x0000027c93f89e90
Event: 17.244 Thread 0x0000027ca7e43aa0 flushing  nmethod 0x0000027c9402ef10
Event: 17.244 Thread 0x0000027ca7e43aa0 flushing  nmethod 0x0000027c94033710
Event: 17.244 Thread 0x0000027ca7e43aa0 flushing  nmethod 0x0000027c94034a10
Event: 17.244 Thread 0x0000027ca7e43aa0 flushing  nmethod 0x0000027c94037910
Event: 17.244 Thread 0x0000027ca7e43aa0 flushing  nmethod 0x0000027c9406cc90
Event: 17.244 Thread 0x0000027ca7e43aa0 flushing  nmethod 0x0000027c940d0310
Event: 17.244 Thread 0x0000027ca7e43aa0 flushing  nmethod 0x0000027c941be910
Event: 17.244 Thread 0x0000027ca7e43aa0 flushing  nmethod 0x0000027c942a5190

Events (20 events):
Event: 6.713 Thread 0x0000027ca7e6d1a0 Thread added: 0x0000027cefa47990
Event: 6.739 Thread 0x0000027ca7e6d1a0 Thread added: 0x0000027cefa465e0
Event: 6.739 Thread 0x0000027ca7e6d1a0 Thread added: 0x0000027cefa4a780
Event: 6.739 Thread 0x0000027ca7e6d1a0 Thread added: 0x0000027cefa48020
Event: 6.739 Thread 0x0000027ca7e6d1a0 Thread added: 0x0000027cefa4cee0
Event: 6.740 Thread 0x0000027ca7e6d1a0 Thread added: 0x0000027cefa4a0f0
Event: 6.740 Thread 0x0000027ca7e6d1a0 Thread added: 0x0000027cefa4ae10
Event: 6.740 Thread 0x0000027ca7e6d1a0 Thread added: 0x0000027cefa46c70
Event: 6.740 Thread 0x0000027ca7e6d1a0 Thread added: 0x0000027cefa4bb30
Event: 6.740 Thread 0x0000027ca7e6d1a0 Thread added: 0x0000027cefa486b0
Event: 6.740 Thread 0x0000027ca7e6d1a0 Thread added: 0x0000027cefa4c1c0
Event: 6.746 Thread 0x0000027ca7e6d1a0 Thread added: 0x0000027cefa47300
Event: 6.748 Thread 0x0000027ca7e6d1a0 Thread added: 0x0000027cefa4d570
Event: 6.767 Thread 0x0000027ca7e6d1a0 Thread added: 0x0000027cf2457450
Event: 6.778 Thread 0x0000027ca7e6d1a0 Thread exited: 0x0000027ca7e6d1a0
Event: 6.781 Thread 0x0000027ca7e6d830 Thread exited: 0x0000027ca7e6d830
Event: 6.781 Thread 0x0000027c894bdec0 Thread exited: 0x0000027c894bdec0
Event: 6.781 Thread 0x0000027cf2458e90 Thread added: 0x0000027cf2458e90
Event: 7.747 Thread 0x0000027ced1d9fe0 Thread exited: 0x0000027ced1d9fe0
Event: 17.131 Thread 0x0000027ca7e7d570 Thread added: 0x0000027cf21e0ca0


Dynamic libraries:
0x00007ff7e66f0000 - 0x00007ff7e66fe000 	C:\Users\HP\.jdks\openjdk-22.0.2\bin\java.exe
0x00007ffc00270000 - 0x00007ffc00487000 	C:\WINDOWS\SYSTEM32\ntdll.dll
0x00007ffbfeaf0000 - 0x00007ffbfebb4000 	C:\WINDOWS\System32\KERNEL32.DLL
0x00007ffbfd900000 - 0x00007ffbfdcad000 	C:\WINDOWS\System32\KERNELBASE.dll
0x00007ffbfde80000 - 0x00007ffbfdf91000 	C:\WINDOWS\System32\ucrtbase.dll
0x00007ffbf5090000 - 0x00007ffbf50ab000 	C:\Users\HP\.jdks\openjdk-22.0.2\bin\VCRUNTIME140.dll
0x00007ffbf5070000 - 0x00007ffbf5087000 	C:\Users\HP\.jdks\openjdk-22.0.2\bin\jli.dll
0x00007ffc00080000 - 0x00007ffc0022e000 	C:\WINDOWS\System32\USER32.dll
0x00007ffbe1590000 - 0x00007ffbe1823000 	C:\WINDOWS\WinSxS\amd64_microsoft.windows.common-controls_6595b64144ccf1df_6.0.22621.3672_none_2713b9d173822955\COMCTL32.dll
0x00007ffbfd590000 - 0x00007ffbfd5b6000 	C:\WINDOWS\System32\win32u.dll
0x00007ffbfe940000 - 0x00007ffbfe9e7000 	C:\WINDOWS\System32\msvcrt.dll
0x00007ffbff350000 - 0x00007ffbff379000 	C:\WINDOWS\System32\GDI32.dll
0x00007ffbfdd60000 - 0x00007ffbfde79000 	C:\WINDOWS\System32\gdi32full.dll
0x00007ffbfd860000 - 0x00007ffbfd8fa000 	C:\WINDOWS\System32\msvcp_win.dll
0x00007ffbfe870000 - 0x00007ffbfe8a1000 	C:\WINDOWS\System32\IMM32.DLL
0x00007ffbf5060000 - 0x00007ffbf506c000 	C:\Users\HP\.jdks\openjdk-22.0.2\bin\vcruntime140_1.dll
0x00007ffbe90b0000 - 0x00007ffbe913e000 	C:\Users\HP\.jdks\openjdk-22.0.2\bin\msvcp140.dll
0x00007ffb81e90000 - 0x00007ffb82bd9000 	C:\Users\HP\.jdks\openjdk-22.0.2\bin\server\jvm.dll
0x00007ffbfed80000 - 0x00007ffbfee32000 	C:\WINDOWS\System32\ADVAPI32.dll
0x00007ffbfdfa0000 - 0x00007ffbfe049000 	C:\WINDOWS\System32\sechost.dll
0x00007ffbfdd30000 - 0x00007ffbfdd58000 	C:\WINDOWS\System32\bcrypt.dll
0x00007ffbff230000 - 0x00007ffbff344000 	C:\WINDOWS\System32\RPCRT4.dll
0x00007ffbfea10000 - 0x00007ffbfea81000 	C:\WINDOWS\System32\WS2_32.dll
0x00007ffbfd450000 - 0x00007ffbfd49d000 	C:\WINDOWS\SYSTEM32\POWRPROF.dll
0x00007ffbf80a0000 - 0x00007ffbf80aa000 	C:\WINDOWS\SYSTEM32\VERSION.dll
0x00007ffbf7100000 - 0x00007ffbf7134000 	C:\WINDOWS\SYSTEM32\WINMM.dll
0x00007ffbfd430000 - 0x00007ffbfd443000 	C:\WINDOWS\SYSTEM32\UMPDC.dll
0x00007ffbfc590000 - 0x00007ffbfc5a8000 	C:\WINDOWS\SYSTEM32\kernel.appcore.dll
0x00007ffbf5050000 - 0x00007ffbf505a000 	C:\Users\HP\.jdks\openjdk-22.0.2\bin\jimage.dll
0x00007ffbfac50000 - 0x00007ffbfae82000 	C:\WINDOWS\SYSTEM32\DBGHELP.DLL
0x00007ffbffcf0000 - 0x00007ffc0007d000 	C:\WINDOWS\System32\combase.dll
0x00007ffbfec50000 - 0x00007ffbfed27000 	C:\WINDOWS\System32\OLEAUT32.dll
0x00007ffbd87e0000 - 0x00007ffbd8812000 	C:\WINDOWS\SYSTEM32\dbgcore.DLL
0x00007ffbfdcb0000 - 0x00007ffbfdd2b000 	C:\WINDOWS\System32\bcryptPrimitives.dll
0x00007ffbf5040000 - 0x00007ffbf504f000 	C:\Users\HP\.jdks\openjdk-22.0.2\bin\instrument.dll
0x00007ffbf4700000 - 0x00007ffbf471e000 	C:\Users\HP\.jdks\openjdk-22.0.2\bin\java.dll
0x00007ffbff480000 - 0x00007ffbffce8000 	C:\WINDOWS\System32\SHELL32.dll
0x00007ffbfe6b0000 - 0x00007ffbfe855000 	C:\WINDOWS\System32\ole32.dll
0x00007ffbfb590000 - 0x00007ffbfbe8e000 	C:\WINDOWS\SYSTEM32\windows.storage.dll
0x00007ffbfb450000 - 0x00007ffbfb58f000 	C:\WINDOWS\SYSTEM32\wintypes.dll
0x00007ffbff070000 - 0x00007ffbff169000 	C:\WINDOWS\System32\SHCORE.dll
0x00007ffbfea90000 - 0x00007ffbfeaee000 	C:\WINDOWS\System32\shlwapi.dll
0x00007ffbfd4c0000 - 0x00007ffbfd4e1000 	C:\WINDOWS\SYSTEM32\profapi.dll
0x00007ffbdee10000 - 0x00007ffbdeee7000 	C:\Users\HP\.jdks\openjdk-22.0.2\bin\jsvml.dll
0x00007ffbf3700000 - 0x00007ffbf3717000 	C:\Users\HP\.jdks\openjdk-22.0.2\bin\zip.dll
0x00007ffbf5030000 - 0x00007ffbf5040000 	C:\Users\HP\.jdks\openjdk-22.0.2\bin\net.dll
0x00007ffbfca10000 - 0x00007ffbfca79000 	C:\WINDOWS\system32\mswsock.dll
0x00007ffbf46b0000 - 0x00007ffbf46c6000 	C:\Users\HP\.jdks\openjdk-22.0.2\bin\nio.dll
0x00007ffbf36e0000 - 0x00007ffbf36fa000 	D:\IntelliJ IDEA Community Edition 2024.1.4\bin\breakgen64.dll
0x00007ffbf4dc0000 - 0x00007ffbf4dc9000 	C:\Users\HP\.jdks\openjdk-22.0.2\bin\extnet.dll
0x00007ffbf46f0000 - 0x00007ffbf46fa000 	C:\Users\HP\.jdks\openjdk-22.0.2\bin\management.dll
0x00007ffbf4530000 - 0x00007ffbf453b000 	C:\Users\HP\.jdks\openjdk-22.0.2\bin\management_ext.dll
0x00007ffbfeea0000 - 0x00007ffbfeea8000 	C:\WINDOWS\System32\PSAPI.DLL
0x00007ffbf32e0000 - 0x00007ffbf32eb000 	C:\Users\HP\.jdks\openjdk-22.0.2\bin\le.dll
0x00007ffbf32f0000 - 0x00007ffbf32fe000 	C:\Users\HP\.jdks\openjdk-22.0.2\bin\sunmscapi.dll
0x00007ffbfd5c0000 - 0x00007ffbfd727000 	C:\WINDOWS\System32\CRYPT32.dll
0x00007ffbfce30000 - 0x00007ffbfce5e000 	C:\WINDOWS\SYSTEM32\ncrypt.dll
0x00007ffbfcdf0000 - 0x00007ffbfce27000 	C:\WINDOWS\SYSTEM32\NTASN1.dll
0x00007ffbfcc90000 - 0x00007ffbfccab000 	C:\WINDOWS\SYSTEM32\CRYPTSP.dll
0x00007ffbfc4e0000 - 0x00007ffbfc515000 	C:\WINDOWS\system32\rsaenh.dll
0x00007ffbfcb10000 - 0x00007ffbfcb38000 	C:\WINDOWS\SYSTEM32\USERENV.dll
0x00007ffbfccb0000 - 0x00007ffbfccbc000 	C:\WINDOWS\SYSTEM32\CRYPTBASE.dll
0x00007ffbfbfe0000 - 0x00007ffbfc00d000 	C:\WINDOWS\SYSTEM32\IPHLPAPI.DLL
0x00007ffbfe860000 - 0x00007ffbfe869000 	C:\WINDOWS\System32\NSI.dll
0x00007ffbf8330000 - 0x00007ffbf8349000 	C:\WINDOWS\SYSTEM32\dhcpcsvc6.DLL
0x00007ffbf8270000 - 0x00007ffbf828f000 	C:\WINDOWS\SYSTEM32\dhcpcsvc.DLL
0x00007ffbfc010000 - 0x00007ffbfc108000 	C:\WINDOWS\SYSTEM32\DNSAPI.dll
0x00007ffbf76d0000 - 0x00007ffbf76d8000 	C:\WINDOWS\system32\wshunix.dll
0x00007ffbf88c0000 - 0x00007ffbf88ca000 	C:\Windows\System32\rasadhlp.dll
0x00007ffbf2e80000 - 0x00007ffbf2f03000 	C:\WINDOWS\System32\fwpuclnt.dll

dbghelp: loaded successfully - version: 4.0.5 - missing functions: none
symbol engine: initialized successfully - sym options: 0x614 - pdb path: .;C:\Users\HP\.jdks\openjdk-22.0.2\bin;C:\WINDOWS\SYSTEM32;C:\WINDOWS\WinSxS\amd64_microsoft.windows.common-controls_6595b64144ccf1df_6.0.22621.3672_none_2713b9d173822955;C:\Users\HP\.jdks\openjdk-22.0.2\bin\server;D:\IntelliJ IDEA Community Edition 2024.1.4\bin

VM Arguments:
jvm_args: -javaagent:D:\IntelliJ IDEA Community Edition 2024.1.4\lib\idea_rt.jar=54734:D:\IntelliJ IDEA Community Edition 2024.1.4\bin -Dfile.encoding=UTF-8 -Dsun.stdout.encoding=UTF-8 -Dsun.stderr.encoding=UTF-8 
java_command: com.abcRestaurant.abcRestaurant.AbcRestaurantApplication
java_class_path (initial): C:\Users\HP\Desktop\ABCRestaurant\abc-restaurant-project\abcRestaurant\target\classes;C:\Users\HP\.m2\repository\org\springframework\boot\spring-boot-starter-data-mongodb\3.3.2\spring-boot-starter-data-mongodb-3.3.2.jar;C:\Users\HP\.m2\repository\org\springframework\boot\spring-boot-starter\3.3.2\spring-boot-starter-3.3.2.jar;C:\Users\HP\.m2\repository\org\springframework\boot\spring-boot-starter-logging\3.3.2\spring-boot-starter-logging-3.3.2.jar;C:\Users\HP\.m2\repository\ch\qos\logback\logback-classic\1.5.6\logback-classic-1.5.6.jar;C:\Users\HP\.m2\repository\ch\qos\logback\logback-core\1.5.6\logback-core-1.5.6.jar;C:\Users\HP\.m2\repository\org\apache\logging\log4j\log4j-to-slf4j\2.23.1\log4j-to-slf4j-2.23.1.jar;C:\Users\HP\.m2\repository\org\apache\logging\log4j\log4j-api\2.23.1\log4j-api-2.23.1.jar;C:\Users\HP\.m2\repository\org\slf4j\jul-to-slf4j\2.0.13\jul-to-slf4j-2.0.13.jar;C:\Users\HP\.m2\repository\jakarta\annotation\jakarta.annotation-api\2.1.1\jakarta.annotation-api-2.1.1.jar;C:\Users\HP\.m2\repository\org\yaml\snakeyaml\2.2\snakeyaml-2.2.jar;C:\Users\HP\.m2\repository\org\mongodb\mongodb-driver-sync\5.0.1\mongodb-driver-sync-5.0.1.jar;C:\Users\HP\.m2\repository\org\mongodb\bson\5.0.1\bson-5.0.1.jar;C:\Users\HP\.m2\repository\org\mongodb\mongodb-driver-core\5.0.1\mongodb-driver-core-5.0.1.jar;C:\Users\HP\.m2\repository\org\mongodb\bson-record-codec\5.0.1\bson-record-codec-5.0.1.jar;C:\Users\HP\.m2\repository\org\springframework\data\spring-data-mongodb\4.3.2\spring-data-mongodb-4.3.2.jar;C:\Users\HP\.m2\repository\org\springframework\spring-tx\6.1.11\spring-tx-6.1.11.jar;C:\Users\HP\.m2\repository\org\springframework\spring-context\6.1.11\spring-context-6.1.11.jar;C:\Users\HP\.m2\repository\org\springframework\spring-beans\6.1.11\spring-beans-6.1.11.jar;C:\Users\HP\.m2\repository\org\springframework\spring-expression\6.1.11\spring-expression-6.1.11.jar;C:\Users\HP\.m2\repository\org\springframework\data\spring-data-commons\3.3.2\spring-data-commons-3.3.2.jar;C:\Users\HP\.m2\repository\org\slf4j\slf4j-api\2.0.13\slf4j-api-2.0.13.jar;C:\Users\HP\.m2\repository\org\springframework\boot\spring-boot-starter-web\3.3.2\spring-boot-starter-web-3.3.2.jar;C:\Users\HP\.m2\repository\org\springframework\boot\spring-boot-starter-json\3.3.2\spring-boot-starter-json-3.3.2.jar;C:\Users\HP\.m2\repository\com\fasterxml\jackson\core\jackson-databind\2.17.2\jackson-databind-2.17.2.jar;C:\Users\HP\.m2\repository\com\fasterxml\jackson\core\jackson-annotations\2.17.2\jackson-annotations-2.17.2.jar;C:\Users\HP\.m2\repository\com\fasterxml\jackson\core\jackson-core\2.17.2\jackson-core-2.17.2.jar;C:\Users\HP\.m2\repository\com\fasterxml\jackson\datatype\jackson-datatype-jdk8\2.17.2\jackson-datatype-jdk8-2.17.2.jar;C:\Users\HP\.m2\repository\com\fasterxml\jackson\datatype\jackson-datatype-jsr310\2.17.2\jackson-datatype-jsr310-2.17.2.jar;C:\Users\HP\.m2\repository\com\fasterxml\jackson\module\jackson-module-parameter-names\2.17.2\jackson-module-parameter-names-2.17.2.jar;C:\Users\HP\.m2\repository\org\springframework\boot\spring-boot-starter-tomcat\3.3.2\spring-boot-starter-tomcat-3.3.2.jar;C:\Users\HP\.m2\repository\org\apache\tomcat\embed\tomcat-embed-core\10.1.26\tomcat-embed-core-10.1.26.jar;C:\Users\HP\.m2\repository\org\apache\tomcat\embed\tomcat-embed-el\10.1.26\tomcat-embed-el-10.1.26.jar;C:\Users\HP\.m2\repository\org\apache\tomcat\embed\tomcat-embed-websocket\10.1.26\tomcat-embed-websocket-10.1.26.jar;C:\Users\HP\.m2\repository\org\springframework\spring-web\6.1.11\spring-web-6.1.11.jar;C:\Users\HP\.m2\repository\io\micrometer\micrometer-observation\1.13.2\micrometer-observation-1.13.2.jar;C:\Users\HP\.m2\repository\io\micrometer\micrometer-commons\1.13.2\micrometer-commons-1.13.2.jar;C:\Users\HP\.m2\repository\org\springframework\spring-webmvc\6.1.11\spring-webmvc-6.1.11.jar;C:\Users\HP\.m2\repository\org\springframework\boot\spring-boot-devtools\3.3.2\spring-boot-devtools-3.3.2.jar;C:\Users\HP\.m2\repository\org\springframework\boot\spring-boot\3.3.2\spring-boot-3.3.2.jar;C:\Users\HP\.m2\repository\org\springframework\boot\spring-boot-autoconfigure\3.3.2\spring-boot-autoconfigure-3.3.2.jar;C:\Users\HP\.m2\repository\org\projectlombok\lombok\1.18.34\lombok-1.18.34.jar;C:\Users\HP\.m2\repository\jakarta\activation\jakarta.activation-api\2.1.3\jakarta.activation-api-2.1.3.jar;C:\Users\HP\.m2\repository\org\springframework\spring-core\6.1.11\spring-core-6.1.11.jar;C:\Users\HP\.m2\repository\org\springframework\spring-jcl\6.1.11\spring-jcl-6.1.11.jar;C:\Users\HP\.m2\repository\me\paulschwarz\spring-dotenv\2.5.4\spring-dotenv-2.5.4.jar;C:\Users\HP\.m2\repository\io\github\cdimascio\dotenv-java\2.2.3\dotenv-java-2.2.3.jar;C:\Users\HP\.m2\repository\org\springframework\boot\spring-boot-starter-mail\3.3.2\spring-boot-starter-mail-3.3.2.jar;C:\Users\HP\.m2\repository\org\springframework\spring-context-support\6.1.11\spring-context-support-6.1.11.jar;C:\Users\HP\.m2\repository\org\eclipse\angus\jakarta.mail\2.0.3\jakarta.mail-2.0.3.jar;C:\Users\HP\.m2\repository\org\eclipse\angus\angus-activation\2.0.2\angus-activation-2.0.2.jar;C:\Users\HP\.m2\repository\org\springframework\boot\spring-boot-starter-security\3.3.2\spring-boot-starter-security-3.3.2.jar;C:\Users\HP\.m2\repository\org\springframework\spring-aop\6.1.11\spring-aop-6.1.11.jar;C:\Users\HP\.m2\repository\org\springframework\security\spring-security-config\6.3.1\spring-security-config-6.3.1.jar;C:\Users\HP\.m2\repository\org\springframework\security\spring-security-core\6.3.1\spring-security-core-6.3.1.jar;C:\Users\HP\.m2\repository\org\springframework\security\spring-security-crypto\6.3.1\spring-security-crypto-6.3.1.jar;C:\Users\HP\.m2\repository\org\springframework\security\spring-security-web\6.3.1\spring-security-web-6.3.1.jar;C:\Users\HP\.m2\repository\io\jsonwebtoken\jjwt\0.12.6\jjwt-0.12.6.jar;C:\Users\HP\.m2\repository\io\jsonwebtoken\jjwt-api\0.12.6\jjwt-api-0.12.6.jar;C:\Users\HP\.m2\repository\io\jsonwebtoken\jjwt-impl\0.12.6\jjwt-impl-0.12.6.jar;C:\Users\HP\.m2\repository\io\jsonwebtoken\jjwt-jackson\0.12.6\jjwt-jackson-0.12.6.jar;C:\Users\HP\.m2\repository\org\apache\pdfbox\pdfbox\2.0.30\pdfbox-2.0.30.jar;C:\Users\HP\.m2\repository\org\apache\pdfbox\fontbox\2.0.30\fontbox-2.0.30.jar;C:\Users\HP\.m2\repository\commons-logging\commons-logging\1.2\commons-logging-1.2.jar;C:\Users\HP\.m2\repository\com\itextpdf\itextpdf\5.5.13.2\itextpdf-5.5.13.2.jar
Launcher Type: SUN_STANDARD

[Global flags]
     intx CICompilerCount                          = 4                                         {product} {ergonomic}
     uint ConcGCThreads                            = 2                                         {product} {ergonomic}
     uint G1ConcRefinementThreads                  = 8                                         {product} {ergonomic}
   size_t G1HeapRegionSize                         = 1048576                                   {product} {ergonomic}
   size_t InitialHeapSize                          = 132120576                                 {product} {ergonomic}
   size_t MarkStackSize                            = 4194304                                   {product} {ergonomic}
   size_t MaxHeapSize                              = 2084569088                                {product} {ergonomic}
   size_t MaxNewSize                               = 1249902592                                {product} {ergonomic}
   size_t MinHeapDeltaBytes                        = 1048576                                   {product} {ergonomic}
   size_t MinHeapSize                              = 8388608                                   {product} {ergonomic}
    uintx NonNMethodCodeHeapSize                   = 5839372                                {pd product} {ergonomic}
    uintx NonProfiledCodeHeapSize                  = 122909434                              {pd product} {ergonomic}
    uintx ProfiledCodeHeapSize                     = 122909434                              {pd product} {ergonomic}
    uintx ReservedCodeCacheSize                    = 251658240                              {pd product} {ergonomic}
     bool SegmentedCodeCache                       = true                                      {product} {ergonomic}
   size_t SoftMaxHeapSize                          = 2084569088                             {manageable} {ergonomic}
     bool UseCompressedOops                        = true                           {product lp64_product} {ergonomic}
     bool UseG1GC                                  = true                                      {product} {ergonomic}
     bool UseLargePagesIndividualAllocation        = false                                  {pd product} {ergonomic}

Logging:
Log output configuration:
 #0: stdout all=warning uptime,level,tags foldmultilines=false
 #1: stderr all=off uptime,level,tags foldmultilines=false

Environment Variables:
PATH=C:\Program Files\Common Files\Oracle\Java\javapath;C:\WINDOWS\system32;C:\WINDOWS;C:\WINDOWS\System32\Wbem;C:\WINDOWS\System32\WindowsPowerShell\v1.0\;C:\WINDOWS\System32\OpenSSH\;C:\ProgramData\chocolatey\bin;C:\Program Files\dotnet\;D:\Git\cmd;C:\Program Files\Microsoft SQL Server\150\Tools\Binn\;C:\Program Files\Microsoft SQL Server\130\Tools\Binn\;C:\Program Files\Microsoft SQL Server\Client SDK\ODBC\170\Tools\Binn\;C:\Program Files (x86)\Microsoft SQL Server\160\Tools\Binn\;C:\Program Files\Microsoft SQL Server\160\Tools\Binn\;C:\Program Files\Microsoft SQL Server\160\DTS\Binn\;C:\Program Files (x86)\Microsoft SQL Server\160\DTS\Binn\;C:\Program Files\Azure Data Studio\bin;C:\Program Files\nodejs\;C:\Program Files\Apache;C:\Program Files\Common Files\Oracle\Java\javapath;C:\WINDOWS\system32;C:\WINDOWS;C:\WINDOWS\System32\Wbem;C:\WINDOWS\System32\WindowsPowerShell\v1.0\;C:\WINDOWS\System32\OpenSSH\;C:\ProgramData\chocolatey\bin;C:\Program Files\dotnet\;D:\Git\cmd;C:\Program Files\Microsoft SQL Server\150\Tools\Binn\;C:\Program Files\Microsoft SQL Server\130\Tools\Binn\;C:\Program Files\Microsoft SQL Server\Client SDK\ODBC\170\Tools\Binn\;C:\Program Files (x86)\Microsoft SQL Server\160\Tools\Binn\;C:\Program Files\Microsoft SQL Server\160\Tools\Binn\;C:\Program Files\Microsoft SQL Server\160\DTS\Binn\;C:\Program Files (x86)\Microsoft SQL Server\160\DTS\Binn\;C:\Program Files\Azure Data Studio\bin;C:\Program Files\nodejs\;C:\Program Files\Apache\maven\bin;C:\Users\HP\AppData\Local\Programs\Python\Python312\Scripts\;C:\Users\HP\AppData\Local\Programs\Python\Python312\;C:\Users\HP\AppData\Local\Programs\Python\Launcher\;C:\Users\HP\AppData\Local\Microsoft\WindowsApps;D:\Microsoft VS Code\bin;C:\Users\HP\AppData\Local\GitHubDesktop
USERNAME=HP
OS=Windows_NT
PROCESSOR_IDENTIFIER=Intel64 Family 6 Model 140 Stepping 1, GenuineIntel
TMP=C:\Users\HP\AppData\Local\Temp
TEMP=C:\Users\HP\AppData\Local\Temp




Periodic native trim disabled

---------------  S Y S T E M  ---------------

OS:
 Windows 11 , 64 bit Build 22621 (10.0.22621.3958)
OS uptime: 6 days 14:24 hours
Hyper-V role detected

CPU: total 8 (initial active 8) (4 cores per cpu, 2 threads per core) family 6 model 140 stepping 1 microcode 0xac, cx8, cmov, fxsr, ht, mmx, 3dnowpref, sse, sse2, sse3, ssse3, sse4.1, sse4.2, popcnt, lzcnt, tsc, tscinvbit, avx, avx2, aes, erms, clmul, bmi1, bmi2, adx, avx512f, avx512dq, avx512cd, avx512bw, avx512vl, sha, fma, vzeroupper, avx512_vpopcntdq, avx512_vpclmulqdq, avx512_vaes, avx512_vnni, clflush, clflushopt, clwb, avx512_vbmi2, avx512_vbmi, hv, rdtscp, rdpid, fsrm, gfni, avx512_bitalg, f16c, cet_ibt, cet_ss, avx512_ifma
Processor Information for all 8 processors :
  Max Mhz: 2419, Current Mhz: 2419, Mhz Limit: 2419

Memory: 4k page, system-wide physical 7948M (381M free)
TotalPageFile size 14092M (AvailPageFile size 0M)
current process WorkingSet (physical memory assigned to process): 221M, peak: 238M
current process commit charge ("private bytes"): 256M, peak: 289M

vm_info: OpenJDK 64-Bit Server VM (22.0.2+9-70) for windows-amd64 JRE (22.0.2+9-70), built on 2024-06-04T16:52:23Z by "mach5one" with MS VC++ 17.6 (VS2022)

END.
