#
# There is insufficient memory for the Java Runtime Environment to continue.
# Native memory allocation (malloc) failed to allocate 131088 bytes. Error detail: Chunk::new
# Possible reasons:
#   The system is out of physical RAM or swap space
#   This process is running with CompressedOops enabled, and the Java Heap may be blocking the growth of the native heap
# Possible solutions:
#   Reduce memory load on the system
#   Increase physical memory or swap space
#   Check if swap backing store is full
#   Decrease Java heap size (-Xmx/-Xms)
#   Decrease number of Java threads
#   Decrease Java thread stack sizes (-Xss)
#   Set larger code cache with -XX:ReservedCodeCacheSize=
#   JVM is running with Unscaled Compressed Oops mode in which the Java heap is
#     placed in the first 4GB address space. The Java Heap base address is the
#     maximum limit for the native heap growth. Please use -XX:HeapBaseMinAddress
#     to set the Java Heap base and to place the Java Heap above 4GB virtual address.
# This output file may be truncated or incomplete.
#
#  Out of Memory Error (arena.cpp:150), pid=4408, tid=13364
#
# JRE version: OpenJDK Runtime Environment (22.0.2+9) (build 22.0.2+9-70)
# Java VM: OpenJDK 64-Bit Server VM (22.0.2+9-70, mixed mode, sharing, tiered, compressed oops, compressed class ptrs, g1 gc, windows-amd64)
# No core dump will be written. Minidumps are not enabled by default on client versions of Windows
#

---------------  S U M M A R Y ------------

Command Line: -javaagent:D:\IntelliJ IDEA Community Edition 2024.1.4\lib\idea_rt.jar=54856:D:\IntelliJ IDEA Community Edition 2024.1.4\bin -Dfile.encoding=UTF-8 -Dsun.stdout.encoding=UTF-8 -Dsun.stderr.encoding=UTF-8 com.abcRestaurant.abcRestaurant.AbcRestaurantApplication

Host: 11th Gen Intel(R) Core(TM) i5-1135G7 @ 2.40GHz, 8 cores, 7G,  Windows 11 , 64 bit Build 22621 (10.0.22621.3958)
Time: Tue Sep  3 03:48:36 2024 Sri Lanka Standard Time elapsed time: 20.137766 seconds (0d 0h 0m 20s)

---------------  T H R E A D  ---------------

Current thread (0x0000023e6a1630b0):  JavaThread "C2 CompilerThread1" daemon [_thread_in_native, id=13364, stack(0x0000004c27700000,0x0000004c27800000) (1024K)]


Current CompileTask:
C2:20137 6525       4       org.springframework.core.ResolvableType::hasGenerics (14 bytes)

Stack: [0x0000004c27700000,0x0000004c27800000]
Native frames: (J=compiled Java code, j=interpreted, Vv=VM code, C=native code)
V  [jvm.dll+0x6e26e9]  (no source info available)
V  [jvm.dll+0x875753]  (no source info available)
V  [jvm.dll+0x877b7e]  (no source info available)
V  [jvm.dll+0x878253]  (no source info available)
V  [jvm.dll+0x27fc86]  (no source info available)
V  [jvm.dll+0xc3d0f]  (no source info available)
V  [jvm.dll+0xc40fb]  (no source info available)
V  [jvm.dll+0xc3bbb]  (no source info available)
V  [jvm.dll+0x6bf18c]  (no source info available)
V  [jvm.dll+0x2fe3c4]  (no source info available)
V  [jvm.dll+0x2ff944]  (no source info available)
V  [jvm.dll+0x248daf]  (no source info available)
V  [jvm.dll+0x246da6]  (no source info available)
V  [jvm.dll+0x1c4e80]  (no source info available)
V  [jvm.dll+0x2568f3]  (no source info available)
V  [jvm.dll+0x254baa]  (no source info available)
V  [jvm.dll+0x3f57a6]  (no source info available)
V  [jvm.dll+0x81dc0b]  (no source info available)
V  [jvm.dll+0x6e0d85]  (no source info available)
C  [ucrtbase.dll+0x29333]  (no source info available)
C  [KERNEL32.DLL+0x1257d]  (no source info available)
C  [ntdll.dll+0x5af28]  (no source info available)


---------------  P R O C E S S  ---------------

Threads class SMR info:
_java_thread_list=0x0000023e06440b10, length=44, elements={
0x0000023e24ac0f10, 0x0000023e24ac1e30, 0x0000023e24ac4700, 0x0000023e24ac7170,
0x0000023e24ac7d00, 0x0000023e24ac94c0, 0x0000023e24acdd30, 0x0000023e24ad38b0,
0x0000023e6a09f9b0, 0x0000023e6a36e930, 0x0000023e6a36f3a0, 0x0000023e6dcedda0,
0x0000023e6d187bf0, 0x0000023e6d188260, 0x0000023e6de69da0, 0x0000023e6de68360,
0x0000023e6de689f0, 0x0000023e6de6aac0, 0x0000023e6de6a430, 0x0000023e6de69080,
0x0000023e6de6b150, 0x0000023e6de67cd0, 0x0000023e6de69710, 0x0000023e6bff91e0,
0x0000023e6bffac20, 0x0000023e6bffccf0, 0x0000023e6bff9870, 0x0000023e6bffd380,
0x0000023e6bff8b50, 0x0000023e6bff9f00, 0x0000023e6bff77a0, 0x0000023e6bffc660,
0x0000023e6bffe0a0, 0x0000023e6bffbfd0, 0x0000023e6bff7110, 0x0000023e6bffe730,
0x0000023e6bffb2b0, 0x0000023e6bff7e30, 0x0000023e6bffa590, 0x0000023e6bff84c0,
0x0000023e6bffb940, 0x0000023e70019290, 0x0000023e6a1630b0, 0x0000023e6b022c10
}

Java Threads: ( => current thread )
  0x0000023e24ac0f10 JavaThread "Reference Handler"          daemon [_thread_blocked, id=16556, stack(0x0000004c26e00000,0x0000004c26f00000) (1024K)]
  0x0000023e24ac1e30 JavaThread "Finalizer"                  daemon [_thread_blocked, id=20096, stack(0x0000004c26f00000,0x0000004c27000000) (1024K)]
  0x0000023e24ac4700 JavaThread "Signal Dispatcher"          daemon [_thread_blocked, id=18036, stack(0x0000004c27000000,0x0000004c27100000) (1024K)]
  0x0000023e24ac7170 JavaThread "Attach Listener"            daemon [_thread_blocked, id=4308, stack(0x0000004c27100000,0x0000004c27200000) (1024K)]
  0x0000023e24ac7d00 JavaThread "Service Thread"             daemon [_thread_blocked, id=7448, stack(0x0000004c27200000,0x0000004c27300000) (1024K)]
  0x0000023e24ac94c0 JavaThread "Monitor Deflation Thread"   daemon [_thread_blocked, id=14352, stack(0x0000004c27300000,0x0000004c27400000) (1024K)]
  0x0000023e24acdd30 JavaThread "C2 CompilerThread0"         daemon [_thread_in_native, id=13932, stack(0x0000004c27400000,0x0000004c27500000) (1024K)]
  0x0000023e24ad38b0 JavaThread "C1 CompilerThread0"         daemon [_thread_blocked, id=15072, stack(0x0000004c27500000,0x0000004c27600000) (1024K)]
  0x0000023e6a09f9b0 JavaThread "Common-Cleaner"             daemon [_thread_blocked, id=17348, stack(0x0000004c27600000,0x0000004c27700000) (1024K)]
  0x0000023e6a36e930 JavaThread "Monitor Ctrl-Break"         daemon [_thread_in_native, id=19024, stack(0x0000004c27800000,0x0000004c27900000) (1024K)]
  0x0000023e6a36f3a0 JavaThread "Notification Thread"        daemon [_thread_blocked, id=21036, stack(0x0000004c27900000,0x0000004c27a00000) (1024K)]
  0x0000023e6dcedda0 JavaThread "Catalina-utility-1"                [_thread_blocked, id=1572, stack(0x0000004c28500000,0x0000004c28600000) (1024K)]
  0x0000023e6d187bf0 JavaThread "Catalina-utility-2"                [_thread_blocked, id=21948, stack(0x0000004c28600000,0x0000004c28700000) (1024K)]
  0x0000023e6d188260 JavaThread "container-0"                       [_thread_blocked, id=3716, stack(0x0000004c28700000,0x0000004c28800000) (1024K)]
  0x0000023e6de69da0 JavaThread "Jndi-Dns-address-change-listener" daemon [_thread_in_native, id=21500, stack(0x0000004c28800000,0x0000004c28900000) (1024K)]
  0x0000023e6de68360 JavaThread "BufferPoolPruner-1-thread-1" daemon [_thread_blocked, id=6360, stack(0x0000004c28900000,0x0000004c28a00000) (1024K)]
  0x0000023e6de689f0 JavaThread "cluster-ClusterId{value='66d639ad468c2f36d9dd3653', description='null'}-srv-abccluster.kd72xqs.mongodb.net" daemon [_thread_blocked, id=21548, stack(0x0000004c28a00000,0x0000004c28b00000) (1024K)]
  0x0000023e6de6aac0 JavaThread "cluster-ClusterId{value='66d639ad468c2f36d9dd3653', description='null'}-ac-byq5ho1-shard-00-01.kd72xqs.mongodb.net:27017" daemon [_thread_in_native, id=6740, stack(0x0000004c28b00000,0x0000004c28c00000) (1024K)]
  0x0000023e6de6a430 JavaThread "cluster-rtt-ClusterId{value='66d639ad468c2f36d9dd3653', description='null'}-ac-byq5ho1-shard-00-01.kd72xqs.mongodb.net:27017" daemon [_thread_blocked, id=13108, stack(0x0000004c28c00000,0x0000004c28d00000) (1024K)]
  0x0000023e6de69080 JavaThread "cluster-ClusterId{value='66d639ad468c2f36d9dd3653', description='null'}-ac-byq5ho1-shard-00-02.kd72xqs.mongodb.net:27017" daemon [_thread_in_native, id=13544, stack(0x0000004c28d00000,0x0000004c28e00000) (1024K)]
  0x0000023e6de6b150 JavaThread "cluster-rtt-ClusterId{value='66d639ad468c2f36d9dd3653', description='null'}-ac-byq5ho1-shard-00-02.kd72xqs.mongodb.net:27017" daemon [_thread_blocked, id=12132, stack(0x0000004c28e00000,0x0000004c28f00000) (1024K)]
  0x0000023e6de67cd0 JavaThread "cluster-ClusterId{value='66d639ad468c2f36d9dd3653', description='null'}-ac-byq5ho1-shard-00-00.kd72xqs.mongodb.net:27017" daemon [_thread_in_native, id=20704, stack(0x0000004c28f00000,0x0000004c29000000) (1024K)]
  0x0000023e6de69710 JavaThread "cluster-rtt-ClusterId{value='66d639ad468c2f36d9dd3653', description='null'}-ac-byq5ho1-shard-00-00.kd72xqs.mongodb.net:27017" daemon [_thread_blocked, id=2080, stack(0x0000004c29000000,0x0000004c29100000) (1024K)]
  0x0000023e6bff91e0 JavaThread "Live Reload Server"         daemon [_thread_in_native, id=7604, stack(0x0000004c29200000,0x0000004c29300000) (1024K)]
  0x0000023e6bffac20 JavaThread "MaintenanceTimer-2-thread-1" daemon [_thread_blocked, id=11552, stack(0x0000004c29300000,0x0000004c29400000) (1024K)]
  0x0000023e6bffccf0 JavaThread "MaintenanceTimer-3-thread-1" daemon [_thread_blocked, id=6924, stack(0x0000004c29400000,0x0000004c29500000) (1024K)]
  0x0000023e6bff9870 JavaThread "MaintenanceTimer-4-thread-1" daemon [_thread_blocked, id=17076, stack(0x0000004c29500000,0x0000004c29600000) (1024K)]
  0x0000023e6bffd380 JavaThread "File Watcher"               daemon [_thread_blocked, id=6128, stack(0x0000004c29600000,0x0000004c29700000) (1024K)]
  0x0000023e6bff8b50 JavaThread "http-nio-8080-exec-1"       daemon [_thread_blocked, id=12548, stack(0x0000004c29700000,0x0000004c29800000) (1024K)]
  0x0000023e6bff9f00 JavaThread "http-nio-8080-exec-2"       daemon [_thread_blocked, id=5448, stack(0x0000004c29800000,0x0000004c29900000) (1024K)]
  0x0000023e6bff77a0 JavaThread "http-nio-8080-exec-3"       daemon [_thread_blocked, id=4204, stack(0x0000004c29900000,0x0000004c29a00000) (1024K)]
  0x0000023e6bffc660 JavaThread "http-nio-8080-exec-4"       daemon [_thread_blocked, id=15856, stack(0x0000004c29a00000,0x0000004c29b00000) (1024K)]
  0x0000023e6bffe0a0 JavaThread "http-nio-8080-exec-5"       daemon [_thread_blocked, id=21032, stack(0x0000004c29b00000,0x0000004c29c00000) (1024K)]
  0x0000023e6bffbfd0 JavaThread "http-nio-8080-exec-6"       daemon [_thread_blocked, id=11504, stack(0x0000004c29c00000,0x0000004c29d00000) (1024K)]
  0x0000023e6bff7110 JavaThread "http-nio-8080-exec-7"       daemon [_thread_in_Java, id=3812, stack(0x0000004c29d00000,0x0000004c29e00000) (1024K)]
  0x0000023e6bffe730 JavaThread "http-nio-8080-exec-8"       daemon [_thread_blocked, id=14564, stack(0x0000004c29e00000,0x0000004c29f00000) (1024K)]
  0x0000023e6bffb2b0 JavaThread "http-nio-8080-exec-9"       daemon [_thread_blocked, id=14732, stack(0x0000004c29f00000,0x0000004c2a000000) (1024K)]
  0x0000023e6bff7e30 JavaThread "http-nio-8080-exec-10"      daemon [_thread_blocked, id=12084, stack(0x0000004c2a000000,0x0000004c2a100000) (1024K)]
  0x0000023e6bffa590 JavaThread "http-nio-8080-Poller"       daemon [_thread_in_native, id=3908, stack(0x0000004c2a100000,0x0000004c2a200000) (1024K)]
  0x0000023e6bff84c0 JavaThread "http-nio-8080-Acceptor"     daemon [_thread_in_native, id=13476, stack(0x0000004c2a200000,0x0000004c2a300000) (1024K)]
  0x0000023e6bffb940 JavaThread "scheduling-1"                      [_thread_blocked, id=20612, stack(0x0000004c2a300000,0x0000004c2a400000) (1024K)]
  0x0000023e70019290 JavaThread "DestroyJavaVM"                     [_thread_blocked, id=13324, stack(0x0000004c26600000,0x0000004c26700000) (1024K)]
=>0x0000023e6a1630b0 JavaThread "C2 CompilerThread1"         daemon [_thread_in_native, id=13364, stack(0x0000004c27700000,0x0000004c27800000) (1024K)]
  0x0000023e6b022c10 JavaThread "C2 CompilerThread2"         daemon [_thread_in_native, id=22452, stack(0x0000004c27a00000,0x0000004c27b00000) (1024K)]
Total: 44

Other Threads:
  0x0000023e24aa1d40 VMThread "VM Thread"                           [id=21676, stack(0x0000004c26d00000,0x0000004c26e00000) (1024K)] _threads_hazard_ptr=0x0000023e06440b10
  0x0000023e24a89b60 WatcherThread "VM Periodic Task Thread"        [id=5472, stack(0x0000004c26c00000,0x0000004c26d00000) (1024K)]
  0x0000023e063efd60 WorkerThread "GC Thread#0"                     [id=5564, stack(0x0000004c26700000,0x0000004c26800000) (1024K)]
  0x0000023e6abaeff0 WorkerThread "GC Thread#1"                     [id=17620, stack(0x0000004c27c00000,0x0000004c27d00000) (1024K)]
  0x0000023e6abaf3a0 WorkerThread "GC Thread#2"                     [id=15544, stack(0x0000004c27d00000,0x0000004c27e00000) (1024K)]
  0x0000023e6a72d750 WorkerThread "GC Thread#3"                     [id=17380, stack(0x0000004c27e00000,0x0000004c27f00000) (1024K)]
  0x0000023e6ae783f0 WorkerThread "GC Thread#4"                     [id=2168, stack(0x0000004c27f00000,0x0000004c28000000) (1024K)]
  0x0000023e6ae792b0 WorkerThread "GC Thread#5"                     [id=10204, stack(0x0000004c28000000,0x0000004c28100000) (1024K)]
  0x0000023e6ae79660 WorkerThread "GC Thread#6"                     [id=8596, stack(0x0000004c28300000,0x0000004c28400000) (1024K)]
  0x0000023e6ae787a0 WorkerThread "GC Thread#7"                     [id=12560, stack(0x0000004c28400000,0x0000004c28500000) (1024K)]
  0x0000023e064004e0 ConcurrentGCThread "G1 Main Marker"            [id=11912, stack(0x0000004c26800000,0x0000004c26900000) (1024K)]
  0x0000023e064010b0 WorkerThread "G1 Conc#0"                       [id=11772, stack(0x0000004c26900000,0x0000004c26a00000) (1024K)]
  0x0000023e6bfafa40 WorkerThread "G1 Conc#1"                       [id=16376, stack(0x0000004c28100000,0x0000004c28200000) (1024K)]
  0x0000023e0644e8b0 ConcurrentGCThread "G1 Refine#0"               [id=7688, stack(0x0000004c26a00000,0x0000004c26b00000) (1024K)]
  0x0000023e2495ed40 ConcurrentGCThread "G1 Service"                [id=19828, stack(0x0000004c26b00000,0x0000004c26c00000) (1024K)]
Total: 15

Threads with active compile tasks:
C2 CompilerThread0  20206 6526 % !   4       org.springframework.beans.factory.support.DefaultListableBeanFactory::doGetBeanNamesForType @ 20 (505 bytes)
C2 CompilerThread1  20206 6525       4       org.springframework.core.ResolvableType::hasGenerics (14 bytes)
C2 CompilerThread2  20206 6597   !   4       jdk.internal.loader.BuiltinClassLoader::findClassOnClassPathOrNull (64 bytes)
Total: 3

VM state: not at safepoint (normal execution)

VM Mutex/Monitor currently owned by a thread: None

Heap address: 0x0000000083c00000, size: 1988 MB, Compressed Oops mode: 32-bit

CDS archive(s) mapped at: [0x0000023e25000000-0x0000023e25c60000-0x0000023e25c60000), size 12976128, SharedBaseAddress: 0x0000023e25000000, ArchiveRelocationMode: 1.
Compressed class space mapped at: 0x0000023e26000000-0x0000023e66000000, reserved size: 1073741824
Narrow klass base: 0x0000023e25000000, Narrow klass shift: 0, Narrow klass range: 0x41000000

GC Precious Log:
 CardTable entry size: 512
 Card Set container configuration: InlinePtr #cards 5 size 8 Array Of Cards #cards 12 size 40 Howl #buckets 4 coarsen threshold 1843 Howl Bitmap #cards 512 size 80 coarsen threshold 460 Card regions per heap region 1 cards per card region 2048
 CPUs: 8 total, 8 available
 Memory: 7948M
 Large Page Support: Disabled
 NUMA Support: Disabled
 Compressed Oops: Enabled (32-bit)
 Heap Region Size: 1M
 Heap Min Capacity: 8M
 Heap Initial Capacity: 126M
 Heap Max Capacity: 1988M
 Pre-touch: Disabled
 Parallel Workers: 8
 Concurrent Workers: 2
 Concurrent Refinement Workers: 8
 Periodic GC: Disabled

Heap:
 garbage-first heap   total reserved 2035712K, committed 55296K, used 45753K [0x0000000083c00000, 0x0000000100000000)
  region size 1024K, 19 young (19456K), 2 survivors (2048K)
 Metaspace       used 51315K, committed 52032K, reserved 1114112K
  class space    used 6813K, committed 7168K, reserved 1048576K

Heap Regions: E=young(eden), S=young(survivor), O=old, HS=humongous(starts), HC=humongous(continues), CS=collection set, F=free, TAMS=top-at-mark-start, PB=parsable bottom
|   0|0x0000000083c00000, 0x0000000083d00000, 0x0000000083d00000|100%| O|  |TAMS 0x0000000083c00000| PB 0x0000000083c00000| Untracked |  0
|   1|0x0000000083d00000, 0x0000000083e00000, 0x0000000083e00000|100%| O|  |TAMS 0x0000000083d00000| PB 0x0000000083d00000| Untracked |  0
|   2|0x0000000083e00000, 0x0000000083f00000, 0x0000000083f00000|100%| O|  |TAMS 0x0000000083e00000| PB 0x0000000083e00000| Untracked |  0
|   3|0x0000000083f00000, 0x0000000084000000, 0x0000000084000000|100%| O|  |TAMS 0x0000000083f00000| PB 0x0000000083f00000| Untracked |  0
|   4|0x0000000084000000, 0x0000000084100000, 0x0000000084100000|100%| O|  |TAMS 0x0000000084000000| PB 0x0000000084000000| Untracked |  0
|   5|0x0000000084100000, 0x0000000084200000, 0x0000000084200000|100%| O|  |TAMS 0x0000000084100000| PB 0x0000000084100000| Untracked |  0
|   6|0x0000000084200000, 0x0000000084300000, 0x0000000084300000|100%| O|  |TAMS 0x0000000084200000| PB 0x0000000084200000| Untracked |  0
|   7|0x0000000084300000, 0x0000000084400000, 0x0000000084400000|100%| O|  |TAMS 0x0000000084300000| PB 0x0000000084300000| Untracked |  0
|   8|0x0000000084400000, 0x0000000084500000, 0x0000000084500000|100%| O|  |TAMS 0x0000000084400000| PB 0x0000000084400000| Untracked |  0
|   9|0x0000000084500000, 0x0000000084600000, 0x0000000084600000|100%| O|  |TAMS 0x0000000084500000| PB 0x0000000084500000| Untracked |  0
|  10|0x0000000084600000, 0x0000000084700000, 0x0000000084700000|100%| O|  |TAMS 0x0000000084600000| PB 0x0000000084600000| Untracked |  0
|  11|0x0000000084700000, 0x0000000084800000, 0x0000000084800000|100%| O|  |TAMS 0x0000000084700000| PB 0x0000000084700000| Untracked |  0
|  12|0x0000000084800000, 0x0000000084900000, 0x0000000084900000|100%| O|  |TAMS 0x0000000084800000| PB 0x0000000084800000| Untracked |  0
|  13|0x0000000084900000, 0x0000000084a00000, 0x0000000084a00000|100%| O|  |TAMS 0x0000000084900000| PB 0x0000000084900000| Untracked |  0
|  14|0x0000000084a00000, 0x0000000084b00000, 0x0000000084b00000|100%| O|  |TAMS 0x0000000084a00000| PB 0x0000000084a00000| Untracked |  0
|  15|0x0000000084b00000, 0x0000000084c00000, 0x0000000084c00000|100%| O|  |TAMS 0x0000000084b00000| PB 0x0000000084b00000| Untracked |  0
|  16|0x0000000084c00000, 0x0000000084d00000, 0x0000000084d00000|100%| O|  |TAMS 0x0000000084c00000| PB 0x0000000084c00000| Untracked |  0
|  17|0x0000000084d00000, 0x0000000084e00000, 0x0000000084e00000|100%| O|  |TAMS 0x0000000084d00000| PB 0x0000000084d00000| Untracked |  0
|  18|0x0000000084e00000, 0x0000000084f00000, 0x0000000084f00000|100%| O|  |TAMS 0x0000000084e00000| PB 0x0000000084e00000| Untracked |  0
|  19|0x0000000084f00000, 0x0000000085000000, 0x0000000085000000|100%| O|  |TAMS 0x0000000084f00000| PB 0x0000000084f00000| Untracked |  0
|  20|0x0000000085000000, 0x0000000085100000, 0x0000000085100000|100%| O|Cm|TAMS 0x0000000085000000| PB 0x0000000085000000| Complete |  0
|  21|0x0000000085100000, 0x0000000085200000, 0x0000000085200000|100%| O|  |TAMS 0x0000000085100000| PB 0x0000000085100000| Untracked |  0
|  22|0x0000000085200000, 0x0000000085300000, 0x0000000085300000|100%| O|  |TAMS 0x0000000085200000| PB 0x0000000085200000| Untracked |  0
|  23|0x0000000085300000, 0x0000000085400000, 0x0000000085400000|100%| O|  |TAMS 0x0000000085300000| PB 0x0000000085300000| Untracked |  0
|  24|0x0000000085400000, 0x0000000085500000, 0x0000000085500000|100%| O|  |TAMS 0x0000000085400000| PB 0x0000000085400000| Untracked |  0
|  25|0x0000000085500000, 0x0000000085600000, 0x0000000085600000|100%| O|  |TAMS 0x0000000085500000| PB 0x0000000085500000| Untracked |  0
|  26|0x0000000085600000, 0x00000000856fcdc8, 0x0000000085700000| 98%| O|  |TAMS 0x0000000085600000| PB 0x0000000085600000| Untracked |  0
|  27|0x0000000085700000, 0x0000000085700000, 0x0000000085800000|  0%| F|  |TAMS 0x0000000085700000| PB 0x0000000085700000| Untracked |  0
|  28|0x0000000085800000, 0x0000000085800000, 0x0000000085900000|  0%| F|  |TAMS 0x0000000085800000| PB 0x0000000085800000| Untracked |  0
|  29|0x0000000085900000, 0x0000000085900000, 0x0000000085a00000|  0%| F|  |TAMS 0x0000000085900000| PB 0x0000000085900000| Untracked |  0
|  30|0x0000000085a00000, 0x0000000085a00000, 0x0000000085b00000|  0%| F|  |TAMS 0x0000000085a00000| PB 0x0000000085a00000| Untracked |  0
|  31|0x0000000085b00000, 0x0000000085b00000, 0x0000000085c00000|  0%| F|  |TAMS 0x0000000085b00000| PB 0x0000000085b00000| Untracked |  0
|  32|0x0000000085c00000, 0x0000000085c00000, 0x0000000085d00000|  0%| F|  |TAMS 0x0000000085c00000| PB 0x0000000085c00000| Untracked |  0
|  33|0x0000000085d00000, 0x0000000085db1840, 0x0000000085e00000| 69%| S|CS|TAMS 0x0000000085d00000| PB 0x0000000085d00000| Complete |  0
|  34|0x0000000085e00000, 0x0000000085f00000, 0x0000000085f00000|100%| S|CS|TAMS 0x0000000085e00000| PB 0x0000000085e00000| Complete |  0
|  35|0x0000000085f00000, 0x0000000085f00000, 0x0000000086000000|  0%| F|  |TAMS 0x0000000085f00000| PB 0x0000000085f00000| Untracked |  0
|  36|0x0000000086000000, 0x000000008603eea8, 0x0000000086100000| 24%| E|  |TAMS 0x0000000086000000| PB 0x0000000086000000| Complete |  1
|  37|0x0000000086100000, 0x0000000086200000, 0x0000000086200000|100%| E|  |TAMS 0x0000000086100000| PB 0x0000000086100000| Complete |  2
|  38|0x0000000086200000, 0x0000000086300000, 0x0000000086300000|100%| E|CS|TAMS 0x0000000086200000| PB 0x0000000086200000| Complete |  0
|  39|0x0000000086300000, 0x0000000086400000, 0x0000000086400000|100%| E|CS|TAMS 0x0000000086300000| PB 0x0000000086300000| Complete |  0
|  40|0x0000000086400000, 0x0000000086500000, 0x0000000086500000|100%| E|CS|TAMS 0x0000000086400000| PB 0x0000000086400000| Complete |  0
|  41|0x0000000086500000, 0x0000000086600000, 0x0000000086600000|100%| E|CS|TAMS 0x0000000086500000| PB 0x0000000086500000| Complete |  0
|  42|0x0000000086600000, 0x0000000086700000, 0x0000000086700000|100%| E|CS|TAMS 0x0000000086600000| PB 0x0000000086600000| Complete |  0
|  43|0x0000000086700000, 0x0000000086800000, 0x0000000086800000|100%| E|CS|TAMS 0x0000000086700000| PB 0x0000000086700000| Complete |  0
|  44|0x0000000086800000, 0x0000000086900000, 0x0000000086900000|100%| E|CS|TAMS 0x0000000086800000| PB 0x0000000086800000| Complete |  0
|  71|0x0000000088300000, 0x0000000088400000, 0x0000000088400000|100%| E|CS|TAMS 0x0000000088300000| PB 0x0000000088300000| Complete |  0
|  72|0x0000000088400000, 0x0000000088500000, 0x0000000088500000|100%| E|CS|TAMS 0x0000000088400000| PB 0x0000000088400000| Complete |  0
|  73|0x0000000088500000, 0x0000000088600000, 0x0000000088600000|100%| E|CS|TAMS 0x0000000088500000| PB 0x0000000088500000| Complete |  0
|  74|0x0000000088600000, 0x0000000088700000, 0x0000000088700000|100%| E|CS|TAMS 0x0000000088600000| PB 0x0000000088600000| Complete |  0
|  75|0x0000000088700000, 0x0000000088800000, 0x0000000088800000|100%| E|CS|TAMS 0x0000000088700000| PB 0x0000000088700000| Complete |  0
|  76|0x0000000088800000, 0x0000000088900000, 0x0000000088900000|100%| E|CS|TAMS 0x0000000088800000| PB 0x0000000088800000| Complete |  0
|  77|0x0000000088900000, 0x0000000088a00000, 0x0000000088a00000|100%| E|CS|TAMS 0x0000000088900000| PB 0x0000000088900000| Complete |  0
| 125|0x000000008b900000, 0x000000008ba00000, 0x000000008ba00000|100%| E|CS|TAMS 0x000000008b900000| PB 0x000000008b900000| Complete |  0
|1987|0x00000000fff00000, 0x0000000100000000, 0x0000000100000000|100%| O|Cm|TAMS 0x00000000fff00000| PB 0x00000000fff00000| Complete |  0

Card table byte_map: [0x0000023e1fd00000,0x0000023e200f0000] _byte_map_base: 0x0000023e1f8e2000

Marking Bits: (CMBitMap*) 0x0000023e063f0380
 Bits: [0x0000023e200f0000, 0x0000023e22000000)

Polling page: 0x0000023e06450000

Metaspace:

Usage:
  Non-class:     43.46 MB used.
      Class:      6.65 MB used.
       Both:     50.11 MB used.

Virtual space:
  Non-class space:       64.00 MB reserved,      43.81 MB ( 68%) committed,  1 nodes.
      Class space:        1.00 GB reserved,       7.00 MB ( <1%) committed,  1 nodes.
             Both:        1.06 GB reserved,      50.81 MB (  5%) committed. 

Chunk freelists:
   Non-Class:  3.69 MB
       Class:  8.86 MB
        Both:  12.55 MB

MaxMetaspaceSize: unlimited
CompressedClassSpaceSize: 1.00 GB
Initial GC threshold: 21.00 MB
Current GC threshold: 75.00 MB
CDS: on
 - commit_granule_bytes: 65536.
 - commit_granule_words: 8192.
 - virtual_space_node_default_size: 8388608.
 - enlarge_chunks_in_place: 1.
 - use_allocation_guard: 0.


Internal statistics:

num_allocs_failed_limit: 6.
num_arena_births: 934.
num_arena_deaths: 20.
num_vsnodes_births: 2.
num_vsnodes_deaths: 0.
num_space_committed: 813.
num_space_uncommitted: 0.
num_chunks_returned_to_freelist: 36.
num_chunks_taken_from_freelist: 2755.
num_chunk_merges: 15.
num_chunk_splits: 1810.
num_chunks_enlarged: 1259.
num_inconsistent_stats: 0.

CodeHeap 'non-profiled nmethods': size=120000Kb used=3526Kb max_used=3526Kb free=116474Kb
 bounds [0x0000023e17970000, 0x0000023e17cf0000, 0x0000023e1eea0000]
CodeHeap 'profiled nmethods': size=120000Kb used=11131Kb max_used=11293Kb free=108869Kb
 bounds [0x0000023e0fea0000, 0x0000023e109b0000, 0x0000023e173d0000]
CodeHeap 'non-nmethods': size=5760Kb used=1832Kb max_used=1866Kb free=3927Kb
 bounds [0x0000023e173d0000, 0x0000023e17640000, 0x0000023e17970000]
 total_blobs=6525 nmethods=5848 adapters=581
 compilation: enabled
              stopped_count=0, restarted_count=0
 full_count=0

Compilation events (20 events):
Event: 20.106 Thread 0x0000023e24ad38b0 6619       3       io.jsonwebtoken.lang.Strings::hasLength (19 bytes)
Event: 20.106 Thread 0x0000023e24ad38b0 nmethod 6619 0x0000023e107d9a90 code [0x0000023e107d9c40, 0x0000023e107d9e78]
Event: 20.114 Thread 0x0000023e24ad38b0 6620       3       io.jsonwebtoken.lang.Assert::notNull (15 bytes)
Event: 20.115 Thread 0x0000023e24ad38b0 nmethod 6620 0x0000023e107d9610 code [0x0000023e107d97c0, 0x0000023e107d99a0]
Event: 20.117 Thread 0x0000023e24ad38b0 6622       3       java.lang.Module::getLayer (43 bytes)
Event: 20.117 Thread 0x0000023e24ad38b0 nmethod 6622 0x0000023e107d8d10 code [0x0000023e107d8ee0, 0x0000023e107d9278]
Event: 20.117 Thread 0x0000023e24ad38b0 6624       3       java.lang.StackTraceElement::length (13 bytes)
Event: 20.117 Thread 0x0000023e24ad38b0 nmethod 6624 0x0000023e1029fd10 code [0x0000023e1029fec0, 0x0000023e102a0110]
Event: 20.117 Thread 0x0000023e24ad38b0 6623  s    3       java.lang.StringBuffer::append (13 bytes)
Event: 20.118 Thread 0x0000023e24ad38b0 nmethod 6623 0x0000023e1029f890 code [0x0000023e1029fa40, 0x0000023e1029fc80]
Event: 20.118 Thread 0x0000023e24ad38b0 6625       3       java.io.PrintWriter::ensureOpen (18 bytes)
Event: 20.118 Thread 0x0000023e24ad38b0 nmethod 6625 0x0000023e1029f410 code [0x0000023e1029f5c0, 0x0000023e1029f7c8]
Event: 20.122 Thread 0x0000023e24ad38b0 6626       3       org.springframework.util.CollectionUtils::computeMapInitialCapacity (11 bytes)
Event: 20.122 Thread 0x0000023e24ad38b0 nmethod 6626 0x0000023e1029ef90 code [0x0000023e1029f160, 0x0000023e1029f2f8]
Event: 20.123 Thread 0x0000023e24ad38b0 6627       3       java.util.regex.Pattern$$Lambda/0x800000032::is (9 bytes)
Event: 20.123 Thread 0x0000023e24ad38b0 nmethod 6627 0x0000023e1029e910 code [0x0000023e1029eac0, 0x0000023e1029ed40]
Event: 20.123 Thread 0x0000023e24ad38b0 6628       3       org.springframework.http.MediaType::getQualityValue (24 bytes)
Event: 20.123 Thread 0x0000023e24ad38b0 nmethod 6628 0x0000023e0ffac010 code [0x0000023e0ffac260, 0x0000023e0ffacae0]
Event: 20.124 Thread 0x0000023e24ad38b0 6629       3       org.springframework.util.MimeType::getParameter (14 bytes)
Event: 20.124 Thread 0x0000023e24ad38b0 nmethod 6629 0x0000023e0ffaba90 code [0x0000023e0ffabc40, 0x0000023e0ffabee8]

GC Heap History (20 events):
Event: 3.210 GC heap before
{Heap before GC invocations=2 (full 0):
 garbage-first heap   total reserved 2035712K, committed 129024K, used 53088K [0x0000000083c00000, 0x0000000100000000)
  region size 1024K, 48 young (49152K), 4 survivors (4096K)
 Metaspace       used 21160K, committed 21504K, reserved 1114112K
  class space    used 2602K, committed 2752K, reserved 1048576K
}
Event: 3.221 GC heap after
{Heap after GC invocations=3 (full 0):
 garbage-first heap   total reserved 2035712K, committed 129024K, used 12801K [0x0000000083c00000, 0x0000000100000000)
  region size 1024K, 7 young (7168K), 7 survivors (7168K)
 Metaspace       used 21160K, committed 21504K, reserved 1114112K
  class space    used 2602K, committed 2752K, reserved 1048576K
}
Event: 3.945 GC heap before
{Heap before GC invocations=4 (full 0):
 garbage-first heap   total reserved 2035712K, committed 45056K, used 32257K [0x0000000083c00000, 0x0000000100000000)
  region size 1024K, 26 young (26624K), 7 survivors (7168K)
 Metaspace       used 24198K, committed 24640K, reserved 1114112K
  class space    used 3009K, committed 3200K, reserved 1048576K
}
Event: 3.954 GC heap after
{Heap after GC invocations=5 (full 0):
 garbage-first heap   total reserved 2035712K, committed 45056K, used 14400K [0x0000000083c00000, 0x0000000100000000)
  region size 1024K, 2 young (2048K), 2 survivors (2048K)
 Metaspace       used 24198K, committed 24640K, reserved 1114112K
  class space    used 3009K, committed 3200K, reserved 1048576K
}
Event: 4.441 GC heap before
{Heap before GC invocations=5 (full 0):
 garbage-first heap   total reserved 2035712K, committed 45056K, used 34880K [0x0000000083c00000, 0x0000000100000000)
  region size 1024K, 22 young (22528K), 2 survivors (2048K)
 Metaspace       used 26500K, committed 27008K, reserved 1114112K
  class space    used 3379K, committed 3584K, reserved 1048576K
}
Event: 4.448 GC heap after
{Heap after GC invocations=6 (full 0):
 garbage-first heap   total reserved 2035712K, committed 45056K, used 15878K [0x0000000083c00000, 0x0000000100000000)
  region size 1024K, 3 young (3072K), 3 survivors (3072K)
 Metaspace       used 26500K, committed 27008K, reserved 1114112K
  class space    used 3379K, committed 3584K, reserved 1048576K
}
Event: 4.989 GC heap before
{Heap before GC invocations=6 (full 0):
 garbage-first heap   total reserved 2035712K, committed 45056K, used 36358K [0x0000000083c00000, 0x0000000100000000)
  region size 1024K, 23 young (23552K), 3 survivors (3072K)
 Metaspace       used 30175K, committed 30720K, reserved 1114112K
  class space    used 3851K, committed 4096K, reserved 1048576K
}
Event: 4.995 GC heap after
{Heap after GC invocations=7 (full 0):
 garbage-first heap   total reserved 2035712K, committed 45056K, used 17693K [0x0000000083c00000, 0x0000000100000000)
  region size 1024K, 3 young (3072K), 3 survivors (3072K)
 Metaspace       used 30175K, committed 30720K, reserved 1114112K
  class space    used 3851K, committed 4096K, reserved 1048576K
}
Event: 5.674 GC heap before
{Heap before GC invocations=7 (full 0):
 garbage-first heap   total reserved 2035712K, committed 45056K, used 37149K [0x0000000083c00000, 0x0000000100000000)
  region size 1024K, 23 young (23552K), 3 survivors (3072K)
 Metaspace       used 35588K, committed 36160K, reserved 1114112K
  class space    used 4557K, committed 4800K, reserved 1048576K
}
Event: 5.682 GC heap after
{Heap after GC invocations=8 (full 0):
 garbage-first heap   total reserved 2035712K, committed 46080K, used 21765K [0x0000000083c00000, 0x0000000100000000)
  region size 1024K, 3 young (3072K), 3 survivors (3072K)
 Metaspace       used 35588K, committed 36160K, reserved 1114112K
  class space    used 4557K, committed 4800K, reserved 1048576K
}
Event: 5.685 GC heap before
{Heap before GC invocations=8 (full 0):
 garbage-first heap   total reserved 2035712K, committed 46080K, used 21765K [0x0000000083c00000, 0x0000000100000000)
  region size 1024K, 4 young (4096K), 3 survivors (3072K)
 Metaspace       used 35606K, committed 36160K, reserved 1114112K
  class space    used 4562K, committed 4800K, reserved 1048576K
}
Event: 5.688 GC heap after
{Heap after GC invocations=9 (full 0):
 garbage-first heap   total reserved 2035712K, committed 55296K, used 22235K [0x0000000083c00000, 0x0000000100000000)
  region size 1024K, 1 young (1024K), 1 survivors (1024K)
 Metaspace       used 35606K, committed 36160K, reserved 1114112K
  class space    used 4562K, committed 4800K, reserved 1048576K
}
Event: 6.398 GC heap before
{Heap before GC invocations=10 (full 0):
 garbage-first heap   total reserved 2035712K, committed 55296K, used 44763K [0x0000000083c00000, 0x0000000100000000)
  region size 1024K, 24 young (24576K), 1 survivors (1024K)
 Metaspace       used 40368K, committed 40960K, reserved 1114112K
  class space    used 5237K, committed 5504K, reserved 1048576K
}
Event: 6.404 GC heap after
{Heap after GC invocations=11 (full 0):
 garbage-first heap   total reserved 2035712K, committed 55296K, used 25105K [0x0000000083c00000, 0x0000000100000000)
  region size 1024K, 3 young (3072K), 3 survivors (3072K)
 Metaspace       used 40368K, committed 40960K, reserved 1114112K
  class space    used 5237K, committed 5504K, reserved 1048576K
}
Event: 6.857 GC heap before
{Heap before GC invocations=11 (full 0):
 garbage-first heap   total reserved 2035712K, committed 55296K, used 45585K [0x0000000083c00000, 0x0000000100000000)
  region size 1024K, 24 young (24576K), 3 survivors (3072K)
 Metaspace       used 42689K, committed 43264K, reserved 1114112K
  class space    used 5540K, committed 5824K, reserved 1048576K
}
Event: 6.863 GC heap after
{Heap after GC invocations=12 (full 0):
 garbage-first heap   total reserved 2035712K, committed 55296K, used 26655K [0x0000000083c00000, 0x0000000100000000)
  region size 1024K, 2 young (2048K), 2 survivors (2048K)
 Metaspace       used 42689K, committed 43264K, reserved 1114112K
  class space    used 5540K, committed 5824K, reserved 1048576K
}
Event: 7.366 GC heap before
{Heap before GC invocations=12 (full 0):
 garbage-first heap   total reserved 2035712K, committed 55296K, used 47135K [0x0000000083c00000, 0x0000000100000000)
  region size 1024K, 22 young (22528K), 2 survivors (2048K)
 Metaspace       used 45401K, committed 46016K, reserved 1114112K
  class space    used 5934K, committed 6208K, reserved 1048576K
}
Event: 7.372 GC heap after
{Heap after GC invocations=13 (full 0):
 garbage-first heap   total reserved 2035712K, committed 55296K, used 28967K [0x0000000083c00000, 0x0000000100000000)
  region size 1024K, 3 young (3072K), 3 survivors (3072K)
 Metaspace       used 45401K, committed 46016K, reserved 1114112K
  class space    used 5934K, committed 6208K, reserved 1048576K
}
Event: 7.877 GC heap before
{Heap before GC invocations=14 (full 0):
 garbage-first heap   total reserved 2035712K, committed 55296K, used 47399K [0x0000000083c00000, 0x0000000100000000)
  region size 1024K, 21 young (21504K), 3 survivors (3072K)
 Metaspace       used 47588K, committed 48256K, reserved 1114112K
  class space    used 6246K, committed 6528K, reserved 1048576K
}
Event: 7.882 GC heap after
{Heap after GC invocations=15 (full 0):
 garbage-first heap   total reserved 2035712K, committed 55296K, used 30393K [0x0000000083c00000, 0x0000000100000000)
  region size 1024K, 2 young (2048K), 2 survivors (2048K)
 Metaspace       used 47588K, committed 48256K, reserved 1114112K
  class space    used 6246K, committed 6528K, reserved 1048576K
}

Dll operation events (14 events):
Event: 0.007 Loaded shared library C:\Users\HP\.jdks\openjdk-22.0.2\bin\java.dll
Event: 0.034 Loaded shared library C:\Users\HP\.jdks\openjdk-22.0.2\bin\jsvml.dll
Event: 0.092 Loaded shared library C:\Users\HP\.jdks\openjdk-22.0.2\bin\zip.dll
Event: 0.096 Loaded shared library C:\Users\HP\.jdks\openjdk-22.0.2\bin\instrument.dll
Event: 0.100 Loaded shared library C:\Users\HP\.jdks\openjdk-22.0.2\bin\net.dll
Event: 0.101 Loaded shared library C:\Users\HP\.jdks\openjdk-22.0.2\bin\nio.dll
Event: 0.104 Loaded shared library C:\Users\HP\.jdks\openjdk-22.0.2\bin\zip.dll
Event: 0.185 Loaded shared library D:\IntelliJ IDEA Community Edition 2024.1.4\bin\breakgen64.dll
Event: 0.199 Loaded shared library C:\Users\HP\.jdks\openjdk-22.0.2\bin\extnet.dll
Event: 0.226 Loaded shared library C:\Users\HP\.jdks\openjdk-22.0.2\bin\jimage.dll
Event: 0.485 Loaded shared library C:\Users\HP\.jdks\openjdk-22.0.2\bin\management.dll
Event: 0.487 Loaded shared library C:\Users\HP\.jdks\openjdk-22.0.2\bin\management_ext.dll
Event: 1.313 Loaded shared library C:\Users\HP\.jdks\openjdk-22.0.2\bin\le.dll
Event: 1.905 Loaded shared library C:\Users\HP\.jdks\openjdk-22.0.2\bin\sunmscapi.dll

Deoptimization events (20 events):
Event: 20.074 Thread 0x0000023e6bff9f00 Uncommon trap: trap_request=0xffffff45 fr.pc=0x0000023e17beaa88 relative=0x00000000000000e8
Event: 20.074 Thread 0x0000023e6bff9f00 Uncommon trap: reason=unstable_if action=reinterpret pc=0x0000023e17beaa88 method=java.lang.Class.annotationData()Ljava/lang/Class$AnnotationData; @ 36 c2
Event: 20.074 Thread 0x0000023e6bff9f00 DEOPT PACKING pc=0x0000023e17beaa88 sp=0x0000004c298fba20
Event: 20.074 Thread 0x0000023e6bff9f00 DEOPT UNPACKING pc=0x0000023e17427da2 sp=0x0000004c298fb9d0 mode 2
Event: 20.074 Thread 0x0000023e6bff9f00 Uncommon trap: trap_request=0xffffff45 fr.pc=0x0000023e17beaa88 relative=0x00000000000000e8
Event: 20.074 Thread 0x0000023e6bff9f00 Uncommon trap: reason=unstable_if action=reinterpret pc=0x0000023e17beaa88 method=java.lang.Class.annotationData()Ljava/lang/Class$AnnotationData; @ 36 c2
Event: 20.074 Thread 0x0000023e6bff9f00 DEOPT PACKING pc=0x0000023e17beaa88 sp=0x0000004c298fbb50
Event: 20.074 Thread 0x0000023e6bff9f00 DEOPT UNPACKING pc=0x0000023e17427da2 sp=0x0000004c298fbb00 mode 2
Event: 20.074 Thread 0x0000023e6bff9f00 Uncommon trap: trap_request=0xffffff45 fr.pc=0x0000023e17beb200 relative=0x0000000000000400
Event: 20.074 Thread 0x0000023e6bff9f00 Uncommon trap: reason=unstable_if action=reinterpret pc=0x0000023e17beb200 method=java.lang.Class.annotationData()Ljava/lang/Class$AnnotationData; @ 36 c2
Event: 20.074 Thread 0x0000023e6bff9f00 DEOPT PACKING pc=0x0000023e17beb200 sp=0x0000004c298fbc80
Event: 20.074 Thread 0x0000023e6bff9f00 DEOPT UNPACKING pc=0x0000023e17427da2 sp=0x0000004c298fbbd0 mode 2
Event: 20.080 Thread 0x0000023e6bff9f00 Uncommon trap: trap_request=0xffffff45 fr.pc=0x0000023e17c23a34 relative=0x0000000000000ff4
Event: 20.080 Thread 0x0000023e6bff9f00 Uncommon trap: reason=unstable_if action=reinterpret pc=0x0000023e17c23a34 method=org.springframework.util.ConcurrentReferenceHashMap$Segment.doTask(ILjava/lang/Object;Lorg/springframework/util/ConcurrentReferenceHashMap$Task;)Ljava/lang/Object; @ 89 c2
Event: 20.080 Thread 0x0000023e6bff9f00 DEOPT PACKING pc=0x0000023e17c23a34 sp=0x0000004c298fb8f0
Event: 20.080 Thread 0x0000023e6bff9f00 DEOPT UNPACKING pc=0x0000023e17427da2 sp=0x0000004c298fb6f0 mode 2
Event: 20.097 Thread 0x0000023e6bff8b50 Uncommon trap: trap_request=0xffffff45 fr.pc=0x0000023e17c36060 relative=0x0000000000001920
Event: 20.097 Thread 0x0000023e6bff8b50 Uncommon trap: reason=unstable_if action=reinterpret pc=0x0000023e17c36060 method=org.springframework.util.ConcurrentReferenceHashMap$Segment.doTask(ILjava/lang/Object;Lorg/springframework/util/ConcurrentReferenceHashMap$Task;)Ljava/lang/Object; @ 89 c2
Event: 20.097 Thread 0x0000023e6bff8b50 DEOPT PACKING pc=0x0000023e17c36060 sp=0x0000004c297fbe80
Event: 20.097 Thread 0x0000023e6bff8b50 DEOPT UNPACKING pc=0x0000023e17427da2 sp=0x0000004c297fbbf8 mode 2

Classes loaded (20 events):
Event: 20.087 Loading class java/util/stream/ReduceOps$6ReducingSink
Event: 20.087 Loading class java/util/stream/ReduceOps$6ReducingSink done
Event: 20.087 Loading class java/util/stream/ReferencePipeline$4$1
Event: 20.087 Loading class java/util/stream/ReferencePipeline$4$1 done
Event: 20.103 Loading class java/security/interfaces/EdECKey
Event: 20.103 Loading class java/security/interfaces/EdECKey done
Event: 20.108 Loading class java/util/zip/DeflaterOutputStream
Event: 20.108 Loading class java/util/zip/DeflaterOutputStream done
Event: 20.114 Loading class java/util/zip/GZIPOutputStream
Event: 20.114 Loading class java/util/zip/GZIPOutputStream done
Event: 20.114 Loading class java/util/zip/GZIPInputStream
Event: 20.114 Loading class java/util/zip/GZIPInputStream done
Event: 20.116 Loading class java/lang/Throwable$WrappedPrintWriter
Event: 20.116 Loading class java/lang/Throwable$PrintStreamOrWriter
Event: 20.116 Loading class java/lang/Throwable$PrintStreamOrWriter done
Event: 20.116 Loading class java/lang/Throwable$WrappedPrintWriter done
Event: 20.127 Loading class java/util/OptionalLong
Event: 20.128 Loading class java/util/OptionalLong done
Event: 20.128 Loading class java/util/OptionalDouble
Event: 20.128 Loading class java/util/OptionalDouble done

Classes unloaded (10 events):
Event: 7.409 Thread 0x0000023e24aa1d40 Unloading class 0x0000023e264b9c00 'java/lang/invoke/LambdaForm$MH+0x0000023e264b9c00'
Event: 7.409 Thread 0x0000023e24aa1d40 Unloading class 0x0000023e264b9800 'java/lang/invoke/LambdaForm$MH+0x0000023e264b9800'
Event: 7.409 Thread 0x0000023e24aa1d40 Unloading class 0x0000023e264b9400 'java/lang/invoke/LambdaForm$MH+0x0000023e264b9400'
Event: 7.409 Thread 0x0000023e24aa1d40 Unloading class 0x0000023e264b8c00 'java/lang/invoke/LambdaForm$MH+0x0000023e264b8c00'
Event: 7.409 Thread 0x0000023e24aa1d40 Unloading class 0x0000023e264b9000 'java/lang/invoke/LambdaForm$MH+0x0000023e264b9000'
Event: 7.409 Thread 0x0000023e24aa1d40 Unloading class 0x0000023e264b8400 'java/lang/invoke/LambdaForm$MH+0x0000023e264b8400'
Event: 7.409 Thread 0x0000023e24aa1d40 Unloading class 0x0000023e264b8000 'java/lang/invoke/LambdaForm$MH+0x0000023e264b8000'
Event: 7.409 Thread 0x0000023e24aa1d40 Unloading class 0x0000023e264b4400 'java/lang/invoke/LambdaForm$MH+0x0000023e264b4400'
Event: 7.409 Thread 0x0000023e24aa1d40 Unloading class 0x0000023e264b4c00 'java/lang/invoke/LambdaForm$MH+0x0000023e264b4c00'
Event: 7.409 Thread 0x0000023e24aa1d40 Unloading class 0x0000023e264b4800 'java/lang/invoke/LambdaForm$MH+0x0000023e264b4800'

Classes redefined (0 events):
No events

Internal exceptions (20 events):
Event: 5.507 Thread 0x0000023e6a6a1000 Exception <a 'java/lang/IncompatibleClassChangeError'{0x0000000085de46e8}: Found class java.lang.Object, but interface was expected> (0x0000000085de46e8) 
thrown [s\open\src\hotspot\share\interpreter\linkResolver.cpp, line 841]
Event: 5.516 Thread 0x0000023e6a6a1000 Exception <a 'java/lang/NoSuchMethodError'{0x0000000085c1af10}: 'java.lang.Object java.lang.invoke.DirectMethodHandle$Holder.newInvokeSpecial(java.lang.Object, java.lang.Object, java.lang.Object, int, int)'> (0x0000000085c1af10) 
thrown [s\open\src\hotspot\share\interpreter\linkResolver.cpp, line 774]
Event: 5.569 Thread 0x0000023e6a6a1000 Exception <a 'java/lang/IncompatibleClassChangeError'{0x0000000085bfb298}: Found class java.lang.Object, but interface was expected> (0x0000000085bfb298) 
thrown [s\open\src\hotspot\share\interpreter\linkResolver.cpp, line 841]
Event: 5.654 Thread 0x0000023e6a6a1000 Exception <a 'java/lang/IncompatibleClassChangeError'{0x00000000857f6ce8}: Found class java.lang.Object, but interface was expected> (0x00000000857f6ce8) 
thrown [s\open\src\hotspot\share\interpreter\linkResolver.cpp, line 841]
Event: 5.996 Thread 0x0000023e6a6a1000 Exception <a 'java/lang/NoSuchMethodError'{0x00000000866702a8}: 'long java.lang.invoke.DirectMethodHandle$Holder.invokeVirtual(java.lang.Object, java.lang.Object, java.lang.Object, java.lang.Object, java.lang.Object, java.lang.Object)'> (0x00000000866702a8) 
thrown [s\open\src\hotspot\share\interpreter\linkResolver.cpp, line 774]
Event: 6.120 Thread 0x0000023e6a6a1000 Exception <a 'java/lang/IncompatibleClassChangeError'{0x00000000862979d8}: Found class java.lang.Object, but interface was expected> (0x00000000862979d8) 
thrown [s\open\src\hotspot\share\interpreter\linkResolver.cpp, line 841]
Event: 6.133 Thread 0x0000023e6a6a1000 Exception <a 'java/lang/NoSuchMethodError'{0x000000008611dab8}: 'java.lang.Object java.lang.invoke.DirectMethodHandle$Holder.newInvokeSpecial(java.lang.Object, java.lang.Object, java.lang.Object, java.lang.Object, java.lang.Object, java.lang.Object)'> (0x000000008611dab8) 
thrown [s\open\src\hotspot\share\interpreter\linkResolver.cpp, line 774]
Event: 6.254 Thread 0x0000023e6a6a1000 Exception <a 'java/lang/NoSuchMethodError'{0x0000000085f89600}: 'java.lang.Object java.lang.invoke.DirectMethodHandle$Holder.invokeStatic(java.lang.Object, java.lang.Object, int, java.lang.Object)'> (0x0000000085f89600) 
thrown [s\open\src\hotspot\share\interpreter\linkResolver.cpp, line 774]
Event: 6.255 Thread 0x0000023e6a6a1000 Exception <a 'java/lang/NoSuchMethodError'{0x0000000085f8fc70}: 'java.lang.Object java.lang.invoke.DirectMethodHandle$Holder.newInvokeSpecial(java.lang.Object, java.lang.Object, int)'> (0x0000000085f8fc70) 
thrown [s\open\src\hotspot\share\interpreter\linkResolver.cpp, line 774]
Event: 6.422 Thread 0x0000023e6a6a1000 Exception <a 'java/io/FileNotFoundException'{0x000000008b976dd8}> (0x000000008b976dd8) 
thrown [s\open\src\hotspot\share\prims\jni.cpp, line 520]
Event: 6.423 Thread 0x0000023e6a6a1000 Exception <a 'java/io/FileNotFoundException'{0x000000008b980d88}> (0x000000008b980d88) 
thrown [s\open\src\hotspot\share\prims\jni.cpp, line 520]
Event: 6.828 Thread 0x0000023e6a6a1000 Exception <a 'java/lang/NoSuchMethodError'{0x0000000085d60a78}: 'java.lang.Object java.lang.invoke.DirectMethodHandle$Holder.newInvokeSpecial(java.lang.Object, java.lang.Object, java.lang.Object, java.lang.Object, java.lang.Object, java.lang.Object, java.lang.Object, java.lang.Object)'> (0x0000000085d60a78) 
thrown [s\open\src\hotspot\share\interpreter\linkResolver.cpp, line 774]
Event: 7.242 Thread 0x0000023e6a6a1000 Exception <a 'java/lang/IncompatibleClassChangeError'{0x0000000086135a10}: Found class java.lang.Object, but interface was expected> (0x0000000086135a10) 
thrown [s\open\src\hotspot\share\interpreter\linkResolver.cpp, line 841]
Event: 7.508 Thread 0x0000023e6a6a1000 Exception <a 'java/lang/NoSuchMethodError'{0x0000000088662990}: 'void java.lang.invoke.DirectMethodHandle$Holder.invokeVirtual(java.lang.Object, java.lang.Object, long)'> (0x0000000088662990) 
thrown [s\open\src\hotspot\share\interpreter\linkResolver.cpp, line 774]
Event: 7.593 Thread 0x0000023e6a6a1000 Exception <a 'java/lang/NoSuchMethodError'{0x00000000883aa358}: 'int java.lang.invoke.DirectMethodHandle$Holder.invokeStaticInit(java.lang.Object, java.lang.Object, java.lang.Object, java.lang.Object)'> (0x00000000883aa358) 
thrown [s\open\src\hotspot\share\interpreter\linkResolver.cpp, line 774]
Event: 7.738 Thread 0x0000023e6a6a1000 Exception <a 'java/lang/NoSuchMethodError'{0x000000008630c318}: 'java.lang.Object java.lang.invoke.DirectMethodHandle$Holder.newInvokeSpecial(java.lang.Object, java.lang.Object, int, java.lang.Object, java.lang.Object)'> (0x000000008630c318) 
thrown [s\open\src\hotspot\share\interpreter\linkResolver.cpp, line 774]
Event: 19.941 Thread 0x0000023e6bffc660 Exception <a 'java/lang/NoSuchMethodError'{0x000000008843fce0}: 'java.lang.Object java.lang.invoke.DirectMethodHandle$Holder.invokeSpecial(java.lang.Object, java.lang.Object, java.lang.Object, java.lang.Object, java.lang.Object, long)'> (0x000000008843fce0) 
thrown [s\open\src\hotspot\share\interpreter\linkResolver.cpp, line 774]
Event: 19.941 Thread 0x0000023e6bffc660 Exception <a 'java/lang/NoSuchMethodError'{0x0000000088443468}: 'java.lang.Object java.lang.invoke.Invokers$Holder.linkToTargetMethod(java.lang.Object, java.lang.Object, java.lang.Object, long, java.lang.Object)'> (0x0000000088443468) 
thrown [s\open\src\hotspot\share\interpreter\linkResolver.cpp, line 774]
Event: 20.018 Thread 0x0000023e6bff8b50 Exception <a 'java/lang/NoSuchMethodError'{0x000000008688ebe8}: 'java.lang.Object java.lang.invoke.DirectMethodHandle$Holder.invokeStatic(java.lang.Object, int, int)'> (0x000000008688ebe8) 
thrown [s\open\src\hotspot\share\interpreter\linkResolver.cpp, line 774]
Event: 20.018 Thread 0x0000023e6bff9f00 Exception <a 'java/lang/NoSuchMethodError'{0x0000000086891480}: 'java.lang.Object java.lang.invoke.DirectMethodHandle$Holder.invokeStatic(java.lang.Object, int, int)'> (0x0000000086891480) 
thrown [s\open\src\hotspot\share\interpreter\linkResolver.cpp, line 774]

ZGC Phase Switch (0 events):
No events

VM Operations (20 events):
Event: 7.736 Executing VM operation: HandshakeAllThreads (Deoptimize)
Event: 7.736 Executing VM operation: HandshakeAllThreads (Deoptimize) done
Event: 7.877 Executing VM operation: G1CollectForAllocation (G1 Evacuation Pause)
Event: 7.882 Executing VM operation: G1CollectForAllocation (G1 Evacuation Pause) done
Event: 9.891 Executing VM operation: Cleanup
Event: 9.891 Executing VM operation: Cleanup done
Event: 10.895 Executing VM operation: Cleanup
Event: 10.895 Executing VM operation: Cleanup done
Event: 16.946 Executing VM operation: Cleanup
Event: 16.946 Executing VM operation: Cleanup done
Event: 17.962 Executing VM operation: Cleanup
Event: 17.962 Executing VM operation: Cleanup done
Event: 19.962 Executing VM operation: HandshakeAllThreads (Deoptimize)
Event: 19.962 Executing VM operation: HandshakeAllThreads (Deoptimize) done
Event: 19.962 Executing VM operation: Cleanup
Event: 19.962 Executing VM operation: Cleanup done
Event: 20.107 Executing VM operation: HandshakeAllThreads (Deoptimize)
Event: 20.107 Executing VM operation: HandshakeAllThreads (Deoptimize) done
Event: 20.119 Executing VM operation: HandshakeAllThreads (Deoptimize)
Event: 20.119 Executing VM operation: HandshakeAllThreads (Deoptimize) done

Memory protections (0 events):
No events

Nmethod flushes (20 events):
Event: 7.418 Thread 0x0000023e24aa1d40 flushing  nmethod 0x0000023e100f0510
Event: 7.418 Thread 0x0000023e24aa1d40 flushing  nmethod 0x0000023e10144490
Event: 7.418 Thread 0x0000023e24aa1d40 flushing  nmethod 0x0000023e10189c10
Event: 7.418 Thread 0x0000023e24aa1d40 flushing  nmethod 0x0000023e1025c210
Event: 7.418 Thread 0x0000023e24aa1d40 flushing  nmethod 0x0000023e10269090
Event: 7.418 Thread 0x0000023e24aa1d40 flushing  nmethod 0x0000023e102ea190
Event: 7.418 Thread 0x0000023e24aa1d40 flushing  nmethod 0x0000023e10321510
Event: 7.418 Thread 0x0000023e24aa1d40 flushing  nmethod 0x0000023e10323c10
Event: 7.418 Thread 0x0000023e24aa1d40 flushing  nmethod 0x0000023e10325210
Event: 7.418 Thread 0x0000023e24aa1d40 flushing  nmethod 0x0000023e10370990
Event: 7.418 Thread 0x0000023e24aa1d40 flushing  nmethod 0x0000023e1051f490
Event: 7.418 Thread 0x0000023e24aa1d40 flushing  nmethod 0x0000023e10527910
Event: 7.418 Thread 0x0000023e24aa1d40 flushing  nmethod 0x0000023e10653f90
Event: 7.418 Thread 0x0000023e24aa1d40 flushing  nmethod 0x0000023e10659a90
Event: 7.418 Thread 0x0000023e24aa1d40 flushing  nmethod 0x0000023e10660110
Event: 7.418 Thread 0x0000023e24aa1d40 flushing  nmethod 0x0000023e10665d10
Event: 7.418 Thread 0x0000023e24aa1d40 flushing  nmethod 0x0000023e10678a90
Event: 7.418 Thread 0x0000023e24aa1d40 flushing  nmethod 0x0000023e1067b590
Event: 7.418 Thread 0x0000023e24aa1d40 flushing  nmethod 0x0000023e1067f490
Event: 7.418 Thread 0x0000023e24aa1d40 flushing  nmethod 0x0000023e10680410

Events (20 events):
Event: 7.747 Thread 0x0000023e6a6a1000 Thread added: 0x0000023e6bff9f00
Event: 7.747 Thread 0x0000023e6a6a1000 Thread added: 0x0000023e6bff77a0
Event: 7.747 Thread 0x0000023e6a6a1000 Thread added: 0x0000023e6bffc660
Event: 7.747 Thread 0x0000023e6a6a1000 Thread added: 0x0000023e6bffe0a0
Event: 7.747 Thread 0x0000023e6a6a1000 Thread added: 0x0000023e6bffbfd0
Event: 7.747 Thread 0x0000023e6a6a1000 Thread added: 0x0000023e6bff7110
Event: 7.747 Thread 0x0000023e6a6a1000 Thread added: 0x0000023e6bffe730
Event: 7.748 Thread 0x0000023e6a6a1000 Thread added: 0x0000023e6bffb2b0
Event: 7.748 Thread 0x0000023e6a6a1000 Thread added: 0x0000023e6bff7e30
Event: 7.754 Thread 0x0000023e6a6a1000 Thread added: 0x0000023e6bffa590
Event: 7.755 Thread 0x0000023e6a6a1000 Thread added: 0x0000023e6bff84c0
Event: 7.772 Thread 0x0000023e6a6a1000 Thread added: 0x0000023e6bffb940
Event: 7.781 Thread 0x0000023e6a6a1000 Thread exited: 0x0000023e6a6a1000
Event: 7.784 Thread 0x0000023e6a9ec3d0 Thread exited: 0x0000023e6a9ec3d0
Event: 7.784 Thread 0x0000023e0615c940 Thread exited: 0x0000023e0615c940
Event: 7.784 Thread 0x0000023e70019290 Thread added: 0x0000023e70019290
Event: 8.763 Thread 0x0000023e6b022c10 Thread exited: 0x0000023e6b022c10
Event: 8.763 Thread 0x0000023e6a1630b0 Thread exited: 0x0000023e6a1630b0
Event: 19.944 Thread 0x0000023e24ad38b0 Thread added: 0x0000023e6a1630b0
Event: 19.988 Thread 0x0000023e24ad38b0 Thread added: 0x0000023e6b022c10


Dynamic libraries:
0x00007ff7e66f0000 - 0x00007ff7e66fe000 	C:\Users\HP\.jdks\openjdk-22.0.2\bin\java.exe
0x00007ffc00270000 - 0x00007ffc00487000 	C:\WINDOWS\SYSTEM32\ntdll.dll
0x00007ffbfeaf0000 - 0x00007ffbfebb4000 	C:\WINDOWS\System32\KERNEL32.DLL
0x00007ffbfd900000 - 0x00007ffbfdcad000 	C:\WINDOWS\System32\KERNELBASE.dll
0x00007ffbfde80000 - 0x00007ffbfdf91000 	C:\WINDOWS\System32\ucrtbase.dll
0x00007ffbf5090000 - 0x00007ffbf50ab000 	C:\Users\HP\.jdks\openjdk-22.0.2\bin\VCRUNTIME140.dll
0x00007ffbf5070000 - 0x00007ffbf5087000 	C:\Users\HP\.jdks\openjdk-22.0.2\bin\jli.dll
0x00007ffc00080000 - 0x00007ffc0022e000 	C:\WINDOWS\System32\USER32.dll
0x00007ffbfd590000 - 0x00007ffbfd5b6000 	C:\WINDOWS\System32\win32u.dll
0x00007ffbe1590000 - 0x00007ffbe1823000 	C:\WINDOWS\WinSxS\amd64_microsoft.windows.common-controls_6595b64144ccf1df_6.0.22621.3672_none_2713b9d173822955\COMCTL32.dll
0x00007ffbff350000 - 0x00007ffbff379000 	C:\WINDOWS\System32\GDI32.dll
0x00007ffbfdd60000 - 0x00007ffbfde79000 	C:\WINDOWS\System32\gdi32full.dll
0x00007ffbfe940000 - 0x00007ffbfe9e7000 	C:\WINDOWS\System32\msvcrt.dll
0x00007ffbfd860000 - 0x00007ffbfd8fa000 	C:\WINDOWS\System32\msvcp_win.dll
0x00007ffbfe870000 - 0x00007ffbfe8a1000 	C:\WINDOWS\System32\IMM32.DLL
0x00007ffbf5060000 - 0x00007ffbf506c000 	C:\Users\HP\.jdks\openjdk-22.0.2\bin\vcruntime140_1.dll
0x00007ffbe90b0000 - 0x00007ffbe913e000 	C:\Users\HP\.jdks\openjdk-22.0.2\bin\msvcp140.dll
0x00007ffb81e90000 - 0x00007ffb82bd9000 	C:\Users\HP\.jdks\openjdk-22.0.2\bin\server\jvm.dll
0x00007ffbfed80000 - 0x00007ffbfee32000 	C:\WINDOWS\System32\ADVAPI32.dll
0x00007ffbfdfa0000 - 0x00007ffbfe049000 	C:\WINDOWS\System32\sechost.dll
0x00007ffbfdd30000 - 0x00007ffbfdd58000 	C:\WINDOWS\System32\bcrypt.dll
0x00007ffbff230000 - 0x00007ffbff344000 	C:\WINDOWS\System32\RPCRT4.dll
0x00007ffbfea10000 - 0x00007ffbfea81000 	C:\WINDOWS\System32\WS2_32.dll
0x00007ffbfd450000 - 0x00007ffbfd49d000 	C:\WINDOWS\SYSTEM32\POWRPROF.dll
0x00007ffbf7100000 - 0x00007ffbf7134000 	C:\WINDOWS\SYSTEM32\WINMM.dll
0x00007ffbf80a0000 - 0x00007ffbf80aa000 	C:\WINDOWS\SYSTEM32\VERSION.dll
0x00007ffbfd430000 - 0x00007ffbfd443000 	C:\WINDOWS\SYSTEM32\UMPDC.dll
0x00007ffbfc590000 - 0x00007ffbfc5a8000 	C:\WINDOWS\SYSTEM32\kernel.appcore.dll
0x00007ffbf5050000 - 0x00007ffbf505a000 	C:\Users\HP\.jdks\openjdk-22.0.2\bin\jimage.dll
0x00007ffbfac50000 - 0x00007ffbfae82000 	C:\WINDOWS\SYSTEM32\DBGHELP.DLL
0x00007ffbffcf0000 - 0x00007ffc0007d000 	C:\WINDOWS\System32\combase.dll
0x00007ffbfec50000 - 0x00007ffbfed27000 	C:\WINDOWS\System32\OLEAUT32.dll
0x00007ffbd87e0000 - 0x00007ffbd8812000 	C:\WINDOWS\SYSTEM32\dbgcore.DLL
0x00007ffbfdcb0000 - 0x00007ffbfdd2b000 	C:\WINDOWS\System32\bcryptPrimitives.dll
0x00007ffbf5040000 - 0x00007ffbf504f000 	C:\Users\HP\.jdks\openjdk-22.0.2\bin\instrument.dll
0x00007ffbf4700000 - 0x00007ffbf471e000 	C:\Users\HP\.jdks\openjdk-22.0.2\bin\java.dll
0x00007ffbff480000 - 0x00007ffbffce8000 	C:\WINDOWS\System32\SHELL32.dll
0x00007ffbfe6b0000 - 0x00007ffbfe855000 	C:\WINDOWS\System32\ole32.dll
0x00007ffbfb590000 - 0x00007ffbfbe8e000 	C:\WINDOWS\SYSTEM32\windows.storage.dll
0x00007ffbfb450000 - 0x00007ffbfb58f000 	C:\WINDOWS\SYSTEM32\wintypes.dll
0x00007ffbff070000 - 0x00007ffbff169000 	C:\WINDOWS\System32\SHCORE.dll
0x00007ffbfea90000 - 0x00007ffbfeaee000 	C:\WINDOWS\System32\shlwapi.dll
0x00007ffbfd4c0000 - 0x00007ffbfd4e1000 	C:\WINDOWS\SYSTEM32\profapi.dll
0x00007ffbdee10000 - 0x00007ffbdeee7000 	C:\Users\HP\.jdks\openjdk-22.0.2\bin\jsvml.dll
0x00007ffbf3700000 - 0x00007ffbf3717000 	C:\Users\HP\.jdks\openjdk-22.0.2\bin\zip.dll
0x00007ffbf5030000 - 0x00007ffbf5040000 	C:\Users\HP\.jdks\openjdk-22.0.2\bin\net.dll
0x00007ffbfca10000 - 0x00007ffbfca79000 	C:\WINDOWS\system32\mswsock.dll
0x00007ffbf46b0000 - 0x00007ffbf46c6000 	C:\Users\HP\.jdks\openjdk-22.0.2\bin\nio.dll
0x00007ffbf36e0000 - 0x00007ffbf36fa000 	D:\IntelliJ IDEA Community Edition 2024.1.4\bin\breakgen64.dll
0x00007ffbf4dc0000 - 0x00007ffbf4dc9000 	C:\Users\HP\.jdks\openjdk-22.0.2\bin\extnet.dll
0x00007ffbf46f0000 - 0x00007ffbf46fa000 	C:\Users\HP\.jdks\openjdk-22.0.2\bin\management.dll
0x00007ffbf4530000 - 0x00007ffbf453b000 	C:\Users\HP\.jdks\openjdk-22.0.2\bin\management_ext.dll
0x00007ffbfeea0000 - 0x00007ffbfeea8000 	C:\WINDOWS\System32\PSAPI.DLL
0x00007ffbf32e0000 - 0x00007ffbf32eb000 	C:\Users\HP\.jdks\openjdk-22.0.2\bin\le.dll
0x00007ffbf32f0000 - 0x00007ffbf32fe000 	C:\Users\HP\.jdks\openjdk-22.0.2\bin\sunmscapi.dll
0x00007ffbfd5c0000 - 0x00007ffbfd727000 	C:\WINDOWS\System32\CRYPT32.dll
0x00007ffbfce30000 - 0x00007ffbfce5e000 	C:\WINDOWS\SYSTEM32\ncrypt.dll
0x00007ffbfcdf0000 - 0x00007ffbfce27000 	C:\WINDOWS\SYSTEM32\NTASN1.dll
0x00007ffbfcc90000 - 0x00007ffbfccab000 	C:\WINDOWS\SYSTEM32\CRYPTSP.dll
0x00007ffbfc4e0000 - 0x00007ffbfc515000 	C:\WINDOWS\system32\rsaenh.dll
0x00007ffbfcb10000 - 0x00007ffbfcb38000 	C:\WINDOWS\SYSTEM32\USERENV.dll
0x00007ffbfccb0000 - 0x00007ffbfccbc000 	C:\WINDOWS\SYSTEM32\CRYPTBASE.dll
0x00007ffbfbfe0000 - 0x00007ffbfc00d000 	C:\WINDOWS\SYSTEM32\IPHLPAPI.DLL
0x00007ffbfe860000 - 0x00007ffbfe869000 	C:\WINDOWS\System32\NSI.dll
0x00007ffbf8330000 - 0x00007ffbf8349000 	C:\WINDOWS\SYSTEM32\dhcpcsvc6.DLL
0x00007ffbf8270000 - 0x00007ffbf828f000 	C:\WINDOWS\SYSTEM32\dhcpcsvc.DLL
0x00007ffbfc010000 - 0x00007ffbfc108000 	C:\WINDOWS\SYSTEM32\DNSAPI.dll
0x00007ffbf76d0000 - 0x00007ffbf76d8000 	C:\WINDOWS\system32\wshunix.dll
0x00007ffbf88c0000 - 0x00007ffbf88ca000 	C:\Windows\System32\rasadhlp.dll
0x00007ffbf2e80000 - 0x00007ffbf2f03000 	C:\WINDOWS\System32\fwpuclnt.dll

dbghelp: loaded successfully - version: 4.0.5 - missing functions: none
symbol engine: initialized successfully - sym options: 0x614 - pdb path: .;C:\Users\HP\.jdks\openjdk-22.0.2\bin;C:\WINDOWS\SYSTEM32;C:\WINDOWS\WinSxS\amd64_microsoft.windows.common-controls_6595b64144ccf1df_6.0.22621.3672_none_2713b9d173822955;C:\Users\HP\.jdks\openjdk-22.0.2\bin\server;D:\IntelliJ IDEA Community Edition 2024.1.4\bin

VM Arguments:
jvm_args: -javaagent:D:\IntelliJ IDEA Community Edition 2024.1.4\lib\idea_rt.jar=54856:D:\IntelliJ IDEA Community Edition 2024.1.4\bin -Dfile.encoding=UTF-8 -Dsun.stdout.encoding=UTF-8 -Dsun.stderr.encoding=UTF-8 
java_command: com.abcRestaurant.abcRestaurant.AbcRestaurantApplication
java_class_path (initial): C:\Users\HP\Desktop\ABCRestaurant\abc-restaurant-project\abcRestaurant\target\classes;C:\Users\HP\.m2\repository\org\springframework\boot\spring-boot-starter-data-mongodb\3.3.2\spring-boot-starter-data-mongodb-3.3.2.jar;C:\Users\HP\.m2\repository\org\springframework\boot\spring-boot-starter\3.3.2\spring-boot-starter-3.3.2.jar;C:\Users\HP\.m2\repository\org\springframework\boot\spring-boot-starter-logging\3.3.2\spring-boot-starter-logging-3.3.2.jar;C:\Users\HP\.m2\repository\ch\qos\logback\logback-classic\1.5.6\logback-classic-1.5.6.jar;C:\Users\HP\.m2\repository\ch\qos\logback\logback-core\1.5.6\logback-core-1.5.6.jar;C:\Users\HP\.m2\repository\org\apache\logging\log4j\log4j-to-slf4j\2.23.1\log4j-to-slf4j-2.23.1.jar;C:\Users\HP\.m2\repository\org\apache\logging\log4j\log4j-api\2.23.1\log4j-api-2.23.1.jar;C:\Users\HP\.m2\repository\org\slf4j\jul-to-slf4j\2.0.13\jul-to-slf4j-2.0.13.jar;C:\Users\HP\.m2\repository\jakarta\annotation\jakarta.annotation-api\2.1.1\jakarta.annotation-api-2.1.1.jar;C:\Users\HP\.m2\repository\org\yaml\snakeyaml\2.2\snakeyaml-2.2.jar;C:\Users\HP\.m2\repository\org\mongodb\mongodb-driver-sync\5.0.1\mongodb-driver-sync-5.0.1.jar;C:\Users\HP\.m2\repository\org\mongodb\bson\5.0.1\bson-5.0.1.jar;C:\Users\HP\.m2\repository\org\mongodb\mongodb-driver-core\5.0.1\mongodb-driver-core-5.0.1.jar;C:\Users\HP\.m2\repository\org\mongodb\bson-record-codec\5.0.1\bson-record-codec-5.0.1.jar;C:\Users\HP\.m2\repository\org\springframework\data\spring-data-mongodb\4.3.2\spring-data-mongodb-4.3.2.jar;C:\Users\HP\.m2\repository\org\springframework\spring-tx\6.1.11\spring-tx-6.1.11.jar;C:\Users\HP\.m2\repository\org\springframework\spring-context\6.1.11\spring-context-6.1.11.jar;C:\Users\HP\.m2\repository\org\springframework\spring-beans\6.1.11\spring-beans-6.1.11.jar;C:\Users\HP\.m2\repository\org\springframework\spring-expression\6.1.11\spring-expression-6.1.11.jar;C:\Users\HP\.m2\repository\org\springframework\data\spring-data-commons\3.3.2\spring-data-commons-3.3.2.jar;C:\Users\HP\.m2\repository\org\slf4j\slf4j-api\2.0.13\slf4j-api-2.0.13.jar;C:\Users\HP\.m2\repository\org\springframework\boot\spring-boot-starter-web\3.3.2\spring-boot-starter-web-3.3.2.jar;C:\Users\HP\.m2\repository\org\springframework\boot\spring-boot-starter-json\3.3.2\spring-boot-starter-json-3.3.2.jar;C:\Users\HP\.m2\repository\com\fasterxml\jackson\core\jackson-databind\2.17.2\jackson-databind-2.17.2.jar;C:\Users\HP\.m2\repository\com\fasterxml\jackson\core\jackson-annotations\2.17.2\jackson-annotations-2.17.2.jar;C:\Users\HP\.m2\repository\com\fasterxml\jackson\core\jackson-core\2.17.2\jackson-core-2.17.2.jar;C:\Users\HP\.m2\repository\com\fasterxml\jackson\datatype\jackson-datatype-jdk8\2.17.2\jackson-datatype-jdk8-2.17.2.jar;C:\Users\HP\.m2\repository\com\fasterxml\jackson\datatype\jackson-datatype-jsr310\2.17.2\jackson-datatype-jsr310-2.17.2.jar;C:\Users\HP\.m2\repository\com\fasterxml\jackson\module\jackson-module-parameter-names\2.17.2\jackson-module-parameter-names-2.17.2.jar;C:\Users\HP\.m2\repository\org\springframework\boot\spring-boot-starter-tomcat\3.3.2\spring-boot-starter-tomcat-3.3.2.jar;C:\Users\HP\.m2\repository\org\apache\tomcat\embed\tomcat-embed-core\10.1.26\tomcat-embed-core-10.1.26.jar;C:\Users\HP\.m2\repository\org\apache\tomcat\embed\tomcat-embed-el\10.1.26\tomcat-embed-el-10.1.26.jar;C:\Users\HP\.m2\repository\org\apache\tomcat\embed\tomcat-embed-websocket\10.1.26\tomcat-embed-websocket-10.1.26.jar;C:\Users\HP\.m2\repository\org\springframework\spring-web\6.1.11\spring-web-6.1.11.jar;C:\Users\HP\.m2\repository\io\micrometer\micrometer-observation\1.13.2\micrometer-observation-1.13.2.jar;C:\Users\HP\.m2\repository\io\micrometer\micrometer-commons\1.13.2\micrometer-commons-1.13.2.jar;C:\Users\HP\.m2\repository\org\springframework\spring-webmvc\6.1.11\spring-webmvc-6.1.11.jar;C:\Users\HP\.m2\repository\org\springframework\boot\spring-boot-devtools\3.3.2\spring-boot-devtools-3.3.2.jar;C:\Users\HP\.m2\repository\org\springframework\boot\spring-boot\3.3.2\spring-boot-3.3.2.jar;C:\Users\HP\.m2\repository\org\springframework\boot\spring-boot-autoconfigure\3.3.2\spring-boot-autoconfigure-3.3.2.jar;C:\Users\HP\.m2\repository\org\projectlombok\lombok\1.18.34\lombok-1.18.34.jar;C:\Users\HP\.m2\repository\jakarta\activation\jakarta.activation-api\2.1.3\jakarta.activation-api-2.1.3.jar;C:\Users\HP\.m2\repository\org\springframework\spring-core\6.1.11\spring-core-6.1.11.jar;C:\Users\HP\.m2\repository\org\springframework\spring-jcl\6.1.11\spring-jcl-6.1.11.jar;C:\Users\HP\.m2\repository\me\paulschwarz\spring-dotenv\2.5.4\spring-dotenv-2.5.4.jar;C:\Users\HP\.m2\repository\io\github\cdimascio\dotenv-java\2.2.3\dotenv-java-2.2.3.jar;C:\Users\HP\.m2\repository\org\springframework\boot\spring-boot-starter-mail\3.3.2\spring-boot-starter-mail-3.3.2.jar;C:\Users\HP\.m2\repository\org\springframework\spring-context-support\6.1.11\spring-context-support-6.1.11.jar;C:\Users\HP\.m2\repository\org\eclipse\angus\jakarta.mail\2.0.3\jakarta.mail-2.0.3.jar;C:\Users\HP\.m2\repository\org\eclipse\angus\angus-activation\2.0.2\angus-activation-2.0.2.jar;C:\Users\HP\.m2\repository\org\springframework\boot\spring-boot-starter-security\3.3.2\spring-boot-starter-security-3.3.2.jar;C:\Users\HP\.m2\repository\org\springframework\spring-aop\6.1.11\spring-aop-6.1.11.jar;C:\Users\HP\.m2\repository\org\springframework\security\spring-security-config\6.3.1\spring-security-config-6.3.1.jar;C:\Users\HP\.m2\repository\org\springframework\security\spring-security-core\6.3.1\spring-security-core-6.3.1.jar;C:\Users\HP\.m2\repository\org\springframework\security\spring-security-crypto\6.3.1\spring-security-crypto-6.3.1.jar;C:\Users\HP\.m2\repository\org\springframework\security\spring-security-web\6.3.1\spring-security-web-6.3.1.jar;C:\Users\HP\.m2\repository\io\jsonwebtoken\jjwt\0.12.6\jjwt-0.12.6.jar;C:\Users\HP\.m2\repository\io\jsonwebtoken\jjwt-api\0.12.6\jjwt-api-0.12.6.jar;C:\Users\HP\.m2\repository\io\jsonwebtoken\jjwt-impl\0.12.6\jjwt-impl-0.12.6.jar;C:\Users\HP\.m2\repository\io\jsonwebtoken\jjwt-jackson\0.12.6\jjwt-jackson-0.12.6.jar;C:\Users\HP\.m2\repository\org\apache\pdfbox\pdfbox\2.0.30\pdfbox-2.0.30.jar;C:\Users\HP\.m2\repository\org\apache\pdfbox\fontbox\2.0.30\fontbox-2.0.30.jar;C:\Users\HP\.m2\repository\commons-logging\commons-logging\1.2\commons-logging-1.2.jar;C:\Users\HP\.m2\repository\com\itextpdf\itextpdf\5.5.13.2\itextpdf-5.5.13.2.jar
Launcher Type: SUN_STANDARD

[Global flags]
     intx CICompilerCount                          = 4                                         {product} {ergonomic}
     uint ConcGCThreads                            = 2                                         {product} {ergonomic}
     uint G1ConcRefinementThreads                  = 8                                         {product} {ergonomic}
   size_t G1HeapRegionSize                         = 1048576                                   {product} {ergonomic}
   size_t InitialHeapSize                          = 132120576                                 {product} {ergonomic}
   size_t MarkStackSize                            = 4194304                                   {product} {ergonomic}
   size_t MaxHeapSize                              = 2084569088                                {product} {ergonomic}
   size_t MaxNewSize                               = 1249902592                                {product} {ergonomic}
   size_t MinHeapDeltaBytes                        = 1048576                                   {product} {ergonomic}
   size_t MinHeapSize                              = 8388608                                   {product} {ergonomic}
    uintx NonNMethodCodeHeapSize                   = 5839372                                {pd product} {ergonomic}
    uintx NonProfiledCodeHeapSize                  = 122909434                              {pd product} {ergonomic}
    uintx ProfiledCodeHeapSize                     = 122909434                              {pd product} {ergonomic}
    uintx ReservedCodeCacheSize                    = 251658240                              {pd product} {ergonomic}
     bool SegmentedCodeCache                       = true                                      {product} {ergonomic}
   size_t SoftMaxHeapSize                          = 2084569088                             {manageable} {ergonomic}
     bool UseCompressedOops                        = true                           {product lp64_product} {ergonomic}
     bool UseG1GC                                  = true                                      {product} {ergonomic}
     bool UseLargePagesIndividualAllocation        = false                                  {pd product} {ergonomic}

Logging:
Log output configuration:
 #0: stdout all=warning uptime,level,tags foldmultilines=false
 #1: stderr all=off uptime,level,tags foldmultilines=false

Environment Variables:
PATH=C:\Program Files\Common Files\Oracle\Java\javapath;C:\WINDOWS\system32;C:\WINDOWS;C:\WINDOWS\System32\Wbem;C:\WINDOWS\System32\WindowsPowerShell\v1.0\;C:\WINDOWS\System32\OpenSSH\;C:\ProgramData\chocolatey\bin;C:\Program Files\dotnet\;D:\Git\cmd;C:\Program Files\Microsoft SQL Server\150\Tools\Binn\;C:\Program Files\Microsoft SQL Server\130\Tools\Binn\;C:\Program Files\Microsoft SQL Server\Client SDK\ODBC\170\Tools\Binn\;C:\Program Files (x86)\Microsoft SQL Server\160\Tools\Binn\;C:\Program Files\Microsoft SQL Server\160\Tools\Binn\;C:\Program Files\Microsoft SQL Server\160\DTS\Binn\;C:\Program Files (x86)\Microsoft SQL Server\160\DTS\Binn\;C:\Program Files\Azure Data Studio\bin;C:\Program Files\nodejs\;C:\Program Files\Apache;C:\Program Files\Common Files\Oracle\Java\javapath;C:\WINDOWS\system32;C:\WINDOWS;C:\WINDOWS\System32\Wbem;C:\WINDOWS\System32\WindowsPowerShell\v1.0\;C:\WINDOWS\System32\OpenSSH\;C:\ProgramData\chocolatey\bin;C:\Program Files\dotnet\;D:\Git\cmd;C:\Program Files\Microsoft SQL Server\150\Tools\Binn\;C:\Program Files\Microsoft SQL Server\130\Tools\Binn\;C:\Program Files\Microsoft SQL Server\Client SDK\ODBC\170\Tools\Binn\;C:\Program Files (x86)\Microsoft SQL Server\160\Tools\Binn\;C:\Program Files\Microsoft SQL Server\160\Tools\Binn\;C:\Program Files\Microsoft SQL Server\160\DTS\Binn\;C:\Program Files (x86)\Microsoft SQL Server\160\DTS\Binn\;C:\Program Files\Azure Data Studio\bin;C:\Program Files\nodejs\;C:\Program Files\Apache\maven\bin;C:\Users\HP\AppData\Local\Programs\Python\Python312\Scripts\;C:\Users\HP\AppData\Local\Programs\Python\Python312\;C:\Users\HP\AppData\Local\Programs\Python\Launcher\;C:\Users\HP\AppData\Local\Microsoft\WindowsApps;D:\Microsoft VS Code\bin;C:\Users\HP\AppData\Local\GitHubDesktop
USERNAME=HP
OS=Windows_NT
PROCESSOR_IDENTIFIER=Intel64 Family 6 Model 140 Stepping 1, GenuineIntel
TMP=C:\Users\HP\AppData\Local\Temp
TEMP=C:\Users\HP\AppData\Local\Temp




Periodic native trim disabled

---------------  S Y S T E M  ---------------

OS:
 Windows 11 , 64 bit Build 22621 (10.0.22621.3958)
OS uptime: 6 days 14:29 hours
Hyper-V role detected

CPU: total 8 (initial active 8) (4 cores per cpu, 2 threads per core) family 6 model 140 stepping 1 microcode 0xac, cx8, cmov, fxsr, ht, mmx, 3dnowpref, sse, sse2, sse3, ssse3, sse4.1, sse4.2, popcnt, lzcnt, tsc, tscinvbit, avx, avx2, aes, erms, clmul, bmi1, bmi2, adx, avx512f, avx512dq, avx512cd, avx512bw, avx512vl, sha, fma, vzeroupper, avx512_vpopcntdq, avx512_vpclmulqdq, avx512_vaes, avx512_vnni, clflush, clflushopt, clwb, avx512_vbmi2, avx512_vbmi, hv, rdtscp, rdpid, fsrm, gfni, avx512_bitalg, f16c, cet_ibt, cet_ss, avx512_ifma
Processor Information for all 8 processors :
  Max Mhz: 2419, Current Mhz: 2419, Mhz Limit: 2419

Memory: 4k page, system-wide physical 7948M (668M free)
TotalPageFile size 14092M (AvailPageFile size 5M)
current process WorkingSet (physical memory assigned to process): 230M, peak: 253M
current process commit charge ("private bytes"): 273M, peak: 294M

vm_info: OpenJDK 64-Bit Server VM (22.0.2+9-70) for windows-amd64 JRE (22.0.2+9-70), built on 2024-06-04T16:52:23Z by "mach5one" with MS VC++ 17.6 (VS2022)

END.
