#
# There is insufficient memory for the Java Runtime Environment to continue.
# Native memory allocation (malloc) failed to allocate 32744 bytes. Error detail: Chunk::new
# Possible reasons:
#   The system is out of physical RAM or swap space
#   This process is running with CompressedOops enabled, and the Java Heap may be blocking the growth of the native heap
# Possible solutions:
#   Reduce memory load on the system
#   Increase physical memory or swap space
#   Check if swap backing store is full
#   Decrease Java heap size (-Xmx/-Xms)
#   Decrease number of Java threads
#   Decrease Java thread stack sizes (-Xss)
#   Set larger code cache with -XX:ReservedCodeCacheSize=
#   JVM is running with Unscaled Compressed Oops mode in which the Java heap is
#     placed in the first 4GB address space. The Java Heap base address is the
#     maximum limit for the native heap growth. Please use -XX:HeapBaseMinAddress
#     to set the Java Heap base and to place the Java Heap above 4GB virtual address.
# This output file may be truncated or incomplete.
#
#  Out of Memory Error (arena.cpp:150), pid=10540, tid=10628
#
# JRE version: OpenJDK Runtime Environment (22.0.2+9) (build 22.0.2+9-70)
# Java VM: OpenJDK 64-Bit Server VM (22.0.2+9-70, mixed mode, sharing, tiered, compressed oops, compressed class ptrs, g1 gc, windows-amd64)
# No core dump will be written. Minidumps are not enabled by default on client versions of Windows
#

---------------  S U M M A R Y ------------

Command Line: -javaagent:D:\IntelliJ IDEA Community Edition 2024.1.4\lib\idea_rt.jar=51022:D:\IntelliJ IDEA Community Edition 2024.1.4\bin -Dfile.encoding=UTF-8 -Dsun.stdout.encoding=UTF-8 -Dsun.stderr.encoding=UTF-8 com.abcRestaurant.abcRestaurant.AbcRestaurantApplication

Host: 11th Gen Intel(R) Core(TM) i5-1135G7 @ 2.40GHz, 8 cores, 7G,  Windows 11 , 64 bit Build 22621 (10.0.22621.3672)
Time: Tue Aug  6 15:50:05 2024 Sri Lanka Standard Time elapsed time: 2697.940708 seconds (0d 0h 44m 57s)

---------------  T H R E A D  ---------------

Current thread (0x00000205973983c0):  JavaThread "C2 CompilerThread0" daemon [_thread_in_native, id=10628, stack(0x000000d65ce00000,0x000000d65cf00000) (1024K)]


Current CompileTask:
C2:2697941 7527       4       com.sun.crypto.provider.GCTR::doFinal (106 bytes)

Stack: [0x000000d65ce00000,0x000000d65cf00000]
Native frames: (J=compiled Java code, j=interpreted, Vv=VM code, C=native code)
V  [jvm.dll+0x6e26e9]  (no source info available)
V  [jvm.dll+0x875753]  (no source info available)
V  [jvm.dll+0x877b7e]  (no source info available)
V  [jvm.dll+0x878253]  (no source info available)
V  [jvm.dll+0x27fc86]  (no source info available)
V  [jvm.dll+0xc3d0f]  (no source info available)
V  [jvm.dll+0xc3f6b]  (no source info available)
V  [jvm.dll+0x66c3cb]  (no source info available)
V  [jvm.dll+0x66c56f]  (no source info available)
V  [jvm.dll+0x66c56f]  (no source info available)
V  [jvm.dll+0x671fe9]  (no source info available)
V  [jvm.dll+0x673019]  (no source info available)
V  [jvm.dll+0x671355]  (no source info available)
V  [jvm.dll+0x247677]  (no source info available)
V  [jvm.dll+0x246e9f]  (no source info available)
V  [jvm.dll+0x1c4e80]  (no source info available)
V  [jvm.dll+0x2568f3]  (no source info available)
V  [jvm.dll+0x254baa]  (no source info available)
V  [jvm.dll+0x3f57a6]  (no source info available)
V  [jvm.dll+0x81dc0b]  (no source info available)
V  [jvm.dll+0x6e0d85]  (no source info available)
C  [ucrtbase.dll+0x29333]  (no source info available)
C  [KERNEL32.DLL+0x1257d]  (no source info available)
C  [ntdll.dll+0x5af28]  (no source info available)


---------------  P R O C E S S  ---------------

Threads class SMR info:
_java_thread_list=0x00000205ddea9000, length=40, elements={
0x00000205ff713760, 0x00000205ff714790, 0x00000205ff717110, 0x00000205ff7191e0,
0x00000205ff7177a0, 0x00000205ff718b50, 0x00000205973983c0, 0x00000205ff729d50,
0x00000205ff717e30, 0x00000205ff719870, 0x00000205ff7184c0, 0x0000020597dc2cf0,
0x0000020597dc12b0, 0x0000020597dc2660, 0x0000020597dc40a0, 0x0000020597dc1940,
0x0000020597dc3380, 0x0000020597dc6e90, 0x0000020597dc4dc0, 0x0000020597dc5450,
0x0000020597dc6170, 0x0000020597dc7bb0, 0x0000020597dc7520, 0x0000020597dc0c20,
0x0000020597dc6800, 0x00000205ff71a590, 0x00000205e06b47e0, 0x00000205e06b5b90,
0x00000205e06b3ac0, 0x00000205e06b3430, 0x00000205e06b2710, 0x00000205e06b4150,
0x00000205e06b68b0, 0x00000205e06b6f40, 0x00000205e06b75d0, 0x00000205e06b7c60,
0x00000205e06b4e70, 0x00000205e06b82f0, 0x00000205e06b8980, 0x00000205e06b19f0
}

Java Threads: ( => current thread )
  0x00000205ff713760 JavaThread "Reference Handler"          daemon [_thread_blocked, id=11156, stack(0x000000d65c800000,0x000000d65c900000) (1024K)]
  0x00000205ff714790 JavaThread "Finalizer"                  daemon [_thread_blocked, id=6844, stack(0x000000d65c900000,0x000000d65ca00000) (1024K)]
  0x00000205ff717110 JavaThread "Signal Dispatcher"          daemon [_thread_blocked, id=8940, stack(0x000000d65ca00000,0x000000d65cb00000) (1024K)]
  0x00000205ff7191e0 JavaThread "Attach Listener"            daemon [_thread_blocked, id=7492, stack(0x000000d65cb00000,0x000000d65cc00000) (1024K)]
  0x00000205ff7177a0 JavaThread "Service Thread"             daemon [_thread_blocked, id=4920, stack(0x000000d65cc00000,0x000000d65cd00000) (1024K)]
  0x00000205ff718b50 JavaThread "Monitor Deflation Thread"   daemon [_thread_blocked, id=9532, stack(0x000000d65cd00000,0x000000d65ce00000) (1024K)]
=>0x00000205973983c0 JavaThread "C2 CompilerThread0"         daemon [_thread_in_native, id=10628, stack(0x000000d65ce00000,0x000000d65cf00000) (1024K)]
  0x00000205ff729d50 JavaThread "C1 CompilerThread0"         daemon [_thread_blocked, id=8872, stack(0x000000d65cf00000,0x000000d65d000000) (1024K)]
  0x00000205ff717e30 JavaThread "Common-Cleaner"             daemon [_thread_blocked, id=2368, stack(0x000000d65d000000,0x000000d65d100000) (1024K)]
  0x00000205ff719870 JavaThread "Monitor Ctrl-Break"         daemon [_thread_in_native, id=18280, stack(0x000000d65d300000,0x000000d65d400000) (1024K)]
  0x00000205ff7184c0 JavaThread "Notification Thread"        daemon [_thread_blocked, id=10160, stack(0x000000d65d400000,0x000000d65d500000) (1024K)]
  0x0000020597dc2cf0 JavaThread "Catalina-utility-1"                [_thread_blocked, id=14920, stack(0x000000d65df00000,0x000000d65e000000) (1024K)]
  0x0000020597dc12b0 JavaThread "Catalina-utility-2"                [_thread_blocked, id=11712, stack(0x000000d65e000000,0x000000d65e100000) (1024K)]
  0x0000020597dc2660 JavaThread "container-0"                       [_thread_blocked, id=7176, stack(0x000000d65e100000,0x000000d65e200000) (1024K)]
  0x0000020597dc40a0 JavaThread "Jndi-Dns-address-change-listener" daemon [_thread_in_native, id=10440, stack(0x000000d65e200000,0x000000d65e300000) (1024K)]
  0x0000020597dc1940 JavaThread "BufferPoolPruner-1-thread-1" daemon [_thread_blocked, id=11884, stack(0x000000d65e300000,0x000000d65e400000) (1024K)]
  0x0000020597dc3380 JavaThread "cluster-ClusterId{value='66b1ee4f3d9f66477b73633d', description='null'}-ac-byq5ho1-shard-00-01.kd72xqs.mongodb.net:27017" daemon [_thread_in_native, id=9984, stack(0x000000d65e500000,0x000000d65e600000) (1024K)]
  0x0000020597dc6e90 JavaThread "cluster-rtt-ClusterId{value='66b1ee4f3d9f66477b73633d', description='null'}-ac-byq5ho1-shard-00-01.kd72xqs.mongodb.net:27017" daemon [_thread_blocked, id=14832, stack(0x000000d65e600000,0x000000d65e700000) (1024K)]
  0x0000020597dc4dc0 JavaThread "cluster-ClusterId{value='66b1ee4f3d9f66477b73633d', description='null'}-ac-byq5ho1-shard-00-02.kd72xqs.mongodb.net:27017" daemon [_thread_in_native, id=10720, stack(0x000000d65e700000,0x000000d65e800000) (1024K)]
  0x0000020597dc5450 JavaThread "cluster-rtt-ClusterId{value='66b1ee4f3d9f66477b73633d', description='null'}-ac-byq5ho1-shard-00-02.kd72xqs.mongodb.net:27017" daemon [_thread_blocked, id=9988, stack(0x000000d65e800000,0x000000d65e900000) (1024K)]
  0x0000020597dc6170 JavaThread "cluster-ClusterId{value='66b1ee4f3d9f66477b73633d', description='null'}-ac-byq5ho1-shard-00-00.kd72xqs.mongodb.net:27017" daemon [_thread_in_native, id=7512, stack(0x000000d65e900000,0x000000d65ea00000) (1024K)]
  0x0000020597dc7bb0 JavaThread "cluster-rtt-ClusterId{value='66b1ee4f3d9f66477b73633d', description='null'}-ac-byq5ho1-shard-00-00.kd72xqs.mongodb.net:27017" daemon [_thread_blocked, id=9092, stack(0x000000d65ea00000,0x000000d65eb00000) (1024K)]
  0x0000020597dc7520 JavaThread "Live Reload Server"         daemon [_thread_in_native, id=684, stack(0x000000d65ec00000,0x000000d65ed00000) (1024K)]
  0x0000020597dc0c20 JavaThread "MaintenanceTimer-3-thread-1" daemon [_thread_blocked, id=11136, stack(0x000000d65ed00000,0x000000d65ee00000) (1024K)]
  0x0000020597dc6800 JavaThread "MaintenanceTimer-4-thread-1" daemon [_thread_blocked, id=172, stack(0x000000d65ee00000,0x000000d65ef00000) (1024K)]
  0x00000205ff71a590 JavaThread "MaintenanceTimer-2-thread-1" daemon [_thread_blocked, id=2340, stack(0x000000d65ef00000,0x000000d65f000000) (1024K)]
  0x00000205e06b47e0 JavaThread "File Watcher"               daemon [_thread_blocked, id=15892, stack(0x000000d65f000000,0x000000d65f100000) (1024K)]
  0x00000205e06b5b90 JavaThread "http-nio-8080-exec-1"       daemon [_thread_blocked, id=14520, stack(0x000000d65f100000,0x000000d65f200000) (1024K)]
  0x00000205e06b3ac0 JavaThread "http-nio-8080-exec-2"       daemon [_thread_blocked, id=11012, stack(0x000000d65f200000,0x000000d65f300000) (1024K)]
  0x00000205e06b3430 JavaThread "http-nio-8080-exec-3"       daemon [_thread_blocked, id=6404, stack(0x000000d65f300000,0x000000d65f400000) (1024K)]
  0x00000205e06b2710 JavaThread "http-nio-8080-exec-4"       daemon [_thread_blocked, id=10336, stack(0x000000d65f400000,0x000000d65f500000) (1024K)]
  0x00000205e06b4150 JavaThread "http-nio-8080-exec-5"       daemon [_thread_blocked, id=15260, stack(0x000000d65f500000,0x000000d65f600000) (1024K)]
  0x00000205e06b68b0 JavaThread "http-nio-8080-exec-6"       daemon [_thread_blocked, id=14552, stack(0x000000d65f600000,0x000000d65f700000) (1024K)]
  0x00000205e06b6f40 JavaThread "http-nio-8080-exec-7"       daemon [_thread_blocked, id=8176, stack(0x000000d65f700000,0x000000d65f800000) (1024K)]
  0x00000205e06b75d0 JavaThread "http-nio-8080-exec-8"       daemon [_thread_blocked, id=13900, stack(0x000000d65f800000,0x000000d65f900000) (1024K)]
  0x00000205e06b7c60 JavaThread "http-nio-8080-exec-9"       daemon [_thread_blocked, id=1020, stack(0x000000d65f900000,0x000000d65fa00000) (1024K)]
  0x00000205e06b4e70 JavaThread "http-nio-8080-exec-10"      daemon [_thread_blocked, id=2816, stack(0x000000d65fa00000,0x000000d65fb00000) (1024K)]
  0x00000205e06b82f0 JavaThread "http-nio-8080-Poller"       daemon [_thread_in_native, id=13152, stack(0x000000d65fb00000,0x000000d65fc00000) (1024K)]
  0x00000205e06b8980 JavaThread "http-nio-8080-Acceptor"     daemon [_thread_in_native, id=6748, stack(0x000000d65fc00000,0x000000d65fd00000) (1024K)]
  0x00000205e06b19f0 JavaThread "DestroyJavaVM"                     [_thread_blocked, id=9312, stack(0x000000d65c000000,0x000000d65c100000) (1024K)]
Total: 40

Other Threads:
  0x00000205ff6f9670 VMThread "VM Thread"                           [id=1708, stack(0x000000d65c700000,0x000000d65c800000) (1024K)]
  0x00000205ff6df7e0 WatcherThread "VM Periodic Task Thread"        [id=6624, stack(0x000000d65c600000,0x000000d65c700000) (1024K)]
  0x00000205fa55dce0 WorkerThread "GC Thread#0"                     [id=9852, stack(0x000000d65c100000,0x000000d65c200000) (1024K)]
  0x00000205dd4e5fd0 WorkerThread "GC Thread#1"                     [id=16960, stack(0x000000d65d700000,0x000000d65d800000) (1024K)]
  0x00000205dd4e6380 WorkerThread "GC Thread#2"                     [id=5004, stack(0x000000d65d800000,0x000000d65d900000) (1024K)]
  0x00000205dd4e6730 WorkerThread "GC Thread#3"                     [id=1096, stack(0x000000d65d900000,0x000000d65da00000) (1024K)]
  0x0000020597de4200 WorkerThread "GC Thread#4"                     [id=12744, stack(0x000000d65da00000,0x000000d65db00000) (1024K)]
  0x0000020597de45b0 WorkerThread "GC Thread#5"                     [id=15116, stack(0x000000d65db00000,0x000000d65dc00000) (1024K)]
  0x00000205dd94b430 WorkerThread "GC Thread#6"                     [id=11020, stack(0x000000d65dd00000,0x000000d65de00000) (1024K)]
  0x00000205dd824590 WorkerThread "GC Thread#7"                     [id=8440, stack(0x000000d65de00000,0x000000d65df00000) (1024K)]
  0x00000205fa56e700 ConcurrentGCThread "G1 Main Marker"            [id=8244, stack(0x000000d65c200000,0x000000d65c300000) (1024K)]
  0x00000205fa56f210 WorkerThread "G1 Conc#0"                       [id=15284, stack(0x000000d65c300000,0x000000d65c400000) (1024K)]
  0x00000205df802680 WorkerThread "G1 Conc#1"                       [id=13584, stack(0x000000d65dc00000,0x000000d65dd00000) (1024K)]
  0x00000205fa5be980 ConcurrentGCThread "G1 Refine#0"               [id=2604, stack(0x000000d65c400000,0x000000d65c500000) (1024K)]
  0x00000205ff5b35e0 ConcurrentGCThread "G1 Service"                [id=10224, stack(0x000000d65c500000,0x000000d65c600000) (1024K)]
Total: 15

Threads with active compile tasks:
C2 CompilerThread0  2698080 7527       4       com.sun.crypto.provider.GCTR::doFinal (106 bytes)
Total: 1

VM state: not at safepoint (normal execution)

VM Mutex/Monitor currently owned by a thread: None

Heap address: 0x0000000083c00000, size: 1988 MB, Compressed Oops mode: 32-bit

CDS archive(s) mapped at: [0x0000020598000000-0x0000020598c60000-0x0000020598c60000), size 12976128, SharedBaseAddress: 0x0000020598000000, ArchiveRelocationMode: 1.
Compressed class space mapped at: 0x0000020599000000-0x00000205d9000000, reserved size: 1073741824
Narrow klass base: 0x0000020598000000, Narrow klass shift: 0, Narrow klass range: 0x41000000

GC Precious Log:
 CardTable entry size: 512
 Card Set container configuration: InlinePtr #cards 5 size 8 Array Of Cards #cards 12 size 40 Howl #buckets 4 coarsen threshold 1843 Howl Bitmap #cards 512 size 80 coarsen threshold 460 Card regions per heap region 1 cards per card region 2048
 CPUs: 8 total, 8 available
 Memory: 7948M
 Large Page Support: Disabled
 NUMA Support: Disabled
 Compressed Oops: Enabled (32-bit)
 Heap Region Size: 1M
 Heap Min Capacity: 8M
 Heap Initial Capacity: 126M
 Heap Max Capacity: 1988M
 Pre-touch: Disabled
 Parallel Workers: 8
 Concurrent Workers: 2
 Concurrent Refinement Workers: 8
 Periodic GC: Disabled

Heap:
 garbage-first heap   total reserved 2035712K, committed 65536K, used 58453K [0x0000000083c00000, 0x0000000100000000)
  region size 1024K, 34 young (34816K), 1 survivors (1024K)
 Metaspace       used 52750K, committed 53760K, reserved 1114112K
  class space    used 6864K, committed 7296K, reserved 1048576K

Heap Regions: E=young(eden), S=young(survivor), O=old, HS=humongous(starts), HC=humongous(continues), CS=collection set, F=free, TAMS=top-at-mark-start, PB=parsable bottom
|   0|0x0000000083c00000, 0x0000000083d00000, 0x0000000083d00000|100%| O|  |TAMS 0x0000000083c00000| PB 0x0000000083c00000| Untracked |  0
|   1|0x0000000083d00000, 0x0000000083e00000, 0x0000000083e00000|100%| O|  |TAMS 0x0000000083d00000| PB 0x0000000083d00000| Untracked |  0
|   2|0x0000000083e00000, 0x0000000083f00000, 0x0000000083f00000|100%| O|  |TAMS 0x0000000083e00000| PB 0x0000000083e00000| Untracked |  0
|   3|0x0000000083f00000, 0x0000000084000000, 0x0000000084000000|100%| O|  |TAMS 0x0000000083f00000| PB 0x0000000083f00000| Untracked |  0
|   4|0x0000000084000000, 0x0000000084100000, 0x0000000084100000|100%| O|  |TAMS 0x0000000084000000| PB 0x0000000084000000| Untracked |  0
|   5|0x0000000084100000, 0x0000000084200000, 0x0000000084200000|100%| O|Cm|TAMS 0x0000000084100000| PB 0x0000000084100000| Complete |  0
|   6|0x0000000084200000, 0x0000000084300000, 0x0000000084300000|100%| O|  |TAMS 0x0000000084200000| PB 0x0000000084200000| Untracked |  0
|   7|0x0000000084300000, 0x0000000084400000, 0x0000000084400000|100%| O|  |TAMS 0x0000000084300000| PB 0x0000000084300000| Untracked |  0
|   8|0x0000000084400000, 0x0000000084500000, 0x0000000084500000|100%| O|  |TAMS 0x0000000084400000| PB 0x0000000084400000| Untracked |  0
|   9|0x0000000084500000, 0x0000000084600000, 0x0000000084600000|100%| O|  |TAMS 0x0000000084500000| PB 0x0000000084500000| Untracked |  0
|  10|0x0000000084600000, 0x0000000084700000, 0x0000000084700000|100%| O|  |TAMS 0x0000000084600000| PB 0x0000000084600000| Untracked |  0
|  11|0x0000000084700000, 0x0000000084700000, 0x0000000084800000|  0%| F|  |TAMS 0x0000000084700000| PB 0x0000000084700000| Untracked |  0
|  12|0x0000000084800000, 0x0000000084900000, 0x0000000084900000|100%| O|  |TAMS 0x0000000084800000| PB 0x0000000084800000| Untracked |  0
|  13|0x0000000084900000, 0x0000000084a00000, 0x0000000084a00000|100%| O|  |TAMS 0x0000000084900000| PB 0x0000000084900000| Untracked |  0
|  14|0x0000000084a00000, 0x0000000084a4f9e0, 0x0000000084b00000| 31%| O|  |TAMS 0x0000000084a00000| PB 0x0000000084a00000| Untracked |  0
|  15|0x0000000084b00000, 0x0000000084c00000, 0x0000000084c00000|100%| O|  |TAMS 0x0000000084b00000| PB 0x0000000084b00000| Untracked |  0
|  16|0x0000000084c00000, 0x0000000084c00000, 0x0000000084d00000|  0%| F|  |TAMS 0x0000000084c00000| PB 0x0000000084c00000| Untracked |  0
|  17|0x0000000084d00000, 0x0000000084e00000, 0x0000000084e00000|100%| O|  |TAMS 0x0000000084d00000| PB 0x0000000084d00000| Untracked |  0
|  18|0x0000000084e00000, 0x0000000084f00000, 0x0000000084f00000|100%| O|Cm|TAMS 0x0000000084e00000| PB 0x0000000084e00000| Complete |  0
|  19|0x0000000084f00000, 0x0000000085000000, 0x0000000085000000|100%| O|  |TAMS 0x0000000084f00000| PB 0x0000000084f00000| Untracked |  0
|  20|0x0000000085000000, 0x0000000085100000, 0x0000000085100000|100%| O|Cm|TAMS 0x0000000085000000| PB 0x0000000085000000| Complete |  0
|  21|0x0000000085100000, 0x0000000085200000, 0x0000000085200000|100%| O|Cm|TAMS 0x0000000085100000| PB 0x0000000085100000| Complete |  0
|  22|0x0000000085200000, 0x0000000085300000, 0x0000000085300000|100%| O|  |TAMS 0x0000000085200000| PB 0x0000000085200000| Untracked |  0
|  23|0x0000000085300000, 0x0000000085400000, 0x0000000085400000|100%| O|Cm|TAMS 0x0000000085300000| PB 0x0000000085300000| Complete |  0
|  24|0x0000000085400000, 0x0000000085400000, 0x0000000085500000|  0%| F|  |TAMS 0x0000000085400000| PB 0x0000000085400000| Untracked |  0
|  25|0x0000000085500000, 0x0000000085600000, 0x0000000085600000|100%| O|  |TAMS 0x0000000085500000| PB 0x0000000085500000| Untracked |  0
|  26|0x0000000085600000, 0x0000000085700000, 0x0000000085700000|100%| O|  |TAMS 0x0000000085600000| PB 0x0000000085600000| Untracked |  0
|  27|0x0000000085700000, 0x0000000085800000, 0x0000000085800000|100%| O|  |TAMS 0x0000000085700000| PB 0x0000000085700000| Untracked |  0
|  28|0x0000000085800000, 0x0000000085800000, 0x0000000085900000|  0%| F|  |TAMS 0x0000000085800000| PB 0x0000000085800000| Untracked |  0
|  29|0x0000000085900000, 0x0000000085900000, 0x0000000085a00000|  0%| F|  |TAMS 0x0000000085900000| PB 0x0000000085900000| Untracked |  0
|  30|0x0000000085a00000, 0x0000000085ac5bb8, 0x0000000085b00000| 77%| S|CS|TAMS 0x0000000085a00000| PB 0x0000000085a00000| Complete |  0
|  31|0x0000000085b00000, 0x0000000085ba5dd8, 0x0000000085c00000| 64%| E|  |TAMS 0x0000000085b00000| PB 0x0000000085b00000| Complete |  0
|  32|0x0000000085c00000, 0x0000000085d00000, 0x0000000085d00000|100%| E|CS|TAMS 0x0000000085c00000| PB 0x0000000085c00000| Complete |  0
|  33|0x0000000085d00000, 0x0000000085e00000, 0x0000000085e00000|100%| E|CS|TAMS 0x0000000085d00000| PB 0x0000000085d00000| Complete |  0
|  34|0x0000000085e00000, 0x0000000085f00000, 0x0000000085f00000|100%| E|CS|TAMS 0x0000000085e00000| PB 0x0000000085e00000| Complete |  0
|  35|0x0000000085f00000, 0x0000000086000000, 0x0000000086000000|100%| E|CS|TAMS 0x0000000085f00000| PB 0x0000000085f00000| Complete |  0
|  36|0x0000000086000000, 0x0000000086100000, 0x0000000086100000|100%| E|CS|TAMS 0x0000000086000000| PB 0x0000000086000000| Complete |  0
|  37|0x0000000086100000, 0x0000000086200000, 0x0000000086200000|100%| E|CS|TAMS 0x0000000086100000| PB 0x0000000086100000| Complete |  0
|  38|0x0000000086200000, 0x0000000086300000, 0x0000000086300000|100%| E|CS|TAMS 0x0000000086200000| PB 0x0000000086200000| Complete |  0
|  39|0x0000000086300000, 0x0000000086400000, 0x0000000086400000|100%| E|CS|TAMS 0x0000000086300000| PB 0x0000000086300000| Complete |  0
|  40|0x0000000086400000, 0x0000000086500000, 0x0000000086500000|100%| E|CS|TAMS 0x0000000086400000| PB 0x0000000086400000| Complete |  0
|  41|0x0000000086500000, 0x0000000086600000, 0x0000000086600000|100%| E|CS|TAMS 0x0000000086500000| PB 0x0000000086500000| Complete |  0
|  42|0x0000000086600000, 0x0000000086700000, 0x0000000086700000|100%| E|CS|TAMS 0x0000000086600000| PB 0x0000000086600000| Complete |  0
|  43|0x0000000086700000, 0x0000000086800000, 0x0000000086800000|100%| E|CS|TAMS 0x0000000086700000| PB 0x0000000086700000| Complete |  0
|  44|0x0000000086800000, 0x0000000086900000, 0x0000000086900000|100%| E|CS|TAMS 0x0000000086800000| PB 0x0000000086800000| Complete |  0
|  45|0x0000000086900000, 0x0000000086a00000, 0x0000000086a00000|100%| E|CS|TAMS 0x0000000086900000| PB 0x0000000086900000| Complete |  0
|  46|0x0000000086a00000, 0x0000000086b00000, 0x0000000086b00000|100%| E|CS|TAMS 0x0000000086a00000| PB 0x0000000086a00000| Complete |  0
|  47|0x0000000086b00000, 0x0000000086c00000, 0x0000000086c00000|100%| E|CS|TAMS 0x0000000086b00000| PB 0x0000000086b00000| Complete |  0
|  48|0x0000000086c00000, 0x0000000086d00000, 0x0000000086d00000|100%| E|CS|TAMS 0x0000000086c00000| PB 0x0000000086c00000| Complete |  0
|  49|0x0000000086d00000, 0x0000000086e00000, 0x0000000086e00000|100%| E|CS|TAMS 0x0000000086d00000| PB 0x0000000086d00000| Complete |  0
|  50|0x0000000086e00000, 0x0000000086f00000, 0x0000000086f00000|100%| E|CS|TAMS 0x0000000086e00000| PB 0x0000000086e00000| Complete |  0
|  51|0x0000000086f00000, 0x0000000087000000, 0x0000000087000000|100%| E|CS|TAMS 0x0000000086f00000| PB 0x0000000086f00000| Complete |  0
|  52|0x0000000087000000, 0x0000000087100000, 0x0000000087100000|100%| E|CS|TAMS 0x0000000087000000| PB 0x0000000087000000| Complete |  0
|  53|0x0000000087100000, 0x0000000087200000, 0x0000000087200000|100%| E|CS|TAMS 0x0000000087100000| PB 0x0000000087100000| Complete |  0
|  54|0x0000000087200000, 0x0000000087300000, 0x0000000087300000|100%| E|CS|TAMS 0x0000000087200000| PB 0x0000000087200000| Complete |  0
|  55|0x0000000087300000, 0x0000000087400000, 0x0000000087400000|100%| E|CS|TAMS 0x0000000087300000| PB 0x0000000087300000| Complete |  0
|  73|0x0000000088500000, 0x0000000088600000, 0x0000000088600000|100%| E|CS|TAMS 0x0000000088500000| PB 0x0000000088500000| Complete |  0
|  74|0x0000000088600000, 0x0000000088700000, 0x0000000088700000|100%| E|CS|TAMS 0x0000000088600000| PB 0x0000000088600000| Complete |  0
|  75|0x0000000088700000, 0x0000000088800000, 0x0000000088800000|100%| E|CS|TAMS 0x0000000088700000| PB 0x0000000088700000| Complete |  0
|  76|0x0000000088800000, 0x0000000088900000, 0x0000000088900000|100%| E|CS|TAMS 0x0000000088800000| PB 0x0000000088800000| Complete |  0
|  77|0x0000000088900000, 0x0000000088a00000, 0x0000000088a00000|100%| E|CS|TAMS 0x0000000088900000| PB 0x0000000088900000| Complete |  0
|  78|0x0000000088a00000, 0x0000000088b00000, 0x0000000088b00000|100%| E|CS|TAMS 0x0000000088a00000| PB 0x0000000088a00000| Complete |  0
|  79|0x0000000088b00000, 0x0000000088c00000, 0x0000000088c00000|100%| E|CS|TAMS 0x0000000088b00000| PB 0x0000000088b00000| Complete |  0
| 125|0x000000008b900000, 0x000000008ba00000, 0x000000008ba00000|100%| E|CS|TAMS 0x000000008b900000| PB 0x000000008b900000| Complete |  0

Card table byte_map: [0x00000205face0000,0x00000205fb0d0000] _byte_map_base: 0x00000205fa8c2000

Marking Bits: (CMBitMap*) 0x00000205fa55e3f0
 Bits: [0x00000205fb0d0000, 0x00000205fcfe0000)

Polling page: 0x00000205f9cc0000

Metaspace:

Usage:
  Non-class:     44.81 MB used.
      Class:      6.70 MB used.
       Both:     51.51 MB used.

Virtual space:
  Non-class space:       64.00 MB reserved,      45.38 MB ( 71%) committed,  1 nodes.
      Class space:        1.00 GB reserved,       7.12 MB ( <1%) committed,  1 nodes.
             Both:        1.06 GB reserved,      52.50 MB (  5%) committed. 

Chunk freelists:
   Non-Class:  2.95 MB
       Class:  8.97 MB
        Both:  11.92 MB

MaxMetaspaceSize: unlimited
CompressedClassSpaceSize: 1.00 GB
Initial GC threshold: 21.00 MB
Current GC threshold: 87.31 MB
CDS: on
 - commit_granule_bytes: 65536.
 - commit_granule_words: 8192.
 - virtual_space_node_default_size: 8388608.
 - enlarge_chunks_in_place: 1.
 - use_allocation_guard: 0.


Internal statistics:

num_allocs_failed_limit: 6.
num_arena_births: 922.
num_arena_deaths: 354.
num_vsnodes_births: 2.
num_vsnodes_deaths: 0.
num_space_committed: 840.
num_space_uncommitted: 0.
num_chunks_returned_to_freelist: 424.
num_chunks_taken_from_freelist: 2760.
num_chunk_merges: 106.
num_chunk_splits: 1868.
num_chunks_enlarged: 1314.
num_inconsistent_stats: 0.

CodeHeap 'non-profiled nmethods': size=120000Kb used=2399Kb max_used=3938Kb free=117600Kb
 bounds [0x000002058fd50000, 0x0000020590130000, 0x0000020597280000]
CodeHeap 'profiled nmethods': size=120000Kb used=6719Kb max_used=12408Kb free=113280Kb
 bounds [0x0000020588280000, 0x0000020588eb0000, 0x000002058f7b0000]
CodeHeap 'non-nmethods': size=5760Kb used=1871Kb max_used=1900Kb free=3889Kb
 bounds [0x000002058f7b0000, 0x000002058fa20000, 0x000002058fd50000]
 total_blobs=4216 nmethods=3516 adapters=604
 compilation: enabled
              stopped_count=0, restarted_count=0
 full_count=0

Compilation events (20 events):
Event: 2565.593 Thread 0x00000205973983c0 nmethod 7517 0x000002058fd59c90 code [0x000002058fd59e00, 0x000002058fd59ea8]
Event: 2585.908 Thread 0x00000205973983c0 7518       4       com.sun.crypto.provider.GaloisCounterMode::checkInit (67 bytes)
Event: 2585.948 Thread 0x00000205973983c0 nmethod 7518 0x000002058fded790 code [0x000002058fdedae0, 0x000002058fdf0818]
Event: 2597.542 Thread 0x00000205973983c0 7519       4       org.bson.BsonBinaryReader::doReadBoolean (54 bytes)
Event: 2597.544 Thread 0x00000205973983c0 nmethod 7519 0x000002058fdda790 code [0x000002058fdda960, 0x000002058fddac30]
Event: 2606.131 Thread 0x00000205973983c0 7520       4       org.bson.codecs.BsonBooleanCodec::decode (7 bytes)
Event: 2606.138 Thread 0x00000205973983c0 nmethod 7520 0x000002058fd92290 code [0x000002058fd924c0, 0x000002058fd92a68]
Event: 2608.913 Thread 0x00000205973983c0 7521       4       java.util.concurrent.ScheduledThreadPoolExecutor$ScheduledFutureTask::compareTo (101 bytes)
Event: 2608.915 Thread 0x00000205973983c0 nmethod 7521 0x000002058fd80690 code [0x000002058fd80820, 0x000002058fd80940]
Event: 2616.145 Thread 0x00000205973983c0 7522       4       java.io.OutputStream::flush (1 bytes)
Event: 2616.145 Thread 0x00000205973983c0 nmethod 7522 0x000002058fd5af10 code [0x000002058fd5b080, 0x000002058fd5b108]
Event: 2626.358 Thread 0x00000205973983c0 7523       4       org.bson.codecs.DecoderContext::<init> (6 bytes)
Event: 2626.359 Thread 0x00000205973983c0 nmethod 7523 0x000002058fd5d790 code [0x000002058fd5d900, 0x000002058fd5d9a0]
Event: 2627.571 Thread 0x00000205973983c0 7524       4       java.nio.HeapByteBuffer::duplicate (36 bytes)
Event: 2627.576 Thread 0x00000205973983c0 nmethod 7524 0x000002058ff2b910 code [0x000002058ff2bac0, 0x000002058ff2bf70]
Event: 2675.499 Thread 0x00000205973983c0 7525   !   4       java.lang.Thread::blockedOn (27 bytes)
Event: 2675.500 Thread 0x00000205973983c0 nmethod 7525 0x000002058fd75510 code [0x000002058fd756a0, 0x000002058fd75978]
Event: 2696.628 Thread 0x00000205973983c0 7526   !   4       sun.nio.ch.SelectorImpl::processDeregisterQueue (145 bytes)
Event: 2696.643 Thread 0x00000205973983c0 nmethod 7526 0x000002058fdc8210 code [0x000002058fdc8480, 0x000002058fdc8ce0]
Event: 2697.917 Thread 0x00000205973983c0 7527       4       com.sun.crypto.provider.GCTR::doFinal (106 bytes)

GC Heap History (20 events):
Event: 207.192 GC heap before
{Heap before GC invocations=13 (full 0):
 garbage-first heap   total reserved 2035712K, committed 54272K, used 47080K [0x0000000083c00000, 0x0000000100000000)
  region size 1024K, 22 young (22528K), 2 survivors (2048K)
 Metaspace       used 50431K, committed 51200K, reserved 1114112K
  class space    used 6626K, committed 6976K, reserved 1048576K
}
Event: 207.197 GC heap after
{Heap after GC invocations=14 (full 0):
 garbage-first heap   total reserved 2035712K, committed 54272K, used 26635K [0x0000000083c00000, 0x0000000100000000)
  region size 1024K, 2 young (2048K), 2 survivors (2048K)
 Metaspace       used 50431K, committed 51200K, reserved 1114112K
  class space    used 6626K, committed 6976K, reserved 1048576K
}
Event: 371.049 GC heap before
{Heap before GC invocations=15 (full 0):
 garbage-first heap   total reserved 2035712K, committed 54272K, used 46091K [0x0000000083c00000, 0x0000000100000000)
  region size 1024K, 22 young (22528K), 2 survivors (2048K)
 Metaspace       used 51521K, committed 52288K, reserved 1114112K
  class space    used 6750K, committed 7104K, reserved 1048576K
}
Event: 371.051 GC heap after
{Heap after GC invocations=16 (full 0):
 garbage-first heap   total reserved 2035712K, committed 54272K, used 26873K [0x0000000083c00000, 0x0000000100000000)
  region size 1024K, 1 young (1024K), 1 survivors (1024K)
 Metaspace       used 51521K, committed 52288K, reserved 1114112K
  class space    used 6750K, committed 7104K, reserved 1048576K
}
Event: 548.475 GC heap before
{Heap before GC invocations=16 (full 0):
 garbage-first heap   total reserved 2035712K, committed 54272K, used 47353K [0x0000000083c00000, 0x0000000100000000)
  region size 1024K, 22 young (22528K), 1 survivors (1024K)
 Metaspace       used 52823K, committed 53568K, reserved 1114112K
  class space    used 6952K, committed 7296K, reserved 1048576K
}
Event: 548.482 GC heap after
{Heap after GC invocations=17 (full 0):
 garbage-first heap   total reserved 2035712K, committed 54272K, used 26396K [0x0000000083c00000, 0x0000000100000000)
  region size 1024K, 1 young (1024K), 1 survivors (1024K)
 Metaspace       used 52823K, committed 53568K, reserved 1114112K
  class space    used 6952K, committed 7296K, reserved 1048576K
}
Event: 766.239 GC heap before
{Heap before GC invocations=17 (full 0):
 garbage-first heap   total reserved 2035712K, committed 54272K, used 47900K [0x0000000083c00000, 0x0000000100000000)
  region size 1024K, 22 young (22528K), 1 survivors (1024K)
 Metaspace       used 52854K, committed 53632K, reserved 1114112K
  class space    used 6952K, committed 7296K, reserved 1048576K
}
Event: 766.245 GC heap after
{Heap after GC invocations=18 (full 0):
 garbage-first heap   total reserved 2035712K, committed 54272K, used 26394K [0x0000000083c00000, 0x0000000100000000)
  region size 1024K, 1 young (1024K), 1 survivors (1024K)
 Metaspace       used 52854K, committed 53632K, reserved 1114112K
  class space    used 6952K, committed 7296K, reserved 1048576K
}
Event: 986.403 GC heap before
{Heap before GC invocations=19 (full 0):
 garbage-first heap   total reserved 2035712K, committed 54272K, used 47898K [0x0000000083c00000, 0x0000000100000000)
  region size 1024K, 22 young (22528K), 1 survivors (1024K)
 Metaspace       used 52964K, committed 53696K, reserved 1114112K
  class space    used 6952K, committed 7296K, reserved 1048576K
}
Event: 986.405 GC heap after
{Heap after GC invocations=20 (full 0):
 garbage-first heap   total reserved 2035712K, committed 54272K, used 26432K [0x0000000083c00000, 0x0000000100000000)
  region size 1024K, 1 young (1024K), 1 survivors (1024K)
 Metaspace       used 52964K, committed 53696K, reserved 1114112K
  class space    used 6952K, committed 7296K, reserved 1048576K
}
Event: 1206.547 GC heap before
{Heap before GC invocations=20 (full 0):
 garbage-first heap   total reserved 2035712K, committed 54272K, used 47936K [0x0000000083c00000, 0x0000000100000000)
  region size 1024K, 22 young (22528K), 1 survivors (1024K)
 Metaspace       used 52967K, committed 53696K, reserved 1114112K
  class space    used 6952K, committed 7296K, reserved 1048576K
}
Event: 1206.553 GC heap after
{Heap after GC invocations=21 (full 0):
 garbage-first heap   total reserved 2035712K, committed 54272K, used 25888K [0x0000000083c00000, 0x0000000100000000)
  region size 1024K, 1 young (1024K), 1 survivors (1024K)
 Metaspace       used 52967K, committed 53696K, reserved 1114112K
  class space    used 6952K, committed 7296K, reserved 1048576K
}
Event: 1435.911 GC heap before
{Heap before GC invocations=21 (full 0):
 garbage-first heap   total reserved 2035712K, committed 54272K, used 48416K [0x0000000083c00000, 0x0000000100000000)
  region size 1024K, 23 young (23552K), 1 survivors (1024K)
 Metaspace       used 53008K, committed 53760K, reserved 1114112K
  class space    used 6952K, committed 7296K, reserved 1048576K
}
Event: 1435.924 GC heap after
{Heap after GC invocations=22 (full 0):
 garbage-first heap   total reserved 2035712K, committed 54272K, used 25923K [0x0000000083c00000, 0x0000000100000000)
  region size 1024K, 1 young (1024K), 1 survivors (1024K)
 Metaspace       used 53008K, committed 53760K, reserved 1114112K
  class space    used 6952K, committed 7296K, reserved 1048576K
}
Event: 1666.876 GC heap before
{Heap before GC invocations=23 (full 0):
 garbage-first heap   total reserved 2035712K, committed 54272K, used 48451K [0x0000000083c00000, 0x0000000100000000)
  region size 1024K, 23 young (23552K), 1 survivors (1024K)
 Metaspace       used 53009K, committed 53760K, reserved 1114112K
  class space    used 6952K, committed 7296K, reserved 1048576K
}
Event: 1667.154 GC heap after
{Heap after GC invocations=24 (full 0):
 garbage-first heap   total reserved 2035712K, committed 65536K, used 25894K [0x0000000083c00000, 0x0000000100000000)
  region size 1024K, 1 young (1024K), 1 survivors (1024K)
 Metaspace       used 53009K, committed 53760K, reserved 1114112K
  class space    used 6952K, committed 7296K, reserved 1048576K
}
Event: 2012.646 GC heap before
{Heap before GC invocations=24 (full 0):
 garbage-first heap   total reserved 2035712K, committed 65536K, used 59686K [0x0000000083c00000, 0x0000000100000000)
  region size 1024K, 34 young (34816K), 1 survivors (1024K)
 Metaspace       used 53035K, committed 53760K, reserved 1114112K
  class space    used 6952K, committed 7296K, reserved 1048576K
}
Event: 2012.667 GC heap after
{Heap after GC invocations=25 (full 0):
 garbage-first heap   total reserved 2035712K, committed 65536K, used 25694K [0x0000000083c00000, 0x0000000100000000)
  region size 1024K, 1 young (1024K), 1 survivors (1024K)
 Metaspace       used 53035K, committed 53760K, reserved 1114112K
  class space    used 6952K, committed 7296K, reserved 1048576K
}
Event: 2357.393 GC heap before
{Heap before GC invocations=25 (full 0):
 garbage-first heap   total reserved 2035712K, committed 65536K, used 59486K [0x0000000083c00000, 0x0000000100000000)
  region size 1024K, 34 young (34816K), 1 survivors (1024K)
 Metaspace       used 53036K, committed 53760K, reserved 1114112K
  class space    used 6953K, committed 7296K, reserved 1048576K
}
Event: 2357.569 GC heap after
{Heap after GC invocations=26 (full 0):
 garbage-first heap   total reserved 2035712K, committed 65536K, used 25685K [0x0000000083c00000, 0x0000000100000000)
  region size 1024K, 1 young (1024K), 1 survivors (1024K)
 Metaspace       used 53036K, committed 53760K, reserved 1114112K
  class space    used 6953K, committed 7296K, reserved 1048576K
}

Dll operation events (15 events):
Event: 0.009 Loaded shared library C:\Users\HP\.jdks\openjdk-22.0.2\bin\java.dll
Event: 0.039 Loaded shared library C:\Users\HP\.jdks\openjdk-22.0.2\bin\jsvml.dll
Event: 0.093 Loaded shared library C:\Users\HP\.jdks\openjdk-22.0.2\bin\zip.dll
Event: 0.096 Loaded shared library C:\Users\HP\.jdks\openjdk-22.0.2\bin\instrument.dll
Event: 0.099 Loaded shared library C:\Users\HP\.jdks\openjdk-22.0.2\bin\net.dll
Event: 0.100 Loaded shared library C:\Users\HP\.jdks\openjdk-22.0.2\bin\nio.dll
Event: 0.101 Loaded shared library C:\Users\HP\.jdks\openjdk-22.0.2\bin\zip.dll
Event: 0.164 Loaded shared library D:\IntelliJ IDEA Community Edition 2024.1.4\bin\breakgen64.dll
Event: 0.173 Loaded shared library C:\Users\HP\.jdks\openjdk-22.0.2\bin\extnet.dll
Event: 0.203 Loaded shared library C:\Users\HP\.jdks\openjdk-22.0.2\bin\jimage.dll
Event: 0.456 Loaded shared library C:\Users\HP\.jdks\openjdk-22.0.2\bin\management.dll
Event: 0.458 Loaded shared library C:\Users\HP\.jdks\openjdk-22.0.2\bin\management_ext.dll
Event: 0.906 Loaded shared library C:\Users\HP\.jdks\openjdk-22.0.2\bin\le.dll
Event: 1.207 Loaded shared library C:\Users\HP\.jdks\openjdk-22.0.2\bin\sunmscapi.dll
Event: 16.594 Loaded shared library C:\Users\HP\.jdks\openjdk-22.0.2\bin\verify.dll

Deoptimization events (20 events):
Event: 376.884 Thread 0x00000205e06b3ac0 Uncommon trap: trap_request=0xffffff45 fr.pc=0x000002058feb3e80 relative=0x0000000000000320
Event: 376.884 Thread 0x00000205e06b3ac0 Uncommon trap: reason=unstable_if action=reinterpret pc=0x000002058feb3e80 method=java.util.HashMap.getNode(Ljava/lang/Object;)Ljava/util/HashMap$Node; @ 66 c2
Event: 376.884 Thread 0x00000205e06b3ac0 DEOPT PACKING pc=0x000002058feb3e80 sp=0x000000d65f2fa750
Event: 376.884 Thread 0x00000205e06b3ac0 DEOPT UNPACKING pc=0x000002058f807da2 sp=0x000000d65f2fa670 mode 2
Event: 376.884 Thread 0x00000205e06b3ac0 Uncommon trap: trap_request=0xffffff45 fr.pc=0x000002058fea1ffc relative=0x00000000000001bc
Event: 376.884 Thread 0x00000205e06b3ac0 Uncommon trap: reason=unstable_if action=reinterpret pc=0x000002058fea1ffc method=java.util.HashMap.getNode(Ljava/lang/Object;)Ljava/util/HashMap$Node; @ 66 c2
Event: 376.884 Thread 0x00000205e06b3ac0 DEOPT PACKING pc=0x000002058fea1ffc sp=0x000000d65f2fa6f0
Event: 376.884 Thread 0x00000205e06b3ac0 DEOPT UNPACKING pc=0x000002058f807da2 sp=0x000000d65f2fa670 mode 2
Event: 376.896 Thread 0x00000205e06b3ac0 Uncommon trap: trap_request=0xffffff45 fr.pc=0x000002058feb2da4 relative=0x0000000000000164
Event: 376.896 Thread 0x00000205e06b3ac0 Uncommon trap: reason=unstable_if action=reinterpret pc=0x000002058feb2da4 method=java.lang.StringLatin1.getChars(II[B)I @ 4 c2
Event: 376.896 Thread 0x00000205e06b3ac0 DEOPT PACKING pc=0x000002058feb2da4 sp=0x000000d65f2fa140
Event: 376.896 Thread 0x00000205e06b3ac0 DEOPT UNPACKING pc=0x000002058f807da2 sp=0x000000d65f2fa0e8 mode 2
Event: 1566.920 Thread 0x0000020597dc12b0 Uncommon trap: trap_request=0xffffff45 fr.pc=0x000002058fd7086c relative=0x00000000000000cc
Event: 1566.921 Thread 0x0000020597dc12b0 Uncommon trap: reason=unstable_if action=reinterpret pc=0x000002058fd7086c method=java.util.concurrent.ScheduledThreadPoolExecutor$ScheduledFutureTask.compareTo(Ljava/util/concurrent/Delayed;)I @ 40 c2
Event: 1566.921 Thread 0x0000020597dc12b0 DEOPT PACKING pc=0x000002058fd7086c sp=0x000000d65e0ff280
Event: 1566.922 Thread 0x0000020597dc12b0 DEOPT UNPACKING pc=0x000002058f807da2 sp=0x000000d65e0ff208 mode 2
Event: 2357.988 Thread 0x0000020597dc6170 Uncommon trap: trap_request=0xffffff45 fr.pc=0x000002058ff41c18 relative=0x0000000000000a18
Event: 2358.411 Thread 0x0000020597dc6170 Uncommon trap: reason=unstable_if action=reinterpret pc=0x000002058ff41c18 method=java.util.concurrent.locks.AbstractQueuedSynchronizer.acquire(Ljava/util/concurrent/locks/AbstractQueuedSynchronizer$Node;IZZZJ)I @ 49 c2
Event: 2358.981 Thread 0x0000020597dc6170 DEOPT PACKING pc=0x000002058ff41c18 sp=0x000000d65e9fee80
Event: 2359.869 Thread 0x0000020597dc6170 DEOPT UNPACKING pc=0x000002058f807da2 sp=0x000000d65e9fee30 mode 2

Classes loaded (20 events):
Event: 371.067 Loading class java/util/stream/ReferencePipeline$4
Event: 371.067 Loading class java/util/stream/ReferencePipeline$4 done
Event: 371.067 Loading class java/util/function/IntBinaryOperator
Event: 371.068 Loading class java/util/function/IntBinaryOperator done
Event: 371.068 Loading class java/util/stream/ReduceOps$7
Event: 371.068 Loading class java/util/stream/ReduceOps$7 done
Event: 371.068 Loading class java/util/stream/ReduceOps$6ReducingSink
Event: 371.068 Loading class java/util/stream/ReduceOps$6ReducingSink done
Event: 371.068 Loading class java/util/stream/ReferencePipeline$4$1
Event: 371.068 Loading class java/util/stream/ReferencePipeline$4$1 done
Event: 376.792 Loading class java/io/SequenceInputStream
Event: 376.793 Loading class java/io/SequenceInputStream done
Event: 376.805 Loading class java/nio/StringCharBuffer
Event: 376.805 Loading class java/nio/StringCharBuffer done
Event: 376.826 Loading class java/security/interfaces/EdECKey
Event: 376.827 Loading class java/security/interfaces/EdECKey done
Event: 376.839 Loading class java/security/CodeSigner
Event: 376.840 Loading class java/security/CodeSigner done
Event: 376.907 Loading class javax/crypto/SecretKeyFactory
Event: 376.907 Loading class javax/crypto/SecretKeyFactory done

Classes unloaded (20 events):
Event: 2360.935 Thread 0x00000205ff6f9670 Unloading class 0x000002059903c400 'java/lang/invoke/LambdaForm$MH+0x000002059903c400'
Event: 2360.936 Thread 0x00000205ff6f9670 Unloading class 0x000002059901b800 'java/lang/invoke/LambdaForm$MH+0x000002059901b800'
Event: 2360.936 Thread 0x00000205ff6f9670 Unloading class 0x000002059901b000 'java/lang/invoke/LambdaForm$MH+0x000002059901b000'
Event: 2360.936 Thread 0x00000205ff6f9670 Unloading class 0x000002059901a800 'java/lang/invoke/LambdaForm$MH+0x000002059901a800'
Event: 2360.936 Thread 0x00000205ff6f9670 Unloading class 0x000002059901a400 'java/lang/invoke/LambdaForm$MH+0x000002059901a400'
Event: 2360.936 Thread 0x00000205ff6f9670 Unloading class 0x0000020599019400 'java/lang/invoke/LambdaForm$MH+0x0000020599019400'
Event: 2360.936 Thread 0x00000205ff6f9670 Unloading class 0x0000020599018800 'java/lang/invoke/LambdaForm$MH+0x0000020599018800'
Event: 2360.936 Thread 0x00000205ff6f9670 Unloading class 0x0000020599018400 'java/lang/invoke/LambdaForm$MH+0x0000020599018400'
Event: 2360.936 Thread 0x00000205ff6f9670 Unloading class 0x0000020599017c00 'java/lang/invoke/LambdaForm$MH+0x0000020599017c00'
Event: 2360.936 Thread 0x00000205ff6f9670 Unloading class 0x0000020599017800 'java/lang/invoke/LambdaForm$MH+0x0000020599017800'
Event: 2360.936 Thread 0x00000205ff6f9670 Unloading class 0x0000020599017400 'java/lang/invoke/LambdaForm$MH+0x0000020599017400'
Event: 2360.936 Thread 0x00000205ff6f9670 Unloading class 0x0000020599016400 'java/lang/invoke/LambdaForm$MH+0x0000020599016400'
Event: 2360.936 Thread 0x00000205ff6f9670 Unloading class 0x0000020599015400 'java/lang/invoke/LambdaForm$MH+0x0000020599015400'
Event: 2360.937 Thread 0x00000205ff6f9670 Unloading class 0x0000020599014c00 'java/lang/invoke/LambdaForm$MH+0x0000020599014c00'
Event: 2360.937 Thread 0x00000205ff6f9670 Unloading class 0x0000020599014400 'java/lang/invoke/LambdaForm$MH+0x0000020599014400'
Event: 2360.937 Thread 0x00000205ff6f9670 Unloading class 0x0000020599014000 'java/lang/invoke/LambdaForm$MH+0x0000020599014000'
Event: 2360.937 Thread 0x00000205ff6f9670 Unloading class 0x0000020599002400 'java/lang/invoke/LambdaForm$MH+0x0000020599002400'
Event: 2360.937 Thread 0x00000205ff6f9670 Unloading class 0x0000020599002000 'java/lang/invoke/LambdaForm$MH+0x0000020599002000'
Event: 2360.937 Thread 0x00000205ff6f9670 Unloading class 0x0000020599001c00 'java/lang/invoke/LambdaForm$MH+0x0000020599001c00'
Event: 2360.937 Thread 0x00000205ff6f9670 Unloading class 0x0000020599001400 'java/lang/invoke/LambdaForm$MH+0x0000020599001400'

Classes redefined (0 events):
No events

Internal exceptions (20 events):
Event: 15.914 Thread 0x00000205e06b5b90 Exception <a 'java/lang/NoSuchMethodError'{0x0000000086442710}: 'java.lang.Object java.lang.invoke.DirectMethodHandle$Holder.invokeInterface(java.lang.Object, java.lang.Object, int)'> (0x0000000086442710) 
thrown [s\open\src\hotspot\share\interpreter\linkResolver.cpp, line 774]
Event: 16.597 Thread 0x00000205e06b5b90 Exception <a 'java/lang/NoSuchMethodError'{0x00000000861cef18}: 'void java.lang.invoke.Invokers$Holder.invoke_MT(java.lang.Object, java.lang.Object, java.lang.Object, java.lang.Object)'> (0x00000000861cef18) 
thrown [s\open\src\hotspot\share\interpreter\linkResolver.cpp, line 774]
Event: 16.599 Thread 0x00000205e06b5b90 Implicit null exception at 0x000002058fedf8e8 to 0x000002058fedfb38
Event: 16.599 Thread 0x00000205e06b5b90 Exception <a 'java/lang/NoSuchMethodError'{0x00000000861e0d58}: 'long java.lang.invoke.DirectMethodHandle$Holder.invokeStatic(java.lang.Object, java.lang.Object, int)'> (0x00000000861e0d58) 
thrown [s\open\src\hotspot\share\interpreter\linkResolver.cpp, line 774]
Event: 16.599 Thread 0x00000205e06b5b90 Exception <a 'java/lang/NoSuchMethodError'{0x00000000861eb5f0}: 'void java.lang.invoke.DelegatingMethodHandle$Holder.reinvoke_L(java.lang.Object, java.lang.Object, long)'> (0x00000000861eb5f0) 
thrown [s\open\src\hotspot\share\interpreter\linkResolver.cpp, line 774]
Event: 16.610 Thread 0x00000205e06b5b90 Exception <a 'java/lang/NoSuchMethodError'{0x0000000086069588}: 'long java.lang.invoke.DelegatingMethodHandle$Holder.reinvoke_L(java.lang.Object, java.lang.Object)'> (0x0000000086069588) 
thrown [s\open\src\hotspot\share\interpreter\linkResolver.cpp, line 774]
Event: 16.751 Thread 0x00000205e06b5b90 Exception <a 'java/io/FileNotFoundException'{0x0000000085ff2d90}> (0x0000000085ff2d90) 
thrown [s\open\src\hotspot\share\prims\jni.cpp, line 520]
Event: 16.760 Thread 0x00000205e06b5b90 Exception <a 'java/lang/NullPointerException'{0x0000000085e81978}> (0x0000000085e81978) 
thrown [s\open\src\hotspot\share\interpreter\linkResolver.cpp, line 1374]
Event: 16.760 Thread 0x00000205e06b5b90 Exception <a 'java/lang/NullPointerException'{0x0000000085e82498}> (0x0000000085e82498) 
thrown [s\open\src\hotspot\share\interpreter\linkResolver.cpp, line 1374]
Event: 16.760 Thread 0x00000205e06b5b90 Exception <a 'java/lang/NullPointerException'{0x0000000085e82fb8}> (0x0000000085e82fb8) 
thrown [s\open\src\hotspot\share\interpreter\linkResolver.cpp, line 1374]
Event: 16.765 Thread 0x00000205e06b5b90 Exception <a 'java/lang/NullPointerException'{0x0000000085eaa108}> (0x0000000085eaa108) 
thrown [s\open\src\hotspot\share\interpreter\linkResolver.cpp, line 1374]
Event: 16.765 Thread 0x00000205e06b5b90 Exception <a 'java/lang/NullPointerException'{0x0000000085eaac28}> (0x0000000085eaac28) 
thrown [s\open\src\hotspot\share\interpreter\linkResolver.cpp, line 1374]
Event: 16.765 Thread 0x00000205e06b5b90 Exception <a 'java/lang/NullPointerException'{0x0000000085eab748}> (0x0000000085eab748) 
thrown [s\open\src\hotspot\share\interpreter\linkResolver.cpp, line 1374]
Event: 16.766 Thread 0x00000205e06b5b90 Exception <a 'java/io/FileNotFoundException'{0x0000000085ebe3b0}> (0x0000000085ebe3b0) 
thrown [s\open\src\hotspot\share\prims\jni.cpp, line 520]
Event: 18.187 Thread 0x00000205e06b5b90 Implicit null exception at 0x0000020588c50280 to 0x0000020588c50650
Event: 18.187 Thread 0x00000205e06b5b90 Exception <a 'java/lang/NullPointerException'{0x0000000085c160e8}> (0x0000000085c160e8) 
thrown [s\open\src\hotspot\share\runtime\sharedRuntime.cpp, line 628]
Event: 19.423 Thread 0x00000205e06b5b90 Exception <a 'java/io/FileNotFoundException'{0x000000008b917a08}> (0x000000008b917a08) 
thrown [s\open\src\hotspot\share\prims\jni.cpp, line 520]
Event: 19.425 Thread 0x00000205e06b5b90 Exception <a 'java/io/FileNotFoundException'{0x000000008b921ec0}> (0x000000008b921ec0) 
thrown [s\open\src\hotspot\share\prims\jni.cpp, line 520]
Event: 63.847 Thread 0x0000020597dc1940 Exception <a 'java/lang/NoSuchMethodError'{0x00000000887ad560}: 'java.lang.Object java.lang.invoke.DirectMethodHandle$Holder.newInvokeSpecial(java.lang.Object, java.lang.Object, long)'> (0x00000000887ad560) 
thrown [s\open\src\hotspot\share\interpreter\linkResolver.cpp, line 774]
Event: 63.848 Thread 0x0000020597dc1940 Exception <a 'java/lang/NoSuchMethodError'{0x00000000887b09a8}: 'java.lang.Object java.lang.invoke.Invokers$Holder.linkToTargetMethod(java.lang.Object, long, java.lang.Object)'> (0x00000000887b09a8) 
thrown [s\open\src\hotspot\share\interpreter\linkResolver.cpp, line 774]

ZGC Phase Switch (0 events):
No events

VM Operations (20 events):
Event: 2282.676 Executing VM operation: Cleanup
Event: 2282.677 Executing VM operation: Cleanup done
Event: 2357.393 Executing VM operation: G1CollectForAllocation (G1 Evacuation Pause)
Event: 2357.763 Executing VM operation: G1CollectForAllocation (G1 Evacuation Pause) done
Event: 2360.887 Executing VM operation: G1PauseRemark
Event: 2361.129 Executing VM operation: G1PauseRemark done
Event: 2361.153 Executing VM operation: G1PauseCleanup
Event: 2361.154 Executing VM operation: G1PauseCleanup done
Event: 2409.492 Executing VM operation: Cleanup
Event: 2409.492 Executing VM operation: Cleanup done
Event: 2496.053 Executing VM operation: Cleanup
Event: 2496.053 Executing VM operation: Cleanup done
Event: 2525.300 Executing VM operation: Cleanup
Event: 2525.300 Executing VM operation: Cleanup done
Event: 2617.006 Executing VM operation: Cleanup
Event: 2617.006 Executing VM operation: Cleanup done
Event: 2628.071 Executing VM operation: Cleanup
Event: 2628.071 Executing VM operation: Cleanup done
Event: 2637.141 Executing VM operation: Cleanup
Event: 2637.141 Executing VM operation: Cleanup done

Memory protections (0 events):
No events

Nmethod flushes (20 events):
Event: 2361.122 Thread 0x00000205ff6f9670 flushing  nmethod 0x0000020588c93290
Event: 2361.122 Thread 0x00000205ff6f9670 flushing  nmethod 0x0000020588c97d90
Event: 2361.122 Thread 0x00000205ff6f9670 flushing  nmethod 0x0000020588c99b10
Event: 2361.122 Thread 0x00000205ff6f9670 flushing  nmethod 0x0000020588c9bf90
Event: 2361.122 Thread 0x00000205ff6f9670 flushing  nmethod 0x0000020588c9c510
Event: 2361.122 Thread 0x00000205ff6f9670 flushing  nmethod 0x0000020588c9d010
Event: 2361.122 Thread 0x00000205ff6f9670 flushing  nmethod 0x0000020588c9d910
Event: 2361.122 Thread 0x00000205ff6f9670 flushing  nmethod 0x0000020588d12a90
Event: 2361.122 Thread 0x00000205ff6f9670 flushing  nmethod 0x0000020588d12e10
Event: 2361.122 Thread 0x00000205ff6f9670 flushing  nmethod 0x0000020588d15690
Event: 2361.123 Thread 0x00000205ff6f9670 flushing  nmethod 0x0000020588d1b490
Event: 2361.123 Thread 0x00000205ff6f9670 flushing  nmethod 0x0000020588d1c790
Event: 2361.123 Thread 0x00000205ff6f9670 flushing  nmethod 0x0000020588d1cb90
Event: 2361.123 Thread 0x00000205ff6f9670 flushing  nmethod 0x0000020588d1fc90
Event: 2361.123 Thread 0x00000205ff6f9670 flushing  nmethod 0x0000020588d20c10
Event: 2361.123 Thread 0x00000205ff6f9670 flushing  nmethod 0x0000020588d21190
Event: 2361.123 Thread 0x00000205ff6f9670 flushing  nmethod 0x0000020588d21510
Event: 2361.123 Thread 0x00000205ff6f9670 flushing  nmethod 0x0000020588d22610
Event: 2361.123 Thread 0x00000205ff6f9670 flushing  nmethod 0x0000020588d22a90
Event: 2361.123 Thread 0x00000205ff6f9670 flushing  nmethod 0x0000020588d24310

Events (20 events):
Event: 5.899 Thread 0x0000020597dc0590 Thread added: 0x00000205e06b68b0
Event: 5.899 Thread 0x0000020597dc0590 Thread added: 0x00000205e06b6f40
Event: 5.899 Thread 0x0000020597dc0590 Thread added: 0x00000205e06b75d0
Event: 5.899 Thread 0x0000020597dc0590 Thread added: 0x00000205e06b7c60
Event: 5.899 Thread 0x0000020597dc0590 Thread added: 0x00000205e06b4e70
Event: 5.904 Thread 0x0000020597dc0590 Thread added: 0x00000205e06b82f0
Event: 5.906 Thread 0x0000020597dc0590 Thread added: 0x00000205e06b8980
Event: 5.928 Thread 0x0000020597dc0590 Thread exited: 0x0000020597dc0590
Event: 5.930 Thread 0x0000020597dc1fd0 Thread exited: 0x0000020597dc1fd0
Event: 5.930 Thread 0x00000205f82cae20 Thread exited: 0x00000205f82cae20
Event: 5.930 Thread 0x00000205e06b19f0 Thread added: 0x00000205e06b19f0
Event: 6.480 Thread 0x0000020597647100 Thread exited: 0x0000020597647100
Event: 6.480 Thread 0x0000020597646a40 Thread exited: 0x0000020597646a40
Event: 15.840 Thread 0x00000205ff729d50 Thread added: 0x00000205dd9184f0
Event: 16.351 Thread 0x00000205dd9184f0 Thread added: 0x00000205dd919290
Event: 16.567 Thread 0x00000205dd919290 Thread exited: 0x00000205dd919290
Event: 16.567 Thread 0x00000205dd9184f0 Thread exited: 0x00000205dd9184f0
Event: 18.202 Thread 0x00000205ff729d50 Thread added: 0x00000205dd917750
Event: 18.500 Thread 0x00000205dd917750 Thread exited: 0x00000205dd917750
Event: 64.028 Thread 0x0000020597dc4730 Thread exited: 0x0000020597dc4730


Dynamic libraries:
0x00007ff7219f0000 - 0x00007ff7219fe000 	C:\Users\HP\.jdks\openjdk-22.0.2\bin\java.exe
0x00007ff835b90000 - 0x00007ff835da7000 	C:\WINDOWS\SYSTEM32\ntdll.dll
0x00007ff8353c0000 - 0x00007ff835484000 	C:\WINDOWS\System32\KERNEL32.DLL
0x00007ff8331f0000 - 0x00007ff83359d000 	C:\WINDOWS\System32\KERNELBASE.dll
0x00007ff833660000 - 0x00007ff833771000 	C:\WINDOWS\System32\ucrtbase.dll
0x00007ff82e3a0000 - 0x00007ff82e3bb000 	C:\Users\HP\.jdks\openjdk-22.0.2\bin\VCRUNTIME140.dll
0x00007ff829a20000 - 0x00007ff829a37000 	C:\Users\HP\.jdks\openjdk-22.0.2\bin\jli.dll
0x00007ff8343f0000 - 0x00007ff83459e000 	C:\WINDOWS\System32\USER32.dll
0x00007ff817c60000 - 0x00007ff817ef3000 	C:\WINDOWS\WinSxS\amd64_microsoft.windows.common-controls_6595b64144ccf1df_6.0.22621.3672_none_2713b9d173822955\COMCTL32.dll
0x00007ff8338a0000 - 0x00007ff8338c6000 	C:\WINDOWS\System32\win32u.dll
0x00007ff833bb0000 - 0x00007ff833c57000 	C:\WINDOWS\System32\msvcrt.dll
0x00007ff835820000 - 0x00007ff835849000 	C:\WINDOWS\System32\GDI32.dll
0x00007ff833780000 - 0x00007ff833899000 	C:\WINDOWS\System32\gdi32full.dll
0x00007ff8330d0000 - 0x00007ff83316a000 	C:\WINDOWS\System32\msvcp_win.dll
0x00007ff8343b0000 - 0x00007ff8343e1000 	C:\WINDOWS\System32\IMM32.DLL
0x00007ff82f110000 - 0x00007ff82f11c000 	C:\Users\HP\.jdks\openjdk-22.0.2\bin\vcruntime140_1.dll
0x00007ff806930000 - 0x00007ff8069be000 	C:\Users\HP\.jdks\openjdk-22.0.2\bin\msvcp140.dll
0x00007fffcfa20000 - 0x00007fffd0769000 	C:\Users\HP\.jdks\openjdk-22.0.2\bin\server\jvm.dll
0x00007ff833ae0000 - 0x00007ff833b92000 	C:\WINDOWS\System32\ADVAPI32.dll
0x00007ff8345a0000 - 0x00007ff834649000 	C:\WINDOWS\System32\sechost.dll
0x00007ff832ec0000 - 0x00007ff832ee8000 	C:\WINDOWS\System32\bcrypt.dll
0x00007ff8356a0000 - 0x00007ff8357b4000 	C:\WINDOWS\System32\RPCRT4.dll
0x00007ff835340000 - 0x00007ff8353b1000 	C:\WINDOWS\System32\WS2_32.dll
0x00007ff832d80000 - 0x00007ff832dcd000 	C:\WINDOWS\SYSTEM32\POWRPROF.dll
0x00007ff82e200000 - 0x00007ff82e234000 	C:\WINDOWS\SYSTEM32\WINMM.dll
0x00007ff82e1f0000 - 0x00007ff82e1fa000 	C:\WINDOWS\SYSTEM32\VERSION.dll
0x00007ff832d60000 - 0x00007ff832d73000 	C:\WINDOWS\SYSTEM32\UMPDC.dll
0x00007ff831eb0000 - 0x00007ff831ec8000 	C:\WINDOWS\SYSTEM32\kernel.appcore.dll
0x00007ff82e430000 - 0x00007ff82e43a000 	C:\Users\HP\.jdks\openjdk-22.0.2\bin\jimage.dll
0x00007ff8306d0000 - 0x00007ff830902000 	C:\WINDOWS\SYSTEM32\DBGHELP.DLL
0x00007ff834660000 - 0x00007ff8349e8000 	C:\WINDOWS\System32\combase.dll
0x00007ff833dc0000 - 0x00007ff833e97000 	C:\WINDOWS\System32\OLEAUT32.dll
0x00007ff80ef40000 - 0x00007ff80ef72000 	C:\WINDOWS\SYSTEM32\dbgcore.DLL
0x00007ff833170000 - 0x00007ff8331eb000 	C:\WINDOWS\System32\bcryptPrimitives.dll
0x00007ff82e390000 - 0x00007ff82e39f000 	C:\Users\HP\.jdks\openjdk-22.0.2\bin\instrument.dll
0x00007ff829980000 - 0x00007ff82999e000 	C:\Users\HP\.jdks\openjdk-22.0.2\bin\java.dll
0x00007ff834a80000 - 0x00007ff8352df000 	C:\WINDOWS\System32\SHELL32.dll
0x00007ff8354f0000 - 0x00007ff835695000 	C:\WINDOWS\System32\ole32.dll
0x00007ff830dc0000 - 0x00007ff8316bc000 	C:\WINDOWS\SYSTEM32\windows.storage.dll
0x00007ff830c80000 - 0x00007ff830dbf000 	C:\WINDOWS\SYSTEM32\wintypes.dll
0x00007ff8339e0000 - 0x00007ff833ad4000 	C:\WINDOWS\System32\SHCORE.dll
0x00007ff8352e0000 - 0x00007ff83533e000 	C:\WINDOWS\System32\shlwapi.dll
0x00007ff832df0000 - 0x00007ff832e11000 	C:\WINDOWS\SYSTEM32\profapi.dll
0x00007ff806780000 - 0x00007ff806857000 	C:\Users\HP\.jdks\openjdk-22.0.2\bin\jsvml.dll
0x00007ff825dd0000 - 0x00007ff825de7000 	C:\Users\HP\.jdks\openjdk-22.0.2\bin\zip.dll
0x00007ff82e250000 - 0x00007ff82e260000 	C:\Users\HP\.jdks\openjdk-22.0.2\bin\net.dll
0x00007ff832320000 - 0x00007ff832389000 	C:\WINDOWS\system32\mswsock.dll
0x00007ff829810000 - 0x00007ff829826000 	C:\Users\HP\.jdks\openjdk-22.0.2\bin\nio.dll
0x00007ff825930000 - 0x00007ff82594a000 	D:\IntelliJ IDEA Community Edition 2024.1.4\bin\breakgen64.dll
0x00007ff82dcb0000 - 0x00007ff82dcb9000 	C:\Users\HP\.jdks\openjdk-22.0.2\bin\extnet.dll
0x00007ff829a10000 - 0x00007ff829a1a000 	C:\Users\HP\.jdks\openjdk-22.0.2\bin\management.dll
0x00007ff829970000 - 0x00007ff82997b000 	C:\Users\HP\.jdks\openjdk-22.0.2\bin\management_ext.dll
0x00007ff8338d0000 - 0x00007ff8338d8000 	C:\WINDOWS\System32\PSAPI.DLL
0x00007ff829800000 - 0x00007ff82980b000 	C:\Users\HP\.jdks\openjdk-22.0.2\bin\le.dll
0x00007ff829900000 - 0x00007ff82990e000 	C:\Users\HP\.jdks\openjdk-22.0.2\bin\sunmscapi.dll
0x00007ff832f60000 - 0x00007ff8330c7000 	C:\WINDOWS\System32\CRYPT32.dll
0x00007ff832760000 - 0x00007ff83278e000 	C:\WINDOWS\SYSTEM32\ncrypt.dll
0x00007ff832720000 - 0x00007ff832757000 	C:\WINDOWS\SYSTEM32\NTASN1.dll
0x00007ff8325a0000 - 0x00007ff8325bb000 	C:\WINDOWS\SYSTEM32\CRYPTSP.dll
0x00007ff831e10000 - 0x00007ff831e45000 	C:\WINDOWS\system32\rsaenh.dll
0x00007ff832440000 - 0x00007ff832468000 	C:\WINDOWS\SYSTEM32\USERENV.dll
0x00007ff8325c0000 - 0x00007ff8325cc000 	C:\WINDOWS\SYSTEM32\CRYPTBASE.dll
0x00007ff831920000 - 0x00007ff83194d000 	C:\WINDOWS\SYSTEM32\IPHLPAPI.DLL
0x00007ff834650000 - 0x00007ff834659000 	C:\WINDOWS\System32\NSI.dll
0x00007ff82f260000 - 0x00007ff82f279000 	C:\WINDOWS\SYSTEM32\dhcpcsvc6.DLL
0x00007ff82eea0000 - 0x00007ff82eebf000 	C:\WINDOWS\SYSTEM32\dhcpcsvc.DLL
0x00007ff831990000 - 0x00007ff831a88000 	C:\WINDOWS\SYSTEM32\DNSAPI.dll
0x00007ff80a090000 - 0x00007ff80a098000 	C:\WINDOWS\system32\wshunix.dll
0x00007ff829ab0000 - 0x00007ff829aba000 	C:\Windows\System32\rasadhlp.dll
0x00007ff82e040000 - 0x00007ff82e0c3000 	C:\WINDOWS\System32\fwpuclnt.dll
0x00007ff8251c0000 - 0x00007ff8251d0000 	C:\Users\HP\.jdks\openjdk-22.0.2\bin\verify.dll
0x00007fffd1430000 - 0x00007fffd1447000 	C:\WINDOWS\system32\napinsp.dll
0x00007fffd1410000 - 0x00007fffd142b000 	C:\WINDOWS\system32\pnrpnsp.dll
0x00007fffd13f0000 - 0x00007fffd1401000 	C:\WINDOWS\System32\winrnr.dll
0x00007ffffc670000 - 0x00007ffffc685000 	C:\WINDOWS\system32\wshbth.dll
0x00007fffd5ab0000 - 0x00007fffd5ad7000 	C:\WINDOWS\system32\nlansp_c.dll

dbghelp: loaded successfully - version: 4.0.5 - missing functions: none
symbol engine: initialized successfully - sym options: 0x614 - pdb path: .;C:\Users\HP\.jdks\openjdk-22.0.2\bin;C:\WINDOWS\SYSTEM32;C:\WINDOWS\WinSxS\amd64_microsoft.windows.common-controls_6595b64144ccf1df_6.0.22621.3672_none_2713b9d173822955;C:\Users\HP\.jdks\openjdk-22.0.2\bin\server;D:\IntelliJ IDEA Community Edition 2024.1.4\bin

VM Arguments:
jvm_args: -javaagent:D:\IntelliJ IDEA Community Edition 2024.1.4\lib\idea_rt.jar=51022:D:\IntelliJ IDEA Community Edition 2024.1.4\bin -Dfile.encoding=UTF-8 -Dsun.stdout.encoding=UTF-8 -Dsun.stderr.encoding=UTF-8 
java_command: com.abcRestaurant.abcRestaurant.AbcRestaurantApplication
java_class_path (initial): C:\Users\HP\Desktop\BSc 1st Sem\Advanced Programming\abcRestaurant\target\classes;C:\Users\HP\.m2\repository\org\springframework\boot\spring-boot-starter-data-mongodb\3.3.2\spring-boot-starter-data-mongodb-3.3.2.jar;C:\Users\HP\.m2\repository\org\springframework\boot\spring-boot-starter\3.3.2\spring-boot-starter-3.3.2.jar;C:\Users\HP\.m2\repository\org\springframework\boot\spring-boot-starter-logging\3.3.2\spring-boot-starter-logging-3.3.2.jar;C:\Users\HP\.m2\repository\ch\qos\logback\logback-classic\1.5.6\logback-classic-1.5.6.jar;C:\Users\HP\.m2\repository\ch\qos\logback\logback-core\1.5.6\logback-core-1.5.6.jar;C:\Users\HP\.m2\repository\org\apache\logging\log4j\log4j-to-slf4j\2.23.1\log4j-to-slf4j-2.23.1.jar;C:\Users\HP\.m2\repository\org\apache\logging\log4j\log4j-api\2.23.1\log4j-api-2.23.1.jar;C:\Users\HP\.m2\repository\org\slf4j\jul-to-slf4j\2.0.13\jul-to-slf4j-2.0.13.jar;C:\Users\HP\.m2\repository\jakarta\annotation\jakarta.annotation-api\2.1.1\jakarta.annotation-api-2.1.1.jar;C:\Users\HP\.m2\repository\org\yaml\snakeyaml\2.2\snakeyaml-2.2.jar;C:\Users\HP\.m2\repository\org\mongodb\mongodb-driver-sync\5.0.1\mongodb-driver-sync-5.0.1.jar;C:\Users\HP\.m2\repository\org\mongodb\bson\5.0.1\bson-5.0.1.jar;C:\Users\HP\.m2\repository\org\mongodb\mongodb-driver-core\5.0.1\mongodb-driver-core-5.0.1.jar;C:\Users\HP\.m2\repository\org\mongodb\bson-record-codec\5.0.1\bson-record-codec-5.0.1.jar;C:\Users\HP\.m2\repository\org\springframework\data\spring-data-mongodb\4.3.2\spring-data-mongodb-4.3.2.jar;C:\Users\HP\.m2\repository\org\springframework\spring-tx\6.1.11\spring-tx-6.1.11.jar;C:\Users\HP\.m2\repository\org\springframework\spring-context\6.1.11\spring-context-6.1.11.jar;C:\Users\HP\.m2\repository\org\springframework\spring-beans\6.1.11\spring-beans-6.1.11.jar;C:\Users\HP\.m2\repository\org\springframework\spring-expression\6.1.11\spring-expression-6.1.11.jar;C:\Users\HP\.m2\repository\org\springframework\data\spring-data-commons\3.3.2\spring-data-commons-3.3.2.jar;C:\Users\HP\.m2\repository\org\slf4j\slf4j-api\2.0.13\slf4j-api-2.0.13.jar;C:\Users\HP\.m2\repository\org\springframework\boot\spring-boot-starter-web\3.3.2\spring-boot-starter-web-3.3.2.jar;C:\Users\HP\.m2\repository\org\springframework\boot\spring-boot-starter-json\3.3.2\spring-boot-starter-json-3.3.2.jar;C:\Users\HP\.m2\repository\com\fasterxml\jackson\core\jackson-databind\2.17.2\jackson-databind-2.17.2.jar;C:\Users\HP\.m2\repository\com\fasterxml\jackson\core\jackson-annotations\2.17.2\jackson-annotations-2.17.2.jar;C:\Users\HP\.m2\repository\com\fasterxml\jackson\core\jackson-core\2.17.2\jackson-core-2.17.2.jar;C:\Users\HP\.m2\repository\com\fasterxml\jackson\datatype\jackson-datatype-jdk8\2.17.2\jackson-datatype-jdk8-2.17.2.jar;C:\Users\HP\.m2\repository\com\fasterxml\jackson\datatype\jackson-datatype-jsr310\2.17.2\jackson-datatype-jsr310-2.17.2.jar;C:\Users\HP\.m2\repository\com\fasterxml\jackson\module\jackson-module-parameter-names\2.17.2\jackson-module-parameter-names-2.17.2.jar;C:\Users\HP\.m2\repository\org\springframework\boot\spring-boot-starter-tomcat\3.3.2\spring-boot-starter-tomcat-3.3.2.jar;C:\Users\HP\.m2\repository\org\apache\tomcat\embed\tomcat-embed-core\10.1.26\tomcat-embed-core-10.1.26.jar;C:\Users\HP\.m2\repository\org\apache\tomcat\embed\tomcat-embed-el\10.1.26\tomcat-embed-el-10.1.26.jar;C:\Users\HP\.m2\repository\org\apache\tomcat\embed\tomcat-embed-websocket\10.1.26\tomcat-embed-websocket-10.1.26.jar;C:\Users\HP\.m2\repository\org\springframework\spring-web\6.1.11\spring-web-6.1.11.jar;C:\Users\HP\.m2\repository\io\micrometer\micrometer-observation\1.13.2\micrometer-observation-1.13.2.jar;C:\Users\HP\.m2\repository\io\micrometer\micrometer-commons\1.13.2\micrometer-commons-1.13.2.jar;C:\Users\HP\.m2\repository\org\springframework\spring-webmvc\6.1.11\spring-webmvc-6.1.11.jar;C:\Users\HP\.m2\repository\org\springframework\boot\spring-boot-devtools\3.3.2\spring-boot-devtools-3.3.2.jar;C:\Users\HP\.m2\repository\org\springframework\boot\spring-boot\3.3.2\spring-boot-3.3.2.jar;C:\Users\HP\.m2\repository\org\springframework\boot\spring-boot-autoconfigure\3.3.2\spring-boot-autoconfigure-3.3.2.jar;C:\Users\HP\.m2\repository\org\projectlombok\lombok\1.18.34\lombok-1.18.34.jar;C:\Users\HP\.m2\repository\jakarta\activation\jakarta.activation-api\2.1.3\jakarta.activation-api-2.1.3.jar;C:\Users\HP\.m2\repository\org\springframework\spring-core\6.1.11\spring-core-6.1.11.jar;C:\Users\HP\.m2\repository\org\springframework\spring-jcl\6.1.11\spring-jcl-6.1.11.jar;C:\Users\HP\.m2\repository\me\paulschwarz\spring-dotenv\2.5.4\spring-dotenv-2.5.4.jar;C:\Users\HP\.m2\repository\io\github\cdimascio\dotenv-java\2.2.3\dotenv-java-2.2.3.jar;C:\Users\HP\.m2\repository\org\springframework\boot\spring-boot-starter-mail\3.3.2\spring-boot-starter-mail-3.3.2.jar;C:\Users\HP\.m2\repository\org\springframework\spring-context-support\6.1.11\spring-context-support-6.1.11.jar;C:\Users\HP\.m2\repository\org\eclipse\angus\jakarta.mail\2.0.3\jakarta.mail-2.0.3.jar;C:\Users\HP\.m2\repository\org\eclipse\angus\angus-activation\2.0.2\angus-activation-2.0.2.jar;C:\Users\HP\.m2\repository\org\springframework\boot\spring-boot-starter-security\3.3.2\spring-boot-starter-security-3.3.2.jar;C:\Users\HP\.m2\repository\org\springframework\spring-aop\6.1.11\spring-aop-6.1.11.jar;C:\Users\HP\.m2\repository\org\springframework\security\spring-security-config\6.3.1\spring-security-config-6.3.1.jar;C:\Users\HP\.m2\repository\org\springframework\security\spring-security-core\6.3.1\spring-security-core-6.3.1.jar;C:\Users\HP\.m2\repository\org\springframework\security\spring-security-crypto\6.3.1\spring-security-crypto-6.3.1.jar;C:\Users\HP\.m2\repository\org\springframework\security\spring-security-web\6.3.1\spring-security-web-6.3.1.jar;C:\Users\HP\.m2\repository\io\jsonwebtoken\jjwt\0.12.6\jjwt-0.12.6.jar;C:\Users\HP\.m2\repository\io\jsonwebtoken\jjwt-api\0.12.6\jjwt-api-0.12.6.jar;C:\Users\HP\.m2\repository\io\jsonwebtoken\jjwt-impl\0.12.6\jjwt-impl-0.12.6.jar;C:\Users\HP\.m2\repository\io\jsonwebtoken\jjwt-jackson\0.12.6\jjwt-jackson-0.12.6.jar
Launcher Type: SUN_STANDARD

[Global flags]
     intx CICompilerCount                          = 4                                         {product} {ergonomic}
     uint ConcGCThreads                            = 2                                         {product} {ergonomic}
     uint G1ConcRefinementThreads                  = 8                                         {product} {ergonomic}
   size_t G1HeapRegionSize                         = 1048576                                   {product} {ergonomic}
   size_t InitialHeapSize                          = 132120576                                 {product} {ergonomic}
   size_t MarkStackSize                            = 4194304                                   {product} {ergonomic}
   size_t MaxHeapSize                              = 2084569088                                {product} {ergonomic}
   size_t MaxNewSize                               = 1249902592                                {product} {ergonomic}
   size_t MinHeapDeltaBytes                        = 1048576                                   {product} {ergonomic}
   size_t MinHeapSize                              = 8388608                                   {product} {ergonomic}
    uintx NonNMethodCodeHeapSize                   = 5839372                                {pd product} {ergonomic}
    uintx NonProfiledCodeHeapSize                  = 122909434                              {pd product} {ergonomic}
    uintx ProfiledCodeHeapSize                     = 122909434                              {pd product} {ergonomic}
    uintx ReservedCodeCacheSize                    = 251658240                              {pd product} {ergonomic}
     bool SegmentedCodeCache                       = true                                      {product} {ergonomic}
   size_t SoftMaxHeapSize                          = 2084569088                             {manageable} {ergonomic}
     bool UseCompressedOops                        = true                           {product lp64_product} {ergonomic}
     bool UseG1GC                                  = true                                      {product} {ergonomic}
     bool UseLargePagesIndividualAllocation        = false                                  {pd product} {ergonomic}

Logging:
Log output configuration:
 #0: stdout all=warning uptime,level,tags foldmultilines=false
 #1: stderr all=off uptime,level,tags foldmultilines=false

Environment Variables:
PATH=C:\Program Files\Common Files\Oracle\Java\javapath;C:\WINDOWS\system32;C:\WINDOWS;C:\WINDOWS\System32\Wbem;C:\WINDOWS\System32\WindowsPowerShell\v1.0\;C:\WINDOWS\System32\OpenSSH\;C:\ProgramData\chocolatey\bin;C:\Program Files\dotnet\;D:\Git\cmd;C:\Program Files\Microsoft SQL Server\150\Tools\Binn\;C:\Program Files\Microsoft SQL Server\130\Tools\Binn\;C:\Program Files\Microsoft SQL Server\Client SDK\ODBC\170\Tools\Binn\;C:\Program Files (x86)\Microsoft SQL Server\160\Tools\Binn\;C:\Program Files\Microsoft SQL Server\160\Tools\Binn\;C:\Program Files\Microsoft SQL Server\160\DTS\Binn\;C:\Program Files (x86)\Microsoft SQL Server\160\DTS\Binn\;C:\Program Files\Azure Data Studio\bin;C:\Program Files\nodejs\;C:\Users\HP\AppData\Local\Programs\Python\Python312\Scripts\;C:\Users\HP\AppData\Local\Programs\Python\Python312\;C:\Users\HP\AppData\Local\Programs\Python\Launcher\;C:\Users\HP\AppData\Local\Microsoft\WindowsApps;D:\Microsoft VS Code\bin;C:\Users\HP\AppData\Local\GitHubDesktop\bin;C:\Program Files\Azure Data Studio\bin;C:\Users\HP\AppData\Roaming\npm;D:\IntelliJ IDEA Community Edition 2024.1.4\bin;
USERNAME=HP
OS=Windows_NT
PROCESSOR_IDENTIFIER=Intel64 Family 6 Model 140 Stepping 1, GenuineIntel
TMP=C:\Users\HP\AppData\Local\Temp
TEMP=C:\Users\HP\AppData\Local\Temp




Periodic native trim disabled

---------------  S Y S T E M  ---------------

OS:
 Windows 11 , 64 bit Build 22621 (10.0.22621.3672)
OS uptime: 0 days 23:51 hours
Hyper-V role detected

CPU: total 8 (initial active 8) (4 cores per cpu, 2 threads per core) family 6 model 140 stepping 1 microcode 0xac, cx8, cmov, fxsr, ht, mmx, 3dnowpref, sse, sse2, sse3, ssse3, sse4.1, sse4.2, popcnt, lzcnt, tsc, tscinvbit, avx, avx2, aes, erms, clmul, bmi1, bmi2, adx, avx512f, avx512dq, avx512cd, avx512bw, avx512vl, sha, fma, vzeroupper, avx512_vpopcntdq, avx512_vpclmulqdq, avx512_vaes, avx512_vnni, clflush, clflushopt, clwb, avx512_vbmi2, avx512_vbmi, hv, rdtscp, rdpid, fsrm, gfni, avx512_bitalg, f16c, cet_ibt, cet_ss, avx512_ifma
Processor Information for all 8 processors :
  Max Mhz: 2419, Current Mhz: 2419, Mhz Limit: 2419

Memory: 4k page, system-wide physical 7948M (518M free)
TotalPageFile size 14092M (AvailPageFile size 0M)
current process WorkingSet (physical memory assigned to process): 172M, peak: 234M
current process commit charge ("private bytes"): 249M, peak: 292M

vm_info: OpenJDK 64-Bit Server VM (22.0.2+9-70) for windows-amd64 JRE (22.0.2+9-70), built on 2024-06-04T16:52:23Z by "mach5one" with MS VC++ 17.6 (VS2022)

END.
