#
# There is insufficient memory for the Java Runtime Environment to continue.
# Native memory allocation (malloc) failed to allocate 1266416 bytes. Error detail: Chunk::new
# Possible reasons:
#   The system is out of physical RAM or swap space
#   This process is running with CompressedOops enabled, and the Java Heap may be blocking the growth of the native heap
# Possible solutions:
#   Reduce memory load on the system
#   Increase physical memory or swap space
#   Check if swap backing store is full
#   Decrease Java heap size (-Xmx/-Xms)
#   Decrease number of Java threads
#   Decrease Java thread stack sizes (-Xss)
#   Set larger code cache with -XX:ReservedCodeCacheSize=
#   JVM is running with Unscaled Compressed Oops mode in which the Java heap is
#     placed in the first 4GB address space. The Java Heap base address is the
#     maximum limit for the native heap growth. Please use -XX:HeapBaseMinAddress
#     to set the Java Heap base and to place the Java Heap above 4GB virtual address.
# This output file may be truncated or incomplete.
#
#  Out of Memory Error (arena.cpp:150), pid=9700, tid=7028
#
# JRE version: OpenJDK Runtime Environment (22.0.2+9) (build 22.0.2+9-70)
# Java VM: OpenJDK 64-Bit Server VM (22.0.2+9-70, mixed mode, sharing, tiered, compressed oops, compressed class ptrs, g1 gc, windows-amd64)
# No core dump will be written. Minidumps are not enabled by default on client versions of Windows
#

---------------  S U M M A R Y ------------

Command Line: -javaagent:D:\IntelliJ IDEA Community Edition 2024.1.4\lib\idea_rt.jar=56152:D:\IntelliJ IDEA Community Edition 2024.1.4\bin -Dfile.encoding=UTF-8 -Dsun.stdout.encoding=UTF-8 -Dsun.stderr.encoding=UTF-8 com.abcRestaurant.abcRestaurant.AbcRestaurantApplication

Host: 11th Gen Intel(R) Core(TM) i5-1135G7 @ 2.40GHz, 8 cores, 7G,  Windows 11 , 64 bit Build 22621 (10.0.22621.3958)
Time: Tue Aug 27 12:49:25 2024 Sri Lanka Standard Time elapsed time: 3125.982342 seconds (0d 0h 52m 5s)

---------------  T H R E A D  ---------------

Current thread (0x0000027afbf922c0):  JavaThread "C2 CompilerThread0" daemon [_thread_in_native, id=7028, stack(0x000000bf2f800000,0x000000bf2f900000) (1024K)]


Current CompileTask:
C2:3125982 8630       4       org.springframework.core.ResolvableType::forType (112 bytes)

Stack: [0x000000bf2f800000,0x000000bf2f900000]
Native frames: (J=compiled Java code, j=interpreted, Vv=VM code, C=native code)
V  [jvm.dll+0x6e26e9]  (no source info available)
V  [jvm.dll+0x875753]  (no source info available)
V  [jvm.dll+0x877b7e]  (no source info available)
V  [jvm.dll+0x878253]  (no source info available)
V  [jvm.dll+0x27fc86]  (no source info available)
V  [jvm.dll+0xc3d0f]  (no source info available)
V  [jvm.dll+0xc3f6b]  (no source info available)
V  [jvm.dll+0x3bb442]  (no source info available)
V  [jvm.dll+0x387d4b]  (no source info available)
V  [jvm.dll+0x3871ba]  (no source info available)
V  [jvm.dll+0x2477f8]  (no source info available)
V  [jvm.dll+0x246e9f]  (no source info available)
V  [jvm.dll+0x1c4e80]  (no source info available)
V  [jvm.dll+0x2568f3]  (no source info available)
V  [jvm.dll+0x254baa]  (no source info available)
V  [jvm.dll+0x3f57a6]  (no source info available)
V  [jvm.dll+0x81dc0b]  (no source info available)
V  [jvm.dll+0x6e0d85]  (no source info available)
C  [ucrtbase.dll+0x29333]  (no source info available)
C  [KERNEL32.DLL+0x1257d]  (no source info available)
C  [ntdll.dll+0x5af28]  (no source info available)


---------------  P R O C E S S  ---------------

Threads class SMR info:
_java_thread_list=0x0000027ad7f08c90, length=41, elements={
0x0000027afbf7dd70, 0x0000027afbf7ed80, 0x0000027afbf85400, 0x0000027afbf88090,
0x0000027afbf88be0, 0x0000027afbf89990, 0x0000027afbf922c0, 0x0000027afbf9de90,
0x0000027afbf4e630, 0x0000027ad434ecb0, 0x0000027ad4493370, 0x0000027ad706cee0,
0x0000027ad8b8b3e0, 0x0000027ad7cdfc20, 0x0000027ad7fb65a0, 0x0000027ad7fb4b60,
0x0000027ad7fb6c30, 0x0000027ad7fb51f0, 0x0000027ad7fb7950, 0x0000027ad7fb44d0,
0x0000027ad7fb5f10, 0x0000027ad7fb5880, 0x0000027ad8447ff0, 0x0000027ad84465b0,
0x0000027ad8446c40, 0x0000027ad8443e50, 0x0000027ad8441060, 0x0000027ad84444e0,
0x0000027ad84472d0, 0x0000027ad8447960, 0x0000027ad8448680, 0x0000027ad8444b70,
0x0000027ad8445200, 0x0000027ad84416f0, 0x0000027ad8441d80, 0x0000027ad8442410,
0x0000027ad8442aa0, 0x0000027ad8443130, 0x0000027ad84437c0, 0x0000027ad7f19200,
0x0000027ad7f184e0
}

Java Threads: ( => current thread )
  0x0000027afbf7dd70 JavaThread "Reference Handler"          daemon [_thread_blocked, id=9880, stack(0x000000bf2f200000,0x000000bf2f300000) (1024K)]
  0x0000027afbf7ed80 JavaThread "Finalizer"                  daemon [_thread_blocked, id=9060, stack(0x000000bf2f300000,0x000000bf2f400000) (1024K)]
  0x0000027afbf85400 JavaThread "Signal Dispatcher"          daemon [_thread_blocked, id=8920, stack(0x000000bf2f400000,0x000000bf2f500000) (1024K)]
  0x0000027afbf88090 JavaThread "Attach Listener"            daemon [_thread_blocked, id=14844, stack(0x000000bf2f500000,0x000000bf2f600000) (1024K)]
  0x0000027afbf88be0 JavaThread "Service Thread"             daemon [_thread_blocked, id=12692, stack(0x000000bf2f600000,0x000000bf2f700000) (1024K)]
  0x0000027afbf89990 JavaThread "Monitor Deflation Thread"   daemon [_thread_blocked, id=10216, stack(0x000000bf2f700000,0x000000bf2f800000) (1024K)]
=>0x0000027afbf922c0 JavaThread "C2 CompilerThread0"         daemon [_thread_in_native, id=7028, stack(0x000000bf2f800000,0x000000bf2f900000) (1024K)]
  0x0000027afbf9de90 JavaThread "C1 CompilerThread0"         daemon [_thread_blocked, id=4304, stack(0x000000bf2f900000,0x000000bf2fa00000) (1024K)]
  0x0000027afbf4e630 JavaThread "Common-Cleaner"             daemon [_thread_blocked, id=12280, stack(0x000000bf2fa00000,0x000000bf2fb00000) (1024K)]
  0x0000027ad434ecb0 JavaThread "Monitor Ctrl-Break"         daemon [_thread_in_native, id=14540, stack(0x000000bf2fb00000,0x000000bf2fc00000) (1024K)]
  0x0000027ad4493370 JavaThread "Notification Thread"        daemon [_thread_blocked, id=1792, stack(0x000000bf2fc00000,0x000000bf2fd00000) (1024K)]
  0x0000027ad706cee0 JavaThread "Catalina-utility-1"                [_thread_blocked, id=6204, stack(0x000000bf30900000,0x000000bf30a00000) (1024K)]
  0x0000027ad8b8b3e0 JavaThread "Catalina-utility-2"                [_thread_blocked, id=2212, stack(0x000000bf30a00000,0x000000bf30b00000) (1024K)]
  0x0000027ad7cdfc20 JavaThread "container-0"                       [_thread_blocked, id=7540, stack(0x000000bf30b00000,0x000000bf30c00000) (1024K)]
  0x0000027ad7fb65a0 JavaThread "Jndi-Dns-address-change-listener" daemon [_thread_in_native, id=10904, stack(0x000000bf30c00000,0x000000bf30d00000) (1024K)]
  0x0000027ad7fb4b60 JavaThread "BufferPoolPruner-1-thread-1" daemon [_thread_blocked, id=12972, stack(0x000000bf30d00000,0x000000bf30e00000) (1024K)]
  0x0000027ad7fb6c30 JavaThread "cluster-ClusterId{value='66cd71cbc91c744dea094e7f', description='null'}-ac-byq5ho1-shard-00-01.kd72xqs.mongodb.net:27017" daemon [_thread_blocked, id=3488, stack(0x000000bf30f00000,0x000000bf31000000) (1024K)]
  0x0000027ad7fb51f0 JavaThread "cluster-rtt-ClusterId{value='66cd71cbc91c744dea094e7f', description='null'}-ac-byq5ho1-shard-00-01.kd72xqs.mongodb.net:27017" daemon [_thread_blocked, id=11156, stack(0x000000bf31000000,0x000000bf31100000) (1024K)]
  0x0000027ad7fb7950 JavaThread "cluster-ClusterId{value='66cd71cbc91c744dea094e7f', description='null'}-ac-byq5ho1-shard-00-02.kd72xqs.mongodb.net:27017" daemon [_thread_blocked, id=3912, stack(0x000000bf31100000,0x000000bf31200000) (1024K)]
  0x0000027ad7fb44d0 JavaThread "cluster-rtt-ClusterId{value='66cd71cbc91c744dea094e7f', description='null'}-ac-byq5ho1-shard-00-02.kd72xqs.mongodb.net:27017" daemon [_thread_blocked, id=2772, stack(0x000000bf31200000,0x000000bf31300000) (1024K)]
  0x0000027ad7fb5f10 JavaThread "cluster-ClusterId{value='66cd71cbc91c744dea094e7f', description='null'}-ac-byq5ho1-shard-00-00.kd72xqs.mongodb.net:27017" daemon [_thread_blocked, id=10400, stack(0x000000bf31300000,0x000000bf31400000) (1024K)]
  0x0000027ad7fb5880 JavaThread "cluster-rtt-ClusterId{value='66cd71cbc91c744dea094e7f', description='null'}-ac-byq5ho1-shard-00-00.kd72xqs.mongodb.net:27017" daemon [_thread_blocked, id=4224, stack(0x000000bf31400000,0x000000bf31500000) (1024K)]
  0x0000027ad8447ff0 JavaThread "Live Reload Server"         daemon [_thread_in_native, id=7164, stack(0x000000bf31600000,0x000000bf31700000) (1024K)]
  0x0000027ad84465b0 JavaThread "MaintenanceTimer-3-thread-1" daemon [_thread_blocked, id=8856, stack(0x000000bf31700000,0x000000bf31800000) (1024K)]
  0x0000027ad8446c40 JavaThread "MaintenanceTimer-4-thread-1" daemon [_thread_blocked, id=10480, stack(0x000000bf31800000,0x000000bf31900000) (1024K)]
  0x0000027ad8443e50 JavaThread "MaintenanceTimer-2-thread-1" daemon [_thread_blocked, id=9008, stack(0x000000bf31900000,0x000000bf31a00000) (1024K)]
  0x0000027ad8441060 JavaThread "File Watcher"               daemon [_thread_blocked, id=14624, stack(0x000000bf31a00000,0x000000bf31b00000) (1024K)]
  0x0000027ad84444e0 JavaThread "http-nio-8080-exec-1"       daemon [_thread_blocked, id=4200, stack(0x000000bf31b00000,0x000000bf31c00000) (1024K)]
  0x0000027ad84472d0 JavaThread "http-nio-8080-exec-2"       daemon [_thread_blocked, id=1444, stack(0x000000bf31c00000,0x000000bf31d00000) (1024K)]
  0x0000027ad8447960 JavaThread "http-nio-8080-exec-3"       daemon [_thread_blocked, id=9568, stack(0x000000bf31d00000,0x000000bf31e00000) (1024K)]
  0x0000027ad8448680 JavaThread "http-nio-8080-exec-4"       daemon [_thread_blocked, id=12928, stack(0x000000bf31e00000,0x000000bf31f00000) (1024K)]
  0x0000027ad8444b70 JavaThread "http-nio-8080-exec-5"       daemon [_thread_blocked, id=1844, stack(0x000000bf31f00000,0x000000bf32000000) (1024K)]
  0x0000027ad8445200 JavaThread "http-nio-8080-exec-6"       daemon [_thread_blocked, id=10456, stack(0x000000bf32000000,0x000000bf32100000) (1024K)]
  0x0000027ad84416f0 JavaThread "http-nio-8080-exec-7"       daemon [_thread_blocked, id=9564, stack(0x000000bf32100000,0x000000bf32200000) (1024K)]
  0x0000027ad8441d80 JavaThread "http-nio-8080-exec-8"       daemon [_thread_blocked, id=15624, stack(0x000000bf32200000,0x000000bf32300000) (1024K)]
  0x0000027ad8442410 JavaThread "http-nio-8080-exec-9"       daemon [_thread_blocked, id=2596, stack(0x000000bf32300000,0x000000bf32400000) (1024K)]
  0x0000027ad8442aa0 JavaThread "http-nio-8080-exec-10"      daemon [_thread_blocked, id=15328, stack(0x000000bf32400000,0x000000bf32500000) (1024K)]
  0x0000027ad8443130 JavaThread "http-nio-8080-Poller"       daemon [_thread_in_native, id=1552, stack(0x000000bf32500000,0x000000bf32600000) (1024K)]
  0x0000027ad84437c0 JavaThread "http-nio-8080-Acceptor"     daemon [_thread_in_native, id=6160, stack(0x000000bf32600000,0x000000bf32700000) (1024K)]
  0x0000027ad7f19200 JavaThread "scheduling-1"                      [_thread_blocked, id=11380, stack(0x000000bf32700000,0x000000bf32800000) (1024K)]
  0x0000027ad7f184e0 JavaThread "DestroyJavaVM"                     [_thread_blocked, id=10580, stack(0x000000bf2ea00000,0x000000bf2eb00000) (1024K)]
Total: 41

Other Threads:
  0x0000027afbf64430 VMThread "VM Thread"                           [id=11536, stack(0x000000bf2f100000,0x000000bf2f200000) (1024K)]
  0x0000027afbf4d230 WatcherThread "VM Periodic Task Thread"        [id=6580, stack(0x000000bf2f000000,0x000000bf2f100000) (1024K)]
  0x0000027aee83be30 WorkerThread "GC Thread#0"                     [id=2792, stack(0x000000bf2eb00000,0x000000bf2ec00000) (1024K)]
  0x0000027ad4864090 WorkerThread "GC Thread#1"                     [id=236, stack(0x000000bf30000000,0x000000bf30100000) (1024K)]
  0x0000027ad4864440 WorkerThread "GC Thread#2"                     [id=15592, stack(0x000000bf30100000,0x000000bf30200000) (1024K)]
  0x0000027ad48647f0 WorkerThread "GC Thread#3"                     [id=2956, stack(0x000000bf30200000,0x000000bf30300000) (1024K)]
  0x0000027ad4864ba0 WorkerThread "GC Thread#4"                     [id=14724, stack(0x000000bf30300000,0x000000bf30400000) (1024K)]
  0x0000027ad4864f50 WorkerThread "GC Thread#5"                     [id=13696, stack(0x000000bf30400000,0x000000bf30500000) (1024K)]
  0x0000027ad48513a0 WorkerThread "GC Thread#6"                     [id=3500, stack(0x000000bf30500000,0x000000bf30600000) (1024K)]
  0x0000027ad5150d80 WorkerThread "GC Thread#7"                     [id=4260, stack(0x000000bf30600000,0x000000bf30700000) (1024K)]
  0x0000027aee84c850 ConcurrentGCThread "G1 Main Marker"            [id=9340, stack(0x000000bf2ec00000,0x000000bf2ed00000) (1024K)]
  0x0000027aee84d360 WorkerThread "G1 Conc#0"                       [id=13928, stack(0x000000bf2ed00000,0x000000bf2ee00000) (1024K)]
  0x0000027ad5112050 WorkerThread "G1 Conc#1"                       [id=13564, stack(0x000000bf30700000,0x000000bf30800000) (1024K)]
  0x0000027afbe20570 ConcurrentGCThread "G1 Refine#0"               [id=12896, stack(0x000000bf2ee00000,0x000000bf2ef00000) (1024K)]
  0x0000027afbe20d00 ConcurrentGCThread "G1 Service"                [id=15268, stack(0x000000bf2ef00000,0x000000bf2f000000) (1024K)]
Total: 15

Threads with active compile tasks:
C2 CompilerThread0  3126063 8630       4       org.springframework.core.ResolvableType::forType (112 bytes)
Total: 1

VM state: not at safepoint (normal execution)

VM Mutex/Monitor currently owned by a thread: None

Heap address: 0x0000000083c00000, size: 1988 MB, Compressed Oops mode: 32-bit

CDS archive(s) mapped at: [0x0000027a8f000000-0x0000027a8fc60000-0x0000027a8fc60000), size 12976128, SharedBaseAddress: 0x0000027a8f000000, ArchiveRelocationMode: 1.
Compressed class space mapped at: 0x0000027a90000000-0x0000027ad0000000, reserved size: 1073741824
Narrow klass base: 0x0000027a8f000000, Narrow klass shift: 0, Narrow klass range: 0x41000000

GC Precious Log:
 CardTable entry size: 512
 Card Set container configuration: InlinePtr #cards 5 size 8 Array Of Cards #cards 12 size 40 Howl #buckets 4 coarsen threshold 1843 Howl Bitmap #cards 512 size 80 coarsen threshold 460 Card regions per heap region 1 cards per card region 2048
 CPUs: 8 total, 8 available
 Memory: 7948M
 Large Page Support: Disabled
 NUMA Support: Disabled
 Compressed Oops: Enabled (32-bit)
 Heap Region Size: 1M
 Heap Min Capacity: 8M
 Heap Initial Capacity: 126M
 Heap Max Capacity: 1988M
 Pre-touch: Disabled
 Parallel Workers: 8
 Concurrent Workers: 2
 Concurrent Refinement Workers: 8
 Periodic GC: Disabled

Heap:
 garbage-first heap   total reserved 2035712K, committed 65536K, used 39462K [0x0000000083c00000, 0x0000000100000000)
  region size 1024K, 17 young (17408K), 2 survivors (2048K)
 Metaspace       used 51859K, committed 52864K, reserved 1114112K
  class space    used 6674K, committed 7104K, reserved 1048576K

Heap Regions: E=young(eden), S=young(survivor), O=old, HS=humongous(starts), HC=humongous(continues), CS=collection set, F=free, TAMS=top-at-mark-start, PB=parsable bottom
|   0|0x0000000083c00000, 0x0000000083d00000, 0x0000000083d00000|100%| O|  |TAMS 0x0000000083c00000| PB 0x0000000083c00000| Untracked |  0
|   1|0x0000000083d00000, 0x0000000083e00000, 0x0000000083e00000|100%| O|  |TAMS 0x0000000083d00000| PB 0x0000000083d00000| Untracked |  0
|   2|0x0000000083e00000, 0x0000000083f00000, 0x0000000083f00000|100%| O|  |TAMS 0x0000000083e00000| PB 0x0000000083e00000| Untracked |  0
|   3|0x0000000083f00000, 0x0000000084000000, 0x0000000084000000|100%| O|  |TAMS 0x0000000083f00000| PB 0x0000000083f00000| Untracked |  0
|   4|0x0000000084000000, 0x0000000084100000, 0x0000000084100000|100%| O|  |TAMS 0x0000000084000000| PB 0x0000000084000000| Untracked |  0
|   5|0x0000000084100000, 0x0000000084155418, 0x0000000084200000| 33%| O|  |TAMS 0x0000000084100000| PB 0x0000000084100000| Untracked |  0
|   6|0x0000000084200000, 0x0000000084300000, 0x0000000084300000|100%| O|  |TAMS 0x0000000084200000| PB 0x0000000084200000| Untracked |  0
|   7|0x0000000084300000, 0x0000000084400000, 0x0000000084400000|100%| O|  |TAMS 0x0000000084300000| PB 0x0000000084300000| Untracked |  0
|   8|0x0000000084400000, 0x0000000084500000, 0x0000000084500000|100%| O|Cm|TAMS 0x0000000084400000| PB 0x0000000084400000| Complete |  0
|   9|0x0000000084500000, 0x0000000084600000, 0x0000000084600000|100%| O|  |TAMS 0x0000000084500000| PB 0x0000000084500000| Untracked |  0
|  10|0x0000000084600000, 0x0000000084700000, 0x0000000084700000|100%| O|  |TAMS 0x0000000084600000| PB 0x0000000084600000| Untracked |  0
|  11|0x0000000084700000, 0x0000000084700000, 0x0000000084800000|  0%| F|  |TAMS 0x0000000084700000| PB 0x0000000084700000| Untracked |  0
|  12|0x0000000084800000, 0x0000000084900000, 0x0000000084900000|100%| O|  |TAMS 0x0000000084800000| PB 0x0000000084800000| Untracked |  0
|  13|0x0000000084900000, 0x0000000084900000, 0x0000000084a00000|  0%| F|  |TAMS 0x0000000084900000| PB 0x0000000084900000| Untracked |  0
|  14|0x0000000084a00000, 0x0000000084a00000, 0x0000000084b00000|  0%| F|  |TAMS 0x0000000084a00000| PB 0x0000000084a00000| Untracked |  0
|  15|0x0000000084b00000, 0x0000000084c00000, 0x0000000084c00000|100%| O|  |TAMS 0x0000000084b00000| PB 0x0000000084b00000| Untracked |  0
|  16|0x0000000084c00000, 0x0000000084d00000, 0x0000000084d00000|100%| O|  |TAMS 0x0000000084c00000| PB 0x0000000084c00000| Untracked |  0
|  17|0x0000000084d00000, 0x0000000084d00000, 0x0000000084e00000|  0%| F|  |TAMS 0x0000000084d00000| PB 0x0000000084d00000| Untracked |  0
|  18|0x0000000084e00000, 0x0000000084f00000, 0x0000000084f00000|100%| O|  |TAMS 0x0000000084e00000| PB 0x0000000084e00000| Untracked |  0
|  19|0x0000000084f00000, 0x0000000085000000, 0x0000000085000000|100%| O|  |TAMS 0x0000000084f00000| PB 0x0000000084f00000| Untracked |  0
|  20|0x0000000085000000, 0x0000000085100000, 0x0000000085100000|100%| O|Cm|TAMS 0x0000000085000000| PB 0x0000000085000000| Complete |  0
|  21|0x0000000085100000, 0x0000000085200000, 0x0000000085200000|100%| O|  |TAMS 0x0000000085100000| PB 0x0000000085100000| Untracked |  0
|  22|0x0000000085200000, 0x0000000085300000, 0x0000000085300000|100%| O|  |TAMS 0x0000000085200000| PB 0x0000000085200000| Untracked |  0
|  23|0x0000000085300000, 0x0000000085400000, 0x0000000085400000|100%| O|  |TAMS 0x0000000085300000| PB 0x0000000085300000| Untracked |  0
|  24|0x0000000085400000, 0x0000000085500000, 0x0000000085500000|100%| O|  |TAMS 0x0000000085400000| PB 0x0000000085400000| Untracked |  0
|  25|0x0000000085500000, 0x0000000085500000, 0x0000000085600000|  0%| F|  |TAMS 0x0000000085500000| PB 0x0000000085500000| Untracked |  0
|  26|0x0000000085600000, 0x0000000085700000, 0x0000000085700000|100%| O|  |TAMS 0x0000000085600000| PB 0x0000000085600000| Untracked |  0
|  27|0x0000000085700000, 0x0000000085800000, 0x0000000085800000|100%| O|  |TAMS 0x0000000085700000| PB 0x0000000085700000| Untracked |  0
|  28|0x0000000085800000, 0x0000000085800000, 0x0000000085900000|  0%| F|  |TAMS 0x0000000085800000| PB 0x0000000085800000| Untracked |  0
|  29|0x0000000085900000, 0x0000000085934400, 0x0000000085a00000| 20%| S|CS|TAMS 0x0000000085900000| PB 0x0000000085900000| Complete |  0
|  30|0x0000000085a00000, 0x0000000085b00000, 0x0000000085b00000|100%| O|  |TAMS 0x0000000085a00000| PB 0x0000000085a00000| Untracked |  0
|  31|0x0000000085b00000, 0x0000000085c00000, 0x0000000085c00000|100%| S|CS|TAMS 0x0000000085b00000| PB 0x0000000085b00000| Complete |  0
|  32|0x0000000085c00000, 0x0000000085c00000, 0x0000000085d00000|  0%| F|  |TAMS 0x0000000085c00000| PB 0x0000000085c00000| Untracked |  0
|  33|0x0000000085d00000, 0x0000000085d00000, 0x0000000085e00000|  0%| F|  |TAMS 0x0000000085d00000| PB 0x0000000085d00000| Untracked |  0
|  34|0x0000000085e00000, 0x0000000085e00000, 0x0000000085f00000|  0%| F|  |TAMS 0x0000000085e00000| PB 0x0000000085e00000| Untracked |  0
|  35|0x0000000085f00000, 0x0000000085f00000, 0x0000000086000000|  0%| F|  |TAMS 0x0000000085f00000| PB 0x0000000085f00000| Untracked |  0
|  36|0x0000000086000000, 0x0000000086000000, 0x0000000086100000|  0%| F|  |TAMS 0x0000000086000000| PB 0x0000000086000000| Untracked |  0
|  37|0x0000000086100000, 0x0000000086100000, 0x0000000086200000|  0%| F|  |TAMS 0x0000000086100000| PB 0x0000000086100000| Untracked |  0
|  38|0x0000000086200000, 0x0000000086200000, 0x0000000086300000|  0%| F|  |TAMS 0x0000000086200000| PB 0x0000000086200000| Untracked |  0
|  39|0x0000000086300000, 0x0000000086300000, 0x0000000086400000|  0%| F|  |TAMS 0x0000000086300000| PB 0x0000000086300000| Untracked |  0
|  40|0x0000000086400000, 0x0000000086400000, 0x0000000086500000|  0%| F|  |TAMS 0x0000000086400000| PB 0x0000000086400000| Untracked |  0
|  41|0x0000000086500000, 0x0000000086500000, 0x0000000086600000|  0%| F|  |TAMS 0x0000000086500000| PB 0x0000000086500000| Untracked |  0
|  42|0x0000000086600000, 0x0000000086600000, 0x0000000086700000|  0%| F|  |TAMS 0x0000000086600000| PB 0x0000000086600000| Untracked |  0
|  43|0x0000000086700000, 0x0000000086700000, 0x0000000086800000|  0%| F|  |TAMS 0x0000000086700000| PB 0x0000000086700000| Untracked |  0
|  44|0x0000000086800000, 0x0000000086800000, 0x0000000086900000|  0%| F|  |TAMS 0x0000000086800000| PB 0x0000000086800000| Untracked |  0
|  45|0x0000000086900000, 0x0000000086900000, 0x0000000086a00000|  0%| F|  |TAMS 0x0000000086900000| PB 0x0000000086900000| Untracked |  0
|  46|0x0000000086a00000, 0x0000000086a00000, 0x0000000086b00000|  0%| F|  |TAMS 0x0000000086a00000| PB 0x0000000086a00000| Untracked |  0
|  47|0x0000000086b00000, 0x0000000086b00000, 0x0000000086c00000|  0%| F|  |TAMS 0x0000000086b00000| PB 0x0000000086b00000| Untracked |  0
|  48|0x0000000086c00000, 0x0000000086c00000, 0x0000000086d00000|  0%| F|  |TAMS 0x0000000086c00000| PB 0x0000000086c00000| Untracked |  0
|  49|0x0000000086d00000, 0x0000000086da6fa8, 0x0000000086e00000| 65%| E|  |TAMS 0x0000000086d00000| PB 0x0000000086d00000| Complete |  0
|  50|0x0000000086e00000, 0x0000000086f00000, 0x0000000086f00000|100%| E|CS|TAMS 0x0000000086e00000| PB 0x0000000086e00000| Complete |  0
|  51|0x0000000086f00000, 0x0000000087000000, 0x0000000087000000|100%| E|CS|TAMS 0x0000000086f00000| PB 0x0000000086f00000| Complete |  0
|  52|0x0000000087000000, 0x0000000087100000, 0x0000000087100000|100%| E|CS|TAMS 0x0000000087000000| PB 0x0000000087000000| Complete |  0
|  53|0x0000000087100000, 0x0000000087200000, 0x0000000087200000|100%| E|CS|TAMS 0x0000000087100000| PB 0x0000000087100000| Complete |  0
|  54|0x0000000087200000, 0x0000000087300000, 0x0000000087300000|100%| E|CS|TAMS 0x0000000087200000| PB 0x0000000087200000| Complete |  0
|  55|0x0000000087300000, 0x0000000087400000, 0x0000000087400000|100%| E|CS|TAMS 0x0000000087300000| PB 0x0000000087300000| Complete |  0
|  72|0x0000000088400000, 0x0000000088500000, 0x0000000088500000|100%| E|CS|TAMS 0x0000000088400000| PB 0x0000000088400000| Complete |  0
|  73|0x0000000088500000, 0x0000000088600000, 0x0000000088600000|100%| E|CS|TAMS 0x0000000088500000| PB 0x0000000088500000| Complete |  0
|  74|0x0000000088600000, 0x0000000088700000, 0x0000000088700000|100%| E|CS|TAMS 0x0000000088600000| PB 0x0000000088600000| Complete |  0
|  75|0x0000000088700000, 0x0000000088800000, 0x0000000088800000|100%| E|CS|TAMS 0x0000000088700000| PB 0x0000000088700000| Complete |  0
|  76|0x0000000088800000, 0x0000000088900000, 0x0000000088900000|100%| E|CS|TAMS 0x0000000088800000| PB 0x0000000088800000| Complete |  0
|  77|0x0000000088900000, 0x0000000088a00000, 0x0000000088a00000|100%| E|CS|TAMS 0x0000000088900000| PB 0x0000000088900000| Complete |  0
|  78|0x0000000088a00000, 0x0000000088b00000, 0x0000000088b00000|100%| E|CS|TAMS 0x0000000088a00000| PB 0x0000000088a00000| Complete |  0
| 125|0x000000008b900000, 0x000000008ba00000, 0x000000008ba00000|100%| E|CS|TAMS 0x000000008b900000| PB 0x000000008b900000| Complete |  0

Card table byte_map: [0x0000027af7240000,0x0000027af7630000] _byte_map_base: 0x0000027af6e22000

Marking Bits: (CMBitMap*) 0x0000027aee83c540
 Bits: [0x0000027af7630000, 0x0000027af9540000)

Polling page: 0x0000027aec7e0000

Metaspace:

Usage:
  Non-class:     44.13 MB used.
      Class:      6.52 MB used.
       Both:     50.64 MB used.

Virtual space:
  Non-class space:       64.00 MB reserved,      44.69 MB ( 70%) committed,  1 nodes.
      Class space:        1.00 GB reserved,       6.94 MB ( <1%) committed,  1 nodes.
             Both:        1.06 GB reserved,      51.62 MB (  5%) committed. 

Chunk freelists:
   Non-Class:  3.29 MB
       Class:  9.20 MB
        Both:  12.48 MB

MaxMetaspaceSize: unlimited
CompressedClassSpaceSize: 1.00 GB
Initial GC threshold: 21.00 MB
Current GC threshold: 86.06 MB
CDS: on
 - commit_granule_bytes: 65536.
 - commit_granule_words: 8192.
 - virtual_space_node_default_size: 8388608.
 - enlarge_chunks_in_place: 1.
 - use_allocation_guard: 0.


Internal statistics:

num_allocs_failed_limit: 6.
num_arena_births: 952.
num_arena_deaths: 320.
num_vsnodes_births: 2.
num_vsnodes_deaths: 0.
num_space_committed: 826.
num_space_uncommitted: 0.
num_chunks_returned_to_freelist: 374.
num_chunks_taken_from_freelist: 2745.
num_chunk_merges: 90.
num_chunk_splits: 1822.
num_chunks_enlarged: 1298.
num_inconsistent_stats: 0.

CodeHeap 'non-profiled nmethods': size=120000Kb used=2735Kb max_used=4179Kb free=117264Kb
 bounds [0x0000027a87ad0000, 0x0000027a87ef0000, 0x0000027a8f000000]
CodeHeap 'profiled nmethods': size=120000Kb used=6385Kb max_used=13546Kb free=113614Kb
 bounds [0x0000027a80000000, 0x0000027a80d40000, 0x0000027a87530000]
CodeHeap 'non-nmethods': size=5760Kb used=1836Kb max_used=1891Kb free=3923Kb
 bounds [0x0000027a87530000, 0x0000027a877a0000, 0x0000027a87ad0000]
 total_blobs=4067 nmethods=3389 adapters=582
 compilation: enabled
              stopped_count=0, restarted_count=0
 full_count=0

Compilation events (20 events):
Event: 3067.872 Thread 0x0000027afbf922c0 nmethod 8622 0x0000027a87ad8490 code [0x0000027a87ad8600, 0x0000027a87ad86d0]
Event: 3068.373 Thread 0x0000027afbf922c0 8623       4       com.mongodb.internal.connection.DefaultConnectionPool$StateAndGeneration$$Lambda/0x0000027a906f4668::get (12 bytes)
Event: 3068.376 Thread 0x0000027afbf922c0 nmethod 8623 0x0000027a87b0ce10 code [0x0000027a87b0cfa0, 0x0000027a87b0d150]
Event: 3068.873 Thread 0x0000027afbf922c0 8624       4       com.mongodb.internal.connection.SocketStreamFactory::create (129 bytes)
Event: 3068.891 Thread 0x0000027afbf922c0 nmethod 8624 0x0000027a87bf8a90 code [0x0000027a87bf8c80, 0x0000027a87bf9670]
Event: 3069.872 Thread 0x0000027afbf922c0 8625       4       com.mongodb.internal.connection.DefaultServerMonitor$ServerMonitorRunnable::waitForNext (77 bytes)
Event: 3069.894 Thread 0x0000027afbf922c0 nmethod 8625 0x0000027a87e72d10 code [0x0000027a87e73000, 0x0000027a87e73e00]
Event: 3079.934 Thread 0x0000027afbf922c0 8626   !   4       com.mongodb.internal.connection.DefaultServerMonitor$ServerMonitorRunnable::lookupServerDescription (561 bytes)
Event: 3080.059 Thread 0x0000027afbf922c0 nmethod 8626 0x0000027a87ea0890 code [0x0000027a87ea0f60, 0x0000027a87ea4918]
Event: 3089.491 Thread 0x0000027afbf922c0 8627       4       java.util.concurrent.locks.StampedLock::unstampedUnlockWrite (30 bytes)
Event: 3089.492 Thread 0x0000027afbf922c0 nmethod 8627 0x0000027a87b45090 code [0x0000027a87b45220, 0x0000027a87b45370]
Event: 3112.984 Thread 0x0000027afbf9de90 8628       3       java.util.concurrent.ConcurrentSkipListSet::add (22 bytes)
Event: 3112.984 Thread 0x0000027afbf9de90 nmethod 8628 0x0000027a80029790 code [0x0000027a80029940, 0x0000027a80029b98]
Event: 3112.984 Thread 0x0000027afbf9de90 8629       3       java.util.concurrent.ConcurrentSkipListMap::putIfAbsent (20 bytes)
Event: 3112.985 Thread 0x0000027afbf9de90 nmethod 8629 0x0000027a80044190 code [0x0000027a80044340, 0x0000027a80044580]
Event: 3125.859 Thread 0x0000027afbf922c0 8630       4       org.springframework.core.ResolvableType::forType (112 bytes)
Event: 3125.859 Thread 0x0000027afbf9de90 8631       3       org.springframework.data.mapping.context.AbstractMappingContext::getPersistentPropertyPath (9 bytes)
Event: 3125.863 Thread 0x0000027afbf9de90 nmethod 8631 0x0000027a80483190 code [0x0000027a80483500, 0x0000027a80484b28]
Event: 3125.863 Thread 0x0000027afbf9de90 8632       3       org.springframework.data.mapping.context.PersistentPropertyPathFactory$TypeAndPath::equals (58 bytes)
Event: 3125.864 Thread 0x0000027afbf9de90 nmethod 8632 0x0000027a80193790 code [0x0000027a801939a0, 0x0000027a801940f0]

GC Heap History (20 events):
Event: 941.547 GC heap before
{Heap before GC invocations=19 (full 0):
 garbage-first heap   total reserved 2035712K, committed 65536K, used 57969K [0x0000000083c00000, 0x0000000100000000)
  region size 1024K, 30 young (30720K), 2 survivors (2048K)
 Metaspace       used 51617K, committed 52352K, reserved 1114112K
  class space    used 6721K, committed 7104K, reserved 1048576K
}
Event: 941.549 GC heap after
{Heap after GC invocations=20 (full 0):
 garbage-first heap   total reserved 2035712K, committed 65536K, used 29338K [0x0000000083c00000, 0x0000000100000000)
  region size 1024K, 2 young (2048K), 2 survivors (2048K)
 Metaspace       used 51617K, committed 52352K, reserved 1114112K
  class space    used 6721K, committed 7104K, reserved 1048576K
}
Event: 1174.193 GC heap before
{Heap before GC invocations=20 (full 0):
 garbage-first heap   total reserved 2035712K, committed 65536K, used 58010K [0x0000000083c00000, 0x0000000100000000)
  region size 1024K, 30 young (30720K), 2 survivors (2048K)
 Metaspace       used 51637K, committed 52416K, reserved 1114112K
  class space    used 6721K, committed 7104K, reserved 1048576K
}
Event: 1174.201 GC heap after
{Heap after GC invocations=21 (full 0):
 garbage-first heap   total reserved 2035712K, committed 65536K, used 28700K [0x0000000083c00000, 0x0000000100000000)
  region size 1024K, 2 young (2048K), 2 survivors (2048K)
 Metaspace       used 51637K, committed 52416K, reserved 1114112K
  class space    used 6721K, committed 7104K, reserved 1048576K
}
Event: 1396.479 GC heap before
{Heap before GC invocations=21 (full 0):
 garbage-first heap   total reserved 2035712K, committed 65536K, used 57372K [0x0000000083c00000, 0x0000000100000000)
  region size 1024K, 31 young (31744K), 2 survivors (2048K)
 Metaspace       used 51913K, committed 52672K, reserved 1114112K
  class space    used 6753K, committed 7104K, reserved 1048576K
}
Event: 1396.486 GC heap after
{Heap after GC invocations=22 (full 0):
 garbage-first heap   total reserved 2035712K, committed 65536K, used 28709K [0x0000000083c00000, 0x0000000100000000)
  region size 1024K, 2 young (2048K), 2 survivors (2048K)
 Metaspace       used 51913K, committed 52672K, reserved 1114112K
  class space    used 6753K, committed 7104K, reserved 1048576K
}
Event: 1606.086 GC heap before
{Heap before GC invocations=23 (full 0):
 garbage-first heap   total reserved 2035712K, committed 65536K, used 58405K [0x0000000083c00000, 0x0000000100000000)
  region size 1024K, 31 young (31744K), 2 survivors (2048K)
 Metaspace       used 52002K, committed 52800K, reserved 1114112K
  class space    used 6753K, committed 7104K, reserved 1048576K
}
Event: 1606.091 GC heap after
{Heap after GC invocations=24 (full 0):
 garbage-first heap   total reserved 2035712K, committed 65536K, used 28758K [0x0000000083c00000, 0x0000000100000000)
  region size 1024K, 2 young (2048K), 2 survivors (2048K)
 Metaspace       used 52002K, committed 52800K, reserved 1114112K
  class space    used 6753K, committed 7104K, reserved 1048576K
}
Event: 1824.776 GC heap before
{Heap before GC invocations=24 (full 0):
 garbage-first heap   total reserved 2035712K, committed 65536K, used 58454K [0x0000000083c00000, 0x0000000100000000)
  region size 1024K, 31 young (31744K), 2 survivors (2048K)
 Metaspace       used 52020K, committed 52800K, reserved 1114112K
  class space    used 6753K, committed 7104K, reserved 1048576K
}
Event: 1824.780 GC heap after
{Heap after GC invocations=25 (full 0):
 garbage-first heap   total reserved 2035712K, committed 65536K, used 28332K [0x0000000083c00000, 0x0000000100000000)
  region size 1024K, 2 young (2048K), 2 survivors (2048K)
 Metaspace       used 52020K, committed 52800K, reserved 1114112K
  class space    used 6753K, committed 7104K, reserved 1048576K
}
Event: 2043.837 GC heap before
{Heap before GC invocations=25 (full 0):
 garbage-first heap   total reserved 2035712K, committed 65536K, used 58028K [0x0000000083c00000, 0x0000000100000000)
  region size 1024K, 31 young (31744K), 2 survivors (2048K)
 Metaspace       used 52055K, committed 52800K, reserved 1114112K
  class space    used 6753K, committed 7104K, reserved 1048576K
}
Event: 2043.840 GC heap after
{Heap after GC invocations=26 (full 0):
 garbage-first heap   total reserved 2035712K, committed 65536K, used 28201K [0x0000000083c00000, 0x0000000100000000)
  region size 1024K, 2 young (2048K), 2 survivors (2048K)
 Metaspace       used 52055K, committed 52800K, reserved 1114112K
  class space    used 6753K, committed 7104K, reserved 1048576K
}
Event: 2271.836 GC heap before
{Heap before GC invocations=27 (full 0):
 garbage-first heap   total reserved 2035712K, committed 65536K, used 57897K [0x0000000083c00000, 0x0000000100000000)
  region size 1024K, 31 young (31744K), 2 survivors (2048K)
 Metaspace       used 51801K, committed 52800K, reserved 1114112K
  class space    used 6674K, committed 7104K, reserved 1048576K
}
Event: 2271.841 GC heap after
{Heap after GC invocations=28 (full 0):
 garbage-first heap   total reserved 2035712K, committed 65536K, used 28224K [0x0000000083c00000, 0x0000000100000000)
  region size 1024K, 2 young (2048K), 2 survivors (2048K)
 Metaspace       used 51801K, committed 52800K, reserved 1114112K
  class space    used 6674K, committed 7104K, reserved 1048576K
}
Event: 2497.547 GC heap before
{Heap before GC invocations=28 (full 0):
 garbage-first heap   total reserved 2035712K, committed 65536K, used 57920K [0x0000000083c00000, 0x0000000100000000)
  region size 1024K, 31 young (31744K), 2 survivors (2048K)
 Metaspace       used 51816K, committed 52800K, reserved 1114112K
  class space    used 6674K, committed 7104K, reserved 1048576K
}
Event: 2497.561 GC heap after
{Heap after GC invocations=29 (full 0):
 garbage-first heap   total reserved 2035712K, committed 65536K, used 25408K [0x0000000083c00000, 0x0000000100000000)
  region size 1024K, 2 young (2048K), 2 survivors (2048K)
 Metaspace       used 51816K, committed 52800K, reserved 1114112K
  class space    used 6674K, committed 7104K, reserved 1048576K
}
Event: 2751.105 GC heap before
{Heap before GC invocations=29 (full 0):
 garbage-first heap   total reserved 2035712K, committed 65536K, used 58176K [0x0000000083c00000, 0x0000000100000000)
  region size 1024K, 34 young (34816K), 2 survivors (2048K)
 Metaspace       used 51851K, committed 52864K, reserved 1114112K
  class space    used 6674K, committed 7104K, reserved 1048576K
}
Event: 2751.111 GC heap after
{Heap after GC invocations=30 (full 0):
 garbage-first heap   total reserved 2035712K, committed 65536K, used 25225K [0x0000000083c00000, 0x0000000100000000)
  region size 1024K, 2 young (2048K), 2 survivors (2048K)
 Metaspace       used 51851K, committed 52864K, reserved 1114112K
  class space    used 6674K, committed 7104K, reserved 1048576K
}
Event: 3009.403 GC heap before
{Heap before GC invocations=30 (full 0):
 garbage-first heap   total reserved 2035712K, committed 65536K, used 57993K [0x0000000083c00000, 0x0000000100000000)
  region size 1024K, 34 young (34816K), 2 survivors (2048K)
 Metaspace       used 51855K, committed 52864K, reserved 1114112K
  class space    used 6674K, committed 7104K, reserved 1048576K
}
Event: 3009.406 GC heap after
{Heap after GC invocations=31 (full 0):
 garbage-first heap   total reserved 2035712K, committed 65536K, used 25126K [0x0000000083c00000, 0x0000000100000000)
  region size 1024K, 2 young (2048K), 2 survivors (2048K)
 Metaspace       used 51855K, committed 52864K, reserved 1114112K
  class space    used 6674K, committed 7104K, reserved 1048576K
}

Dll operation events (15 events):
Event: 0.117 Loaded shared library C:\Users\HP\.jdks\openjdk-22.0.2\bin\java.dll
Event: 0.155 Loaded shared library C:\Users\HP\.jdks\openjdk-22.0.2\bin\jsvml.dll
Event: 0.248 Loaded shared library C:\Users\HP\.jdks\openjdk-22.0.2\bin\zip.dll
Event: 0.253 Loaded shared library C:\Users\HP\.jdks\openjdk-22.0.2\bin\instrument.dll
Event: 0.258 Loaded shared library C:\Users\HP\.jdks\openjdk-22.0.2\bin\net.dll
Event: 0.260 Loaded shared library C:\Users\HP\.jdks\openjdk-22.0.2\bin\nio.dll
Event: 0.264 Loaded shared library C:\Users\HP\.jdks\openjdk-22.0.2\bin\zip.dll
Event: 0.890 Loaded shared library D:\IntelliJ IDEA Community Edition 2024.1.4\bin\breakgen64.dll
Event: 0.899 Loaded shared library C:\Users\HP\.jdks\openjdk-22.0.2\bin\extnet.dll
Event: 0.937 Loaded shared library C:\Users\HP\.jdks\openjdk-22.0.2\bin\jimage.dll
Event: 1.246 Loaded shared library C:\Users\HP\.jdks\openjdk-22.0.2\bin\management.dll
Event: 1.248 Loaded shared library C:\Users\HP\.jdks\openjdk-22.0.2\bin\management_ext.dll
Event: 1.722 Loaded shared library C:\Users\HP\.jdks\openjdk-22.0.2\bin\le.dll
Event: 2.067 Loaded shared library C:\Users\HP\.jdks\openjdk-22.0.2\bin\sunmscapi.dll
Event: 29.269 Loaded shared library C:\Users\HP\.jdks\openjdk-22.0.2\bin\verify.dll

Deoptimization events (20 events):
Event: 1321.621 Thread 0x0000027ad7fb5f10 DEOPT PACKING pc=0x0000027a87bf42a8 sp=0x000000bf313fe990
Event: 1321.621 Thread 0x0000027ad7fb7950 DEOPT UNPACKING pc=0x0000027a87587da2 sp=0x000000bf311feb08 mode 2
Event: 1321.621 Thread 0x0000027ad7fb5f10 DEOPT UNPACKING pc=0x0000027a87587da2 sp=0x000000bf313fe958 mode 2
Event: 1321.621 Thread 0x0000027ad7fb6c30 DEOPT UNPACKING pc=0x0000027a87587da2 sp=0x000000bf30ffebe8 mode 2
Event: 1321.716 Thread 0x0000027ad7fb7950 Uncommon trap: trap_request=0xffffff45 fr.pc=0x0000027a87b44a28 relative=0x00000000000001c8
Event: 1321.716 Thread 0x0000027ad7fb7950 Uncommon trap: reason=unstable_if action=reinterpret pc=0x0000027a87b44a28 method=java.util.AbstractSet.equals(Ljava/lang/Object;)Z @ 2 c2
Event: 1321.716 Thread 0x0000027ad7fb7950 DEOPT PACKING pc=0x0000027a87b44a28 sp=0x000000bf311ff200
Event: 1321.716 Thread 0x0000027ad7fb7950 DEOPT UNPACKING pc=0x0000027a87587da2 sp=0x000000bf311ff198 mode 2
Event: 1406.151 Thread 0x0000027ad7fb5f10 Uncommon trap: trap_request=0xffffff45 fr.pc=0x0000027a87c9e224 relative=0x0000000000000084
Event: 1406.151 Thread 0x0000027ad7fb5f10 Uncommon trap: reason=unstable_if action=reinterpret pc=0x0000027a87c9e224 method=java.util.concurrent.locks.AbstractQueuedSynchronizer$ConditionObject.canReacquire(Ljava/util/concurrent/locks/AbstractQueuedSynchronizer$ConditionNode;)Z @ 18 c2
Event: 1406.151 Thread 0x0000027ad7fb5f10 DEOPT PACKING pc=0x0000027a87c9e224 sp=0x000000bf313fef60
Event: 1406.151 Thread 0x0000027ad7fb5f10 DEOPT UNPACKING pc=0x0000027a87587da2 sp=0x000000bf313feef0 mode 2
Event: 1447.876 Thread 0x0000027ad7f19200 Uncommon trap: trap_request=0xffffff45 fr.pc=0x0000027a87e9588c relative=0x000000000000008c
Event: 1447.876 Thread 0x0000027ad7f19200 Uncommon trap: reason=unstable_if action=reinterpret pc=0x0000027a87e9588c method=jdk.internal.misc.Unsafe.getAndBitwiseAndInt(Ljava/lang/Object;JI)I @ 21 c2
Event: 1447.876 Thread 0x0000027ad7f19200 DEOPT PACKING pc=0x0000027a87e9588c sp=0x000000bf327fd7c0
Event: 1447.876 Thread 0x0000027ad7f19200 DEOPT UNPACKING pc=0x0000027a87587da2 sp=0x000000bf327fd6c8 mode 2
Event: 2765.850 Thread 0x0000027ad7f19200 Uncommon trap: trap_request=0xffffff54 fr.pc=0x0000027a87c94eec relative=0x000000000000028c
Event: 2765.850 Thread 0x0000027ad7f19200 Uncommon trap: reason=speculate_null_assert action=make_not_entrant pc=0x0000027a87c94eec method=org.springframework.util.ConcurrentReferenceHashMap$Segment.restructureIfNecessary(Z)V @ 41 c2
Event: 2765.850 Thread 0x0000027ad7f19200 DEOPT PACKING pc=0x0000027a87c94eec sp=0x000000bf327fe0f0
Event: 2765.850 Thread 0x0000027ad7f19200 DEOPT UNPACKING pc=0x0000027a87587da2 sp=0x000000bf327fe008 mode 2

Classes loaded (20 events):
Event: 65.486 Loading class java/lang/Throwable$PrintStreamOrWriter done
Event: 65.486 Loading class java/lang/Throwable$WrappedPrintWriter done
Event: 1316.605 Loading class sun/security/ssl/Alert
Event: 1318.753 Loading class sun/security/ssl/Alert done
Event: 1318.757 Loading class sun/security/ssl/Alert$AlertConsumer
Event: 1318.766 Loading class sun/security/ssl/Alert$AlertConsumer done
Event: 1318.766 Loading class sun/security/ssl/Alert$Level
Event: 1318.766 Loading class sun/security/ssl/Alert$Level done
Event: 1321.577 Loading class sun/net/ConnectionResetException
Event: 1321.578 Loading class sun/net/ConnectionResetException done
Event: 1321.580 Loading class java/nio/channels/ClosedByInterruptException
Event: 1321.580 Loading class java/nio/channels/AsynchronousCloseException
Event: 1321.581 Loading class java/nio/channels/AsynchronousCloseException done
Event: 1321.581 Loading class java/nio/channels/ClosedByInterruptException done
Event: 1321.618 Loading class jdk/internal/loader/BootLoader$PackageHelper
Event: 1321.620 Loading class jdk/internal/loader/BootLoader$PackageHelper done
Event: 1325.866 Loading class java/util/concurrent/locks/AbstractQueuedSynchronizer$SharedNode
Event: 1325.867 Loading class java/util/concurrent/locks/AbstractQueuedSynchronizer$SharedNode done
Event: 1355.859 Loading class java/lang/invoke/WrongMethodTypeException
Event: 1355.859 Loading class java/lang/invoke/WrongMethodTypeException done

Classes unloaded (20 events):
Event: 2043.871 Thread 0x0000027afbf64430 Unloading class 0x0000027a9003d800 'java/lang/invoke/LambdaForm$MH+0x0000027a9003d800'
Event: 2043.871 Thread 0x0000027afbf64430 Unloading class 0x0000027a9003d400 'java/lang/invoke/LambdaForm$MH+0x0000027a9003d400'
Event: 2043.871 Thread 0x0000027afbf64430 Unloading class 0x0000027a9001b800 'java/lang/invoke/LambdaForm$MH+0x0000027a9001b800'
Event: 2043.871 Thread 0x0000027afbf64430 Unloading class 0x0000027a9001b000 'java/lang/invoke/LambdaForm$MH+0x0000027a9001b000'
Event: 2043.871 Thread 0x0000027afbf64430 Unloading class 0x0000027a9001a800 'java/lang/invoke/LambdaForm$MH+0x0000027a9001a800'
Event: 2043.871 Thread 0x0000027afbf64430 Unloading class 0x0000027a90019400 'java/lang/invoke/LambdaForm$MH+0x0000027a90019400'
Event: 2043.871 Thread 0x0000027afbf64430 Unloading class 0x0000027a90018800 'java/lang/invoke/LambdaForm$MH+0x0000027a90018800'
Event: 2043.871 Thread 0x0000027afbf64430 Unloading class 0x0000027a90018400 'java/lang/invoke/LambdaForm$MH+0x0000027a90018400'
Event: 2043.871 Thread 0x0000027afbf64430 Unloading class 0x0000027a90017c00 'java/lang/invoke/LambdaForm$MH+0x0000027a90017c00'
Event: 2043.871 Thread 0x0000027afbf64430 Unloading class 0x0000027a90017800 'java/lang/invoke/LambdaForm$MH+0x0000027a90017800'
Event: 2043.871 Thread 0x0000027afbf64430 Unloading class 0x0000027a90017400 'java/lang/invoke/LambdaForm$MH+0x0000027a90017400'
Event: 2043.871 Thread 0x0000027afbf64430 Unloading class 0x0000027a90016400 'java/lang/invoke/LambdaForm$MH+0x0000027a90016400'
Event: 2043.871 Thread 0x0000027afbf64430 Unloading class 0x0000027a90015400 'java/lang/invoke/LambdaForm$MH+0x0000027a90015400'
Event: 2043.871 Thread 0x0000027afbf64430 Unloading class 0x0000027a90014c00 'java/lang/invoke/LambdaForm$MH+0x0000027a90014c00'
Event: 2043.871 Thread 0x0000027afbf64430 Unloading class 0x0000027a90014400 'java/lang/invoke/LambdaForm$MH+0x0000027a90014400'
Event: 2043.871 Thread 0x0000027afbf64430 Unloading class 0x0000027a90014000 'java/lang/invoke/LambdaForm$MH+0x0000027a90014000'
Event: 2043.871 Thread 0x0000027afbf64430 Unloading class 0x0000027a90002400 'java/lang/invoke/LambdaForm$MH+0x0000027a90002400'
Event: 2043.871 Thread 0x0000027afbf64430 Unloading class 0x0000027a90002000 'java/lang/invoke/LambdaForm$MH+0x0000027a90002000'
Event: 2043.871 Thread 0x0000027afbf64430 Unloading class 0x0000027a90001c00 'java/lang/invoke/LambdaForm$MH+0x0000027a90001c00'
Event: 2043.871 Thread 0x0000027afbf64430 Unloading class 0x0000027a90001400 'java/lang/invoke/LambdaForm$MH+0x0000027a90001400'

Classes redefined (0 events):
No events

Internal exceptions (20 events):
Event: 3062.949 Thread 0x0000027ad7fb5880 Exception <a 'java/net/UnknownHostException'{0x0000000088589d50}> (0x0000000088589d50) 
thrown [s\open\src\hotspot\share\prims\jni.cpp, line 520]
Event: 3062.980 Thread 0x0000027ad7fb44d0 Exception <a 'java/net/UnknownHostException'{0x000000008858a790}> (0x000000008858a790) 
thrown [s\open\src\hotspot\share\prims\jni.cpp, line 520]
Event: 3066.868 Thread 0x0000027ad7fb6c30 Exception <a 'java/net/UnknownHostException'{0x000000008841bd30}> (0x000000008841bd30) 
thrown [s\open\src\hotspot\share\prims\jni.cpp, line 520]
Event: 3072.959 Thread 0x0000027ad7fb5880 Exception <a 'java/net/UnknownHostException'{0x0000000087311590}> (0x0000000087311590) 
thrown [s\open\src\hotspot\share\prims\jni.cpp, line 520]
Event: 3072.985 Thread 0x0000027ad7fb44d0 Exception <a 'java/net/UnknownHostException'{0x000000008731ba50}> (0x000000008731ba50) 
thrown [s\open\src\hotspot\share\prims\jni.cpp, line 520]
Event: 3076.935 Thread 0x0000027ad7fb6c30 Exception <a 'java/net/UnknownHostException'{0x00000000873a82c8}> (0x00000000873a82c8) 
thrown [s\open\src\hotspot\share\prims\jni.cpp, line 520]
Event: 3082.973 Thread 0x0000027ad7fb5880 Exception <a 'java/net/UnknownHostException'{0x0000000087298c90}> (0x0000000087298c90) 
thrown [s\open\src\hotspot\share\prims\jni.cpp, line 520]
Event: 3082.989 Thread 0x0000027ad7fb44d0 Exception <a 'java/net/UnknownHostException'{0x00000000872a0a20}> (0x00000000872a0a20) 
thrown [s\open\src\hotspot\share\prims\jni.cpp, line 520]
Event: 3086.986 Thread 0x0000027ad7fb6c30 Exception <a 'java/net/UnknownHostException'{0x0000000087109260}> (0x0000000087109260) 
thrown [s\open\src\hotspot\share\prims\jni.cpp, line 520]
Event: 3092.976 Thread 0x0000027ad7fb5880 Exception <a 'java/net/UnknownHostException'{0x00000000871cbf08}> (0x00000000871cbf08) 
thrown [s\open\src\hotspot\share\prims\jni.cpp, line 520]
Event: 3092.998 Thread 0x0000027ad7fb44d0 Exception <a 'java/net/UnknownHostException'{0x00000000871cd540}> (0x00000000871cd540) 
thrown [s\open\src\hotspot\share\prims\jni.cpp, line 520]
Event: 3102.970 Thread 0x0000027ad7fb51f0 Exception <a 'java/net/UnknownHostException'{0x0000000086f80020}> (0x0000000086f80020) 
thrown [s\open\src\hotspot\share\prims\jni.cpp, line 520]
Event: 3102.980 Thread 0x0000027ad7fb5880 Exception <a 'java/net/UnknownHostException'{0x0000000086f80a38}> (0x0000000086f80a38) 
thrown [s\open\src\hotspot\share\prims\jni.cpp, line 520]
Event: 3103.002 Thread 0x0000027ad7fb44d0 Exception <a 'java/net/UnknownHostException'{0x0000000086f81490}> (0x0000000086f81490) 
thrown [s\open\src\hotspot\share\prims\jni.cpp, line 520]
Event: 3112.984 Thread 0x0000027ad7fb51f0 Exception <a 'java/net/UnknownHostException'{0x0000000086e81970}> (0x0000000086e81970) 
thrown [s\open\src\hotspot\share\prims\jni.cpp, line 520]
Event: 3112.984 Thread 0x0000027ad7fb5880 Exception <a 'java/net/UnknownHostException'{0x0000000086e80ed8}> (0x0000000086e80ed8) 
thrown [s\open\src\hotspot\share\prims\jni.cpp, line 520]
Event: 3113.007 Thread 0x0000027ad7fb44d0 Exception <a 'java/net/UnknownHostException'{0x0000000086e83998}> (0x0000000086e83998) 
thrown [s\open\src\hotspot\share\prims\jni.cpp, line 520]
Event: 3122.989 Thread 0x0000027ad7fb5880 Exception <a 'java/net/UnknownHostException'{0x0000000086d80b98}> (0x0000000086d80b98) 
thrown [s\open\src\hotspot\share\prims\jni.cpp, line 520]
Event: 3123.022 Thread 0x0000027ad7fb44d0 Exception <a 'java/net/UnknownHostException'{0x0000000086d82110}> (0x0000000086d82110) 
thrown [s\open\src\hotspot\share\prims\jni.cpp, line 520]
Event: 3125.861 Thread 0x0000027ad7fb6c30 Exception <a 'java/net/UnknownHostException'{0x0000000086e86850}> (0x0000000086e86850) 
thrown [s\open\src\hotspot\share\prims\jni.cpp, line 520]

ZGC Phase Switch (0 events):
No events

VM Operations (20 events):
Event: 2826.472 Executing VM operation: Cleanup
Event: 2826.472 Executing VM operation: Cleanup done
Event: 2905.939 Executing VM operation: Cleanup
Event: 2905.939 Executing VM operation: Cleanup done
Event: 2966.277 Executing VM operation: Cleanup
Event: 2966.277 Executing VM operation: Cleanup done
Event: 2967.280 Executing VM operation: Cleanup
Event: 2967.280 Executing VM operation: Cleanup done
Event: 3006.482 Executing VM operation: Cleanup
Event: 3006.482 Executing VM operation: Cleanup done
Event: 3009.403 Executing VM operation: G1CollectForAllocation (G1 Evacuation Pause)
Event: 3009.406 Executing VM operation: G1CollectForAllocation (G1 Evacuation Pause) done
Event: 3009.423 Executing VM operation: G1PauseRemark
Event: 3009.439 Executing VM operation: G1PauseRemark done
Event: 3009.460 Executing VM operation: G1PauseCleanup
Event: 3009.460 Executing VM operation: G1PauseCleanup done
Event: 3017.490 Executing VM operation: Cleanup
Event: 3017.491 Executing VM operation: Cleanup done
Event: 3066.804 Executing VM operation: Cleanup
Event: 3066.804 Executing VM operation: Cleanup done

Memory protections (0 events):
No events

Nmethod flushes (20 events):
Event: 3009.437 Thread 0x0000027afbf64430 flushing  nmethod 0x0000027a80b10690
Event: 3009.437 Thread 0x0000027afbf64430 flushing  nmethod 0x0000027a80b11310
Event: 3009.437 Thread 0x0000027afbf64430 flushing  nmethod 0x0000027a80b11710
Event: 3009.437 Thread 0x0000027afbf64430 flushing osr nmethod 0x0000027a80b12390
Event: 3009.437 Thread 0x0000027afbf64430 flushing  nmethod 0x0000027a80b15590
Event: 3009.437 Thread 0x0000027afbf64430 flushing  nmethod 0x0000027a80b15c10
Event: 3009.437 Thread 0x0000027afbf64430 flushing  nmethod 0x0000027a80b16010
Event: 3009.437 Thread 0x0000027afbf64430 flushing  nmethod 0x0000027a80b16510
Event: 3009.437 Thread 0x0000027afbf64430 flushing  nmethod 0x0000027a80b1a810
Event: 3009.437 Thread 0x0000027afbf64430 flushing  nmethod 0x0000027a80b27990
Event: 3009.437 Thread 0x0000027afbf64430 flushing  nmethod 0x0000027a80b28210
Event: 3009.437 Thread 0x0000027afbf64430 flushing  nmethod 0x0000027a80c20390
Event: 3009.437 Thread 0x0000027afbf64430 flushing  nmethod 0x0000027a80c23910
Event: 3009.437 Thread 0x0000027afbf64430 flushing  nmethod 0x0000027a80c69490
Event: 3009.437 Thread 0x0000027afbf64430 flushing  nmethod 0x0000027a80c6e990
Event: 3009.437 Thread 0x0000027afbf64430 flushing  nmethod 0x0000027a80c6ff10
Event: 3009.437 Thread 0x0000027afbf64430 flushing  nmethod 0x0000027a80c71f10
Event: 3009.437 Thread 0x0000027afbf64430 flushing  nmethod 0x0000027a80ca9b90
Event: 3009.437 Thread 0x0000027afbf64430 flushing  nmethod 0x0000027a80caf510
Event: 3009.437 Thread 0x0000027afbf64430 flushing  nmethod 0x0000027a80cb0910

Events (20 events):
Event: 5.832 Thread 0x0000027ad4c0f4a0 Thread added: 0x0000027ad8443130
Event: 5.833 Thread 0x0000027ad4c0f4a0 Thread added: 0x0000027ad84437c0
Event: 5.847 Thread 0x0000027ad4c0f4a0 Thread added: 0x0000027ad7f19200
Event: 5.855 Thread 0x0000027ad4c0f4a0 Thread exited: 0x0000027ad4c0f4a0
Event: 5.859 Thread 0x0000027ad47e6f40 Thread exited: 0x0000027ad47e6f40
Event: 5.859 Thread 0x0000027aec6ebbd0 Thread exited: 0x0000027aec6ebbd0
Event: 5.859 Thread 0x0000027ad7f184e0 Thread added: 0x0000027ad7f184e0
Event: 6.294 Thread 0x0000027ad7d48740 Thread exited: 0x0000027ad7d48740
Event: 6.296 Thread 0x0000027ad47a16e0 Thread exited: 0x0000027ad47a16e0
Event: 6.424 Thread 0x0000027afbf9de90 Thread added: 0x0000027ad7ff70c0
Event: 6.449 Thread 0x0000027afbf922c0 Thread added: 0x0000027ad7fb14e0
Event: 7.465 Thread 0x0000027ad7fb14e0 Thread exited: 0x0000027ad7fb14e0
Event: 7.465 Thread 0x0000027ad7ff70c0 Thread exited: 0x0000027ad7ff70c0
Event: 28.973 Thread 0x0000027afbf9de90 Thread added: 0x0000027ada023ec0
Event: 29.646 Thread 0x0000027ada023ec0 Thread exited: 0x0000027ada023ec0
Event: 64.424 Thread 0x0000027ad7fb72c0 Thread exited: 0x0000027ad7fb72c0
Event: 65.482 Thread 0x0000027afbf9de90 Thread added: 0x0000027ad6f23e60
Event: 65.634 Thread 0x0000027ad6f23e60 Thread exited: 0x0000027ad6f23e60
Event: 1321.654 Thread 0x0000027afbf922c0 Thread added: 0x0000027ad6f24c00
Event: 1325.851 Thread 0x0000027ad6f24c00 Thread exited: 0x0000027ad6f24c00


Dynamic libraries:
0x00007ff6a0810000 - 0x00007ff6a081e000 	C:\Users\HP\.jdks\openjdk-22.0.2\bin\java.exe
0x00007ff99be70000 - 0x00007ff99c087000 	C:\WINDOWS\SYSTEM32\ntdll.dll
0x00007ff99a8a0000 - 0x00007ff99a964000 	C:\WINDOWS\System32\KERNEL32.DLL
0x00007ff999310000 - 0x00007ff9996bd000 	C:\WINDOWS\System32\KERNELBASE.dll
0x00007ff9996c0000 - 0x00007ff9997d1000 	C:\WINDOWS\System32\ucrtbase.dll
0x00007ff994960000 - 0x00007ff99497b000 	C:\Users\HP\.jdks\openjdk-22.0.2\bin\VCRUNTIME140.dll
0x00007ff9948a0000 - 0x00007ff9948b7000 	C:\Users\HP\.jdks\openjdk-22.0.2\bin\jli.dll
0x00007ff99a1d0000 - 0x00007ff99a37e000 	C:\WINDOWS\System32\USER32.dll
0x00007ff999190000 - 0x00007ff9991b6000 	C:\WINDOWS\System32\win32u.dll
0x00007ff999ba0000 - 0x00007ff999bc9000 	C:\WINDOWS\System32\GDI32.dll
0x00007ff9997e0000 - 0x00007ff9998f9000 	C:\WINDOWS\System32\gdi32full.dll
0x00007ff9991f0000 - 0x00007ff99928a000 	C:\WINDOWS\System32\msvcp_win.dll
0x00007ff97bc60000 - 0x00007ff97bef3000 	C:\WINDOWS\WinSxS\amd64_microsoft.windows.common-controls_6595b64144ccf1df_6.0.22621.3672_none_2713b9d173822955\COMCTL32.dll
0x00007ff99b8f0000 - 0x00007ff99b997000 	C:\WINDOWS\System32\msvcrt.dll
0x00007ff99b9b0000 - 0x00007ff99b9e1000 	C:\WINDOWS\System32\IMM32.DLL
0x00007ff995ec0000 - 0x00007ff995ecc000 	C:\Users\HP\.jdks\openjdk-22.0.2\bin\vcruntime140_1.dll
0x00007ff981bf0000 - 0x00007ff981c7e000 	C:\Users\HP\.jdks\openjdk-22.0.2\bin\msvcp140.dll
0x00007ff9383c0000 - 0x00007ff939109000 	C:\Users\HP\.jdks\openjdk-22.0.2\bin\server\jvm.dll
0x00007ff99b1e0000 - 0x00007ff99b292000 	C:\WINDOWS\System32\ADVAPI32.dll
0x00007ff99a770000 - 0x00007ff99a819000 	C:\WINDOWS\System32\sechost.dll
0x00007ff9991c0000 - 0x00007ff9991e8000 	C:\WINDOWS\System32\bcrypt.dll
0x00007ff999bd0000 - 0x00007ff999ce4000 	C:\WINDOWS\System32\RPCRT4.dll
0x00007ff99b5e0000 - 0x00007ff99b651000 	C:\WINDOWS\System32\WS2_32.dll
0x00007ff999050000 - 0x00007ff99909d000 	C:\WINDOWS\SYSTEM32\POWRPROF.dll
0x00007ff9936e0000 - 0x00007ff993714000 	C:\WINDOWS\SYSTEM32\WINMM.dll
0x00007ff994730000 - 0x00007ff99473a000 	C:\WINDOWS\SYSTEM32\VERSION.dll
0x00007ff999030000 - 0x00007ff999043000 	C:\WINDOWS\SYSTEM32\UMPDC.dll
0x00007ff998120000 - 0x00007ff998138000 	C:\WINDOWS\SYSTEM32\kernel.appcore.dll
0x00007ff995ea0000 - 0x00007ff995eaa000 	C:\Users\HP\.jdks\openjdk-22.0.2\bin\jimage.dll
0x00007ff9969c0000 - 0x00007ff996bf2000 	C:\WINDOWS\SYSTEM32\DBGHELP.DLL
0x00007ff99baa0000 - 0x00007ff99be2d000 	C:\WINDOWS\System32\combase.dll
0x00007ff99b810000 - 0x00007ff99b8e7000 	C:\WINDOWS\System32\OLEAUT32.dll
0x00007ff974d60000 - 0x00007ff974d92000 	C:\WINDOWS\SYSTEM32\dbgcore.DLL
0x00007ff999290000 - 0x00007ff99930b000 	C:\WINDOWS\System32\bcryptPrimitives.dll
0x00007ff994950000 - 0x00007ff99495f000 	C:\Users\HP\.jdks\openjdk-22.0.2\bin\instrument.dll
0x00007ff994880000 - 0x00007ff99489e000 	C:\Users\HP\.jdks\openjdk-22.0.2\bin\java.dll
0x00007ff99a970000 - 0x00007ff99b1d8000 	C:\WINDOWS\System32\SHELL32.dll
0x00007ff99b660000 - 0x00007ff99b805000 	C:\WINDOWS\System32\ole32.dll
0x00007ff997090000 - 0x00007ff99798e000 	C:\WINDOWS\SYSTEM32\windows.storage.dll
0x00007ff996f50000 - 0x00007ff99708f000 	C:\WINDOWS\SYSTEM32\wintypes.dll
0x00007ff99a580000 - 0x00007ff99a679000 	C:\WINDOWS\System32\SHCORE.dll
0x00007ff99a520000 - 0x00007ff99a57e000 	C:\WINDOWS\System32\shlwapi.dll
0x00007ff9990c0000 - 0x00007ff9990e1000 	C:\WINDOWS\SYSTEM32\profapi.dll
0x00007ff96a3a0000 - 0x00007ff96a477000 	C:\Users\HP\.jdks\openjdk-22.0.2\bin\jsvml.dll
0x00007ff98a370000 - 0x00007ff98a387000 	C:\Users\HP\.jdks\openjdk-22.0.2\bin\zip.dll
0x00007ff994870000 - 0x00007ff994880000 	C:\Users\HP\.jdks\openjdk-22.0.2\bin\net.dll
0x00007ff9985e0000 - 0x00007ff998649000 	C:\WINDOWS\system32\mswsock.dll
0x00007ff98a660000 - 0x00007ff98a676000 	C:\Users\HP\.jdks\openjdk-22.0.2\bin\nio.dll
0x00007ff982170000 - 0x00007ff98218a000 	D:\IntelliJ IDEA Community Edition 2024.1.4\bin\breakgen64.dll
0x00007ff993810000 - 0x00007ff993819000 	C:\Users\HP\.jdks\openjdk-22.0.2\bin\extnet.dll
0x00007ff991340000 - 0x00007ff99134a000 	C:\Users\HP\.jdks\openjdk-22.0.2\bin\management.dll
0x00007ff990b60000 - 0x00007ff990b6b000 	C:\Users\HP\.jdks\openjdk-22.0.2\bin\management_ext.dll
0x00007ff99a380000 - 0x00007ff99a388000 	C:\WINDOWS\System32\PSAPI.DLL
0x00007ff9867b0000 - 0x00007ff9867bb000 	C:\Users\HP\.jdks\openjdk-22.0.2\bin\le.dll
0x00007ff98e0b0000 - 0x00007ff98e0be000 	C:\Users\HP\.jdks\openjdk-22.0.2\bin\sunmscapi.dll
0x00007ff9999c0000 - 0x00007ff999b27000 	C:\WINDOWS\System32\CRYPT32.dll
0x00007ff998a30000 - 0x00007ff998a5e000 	C:\WINDOWS\SYSTEM32\ncrypt.dll
0x00007ff9989f0000 - 0x00007ff998a27000 	C:\WINDOWS\SYSTEM32\NTASN1.dll
0x00007ff998810000 - 0x00007ff99882b000 	C:\WINDOWS\SYSTEM32\CRYPTSP.dll
0x00007ff9980e0000 - 0x00007ff998115000 	C:\WINDOWS\system32\rsaenh.dll
0x00007ff998690000 - 0x00007ff9986b8000 	C:\WINDOWS\SYSTEM32\USERENV.dll
0x00007ff998830000 - 0x00007ff99883c000 	C:\WINDOWS\SYSTEM32\CRYPTBASE.dll
0x00007ff997bf0000 - 0x00007ff997c1d000 	C:\WINDOWS\SYSTEM32\IPHLPAPI.DLL
0x00007ff99a390000 - 0x00007ff99a399000 	C:\WINDOWS\System32\NSI.dll
0x00007ff994900000 - 0x00007ff994919000 	C:\WINDOWS\SYSTEM32\dhcpcsvc6.DLL
0x00007ff994750000 - 0x00007ff99476f000 	C:\WINDOWS\SYSTEM32\dhcpcsvc.DLL
0x00007ff997c20000 - 0x00007ff997d18000 	C:\WINDOWS\SYSTEM32\DNSAPI.dll
0x00007ff9767e0000 - 0x00007ff9767e8000 	C:\WINDOWS\system32\wshunix.dll
0x00007ff9948f0000 - 0x00007ff9948fa000 	C:\Windows\System32\rasadhlp.dll
0x00007ff9917c0000 - 0x00007ff991843000 	C:\WINDOWS\System32\fwpuclnt.dll
0x00007ff9820e0000 - 0x00007ff9820f0000 	C:\Users\HP\.jdks\openjdk-22.0.2\bin\verify.dll

dbghelp: loaded successfully - version: 4.0.5 - missing functions: none
symbol engine: initialized successfully - sym options: 0x614 - pdb path: .;C:\Users\HP\.jdks\openjdk-22.0.2\bin;C:\WINDOWS\SYSTEM32;C:\WINDOWS\WinSxS\amd64_microsoft.windows.common-controls_6595b64144ccf1df_6.0.22621.3672_none_2713b9d173822955;C:\Users\HP\.jdks\openjdk-22.0.2\bin\server;D:\IntelliJ IDEA Community Edition 2024.1.4\bin

VM Arguments:
jvm_args: -javaagent:D:\IntelliJ IDEA Community Edition 2024.1.4\lib\idea_rt.jar=56152:D:\IntelliJ IDEA Community Edition 2024.1.4\bin -Dfile.encoding=UTF-8 -Dsun.stdout.encoding=UTF-8 -Dsun.stderr.encoding=UTF-8 
java_command: com.abcRestaurant.abcRestaurant.AbcRestaurantApplication
java_class_path (initial): C:\Users\HP\Desktop\ABCRestaurant\abc-restaurant-project\abcRestaurant\target\classes;C:\Users\HP\.m2\repository\org\springframework\boot\spring-boot-starter-data-mongodb\3.3.2\spring-boot-starter-data-mongodb-3.3.2.jar;C:\Users\HP\.m2\repository\org\springframework\boot\spring-boot-starter\3.3.2\spring-boot-starter-3.3.2.jar;C:\Users\HP\.m2\repository\org\springframework\boot\spring-boot-starter-logging\3.3.2\spring-boot-starter-logging-3.3.2.jar;C:\Users\HP\.m2\repository\ch\qos\logback\logback-classic\1.5.6\logback-classic-1.5.6.jar;C:\Users\HP\.m2\repository\ch\qos\logback\logback-core\1.5.6\logback-core-1.5.6.jar;C:\Users\HP\.m2\repository\org\apache\logging\log4j\log4j-to-slf4j\2.23.1\log4j-to-slf4j-2.23.1.jar;C:\Users\HP\.m2\repository\org\apache\logging\log4j\log4j-api\2.23.1\log4j-api-2.23.1.jar;C:\Users\HP\.m2\repository\org\slf4j\jul-to-slf4j\2.0.13\jul-to-slf4j-2.0.13.jar;C:\Users\HP\.m2\repository\jakarta\annotation\jakarta.annotation-api\2.1.1\jakarta.annotation-api-2.1.1.jar;C:\Users\HP\.m2\repository\org\yaml\snakeyaml\2.2\snakeyaml-2.2.jar;C:\Users\HP\.m2\repository\org\mongodb\mongodb-driver-sync\5.0.1\mongodb-driver-sync-5.0.1.jar;C:\Users\HP\.m2\repository\org\mongodb\bson\5.0.1\bson-5.0.1.jar;C:\Users\HP\.m2\repository\org\mongodb\mongodb-driver-core\5.0.1\mongodb-driver-core-5.0.1.jar;C:\Users\HP\.m2\repository\org\mongodb\bson-record-codec\5.0.1\bson-record-codec-5.0.1.jar;C:\Users\HP\.m2\repository\org\springframework\data\spring-data-mongodb\4.3.2\spring-data-mongodb-4.3.2.jar;C:\Users\HP\.m2\repository\org\springframework\spring-tx\6.1.11\spring-tx-6.1.11.jar;C:\Users\HP\.m2\repository\org\springframework\spring-context\6.1.11\spring-context-6.1.11.jar;C:\Users\HP\.m2\repository\org\springframework\spring-beans\6.1.11\spring-beans-6.1.11.jar;C:\Users\HP\.m2\repository\org\springframework\spring-expression\6.1.11\spring-expression-6.1.11.jar;C:\Users\HP\.m2\repository\org\springframework\data\spring-data-commons\3.3.2\spring-data-commons-3.3.2.jar;C:\Users\HP\.m2\repository\org\slf4j\slf4j-api\2.0.13\slf4j-api-2.0.13.jar;C:\Users\HP\.m2\repository\org\springframework\boot\spring-boot-starter-web\3.3.2\spring-boot-starter-web-3.3.2.jar;C:\Users\HP\.m2\repository\org\springframework\boot\spring-boot-starter-json\3.3.2\spring-boot-starter-json-3.3.2.jar;C:\Users\HP\.m2\repository\com\fasterxml\jackson\core\jackson-databind\2.17.2\jackson-databind-2.17.2.jar;C:\Users\HP\.m2\repository\com\fasterxml\jackson\core\jackson-annotations\2.17.2\jackson-annotations-2.17.2.jar;C:\Users\HP\.m2\repository\com\fasterxml\jackson\core\jackson-core\2.17.2\jackson-core-2.17.2.jar;C:\Users\HP\.m2\repository\com\fasterxml\jackson\datatype\jackson-datatype-jdk8\2.17.2\jackson-datatype-jdk8-2.17.2.jar;C:\Users\HP\.m2\repository\com\fasterxml\jackson\datatype\jackson-datatype-jsr310\2.17.2\jackson-datatype-jsr310-2.17.2.jar;C:\Users\HP\.m2\repository\com\fasterxml\jackson\module\jackson-module-parameter-names\2.17.2\jackson-module-parameter-names-2.17.2.jar;C:\Users\HP\.m2\repository\org\springframework\boot\spring-boot-starter-tomcat\3.3.2\spring-boot-starter-tomcat-3.3.2.jar;C:\Users\HP\.m2\repository\org\apache\tomcat\embed\tomcat-embed-core\10.1.26\tomcat-embed-core-10.1.26.jar;C:\Users\HP\.m2\repository\org\apache\tomcat\embed\tomcat-embed-el\10.1.26\tomcat-embed-el-10.1.26.jar;C:\Users\HP\.m2\repository\org\apache\tomcat\embed\tomcat-embed-websocket\10.1.26\tomcat-embed-websocket-10.1.26.jar;C:\Users\HP\.m2\repository\org\springframework\spring-web\6.1.11\spring-web-6.1.11.jar;C:\Users\HP\.m2\repository\io\micrometer\micrometer-observation\1.13.2\micrometer-observation-1.13.2.jar;C:\Users\HP\.m2\repository\io\micrometer\micrometer-commons\1.13.2\micrometer-commons-1.13.2.jar;C:\Users\HP\.m2\repository\org\springframework\spring-webmvc\6.1.11\spring-webmvc-6.1.11.jar;C:\Users\HP\.m2\repository\org\springframework\boot\spring-boot-devtools\3.3.2\spring-boot-devtools-3.3.2.jar;C:\Users\HP\.m2\repository\org\springframework\boot\spring-boot\3.3.2\spring-boot-3.3.2.jar;C:\Users\HP\.m2\repository\org\springframework\boot\spring-boot-autoconfigure\3.3.2\spring-boot-autoconfigure-3.3.2.jar;C:\Users\HP\.m2\repository\org\projectlombok\lombok\1.18.34\lombok-1.18.34.jar;C:\Users\HP\.m2\repository\jakarta\activation\jakarta.activation-api\2.1.3\jakarta.activation-api-2.1.3.jar;C:\Users\HP\.m2\repository\org\springframework\spring-core\6.1.11\spring-core-6.1.11.jar;C:\Users\HP\.m2\repository\org\springframework\spring-jcl\6.1.11\spring-jcl-6.1.11.jar;C:\Users\HP\.m2\repository\me\paulschwarz\spring-dotenv\2.5.4\spring-dotenv-2.5.4.jar;C:\Users\HP\.m2\repository\io\github\cdimascio\dotenv-java\2.2.3\dotenv-java-2.2.3.jar;C:\Users\HP\.m2\repository\org\springframework\boot\spring-boot-starter-mail\3.3.2\spring-boot-starter-mail-3.3.2.jar;C:\Users\HP\.m2\repository\org\springframework\spring-context-support\6.1.11\spring-context-support-6.1.11.jar;C:\Users\HP\.m2\repository\org\eclipse\angus\jakarta.mail\2.0.3\jakarta.mail-2.0.3.jar;C:\Users\HP\.m2\repository\org\eclipse\angus\angus-activation\2.0.2\angus-activation-2.0.2.jar;C:\Users\HP\.m2\repository\org\springframework\boot\spring-boot-starter-security\3.3.2\spring-boot-starter-security-3.3.2.jar;C:\Users\HP\.m2\repository\org\springframework\spring-aop\6.1.11\spring-aop-6.1.11.jar;C:\Users\HP\.m2\repository\org\springframework\security\spring-security-config\6.3.1\spring-security-config-6.3.1.jar;C:\Users\HP\.m2\repository\org\springframework\security\spring-security-core\6.3.1\spring-security-core-6.3.1.jar;C:\Users\HP\.m2\repository\org\springframework\security\spring-security-crypto\6.3.1\spring-security-crypto-6.3.1.jar;C:\Users\HP\.m2\repository\org\springframework\security\spring-security-web\6.3.1\spring-security-web-6.3.1.jar;C:\Users\HP\.m2\repository\io\jsonwebtoken\jjwt\0.12.6\jjwt-0.12.6.jar;C:\Users\HP\.m2\repository\io\jsonwebtoken\jjwt-api\0.12.6\jjwt-api-0.12.6.jar;C:\Users\HP\.m2\repository\io\jsonwebtoken\jjwt-impl\0.12.6\jjwt-impl-0.12.6.jar;C:\Users\HP\.m2\repository\io\jsonwebtoken\jjwt-jackson\0.12.6\jjwt-jackson-0.12.6.jar
Launcher Type: SUN_STANDARD

[Global flags]
     intx CICompilerCount                          = 4                                         {product} {ergonomic}
     uint ConcGCThreads                            = 2                                         {product} {ergonomic}
     uint G1ConcRefinementThreads                  = 8                                         {product} {ergonomic}
   size_t G1HeapRegionSize                         = 1048576                                   {product} {ergonomic}
   size_t InitialHeapSize                          = 132120576                                 {product} {ergonomic}
   size_t MarkStackSize                            = 4194304                                   {product} {ergonomic}
   size_t MaxHeapSize                              = 2084569088                                {product} {ergonomic}
   size_t MaxNewSize                               = 1249902592                                {product} {ergonomic}
   size_t MinHeapDeltaBytes                        = 1048576                                   {product} {ergonomic}
   size_t MinHeapSize                              = 8388608                                   {product} {ergonomic}
    uintx NonNMethodCodeHeapSize                   = 5839372                                {pd product} {ergonomic}
    uintx NonProfiledCodeHeapSize                  = 122909434                              {pd product} {ergonomic}
    uintx ProfiledCodeHeapSize                     = 122909434                              {pd product} {ergonomic}
    uintx ReservedCodeCacheSize                    = 251658240                              {pd product} {ergonomic}
     bool SegmentedCodeCache                       = true                                      {product} {ergonomic}
   size_t SoftMaxHeapSize                          = 2084569088                             {manageable} {ergonomic}
     bool UseCompressedOops                        = true                           {product lp64_product} {ergonomic}
     bool UseG1GC                                  = true                                      {product} {ergonomic}
     bool UseLargePagesIndividualAllocation        = false                                  {pd product} {ergonomic}

Logging:
Log output configuration:
 #0: stdout all=warning uptime,level,tags foldmultilines=false
 #1: stderr all=off uptime,level,tags foldmultilines=false

Environment Variables:
PATH=C:\Program Files\Common Files\Oracle\Java\javapath;C:\WINDOWS\system32;C:\WINDOWS;C:\WINDOWS\System32\Wbem;C:\WINDOWS\System32\WindowsPowerShell\v1.0\;C:\WINDOWS\System32\OpenSSH\;C:\ProgramData\chocolatey\bin;C:\Program Files\dotnet\;D:\Git\cmd;C:\Program Files\Microsoft SQL Server\150\Tools\Binn\;C:\Program Files\Microsoft SQL Server\130\Tools\Binn\;C:\Program Files\Microsoft SQL Server\Client SDK\ODBC\170\Tools\Binn\;C:\Program Files (x86)\Microsoft SQL Server\160\Tools\Binn\;C:\Program Files\Microsoft SQL Server\160\Tools\Binn\;C:\Program Files\Microsoft SQL Server\160\DTS\Binn\;C:\Program Files (x86)\Microsoft SQL Server\160\DTS\Binn\;C:\Program Files\Azure Data Studio\bin;C:\Program Files\nodejs\;C:\Users\HP\AppData\Local\Programs\Python\Python312\Scripts\;C:\Users\HP\AppData\Local\Programs\Python\Python312\;C:\Users\HP\AppData\Local\Programs\Python\Launcher\;C:\Users\HP\AppData\Local\Microsoft\WindowsApps;D:\Microsoft VS Code\bin;C:\Users\HP\AppData\Local\GitHubDesktop\bin;C:\Program Files\Azure Data Studio\bin;C:\Users\HP\AppData\Roaming\npm;D:\IntelliJ IDEA Community Edition 2024.1.4\bin;
USERNAME=HP
OS=Windows_NT
PROCESSOR_IDENTIFIER=Intel64 Family 6 Model 140 Stepping 1, GenuineIntel
TMP=C:\Users\HP\AppData\Local\Temp
TEMP=C:\Users\HP\AppData\Local\Temp




Periodic native trim disabled

---------------  S Y S T E M  ---------------

OS:
 Windows 11 , 64 bit Build 22621 (10.0.22621.3958)
OS uptime: 0 days 19:29 hours
Hyper-V role detected

CPU: total 8 (initial active 8) (4 cores per cpu, 2 threads per core) family 6 model 140 stepping 1 microcode 0xac, cx8, cmov, fxsr, ht, mmx, 3dnowpref, sse, sse2, sse3, ssse3, sse4.1, sse4.2, popcnt, lzcnt, tsc, tscinvbit, avx, avx2, aes, erms, clmul, bmi1, bmi2, adx, avx512f, avx512dq, avx512cd, avx512bw, avx512vl, sha, fma, vzeroupper, avx512_vpopcntdq, avx512_vpclmulqdq, avx512_vaes, avx512_vnni, clflush, clflushopt, clwb, avx512_vbmi2, avx512_vbmi, hv, rdtscp, rdpid, fsrm, gfni, avx512_bitalg, f16c, cet_ibt, cet_ss, avx512_ifma
Processor Information for all 8 processors :
  Max Mhz: 2419, Current Mhz: 2419, Mhz Limit: 2419

Memory: 4k page, system-wide physical 7948M (510M free)
TotalPageFile size 14092M (AvailPageFile size 3M)
current process WorkingSet (physical memory assigned to process): 205M, peak: 272M
current process commit charge ("private bytes"): 263M, peak: 311M

vm_info: OpenJDK 64-Bit Server VM (22.0.2+9-70) for windows-amd64 JRE (22.0.2+9-70), built on 2024-06-04T16:52:23Z by "mach5one" with MS VC++ 17.6 (VS2022)

END.
