#
# There is insufficient memory for the Java Runtime Environment to continue.
# Native memory allocation (malloc) failed to allocate 32744 bytes. Error detail: Chunk::new
# Possible reasons:
#   The system is out of physical RAM or swap space
#   This process is running with CompressedOops enabled, and the Java Heap may be blocking the growth of the native heap
# Possible solutions:
#   Reduce memory load on the system
#   Increase physical memory or swap space
#   Check if swap backing store is full
#   Decrease Java heap size (-Xmx/-Xms)
#   Decrease number of Java threads
#   Decrease Java thread stack sizes (-Xss)
#   Set larger code cache with -XX:ReservedCodeCacheSize=
#   JVM is running with Unscaled Compressed Oops mode in which the Java heap is
#     placed in the first 4GB address space. The Java Heap base address is the
#     maximum limit for the native heap growth. Please use -XX:HeapBaseMinAddress
#     to set the Java Heap base and to place the Java Heap above 4GB virtual address.
# This output file may be truncated or incomplete.
#
#  Out of Memory Error (arena.cpp:150), pid=1316, tid=15624
#
# JRE version: OpenJDK Runtime Environment (22.0.2+9) (build 22.0.2+9-70)
# Java VM: OpenJDK 64-Bit Server VM (22.0.2+9-70, mixed mode, sharing, tiered, compressed oops, compressed class ptrs, g1 gc, windows-amd64)
# No core dump will be written. Minidumps are not enabled by default on client versions of Windows
#

---------------  S U M M A R Y ------------

Command Line: -javaagent:D:\IntelliJ IDEA Community Edition 2024.1.4\lib\idea_rt.jar=56659:D:\IntelliJ IDEA Community Edition 2024.1.4\bin -Dfile.encoding=UTF-8 -Dsun.stdout.encoding=UTF-8 -Dsun.stderr.encoding=UTF-8 com.abcRestaurant.abcRestaurant.AbcRestaurantApplication

Host: 11th Gen Intel(R) Core(TM) i5-1135G7 @ 2.40GHz, 8 cores, 7G,  Windows 11 , 64 bit Build 22621 (10.0.22621.3672)
Time: Mon Aug  5 12:43:04 2024 Sri Lanka Standard Time elapsed time: 0.933989 seconds (0d 0h 0m 0s)

---------------  T H R E A D  ---------------

Current thread (0x0000019e04a2e710):  JavaThread "C2 CompilerThread1" daemon [_thread_in_vm, id=15624, stack(0x0000008720200000,0x0000008720300000) (1024K)]


Current CompileTask:
C2:934  834   !   4       jdk.internal.loader.URLClassPath$JarLoader::getResource (40 bytes)

Stack: [0x0000008720200000,0x0000008720300000]
Native frames: (J=compiled Java code, j=interpreted, Vv=VM code, C=native code)
V  [jvm.dll+0x6e26e9]  (no source info available)
V  [jvm.dll+0x875753]  (no source info available)
V  [jvm.dll+0x877b7e]  (no source info available)
V  [jvm.dll+0x878253]  (no source info available)
V  [jvm.dll+0x27fc86]  (no source info available)
V  [jvm.dll+0xc3d0f]  (no source info available)
V  [jvm.dll+0xc3f6b]  (no source info available)
V  [jvm.dll+0x1fa1b2]  (no source info available)
V  [jvm.dll+0x1fa8d6]  (no source info available)
V  [jvm.dll+0x1f44cf]  (no source info available)
V  [jvm.dll+0x138e19]  (no source info available)
V  [jvm.dll+0x1f2092]  (no source info available)
V  [jvm.dll+0x3019af]  (no source info available)
V  [jvm.dll+0x2fec0e]  (no source info available)
V  [jvm.dll+0x2ff944]  (no source info available)
V  [jvm.dll+0x248daf]  (no source info available)
V  [jvm.dll+0x246da6]  (no source info available)
V  [jvm.dll+0x1c4e80]  (no source info available)
V  [jvm.dll+0x2568f3]  (no source info available)
V  [jvm.dll+0x254baa]  (no source info available)
V  [jvm.dll+0x3f57a6]  (no source info available)
V  [jvm.dll+0x81dc0b]  (no source info available)
V  [jvm.dll+0x6e0d85]  (no source info available)
C  [ucrtbase.dll+0x29333]  (no source info available)
C  [KERNEL32.DLL+0x1257d]  (no source info available)
C  [ntdll.dll+0x5af28]  (no source info available)


---------------  P R O C E S S  ---------------

Threads class SMR info:
_java_thread_list=0x0000019e04988d70, length=13, elements={
0x0000019e6579b4b0, 0x0000019e041d2630, 0x0000019e041d3290, 0x0000019e041d4790,
0x0000019e041d5740, 0x0000019e041d8960, 0x0000019e041da3d0, 0x0000019e041e07a0,
0x0000019e041ec4e0, 0x0000019e0419e980, 0x0000019e046e03b0, 0x0000019e04729070,
0x0000019e04a2e710
}

Java Threads: ( => current thread )
  0x0000019e6579b4b0 JavaThread "main"                              [_thread_in_Java, id=8308, stack(0x000000871f100000,0x000000871f200000) (1024K)]
  0x0000019e041d2630 JavaThread "Reference Handler"          daemon [_thread_blocked, id=17424, stack(0x000000871f900000,0x000000871fa00000) (1024K)]
  0x0000019e041d3290 JavaThread "Finalizer"                  daemon [_thread_blocked, id=11792, stack(0x000000871fa00000,0x000000871fb00000) (1024K)]
  0x0000019e041d4790 JavaThread "Signal Dispatcher"          daemon [_thread_blocked, id=7228, stack(0x000000871fb00000,0x000000871fc00000) (1024K)]
  0x0000019e041d5740 JavaThread "Attach Listener"            daemon [_thread_blocked, id=6080, stack(0x000000871fc00000,0x000000871fd00000) (1024K)]
  0x0000019e041d8960 JavaThread "Service Thread"             daemon [_thread_blocked, id=10812, stack(0x000000871fd00000,0x000000871fe00000) (1024K)]
  0x0000019e041da3d0 JavaThread "Monitor Deflation Thread"   daemon [_thread_blocked, id=10244, stack(0x000000871fe00000,0x000000871ff00000) (1024K)]
  0x0000019e041e07a0 JavaThread "C2 CompilerThread0"         daemon [_thread_in_native, id=14544, stack(0x000000871ff00000,0x0000008720000000) (1024K)]
  0x0000019e041ec4e0 JavaThread "C1 CompilerThread0"         daemon [_thread_in_native, id=13364, stack(0x0000008720000000,0x0000008720100000) (1024K)]
  0x0000019e0419e980 JavaThread "Common-Cleaner"             daemon [_thread_blocked, id=13404, stack(0x0000008720100000,0x0000008720200000) (1024K)]
  0x0000019e046e03b0 JavaThread "Monitor Ctrl-Break"         daemon [_thread_in_native, id=10168, stack(0x0000008720300000,0x0000008720400000) (1024K)]
  0x0000019e04729070 JavaThread "Notification Thread"        daemon [_thread_blocked, id=8992, stack(0x0000008720400000,0x0000008720500000) (1024K)]
=>0x0000019e04a2e710 JavaThread "C2 CompilerThread1"         daemon [_thread_in_vm, id=15624, stack(0x0000008720200000,0x0000008720300000) (1024K)]
Total: 13

Other Threads:
  0x0000019e041b3080 VMThread "VM Thread"                           [id=9760, stack(0x000000871f800000,0x000000871f900000) (1024K)]
  0x0000019e0419da80 WatcherThread "VM Periodic Task Thread"        [id=14420, stack(0x000000871f700000,0x000000871f800000) (1024K)]
  0x0000019e679abc90 WorkerThread "GC Thread#0"                     [id=10272, stack(0x000000871f200000,0x000000871f300000) (1024K)]
  0x0000019e679bc6b0 ConcurrentGCThread "G1 Main Marker"            [id=8400, stack(0x000000871f300000,0x000000871f400000) (1024K)]
  0x0000019e679bd960 WorkerThread "G1 Conc#0"                       [id=2708, stack(0x000000871f400000,0x000000871f500000) (1024K)]
  0x0000019e0406c540 ConcurrentGCThread "G1 Refine#0"               [id=17912, stack(0x000000871f500000,0x000000871f600000) (1024K)]
  0x0000019e0406ced0 ConcurrentGCThread "G1 Service"                [id=12476, stack(0x000000871f600000,0x000000871f700000) (1024K)]
Total: 7

Threads with active compile tasks:
C2 CompilerThread0  1029  835       4       java.util.jar.JarFile::getEntry (35 bytes)
C1 CompilerThread0  1029  937       3       java.util.zip.InflaterInputStream::<init> (70 bytes)
C2 CompilerThread1  1029  834   !   4       jdk.internal.loader.URLClassPath$JarLoader::getResource (40 bytes)
Total: 3

VM state: not at safepoint (normal execution)

VM Mutex/Monitor currently owned by a thread: None

Heap address: 0x0000000083c00000, size: 1988 MB, Compressed Oops mode: 32-bit

CDS archive(s) mapped at: [0x0000019e05000000-0x0000019e05c60000-0x0000019e05c60000), size 12976128, SharedBaseAddress: 0x0000019e05000000, ArchiveRelocationMode: 1.
Compressed class space mapped at: 0x0000019e06000000-0x0000019e46000000, reserved size: 1073741824
Narrow klass base: 0x0000019e05000000, Narrow klass shift: 0, Narrow klass range: 0x41000000

GC Precious Log:
 CardTable entry size: 512
 Card Set container configuration: InlinePtr #cards 5 size 8 Array Of Cards #cards 12 size 40 Howl #buckets 4 coarsen threshold 1843 Howl Bitmap #cards 512 size 80 coarsen threshold 460 Card regions per heap region 1 cards per card region 2048
 CPUs: 8 total, 8 available
 Memory: 7948M
 Large Page Support: Disabled
 NUMA Support: Disabled
 Compressed Oops: Enabled (32-bit)
 Heap Region Size: 1M
 Heap Min Capacity: 8M
 Heap Initial Capacity: 126M
 Heap Max Capacity: 1988M
 Pre-touch: Disabled
 Parallel Workers: 8
 Concurrent Workers: 2
 Concurrent Refinement Workers: 8
 Periodic GC: Disabled

Heap:
 garbage-first heap   total reserved 2035712K, committed 129024K, used 12288K [0x0000000083c00000, 0x0000000100000000)
  region size 1024K, 14 young (14336K), 0 survivors (0K)
 Metaspace       used 4119K, committed 4352K, reserved 1114112K
  class space    used 451K, committed 576K, reserved 1048576K

Heap Regions: E=young(eden), S=young(survivor), O=old, HS=humongous(starts), HC=humongous(continues), CS=collection set, F=free, TAMS=top-at-mark-start, PB=parsable bottom
|   0|0x0000000083c00000, 0x0000000083c00000, 0x0000000083d00000|  0%| F|  |TAMS 0x0000000083c00000| PB 0x0000000083c00000| Untracked |  0
|   1|0x0000000083d00000, 0x0000000083d00000, 0x0000000083e00000|  0%| F|  |TAMS 0x0000000083d00000| PB 0x0000000083d00000| Untracked |  0
|   2|0x0000000083e00000, 0x0000000083e00000, 0x0000000083f00000|  0%| F|  |TAMS 0x0000000083e00000| PB 0x0000000083e00000| Untracked |  0
|   3|0x0000000083f00000, 0x0000000083f00000, 0x0000000084000000|  0%| F|  |TAMS 0x0000000083f00000| PB 0x0000000083f00000| Untracked |  0
|   4|0x0000000084000000, 0x0000000084000000, 0x0000000084100000|  0%| F|  |TAMS 0x0000000084000000| PB 0x0000000084000000| Untracked |  0
|   5|0x0000000084100000, 0x0000000084100000, 0x0000000084200000|  0%| F|  |TAMS 0x0000000084100000| PB 0x0000000084100000| Untracked |  0
|   6|0x0000000084200000, 0x0000000084200000, 0x0000000084300000|  0%| F|  |TAMS 0x0000000084200000| PB 0x0000000084200000| Untracked |  0
|   7|0x0000000084300000, 0x0000000084300000, 0x0000000084400000|  0%| F|  |TAMS 0x0000000084300000| PB 0x0000000084300000| Untracked |  0
|   8|0x0000000084400000, 0x0000000084400000, 0x0000000084500000|  0%| F|  |TAMS 0x0000000084400000| PB 0x0000000084400000| Untracked |  0
|   9|0x0000000084500000, 0x0000000084500000, 0x0000000084600000|  0%| F|  |TAMS 0x0000000084500000| PB 0x0000000084500000| Untracked |  0
|  10|0x0000000084600000, 0x0000000084600000, 0x0000000084700000|  0%| F|  |TAMS 0x0000000084600000| PB 0x0000000084600000| Untracked |  0
|  11|0x0000000084700000, 0x0000000084700000, 0x0000000084800000|  0%| F|  |TAMS 0x0000000084700000| PB 0x0000000084700000| Untracked |  0
|  12|0x0000000084800000, 0x0000000084800000, 0x0000000084900000|  0%| F|  |TAMS 0x0000000084800000| PB 0x0000000084800000| Untracked |  0
|  13|0x0000000084900000, 0x0000000084900000, 0x0000000084a00000|  0%| F|  |TAMS 0x0000000084900000| PB 0x0000000084900000| Untracked |  0
|  14|0x0000000084a00000, 0x0000000084a00000, 0x0000000084b00000|  0%| F|  |TAMS 0x0000000084a00000| PB 0x0000000084a00000| Untracked |  0
|  15|0x0000000084b00000, 0x0000000084b00000, 0x0000000084c00000|  0%| F|  |TAMS 0x0000000084b00000| PB 0x0000000084b00000| Untracked |  0
|  16|0x0000000084c00000, 0x0000000084c00000, 0x0000000084d00000|  0%| F|  |TAMS 0x0000000084c00000| PB 0x0000000084c00000| Untracked |  0
|  17|0x0000000084d00000, 0x0000000084d00000, 0x0000000084e00000|  0%| F|  |TAMS 0x0000000084d00000| PB 0x0000000084d00000| Untracked |  0
|  18|0x0000000084e00000, 0x0000000084e00000, 0x0000000084f00000|  0%| F|  |TAMS 0x0000000084e00000| PB 0x0000000084e00000| Untracked |  0
|  19|0x0000000084f00000, 0x0000000084f00000, 0x0000000085000000|  0%| F|  |TAMS 0x0000000084f00000| PB 0x0000000084f00000| Untracked |  0
|  20|0x0000000085000000, 0x0000000085000000, 0x0000000085100000|  0%| F|  |TAMS 0x0000000085000000| PB 0x0000000085000000| Untracked |  0
|  21|0x0000000085100000, 0x0000000085100000, 0x0000000085200000|  0%| F|  |TAMS 0x0000000085100000| PB 0x0000000085100000| Untracked |  0
|  22|0x0000000085200000, 0x0000000085200000, 0x0000000085300000|  0%| F|  |TAMS 0x0000000085200000| PB 0x0000000085200000| Untracked |  0
|  23|0x0000000085300000, 0x0000000085300000, 0x0000000085400000|  0%| F|  |TAMS 0x0000000085300000| PB 0x0000000085300000| Untracked |  0
|  24|0x0000000085400000, 0x0000000085400000, 0x0000000085500000|  0%| F|  |TAMS 0x0000000085400000| PB 0x0000000085400000| Untracked |  0
|  25|0x0000000085500000, 0x0000000085500000, 0x0000000085600000|  0%| F|  |TAMS 0x0000000085500000| PB 0x0000000085500000| Untracked |  0
|  26|0x0000000085600000, 0x0000000085600000, 0x0000000085700000|  0%| F|  |TAMS 0x0000000085600000| PB 0x0000000085600000| Untracked |  0
|  27|0x0000000085700000, 0x0000000085700000, 0x0000000085800000|  0%| F|  |TAMS 0x0000000085700000| PB 0x0000000085700000| Untracked |  0
|  28|0x0000000085800000, 0x0000000085800000, 0x0000000085900000|  0%| F|  |TAMS 0x0000000085800000| PB 0x0000000085800000| Untracked |  0
|  29|0x0000000085900000, 0x0000000085900000, 0x0000000085a00000|  0%| F|  |TAMS 0x0000000085900000| PB 0x0000000085900000| Untracked |  0
|  30|0x0000000085a00000, 0x0000000085a00000, 0x0000000085b00000|  0%| F|  |TAMS 0x0000000085a00000| PB 0x0000000085a00000| Untracked |  0
|  31|0x0000000085b00000, 0x0000000085b00000, 0x0000000085c00000|  0%| F|  |TAMS 0x0000000085b00000| PB 0x0000000085b00000| Untracked |  0
|  32|0x0000000085c00000, 0x0000000085c00000, 0x0000000085d00000|  0%| F|  |TAMS 0x0000000085c00000| PB 0x0000000085c00000| Untracked |  0
|  33|0x0000000085d00000, 0x0000000085d00000, 0x0000000085e00000|  0%| F|  |TAMS 0x0000000085d00000| PB 0x0000000085d00000| Untracked |  0
|  34|0x0000000085e00000, 0x0000000085e00000, 0x0000000085f00000|  0%| F|  |TAMS 0x0000000085e00000| PB 0x0000000085e00000| Untracked |  0
|  35|0x0000000085f00000, 0x0000000085f00000, 0x0000000086000000|  0%| F|  |TAMS 0x0000000085f00000| PB 0x0000000085f00000| Untracked |  0
|  36|0x0000000086000000, 0x0000000086000000, 0x0000000086100000|  0%| F|  |TAMS 0x0000000086000000| PB 0x0000000086000000| Untracked |  0
|  37|0x0000000086100000, 0x0000000086100000, 0x0000000086200000|  0%| F|  |TAMS 0x0000000086100000| PB 0x0000000086100000| Untracked |  0
|  38|0x0000000086200000, 0x0000000086200000, 0x0000000086300000|  0%| F|  |TAMS 0x0000000086200000| PB 0x0000000086200000| Untracked |  0
|  39|0x0000000086300000, 0x0000000086300000, 0x0000000086400000|  0%| F|  |TAMS 0x0000000086300000| PB 0x0000000086300000| Untracked |  0
|  40|0x0000000086400000, 0x0000000086400000, 0x0000000086500000|  0%| F|  |TAMS 0x0000000086400000| PB 0x0000000086400000| Untracked |  0
|  41|0x0000000086500000, 0x0000000086500000, 0x0000000086600000|  0%| F|  |TAMS 0x0000000086500000| PB 0x0000000086500000| Untracked |  0
|  42|0x0000000086600000, 0x0000000086600000, 0x0000000086700000|  0%| F|  |TAMS 0x0000000086600000| PB 0x0000000086600000| Untracked |  0
|  43|0x0000000086700000, 0x0000000086700000, 0x0000000086800000|  0%| F|  |TAMS 0x0000000086700000| PB 0x0000000086700000| Untracked |  0
|  44|0x0000000086800000, 0x0000000086800000, 0x0000000086900000|  0%| F|  |TAMS 0x0000000086800000| PB 0x0000000086800000| Untracked |  0
|  45|0x0000000086900000, 0x0000000086900000, 0x0000000086a00000|  0%| F|  |TAMS 0x0000000086900000| PB 0x0000000086900000| Untracked |  0
|  46|0x0000000086a00000, 0x0000000086a00000, 0x0000000086b00000|  0%| F|  |TAMS 0x0000000086a00000| PB 0x0000000086a00000| Untracked |  0
|  47|0x0000000086b00000, 0x0000000086b00000, 0x0000000086c00000|  0%| F|  |TAMS 0x0000000086b00000| PB 0x0000000086b00000| Untracked |  0
|  48|0x0000000086c00000, 0x0000000086c00000, 0x0000000086d00000|  0%| F|  |TAMS 0x0000000086c00000| PB 0x0000000086c00000| Untracked |  0
|  49|0x0000000086d00000, 0x0000000086d00000, 0x0000000086e00000|  0%| F|  |TAMS 0x0000000086d00000| PB 0x0000000086d00000| Untracked |  0
|  50|0x0000000086e00000, 0x0000000086e00000, 0x0000000086f00000|  0%| F|  |TAMS 0x0000000086e00000| PB 0x0000000086e00000| Untracked |  0
|  51|0x0000000086f00000, 0x0000000086f00000, 0x0000000087000000|  0%| F|  |TAMS 0x0000000086f00000| PB 0x0000000086f00000| Untracked |  0
|  52|0x0000000087000000, 0x0000000087000000, 0x0000000087100000|  0%| F|  |TAMS 0x0000000087000000| PB 0x0000000087000000| Untracked |  0
|  53|0x0000000087100000, 0x0000000087100000, 0x0000000087200000|  0%| F|  |TAMS 0x0000000087100000| PB 0x0000000087100000| Untracked |  0
|  54|0x0000000087200000, 0x0000000087200000, 0x0000000087300000|  0%| F|  |TAMS 0x0000000087200000| PB 0x0000000087200000| Untracked |  0
|  55|0x0000000087300000, 0x0000000087300000, 0x0000000087400000|  0%| F|  |TAMS 0x0000000087300000| PB 0x0000000087300000| Untracked |  0
|  56|0x0000000087400000, 0x0000000087400000, 0x0000000087500000|  0%| F|  |TAMS 0x0000000087400000| PB 0x0000000087400000| Untracked |  0
|  57|0x0000000087500000, 0x0000000087500000, 0x0000000087600000|  0%| F|  |TAMS 0x0000000087500000| PB 0x0000000087500000| Untracked |  0
|  58|0x0000000087600000, 0x0000000087600000, 0x0000000087700000|  0%| F|  |TAMS 0x0000000087600000| PB 0x0000000087600000| Untracked |  0
|  59|0x0000000087700000, 0x0000000087700000, 0x0000000087800000|  0%| F|  |TAMS 0x0000000087700000| PB 0x0000000087700000| Untracked |  0
|  60|0x0000000087800000, 0x0000000087800000, 0x0000000087900000|  0%| F|  |TAMS 0x0000000087800000| PB 0x0000000087800000| Untracked |  0
|  61|0x0000000087900000, 0x0000000087900000, 0x0000000087a00000|  0%| F|  |TAMS 0x0000000087900000| PB 0x0000000087900000| Untracked |  0
|  62|0x0000000087a00000, 0x0000000087a00000, 0x0000000087b00000|  0%| F|  |TAMS 0x0000000087a00000| PB 0x0000000087a00000| Untracked |  0
|  63|0x0000000087b00000, 0x0000000087b00000, 0x0000000087c00000|  0%| F|  |TAMS 0x0000000087b00000| PB 0x0000000087b00000| Untracked |  0
|  64|0x0000000087c00000, 0x0000000087c00000, 0x0000000087d00000|  0%| F|  |TAMS 0x0000000087c00000| PB 0x0000000087c00000| Untracked |  0
|  65|0x0000000087d00000, 0x0000000087d00000, 0x0000000087e00000|  0%| F|  |TAMS 0x0000000087d00000| PB 0x0000000087d00000| Untracked |  0
|  66|0x0000000087e00000, 0x0000000087e00000, 0x0000000087f00000|  0%| F|  |TAMS 0x0000000087e00000| PB 0x0000000087e00000| Untracked |  0
|  67|0x0000000087f00000, 0x0000000087f00000, 0x0000000088000000|  0%| F|  |TAMS 0x0000000087f00000| PB 0x0000000087f00000| Untracked |  0
|  68|0x0000000088000000, 0x0000000088000000, 0x0000000088100000|  0%| F|  |TAMS 0x0000000088000000| PB 0x0000000088000000| Untracked |  0
|  69|0x0000000088100000, 0x0000000088100000, 0x0000000088200000|  0%| F|  |TAMS 0x0000000088100000| PB 0x0000000088100000| Untracked |  0
|  70|0x0000000088200000, 0x0000000088200000, 0x0000000088300000|  0%| F|  |TAMS 0x0000000088200000| PB 0x0000000088200000| Untracked |  0
|  71|0x0000000088300000, 0x0000000088300000, 0x0000000088400000|  0%| F|  |TAMS 0x0000000088300000| PB 0x0000000088300000| Untracked |  0
|  72|0x0000000088400000, 0x0000000088400000, 0x0000000088500000|  0%| F|  |TAMS 0x0000000088400000| PB 0x0000000088400000| Untracked |  0
|  73|0x0000000088500000, 0x0000000088500000, 0x0000000088600000|  0%| F|  |TAMS 0x0000000088500000| PB 0x0000000088500000| Untracked |  0
|  74|0x0000000088600000, 0x0000000088600000, 0x0000000088700000|  0%| F|  |TAMS 0x0000000088600000| PB 0x0000000088600000| Untracked |  0
|  75|0x0000000088700000, 0x0000000088700000, 0x0000000088800000|  0%| F|  |TAMS 0x0000000088700000| PB 0x0000000088700000| Untracked |  0
|  76|0x0000000088800000, 0x0000000088800000, 0x0000000088900000|  0%| F|  |TAMS 0x0000000088800000| PB 0x0000000088800000| Untracked |  0
|  77|0x0000000088900000, 0x0000000088900000, 0x0000000088a00000|  0%| F|  |TAMS 0x0000000088900000| PB 0x0000000088900000| Untracked |  0
|  78|0x0000000088a00000, 0x0000000088a00000, 0x0000000088b00000|  0%| F|  |TAMS 0x0000000088a00000| PB 0x0000000088a00000| Untracked |  0
|  79|0x0000000088b00000, 0x0000000088b00000, 0x0000000088c00000|  0%| F|  |TAMS 0x0000000088b00000| PB 0x0000000088b00000| Untracked |  0
|  80|0x0000000088c00000, 0x0000000088c00000, 0x0000000088d00000|  0%| F|  |TAMS 0x0000000088c00000| PB 0x0000000088c00000| Untracked |  0
|  81|0x0000000088d00000, 0x0000000088d00000, 0x0000000088e00000|  0%| F|  |TAMS 0x0000000088d00000| PB 0x0000000088d00000| Untracked |  0
|  82|0x0000000088e00000, 0x0000000088e00000, 0x0000000088f00000|  0%| F|  |TAMS 0x0000000088e00000| PB 0x0000000088e00000| Untracked |  0
|  83|0x0000000088f00000, 0x0000000088f00000, 0x0000000089000000|  0%| F|  |TAMS 0x0000000088f00000| PB 0x0000000088f00000| Untracked |  0
|  84|0x0000000089000000, 0x0000000089000000, 0x0000000089100000|  0%| F|  |TAMS 0x0000000089000000| PB 0x0000000089000000| Untracked |  0
|  85|0x0000000089100000, 0x0000000089100000, 0x0000000089200000|  0%| F|  |TAMS 0x0000000089100000| PB 0x0000000089100000| Untracked |  0
|  86|0x0000000089200000, 0x0000000089200000, 0x0000000089300000|  0%| F|  |TAMS 0x0000000089200000| PB 0x0000000089200000| Untracked |  0
|  87|0x0000000089300000, 0x0000000089300000, 0x0000000089400000|  0%| F|  |TAMS 0x0000000089300000| PB 0x0000000089300000| Untracked |  0
|  88|0x0000000089400000, 0x0000000089400000, 0x0000000089500000|  0%| F|  |TAMS 0x0000000089400000| PB 0x0000000089400000| Untracked |  0
|  89|0x0000000089500000, 0x0000000089500000, 0x0000000089600000|  0%| F|  |TAMS 0x0000000089500000| PB 0x0000000089500000| Untracked |  0
|  90|0x0000000089600000, 0x0000000089600000, 0x0000000089700000|  0%| F|  |TAMS 0x0000000089600000| PB 0x0000000089600000| Untracked |  0
|  91|0x0000000089700000, 0x0000000089700000, 0x0000000089800000|  0%| F|  |TAMS 0x0000000089700000| PB 0x0000000089700000| Untracked |  0
|  92|0x0000000089800000, 0x0000000089800000, 0x0000000089900000|  0%| F|  |TAMS 0x0000000089800000| PB 0x0000000089800000| Untracked |  0
|  93|0x0000000089900000, 0x0000000089900000, 0x0000000089a00000|  0%| F|  |TAMS 0x0000000089900000| PB 0x0000000089900000| Untracked |  0
|  94|0x0000000089a00000, 0x0000000089a00000, 0x0000000089b00000|  0%| F|  |TAMS 0x0000000089a00000| PB 0x0000000089a00000| Untracked |  0
|  95|0x0000000089b00000, 0x0000000089b00000, 0x0000000089c00000|  0%| F|  |TAMS 0x0000000089b00000| PB 0x0000000089b00000| Untracked |  0
|  96|0x0000000089c00000, 0x0000000089c00000, 0x0000000089d00000|  0%| F|  |TAMS 0x0000000089c00000| PB 0x0000000089c00000| Untracked |  0
|  97|0x0000000089d00000, 0x0000000089d00000, 0x0000000089e00000|  0%| F|  |TAMS 0x0000000089d00000| PB 0x0000000089d00000| Untracked |  0
|  98|0x0000000089e00000, 0x0000000089e00000, 0x0000000089f00000|  0%| F|  |TAMS 0x0000000089e00000| PB 0x0000000089e00000| Untracked |  0
|  99|0x0000000089f00000, 0x0000000089f00000, 0x000000008a000000|  0%| F|  |TAMS 0x0000000089f00000| PB 0x0000000089f00000| Untracked |  0
| 100|0x000000008a000000, 0x000000008a000000, 0x000000008a100000|  0%| F|  |TAMS 0x000000008a000000| PB 0x000000008a000000| Untracked |  0
| 101|0x000000008a100000, 0x000000008a100000, 0x000000008a200000|  0%| F|  |TAMS 0x000000008a100000| PB 0x000000008a100000| Untracked |  0
| 102|0x000000008a200000, 0x000000008a200000, 0x000000008a300000|  0%| F|  |TAMS 0x000000008a200000| PB 0x000000008a200000| Untracked |  0
| 103|0x000000008a300000, 0x000000008a300000, 0x000000008a400000|  0%| F|  |TAMS 0x000000008a300000| PB 0x000000008a300000| Untracked |  0
| 104|0x000000008a400000, 0x000000008a400000, 0x000000008a500000|  0%| F|  |TAMS 0x000000008a400000| PB 0x000000008a400000| Untracked |  0
| 105|0x000000008a500000, 0x000000008a500000, 0x000000008a600000|  0%| F|  |TAMS 0x000000008a500000| PB 0x000000008a500000| Untracked |  0
| 106|0x000000008a600000, 0x000000008a600000, 0x000000008a700000|  0%| F|  |TAMS 0x000000008a600000| PB 0x000000008a600000| Untracked |  0
| 107|0x000000008a700000, 0x000000008a700000, 0x000000008a800000|  0%| F|  |TAMS 0x000000008a700000| PB 0x000000008a700000| Untracked |  0
| 108|0x000000008a800000, 0x000000008a800000, 0x000000008a900000|  0%| F|  |TAMS 0x000000008a800000| PB 0x000000008a800000| Untracked |  0
| 109|0x000000008a900000, 0x000000008a900000, 0x000000008aa00000|  0%| F|  |TAMS 0x000000008a900000| PB 0x000000008a900000| Untracked |  0
| 110|0x000000008aa00000, 0x000000008aa00000, 0x000000008ab00000|  0%| F|  |TAMS 0x000000008aa00000| PB 0x000000008aa00000| Untracked |  0
| 111|0x000000008ab00000, 0x000000008ab00000, 0x000000008ac00000|  0%| F|  |TAMS 0x000000008ab00000| PB 0x000000008ab00000| Untracked |  0
| 112|0x000000008ac00000, 0x000000008acf5d10, 0x000000008ad00000| 96%| E|  |TAMS 0x000000008ac00000| PB 0x000000008ac00000| Complete |  0
| 113|0x000000008ad00000, 0x000000008ae00000, 0x000000008ae00000|100%| E|CS|TAMS 0x000000008ad00000| PB 0x000000008ad00000| Complete |  0
| 114|0x000000008ae00000, 0x000000008af00000, 0x000000008af00000|100%| E|CS|TAMS 0x000000008ae00000| PB 0x000000008ae00000| Complete |  0
| 115|0x000000008af00000, 0x000000008b000000, 0x000000008b000000|100%| E|CS|TAMS 0x000000008af00000| PB 0x000000008af00000| Complete |  0
| 116|0x000000008b000000, 0x000000008b100000, 0x000000008b100000|100%| E|CS|TAMS 0x000000008b000000| PB 0x000000008b000000| Complete |  0
| 117|0x000000008b100000, 0x000000008b200000, 0x000000008b200000|100%| E|CS|TAMS 0x000000008b100000| PB 0x000000008b100000| Complete |  0
| 118|0x000000008b200000, 0x000000008b300000, 0x000000008b300000|100%| E|CS|TAMS 0x000000008b200000| PB 0x000000008b200000| Complete |  0
| 119|0x000000008b300000, 0x000000008b400000, 0x000000008b400000|100%| E|  |TAMS 0x000000008b300000| PB 0x000000008b300000| Complete |  0
| 120|0x000000008b400000, 0x000000008b500000, 0x000000008b500000|100%| E|CS|TAMS 0x000000008b400000| PB 0x000000008b400000| Complete |  0
| 121|0x000000008b500000, 0x000000008b600000, 0x000000008b600000|100%| E|CS|TAMS 0x000000008b500000| PB 0x000000008b500000| Complete |  0
| 122|0x000000008b600000, 0x000000008b700000, 0x000000008b700000|100%| E|CS|TAMS 0x000000008b600000| PB 0x000000008b600000| Complete |  0
| 123|0x000000008b700000, 0x000000008b800000, 0x000000008b800000|100%| E|CS|TAMS 0x000000008b700000| PB 0x000000008b700000| Complete |  0
| 124|0x000000008b800000, 0x000000008b900000, 0x000000008b900000|100%| E|CS|TAMS 0x000000008b800000| PB 0x000000008b800000| Complete |  0
| 125|0x000000008b900000, 0x000000008ba00000, 0x000000008ba00000|100%| E|CS|TAMS 0x000000008b900000| PB 0x000000008b900000| Complete |  0

Card table byte_map: [0x0000019e7f3b0000,0x0000019e7f7a0000] _byte_map_base: 0x0000019e7ef92000

Marking Bits: (CMBitMap*) 0x0000019e679ac3a0
 Bits: [0x0000019e00000000, 0x0000019e01f10000)

Polling page: 0x0000019e67110000

Metaspace:

Usage:
  Non-class:      3.60 MB used.
      Class:    456.49 KB used.
       Both:      4.05 MB used.

Virtual space:
  Non-class space:       64.00 MB reserved,       3.75 MB (  6%) committed,  1 nodes.
      Class space:        1.00 GB reserved,     576.00 KB ( <1%) committed,  1 nodes.
             Both:        1.06 GB reserved,       4.31 MB ( <1%) committed. 

Chunk freelists:
   Non-Class:  10.47 MB
       Class:  15.47 MB
        Both:  25.94 MB

MaxMetaspaceSize: unlimited
CompressedClassSpaceSize: 1.00 GB
Initial GC threshold: 21.00 MB
Current GC threshold: 21.00 MB
CDS: on
 - commit_granule_bytes: 65536.
 - commit_granule_words: 8192.
 - virtual_space_node_default_size: 8388608.
 - enlarge_chunks_in_place: 1.
 - use_allocation_guard: 0.


Internal statistics:

num_allocs_failed_limit: 0.
num_arena_births: 128.
num_arena_deaths: 0.
num_vsnodes_births: 2.
num_vsnodes_deaths: 0.
num_space_committed: 69.
num_space_uncommitted: 0.
num_chunks_returned_to_freelist: 0.
num_chunks_taken_from_freelist: 261.
num_chunk_merges: 0.
num_chunk_splits: 145.
num_chunks_enlarged: 62.
num_inconsistent_stats: 0.

CodeHeap 'non-profiled nmethods': size=120000Kb used=325Kb max_used=325Kb free=119674Kb
 bounds [0x0000019e77760000, 0x0000019e779d0000, 0x0000019e7ec90000]
CodeHeap 'profiled nmethods': size=120000Kb used=1566Kb max_used=1566Kb free=118433Kb
 bounds [0x0000019e6fc90000, 0x0000019e6ff00000, 0x0000019e771c0000]
CodeHeap 'non-nmethods': size=5760Kb used=1506Kb max_used=1521Kb free=4254Kb
 bounds [0x0000019e771c0000, 0x0000019e77430000, 0x0000019e77760000]
 total_blobs=1405 nmethods=935 adapters=375
 compilation: enabled
              stopped_count=0, restarted_count=0
 full_count=0

Compilation events (20 events):
Event: 0.911 Thread 0x0000019e041ec4e0  821       3       java.lang.reflect.Modifier::isProtected (12 bytes)
Event: 0.911 Thread 0x0000019e041ec4e0 nmethod 821 0x0000019e6fdceb90 code [0x0000019e6fdced20, 0x0000019e6fdcee60]
Event: 0.911 Thread 0x0000019e041ec4e0  822       3       java.lang.invoke.MethodType::basicType (8 bytes)
Event: 0.911 Thread 0x0000019e041ec4e0 nmethod 822 0x0000019e6fdcef10 code [0x0000019e6fdcf0a0, 0x0000019e6fdcf1d0]
Event: 0.912 Thread 0x0000019e041ec4e0  823       3       java.lang.invoke.LambdaForm::uncustomize (57 bytes)
Event: 0.912 Thread 0x0000019e041ec4e0 nmethod 823 0x0000019e6fdcf290 code [0x0000019e6fdcf440, 0x0000019e6fdcf730]
Event: 0.913 Thread 0x0000019e04a2e710 nmethod 803 0x0000019e777ab790 code [0x0000019e777ab960, 0x0000019e777ac0f8]
Event: 0.915 Thread 0x0000019e041ec4e0  825       1       java.util.stream.AbstractPipeline::getStreamAndOpFlags (5 bytes)
Event: 0.915 Thread 0x0000019e041ec4e0 nmethod 825 0x0000019e777ac510 code [0x0000019e777ac6a0, 0x0000019e777ac768]
Event: 0.915 Thread 0x0000019e041ec4e0  826       3       java.util.stream.AbstractPipeline::isParallel (8 bytes)
Event: 0.915 Thread 0x0000019e041ec4e0 nmethod 826 0x0000019e6fdcf810 code [0x0000019e6fdcf9a0, 0x0000019e6fdcfab8]
Event: 0.915 Thread 0x0000019e041ec4e0  827       3       java.util.stream.PipelineHelper::<init> (5 bytes)
Event: 0.915 Thread 0x0000019e041ec4e0 nmethod 827 0x0000019e6fdcfb90 code [0x0000019e6fdcfd20, 0x0000019e6fdcfe88]
Event: 0.918 Thread 0x0000019e04a2e710  828  s!   4       jdk.internal.loader.URLClassPath::getLoader (194 bytes)
Event: 0.918 Thread 0x0000019e041e07a0  829   !   4       jdk.internal.loader.URLClassPath$JarLoader::ensureOpen (36 bytes)
Event: 0.919 Thread 0x0000019e041e07a0 nmethod 829 0x0000019e777ac810 code [0x0000019e777ac980, 0x0000019e777aca28]
Event: 0.921 Thread 0x0000019e041ec4e0  830       3       java.net.URLStreamHandler::parseURL (1124 bytes)
Event: 0.922 Thread 0x0000019e04a2e710 nmethod 828 0x0000019e777acb10 code [0x0000019e777acce0, 0x0000019e777ad360]
Event: 0.924 Thread 0x0000019e04a2e710  834   !   4       jdk.internal.loader.URLClassPath$JarLoader::getResource (40 bytes)
Event: 0.925 Thread 0x0000019e041e07a0  835       4       java.util.jar.JarFile::getEntry (35 bytes)

GC Heap History (0 events):
No events

Dll operation events (10 events):
Event: 0.026 Loaded shared library C:\Users\HP\.jdks\openjdk-22.0.2\bin\java.dll
Event: 0.129 Loaded shared library C:\Users\HP\.jdks\openjdk-22.0.2\bin\jsvml.dll
Event: 0.223 Loaded shared library C:\Users\HP\.jdks\openjdk-22.0.2\bin\zip.dll
Event: 0.230 Loaded shared library C:\Users\HP\.jdks\openjdk-22.0.2\bin\instrument.dll
Event: 0.237 Loaded shared library C:\Users\HP\.jdks\openjdk-22.0.2\bin\net.dll
Event: 0.240 Loaded shared library C:\Users\HP\.jdks\openjdk-22.0.2\bin\nio.dll
Event: 0.244 Loaded shared library C:\Users\HP\.jdks\openjdk-22.0.2\bin\zip.dll
Event: 0.581 Loaded shared library D:\IntelliJ IDEA Community Edition 2024.1.4\bin\breakgen64.dll
Event: 0.596 Loaded shared library C:\Users\HP\.jdks\openjdk-22.0.2\bin\extnet.dll
Event: 0.654 Loaded shared library C:\Users\HP\.jdks\openjdk-22.0.2\bin\jimage.dll

Deoptimization events (20 events):
Event: 0.582 Thread 0x0000019e6579b4b0 DEOPT PACKING pc=0x0000019e77761660 sp=0x000000871f1fee00
Event: 0.582 Thread 0x0000019e6579b4b0 DEOPT UNPACKING pc=0x0000019e77217da2 sp=0x000000871f1fed40 mode 2
Event: 0.632 Thread 0x0000019e6579b4b0 DEOPT PACKING pc=0x0000019e6fcd6d40 sp=0x000000871f1fd2c0
Event: 0.632 Thread 0x0000019e6579b4b0 DEOPT UNPACKING pc=0x0000019e772188e2 sp=0x000000871f1fc770 mode 0
Event: 0.658 Thread 0x0000019e6579b4b0 Uncommon trap: trap_request=0xffffff45 fr.pc=0x0000019e777786f0 relative=0x0000000000000070
Event: 0.658 Thread 0x0000019e6579b4b0 Uncommon trap: reason=unstable_if action=reinterpret pc=0x0000019e777786f0 method=java.io.WinNTFileSystem.isSlash(C)Z @ 9 c2
Event: 0.658 Thread 0x0000019e6579b4b0 DEOPT PACKING pc=0x0000019e777786f0 sp=0x000000871f1fdb00
Event: 0.658 Thread 0x0000019e6579b4b0 DEOPT UNPACKING pc=0x0000019e77217da2 sp=0x000000871f1fda88 mode 2
Event: 0.727 Thread 0x0000019e6579b4b0 Uncommon trap: trap_request=0xffffff6e fr.pc=0x0000019e777866a0 relative=0x0000000000000180
Event: 0.727 Thread 0x0000019e6579b4b0 Uncommon trap: reason=loop_limit_check action=maybe_recompile pc=0x0000019e777866a0 method=java.lang.StringLatin1.lastIndexOf([BII)I @ 19 c2
Event: 0.727 Thread 0x0000019e6579b4b0 DEOPT PACKING pc=0x0000019e777866a0 sp=0x000000871f1fcbf0
Event: 0.727 Thread 0x0000019e6579b4b0 DEOPT UNPACKING pc=0x0000019e77217da2 sp=0x000000871f1fcb70 mode 2
Event: 0.728 Thread 0x0000019e6579b4b0 Uncommon trap: trap_request=0xffffff45 fr.pc=0x0000019e7776f628 relative=0x0000000000000868
Event: 0.728 Thread 0x0000019e6579b4b0 Uncommon trap: reason=unstable_if action=reinterpret pc=0x0000019e7776f628 method=java.util.HashMap.putVal(ILjava/lang/Object;Ljava/lang/Object;ZZ)Ljava/lang/Object; @ 69 c2
Event: 0.728 Thread 0x0000019e6579b4b0 DEOPT PACKING pc=0x0000019e7776f628 sp=0x000000871f1fc710
Event: 0.728 Thread 0x0000019e6579b4b0 DEOPT UNPACKING pc=0x0000019e77217da2 sp=0x000000871f1fc6c0 mode 2
Event: 0.827 Thread 0x0000019e6579b4b0 DEOPT PACKING pc=0x0000019e6fd05525 sp=0x000000871f1fd020
Event: 0.827 Thread 0x0000019e6579b4b0 DEOPT UNPACKING pc=0x0000019e772188e2 sp=0x000000871f1fc470 mode 0
Event: 0.845 Thread 0x0000019e6579b4b0 DEOPT PACKING pc=0x0000019e6fd05525 sp=0x000000871f1fd5f0
Event: 0.845 Thread 0x0000019e6579b4b0 DEOPT UNPACKING pc=0x0000019e772188e2 sp=0x000000871f1fca40 mode 0

Classes loaded (20 events):
Event: 0.912 Loading class java/util/stream/DistinctOps$1
Event: 0.913 Loading class java/util/stream/ReferencePipeline$StatefulOp
Event: 0.913 Loading class java/util/stream/ReferencePipeline$StatefulOp done
Event: 0.913 Loading class java/util/stream/DistinctOps$1 done
Event: 0.913 Loading class java/util/ImmutableCollections$Access
Event: 0.913 Loading class java/util/ImmutableCollections$Access done
Event: 0.913 Loading class java/util/ImmutableCollections$Access$1
Event: 0.913 Loading class jdk/internal/access/JavaUtilCollectionAccess
Event: 0.913 Loading class jdk/internal/access/JavaUtilCollectionAccess done
Event: 0.913 Loading class java/util/ImmutableCollections$Access$1 done
Event: 0.914 Loading class java/util/stream/Nodes$SpinedNodeBuilder
Event: 0.914 Loading class java/util/stream/SpinedBuffer
Event: 0.914 Loading class java/util/stream/AbstractSpinedBuffer
Event: 0.914 Loading class java/util/stream/AbstractSpinedBuffer done
Event: 0.914 Loading class java/util/stream/SpinedBuffer done
Event: 0.914 Loading class java/util/stream/Nodes$SpinedNodeBuilder done
Event: 0.914 Loading class java/util/stream/DistinctOps$1$2
Event: 0.914 Loading class java/util/stream/DistinctOps$1$2 done
Event: 0.926 Loading class java/lang/reflect/UndeclaredThrowableException
Event: 0.926 Loading class java/lang/reflect/UndeclaredThrowableException done

Classes unloaded (0 events):
No events

Classes redefined (0 events):
No events

Internal exceptions (9 events):
Event: 0.335 Thread 0x0000019e6579b4b0 Exception <a 'java/lang/NoSuchMethodError'{0x000000008b49f238}: 'void java.lang.invoke.DirectMethodHandle$Holder.invokeStatic(java.lang.Object, java.lang.Object, java.lang.Object)'> (0x000000008b49f238) 
thrown [s\open\src\hotspot\share\interpreter\linkResolver.cpp, line 774]
Event: 0.342 Thread 0x0000019e6579b4b0 Exception <a 'java/lang/NoSuchMethodError'{0x000000008b4b6cd0}: 'java.lang.Object java.lang.invoke.Invokers$Holder.invokeExact_MT(java.lang.Object, java.lang.Object, java.lang.Object, java.lang.Object, java.lang.Object)'> (0x000000008b4b6cd0) 
thrown [s\open\src\hotspot\share\interpreter\linkResolver.cpp, line 774]
Event: 0.598 Thread 0x0000019e046e03b0 Exception <a 'java/lang/NoSuchMethodError'{0x000000008b3073e8}: 'void java.lang.invoke.DirectMethodHandle$Holder.invokeStatic(java.lang.Object, java.lang.Object)'> (0x000000008b3073e8) 
thrown [s\open\src\hotspot\share\interpreter\linkResolver.cpp, line 774]
Event: 0.730 Thread 0x0000019e6579b4b0 Exception <a 'java/lang/ClassNotFoundException'{0x000000008b115ca0}: javax/smartcardio/CardPermission> (0x000000008b115ca0) 
thrown [s\open\src\hotspot\share\classfile\systemDictionary.cpp, line 313]
Event: 0.747 Thread 0x0000019e6579b4b0 Exception <a 'java/io/FileNotFoundException'{0x000000008b123bb0}> (0x000000008b123bb0) 
thrown [s\open\src\hotspot\share\prims\jni.cpp, line 520]
Event: 0.779 Thread 0x0000019e6579b4b0 Exception <a 'java/lang/NoSuchMethodError'{0x000000008b1b01f0}: 'java.lang.Object java.lang.invoke.DirectMethodHandle$Holder.invokeSpecial(java.lang.Object, java.lang.Object, java.lang.Object, long, java.lang.Object)'> (0x000000008b1b01f0) 
thrown [s\open\src\hotspot\share\interpreter\linkResolver.cpp, line 774]
Event: 0.779 Thread 0x0000019e6579b4b0 Exception <a 'java/lang/NoSuchMethodError'{0x000000008b1b3b50}: 'java.lang.Object java.lang.invoke.Invokers$Holder.linkToTargetMethod(java.lang.Object, long, java.lang.Object, java.lang.Object)'> (0x000000008b1b3b50) 
thrown [s\open\src\hotspot\share\interpreter\linkResolver.cpp, line 774]
Event: 0.876 Thread 0x0000019e6579b4b0 Exception <a 'java/lang/NoSuchMethodError'{0x000000008af8c268}: 'void java.lang.invoke.DirectMethodHandle$Holder.invokeStatic(java.lang.Object, java.lang.Object, java.lang.Object, java.lang.Object)'> (0x000000008af8c268) 
thrown [s\open\src\hotspot\share\interpreter\linkResolver.cpp, line 774]
Event: 0.927 Thread 0x0000019e6579b4b0 Exception <a 'java/lang/NoSuchMethodError'{0x000000008aea02b0}: 'int java.lang.invoke.DirectMethodHandle$Holder.invokeStaticInit(java.lang.Object, java.lang.Object)'> (0x000000008aea02b0) 
thrown [s\open\src\hotspot\share\interpreter\linkResolver.cpp, line 774]

ZGC Phase Switch (0 events):
No events

VM Operations (4 events):
Event: 0.205 Executing VM operation: HandshakeAllThreads (Deoptimize)
Event: 0.205 Executing VM operation: HandshakeAllThreads (Deoptimize) done
Event: 0.657 Executing VM operation: HandshakeAllThreads (Deoptimize)
Event: 0.657 Executing VM operation: HandshakeAllThreads (Deoptimize) done

Memory protections (0 events):
No events

Nmethod flushes (0 events):
No events

Events (15 events):
Event: 0.100 Thread 0x0000019e6579b4b0 Thread added: 0x0000019e6579b4b0
Event: 0.123 Thread 0x0000019e6579b4b0 Thread added: 0x0000019e041d2630
Event: 0.124 Thread 0x0000019e6579b4b0 Thread added: 0x0000019e041d3290
Event: 0.124 Thread 0x0000019e6579b4b0 Thread added: 0x0000019e041d4790
Event: 0.124 Thread 0x0000019e6579b4b0 Thread added: 0x0000019e041d5740
Event: 0.124 Thread 0x0000019e6579b4b0 Thread added: 0x0000019e041d8960
Event: 0.124 Thread 0x0000019e6579b4b0 Thread added: 0x0000019e041da3d0
Event: 0.125 Thread 0x0000019e6579b4b0 Thread added: 0x0000019e041e07a0
Event: 0.126 Thread 0x0000019e6579b4b0 Thread added: 0x0000019e041ec4e0
Event: 0.195 Thread 0x0000019e6579b4b0 Thread added: 0x0000019e0419e980
Event: 0.220 Thread 0x0000019e041ec4e0 Thread added: 0x0000019e045078e0
Event: 0.581 Thread 0x0000019e6579b4b0 Thread added: 0x0000019e046e03b0
Event: 0.581 Thread 0x0000019e6579b4b0 Thread added: 0x0000019e04729070
Event: 0.582 Thread 0x0000019e045078e0 Thread exited: 0x0000019e045078e0
Event: 0.724 Thread 0x0000019e041e07a0 Thread added: 0x0000019e04a2e710


Dynamic libraries:
0x00007ff7cadb0000 - 0x00007ff7cadbe000 	C:\Users\HP\.jdks\openjdk-22.0.2\bin\java.exe
0x00007ffc5c5f0000 - 0x00007ffc5c807000 	C:\WINDOWS\SYSTEM32\ntdll.dll
0x00007ffc5b5d0000 - 0x00007ffc5b694000 	C:\WINDOWS\System32\KERNEL32.DLL
0x00007ffc59c80000 - 0x00007ffc5a02d000 	C:\WINDOWS\System32\KERNELBASE.dll
0x00007ffc5a210000 - 0x00007ffc5a321000 	C:\WINDOWS\System32\ucrtbase.dll
0x00007ffc558a0000 - 0x00007ffc558bb000 	C:\Users\HP\.jdks\openjdk-22.0.2\bin\VCRUNTIME140.dll
0x00007ffc55880000 - 0x00007ffc55897000 	C:\Users\HP\.jdks\openjdk-22.0.2\bin\jli.dll
0x00007ffc5a960000 - 0x00007ffc5ab0e000 	C:\WINDOWS\System32\USER32.dll
0x00007ffc599c0000 - 0x00007ffc599e6000 	C:\WINDOWS\System32\win32u.dll
0x00007ffc3a2a0000 - 0x00007ffc3a533000 	C:\WINDOWS\WinSxS\amd64_microsoft.windows.common-controls_6595b64144ccf1df_6.0.22621.3672_none_2713b9d173822955\COMCTL32.dll
0x00007ffc5c0c0000 - 0x00007ffc5c0e9000 	C:\WINDOWS\System32\GDI32.dll
0x00007ffc5c500000 - 0x00007ffc5c5a7000 	C:\WINDOWS\System32\msvcrt.dll
0x00007ffc5a0f0000 - 0x00007ffc5a209000 	C:\WINDOWS\System32\gdi32full.dll
0x00007ffc59920000 - 0x00007ffc599ba000 	C:\WINDOWS\System32\msvcp_win.dll
0x00007ffc5aeb0000 - 0x00007ffc5aee1000 	C:\WINDOWS\System32\IMM32.DLL
0x00007ffc56630000 - 0x00007ffc5663c000 	C:\Users\HP\.jdks\openjdk-22.0.2\bin\vcruntime140_1.dll
0x00007ffc3bd10000 - 0x00007ffc3bd9e000 	C:\Users\HP\.jdks\openjdk-22.0.2\bin\msvcp140.dll
0x00007ffbe47a0000 - 0x00007ffbe54e9000 	C:\Users\HP\.jdks\openjdk-22.0.2\bin\server\jvm.dll
0x00007ffc5a330000 - 0x00007ffc5a3e2000 	C:\WINDOWS\System32\ADVAPI32.dll
0x00007ffc5ad40000 - 0x00007ffc5ade9000 	C:\WINDOWS\System32\sechost.dll
0x00007ffc59c50000 - 0x00007ffc59c78000 	C:\WINDOWS\System32\bcrypt.dll
0x00007ffc5a840000 - 0x00007ffc5a954000 	C:\WINDOWS\System32\RPCRT4.dll
0x00007ffc5c0f0000 - 0x00007ffc5c161000 	C:\WINDOWS\System32\WS2_32.dll
0x00007ffc597e0000 - 0x00007ffc5982d000 	C:\WINDOWS\SYSTEM32\POWRPROF.dll
0x00007ffc54ca0000 - 0x00007ffc54cd4000 	C:\WINDOWS\SYSTEM32\WINMM.dll
0x00007ffc54bd0000 - 0x00007ffc54bda000 	C:\WINDOWS\SYSTEM32\VERSION.dll
0x00007ffc597c0000 - 0x00007ffc597d3000 	C:\WINDOWS\SYSTEM32\UMPDC.dll
0x00007ffc58910000 - 0x00007ffc58928000 	C:\WINDOWS\SYSTEM32\kernel.appcore.dll
0x00007ffc55870000 - 0x00007ffc5587a000 	C:\Users\HP\.jdks\openjdk-22.0.2\bin\jimage.dll
0x00007ffc57180000 - 0x00007ffc573b2000 	C:\WINDOWS\SYSTEM32\DBGHELP.DLL
0x00007ffc5c170000 - 0x00007ffc5c4f8000 	C:\WINDOWS\System32\combase.dll
0x00007ffc5b380000 - 0x00007ffc5b457000 	C:\WINDOWS\System32\OLEAUT32.dll
0x00007ffc4f850000 - 0x00007ffc4f882000 	C:\WINDOWS\SYSTEM32\dbgcore.DLL
0x00007ffc59a60000 - 0x00007ffc59adb000 	C:\WINDOWS\System32\bcryptPrimitives.dll
0x00007ffc57460000 - 0x00007ffc5746f000 	C:\Users\HP\.jdks\openjdk-22.0.2\bin\instrument.dll
0x00007ffc55620000 - 0x00007ffc5563e000 	C:\Users\HP\.jdks\openjdk-22.0.2\bin\java.dll
0x00007ffc5b6a0000 - 0x00007ffc5beff000 	C:\WINDOWS\System32\SHELL32.dll
0x00007ffc5a450000 - 0x00007ffc5a5f5000 	C:\WINDOWS\System32\ole32.dll
0x00007ffc57820000 - 0x00007ffc5811c000 	C:\WINDOWS\SYSTEM32\windows.storage.dll
0x00007ffc576e0000 - 0x00007ffc5781f000 	C:\WINDOWS\SYSTEM32\wintypes.dll
0x00007ffc5b480000 - 0x00007ffc5b574000 	C:\WINDOWS\System32\SHCORE.dll
0x00007ffc5adf0000 - 0x00007ffc5ae4e000 	C:\WINDOWS\System32\shlwapi.dll
0x00007ffc59850000 - 0x00007ffc59871000 	C:\WINDOWS\SYSTEM32\profapi.dll
0x00007ffc3bc30000 - 0x00007ffc3bd07000 	C:\Users\HP\.jdks\openjdk-22.0.2\bin\jsvml.dll
0x00007ffc54e60000 - 0x00007ffc54e77000 	C:\Users\HP\.jdks\openjdk-22.0.2\bin\zip.dll
0x00007ffc55860000 - 0x00007ffc55870000 	C:\Users\HP\.jdks\openjdk-22.0.2\bin\net.dll
0x00007ffc58d70000 - 0x00007ffc58dd9000 	C:\WINDOWS\system32\mswsock.dll
0x00007ffc54f80000 - 0x00007ffc54f96000 	C:\Users\HP\.jdks\openjdk-22.0.2\bin\nio.dll
0x00007ffc55760000 - 0x00007ffc5577a000 	D:\IntelliJ IDEA Community Edition 2024.1.4\bin\breakgen64.dll
0x00007ffc54e10000 - 0x00007ffc54e19000 	C:\Users\HP\.jdks\openjdk-22.0.2\bin\extnet.dll

dbghelp: loaded successfully - version: 4.0.5 - missing functions: none
symbol engine: initialized successfully - sym options: 0x614 - pdb path: .;C:\Users\HP\.jdks\openjdk-22.0.2\bin;C:\WINDOWS\SYSTEM32;C:\WINDOWS\WinSxS\amd64_microsoft.windows.common-controls_6595b64144ccf1df_6.0.22621.3672_none_2713b9d173822955;C:\Users\HP\.jdks\openjdk-22.0.2\bin\server;D:\IntelliJ IDEA Community Edition 2024.1.4\bin

VM Arguments:
jvm_args: -javaagent:D:\IntelliJ IDEA Community Edition 2024.1.4\lib\idea_rt.jar=56659:D:\IntelliJ IDEA Community Edition 2024.1.4\bin -Dfile.encoding=UTF-8 -Dsun.stdout.encoding=UTF-8 -Dsun.stderr.encoding=UTF-8 
java_command: com.abcRestaurant.abcRestaurant.AbcRestaurantApplication
java_class_path (initial): C:\Users\HP\Desktop\BSc 1st Sem\Advanced Programming\abcRestaurant\target\classes;C:\Users\HP\.m2\repository\org\springframework\boot\spring-boot-starter-data-mongodb\3.3.2\spring-boot-starter-data-mongodb-3.3.2.jar;C:\Users\HP\.m2\repository\org\springframework\boot\spring-boot-starter\3.3.2\spring-boot-starter-3.3.2.jar;C:\Users\HP\.m2\repository\org\springframework\boot\spring-boot-starter-logging\3.3.2\spring-boot-starter-logging-3.3.2.jar;C:\Users\HP\.m2\repository\ch\qos\logback\logback-classic\1.5.6\logback-classic-1.5.6.jar;C:\Users\HP\.m2\repository\ch\qos\logback\logback-core\1.5.6\logback-core-1.5.6.jar;C:\Users\HP\.m2\repository\org\apache\logging\log4j\log4j-to-slf4j\2.23.1\log4j-to-slf4j-2.23.1.jar;C:\Users\HP\.m2\repository\org\apache\logging\log4j\log4j-api\2.23.1\log4j-api-2.23.1.jar;C:\Users\HP\.m2\repository\org\slf4j\jul-to-slf4j\2.0.13\jul-to-slf4j-2.0.13.jar;C:\Users\HP\.m2\repository\jakarta\annotation\jakarta.annotation-api\2.1.1\jakarta.annotation-api-2.1.1.jar;C:\Users\HP\.m2\repository\org\yaml\snakeyaml\2.2\snakeyaml-2.2.jar;C:\Users\HP\.m2\repository\org\mongodb\mongodb-driver-sync\5.0.1\mongodb-driver-sync-5.0.1.jar;C:\Users\HP\.m2\repository\org\mongodb\bson\5.0.1\bson-5.0.1.jar;C:\Users\HP\.m2\repository\org\mongodb\mongodb-driver-core\5.0.1\mongodb-driver-core-5.0.1.jar;C:\Users\HP\.m2\repository\org\mongodb\bson-record-codec\5.0.1\bson-record-codec-5.0.1.jar;C:\Users\HP\.m2\repository\org\springframework\data\spring-data-mongodb\4.3.2\spring-data-mongodb-4.3.2.jar;C:\Users\HP\.m2\repository\org\springframework\spring-tx\6.1.11\spring-tx-6.1.11.jar;C:\Users\HP\.m2\repository\org\springframework\spring-context\6.1.11\spring-context-6.1.11.jar;C:\Users\HP\.m2\repository\org\springframework\spring-beans\6.1.11\spring-beans-6.1.11.jar;C:\Users\HP\.m2\repository\org\springframework\spring-expression\6.1.11\spring-expression-6.1.11.jar;C:\Users\HP\.m2\repository\org\springframework\data\spring-data-commons\3.3.2\spring-data-commons-3.3.2.jar;C:\Users\HP\.m2\repository\org\slf4j\slf4j-api\2.0.13\slf4j-api-2.0.13.jar;C:\Users\HP\.m2\repository\org\springframework\boot\spring-boot-starter-web\3.3.2\spring-boot-starter-web-3.3.2.jar;C:\Users\HP\.m2\repository\org\springframework\boot\spring-boot-starter-json\3.3.2\spring-boot-starter-json-3.3.2.jar;C:\Users\HP\.m2\repository\com\fasterxml\jackson\datatype\jackson-datatype-jdk8\2.17.2\jackson-datatype-jdk8-2.17.2.jar;C:\Users\HP\.m2\repository\com\fasterxml\jackson\datatype\jackson-datatype-jsr310\2.17.2\jackson-datatype-jsr310-2.17.2.jar;C:\Users\HP\.m2\repository\com\fasterxml\jackson\module\jackson-module-parameter-names\2.17.2\jackson-module-parameter-names-2.17.2.jar;C:\Users\HP\.m2\repository\org\springframework\boot\spring-boot-starter-tomcat\3.3.2\spring-boot-starter-tomcat-3.3.2.jar;C:\Users\HP\.m2\repository\org\apache\tomcat\embed\tomcat-embed-core\10.1.26\tomcat-embed-core-10.1.26.jar;C:\Users\HP\.m2\repository\org\apache\tomcat\embed\tomcat-embed-el\10.1.26\tomcat-embed-el-10.1.26.jar;C:\Users\HP\.m2\repository\org\apache\tomcat\embed\tomcat-embed-websocket\10.1.26\tomcat-embed-websocket-10.1.26.jar;C:\Users\HP\.m2\repository\org\springframework\spring-web\6.1.11\spring-web-6.1.11.jar;C:\Users\HP\.m2\repository\io\micrometer\micrometer-observation\1.13.2\micrometer-observation-1.13.2.jar;C:\Users\HP\.m2\repository\io\micrometer\micrometer-commons\1.13.2\micrometer-commons-1.13.2.jar;C:\Users\HP\.m2\repository\org\springframework\spring-webmvc\6.1.11\spring-webmvc-6.1.11.jar;C:\Users\HP\.m2\repository\org\springframework\boot\spring-boot-devtools\3.3.2\spring-boot-devtools-3.3.2.jar;C:\Users\HP\.m2\repository\org\springframework\boot\spring-boot\3.3.2\spring-boot-3.3.2.jar;C:\Users\HP\.m2\repository\org\springframework\boot\spring-boot-autoconfigure\3.3.2\spring-boot-autoconfigure-3.3.2.jar;C:\Users\HP\.m2\repository\org\projectlombok\lombok\1.18.34\lombok-1.18.34.jar;C:\Users\HP\.m2\repository\jakarta\activation\jakarta.activation-api\2.1.3\jakarta.activation-api-2.1.3.jar;C:\Users\HP\.m2\repository\org\springframework\spring-core\6.1.11\spring-core-6.1.11.jar;C:\Users\HP\.m2\repository\org\springframework\spring-jcl\6.1.11\spring-jcl-6.1.11.jar;C:\Users\HP\.m2\repository\me\paulschwarz\spring-dotenv\2.5.4\spring-dotenv-2.5.4.jar;C:\Users\HP\.m2\repository\io\github\cdimascio\dotenv-java\2.2.3\dotenv-java-2.2.3.jar;C:\Users\HP\.m2\repository\org\springframework\boot\spring-boot-starter-mail\3.3.2\spring-boot-starter-mail-3.3.2.jar;C:\Users\HP\.m2\repository\org\springframework\spring-context-support\6.1.11\spring-context-support-6.1.11.jar;C:\Users\HP\.m2\repository\org\eclipse\angus\jakarta.mail\2.0.3\jakarta.mail-2.0.3.jar;C:\Users\HP\.m2\repository\org\eclipse\angus\angus-activation\2.0.2\angus-activation-2.0.2.jar;C:\Users\HP\.m2\repository\org\springframework\boot\spring-boot-starter-security\2.7.8\spring-boot-starter-security-2.7.8.jar;C:\Users\HP\.m2\repository\org\springframework\spring-aop\6.1.11\spring-aop-6.1.11.jar;C:\Users\HP\.m2\repository\org\springframework\security\spring-security-config\6.3.1\spring-security-config-6.3.1.jar;C:\Users\HP\.m2\repository\org\springframework\security\spring-security-core\6.3.1\spring-security-core-6.3.1.jar;C:\Users\HP\.m2\repository\org\springframework\security\spring-security-crypto\6.3.1\spring-security-crypto-6.3.1.jar;C:\Users\HP\.m2\repository\org\springframework\security\spring-security-web\6.3.1\spring-security-web-6.3.1.jar;C:\Users\HP\.m2\repository\io\jsonwebtoken\jjwt\0.9.1\jjwt-0.9.1.jar;C:\Users\HP\.m2\repository\com\fasterxml\jackson\core\jackson-databind\2.17.2\jackson-databind-2.17.2.jar;C:\Users\HP\.m2\repository\com\fasterxml\jackson\core\jackson-annotations\2.17.2\jackson-annotations-2.17.2.jar;C:\Users\HP\.m2\repository\com\fasterxml\jackson\core\jackson-core\2.17.2\jackson-core-2.17.2.jar
Launcher Type: SUN_STANDARD

[Global flags]
     intx CICompilerCount                          = 4                                         {product} {ergonomic}
     uint ConcGCThreads                            = 2                                         {product} {ergonomic}
     uint G1ConcRefinementThreads                  = 8                                         {product} {ergonomic}
   size_t G1HeapRegionSize                         = 1048576                                   {product} {ergonomic}
   size_t InitialHeapSize                          = 132120576                                 {product} {ergonomic}
   size_t MarkStackSize                            = 4194304                                   {product} {ergonomic}
   size_t MaxHeapSize                              = 2084569088                                {product} {ergonomic}
   size_t MaxNewSize                               = 1249902592                                {product} {ergonomic}
   size_t MinHeapDeltaBytes                        = 1048576                                   {product} {ergonomic}
   size_t MinHeapSize                              = 8388608                                   {product} {ergonomic}
    uintx NonNMethodCodeHeapSize                   = 5839372                                {pd product} {ergonomic}
    uintx NonProfiledCodeHeapSize                  = 122909434                              {pd product} {ergonomic}
    uintx ProfiledCodeHeapSize                     = 122909434                              {pd product} {ergonomic}
    uintx ReservedCodeCacheSize                    = 251658240                              {pd product} {ergonomic}
     bool SegmentedCodeCache                       = true                                      {product} {ergonomic}
   size_t SoftMaxHeapSize                          = 2084569088                             {manageable} {ergonomic}
     bool UseCompressedOops                        = true                           {product lp64_product} {ergonomic}
     bool UseG1GC                                  = true                                      {product} {ergonomic}
     bool UseLargePagesIndividualAllocation        = false                                  {pd product} {ergonomic}

Logging:
Log output configuration:
 #0: stdout all=warning uptime,level,tags foldmultilines=false
 #1: stderr all=off uptime,level,tags foldmultilines=false

Environment Variables:
PATH=C:\Program Files\Common Files\Oracle\Java\javapath;C:\WINDOWS\system32;C:\WINDOWS;C:\WINDOWS\System32\Wbem;C:\WINDOWS\System32\WindowsPowerShell\v1.0\;C:\WINDOWS\System32\OpenSSH\;C:\ProgramData\chocolatey\bin;C:\Program Files\dotnet\;D:\Git\cmd;C:\Program Files\Microsoft SQL Server\150\Tools\Binn\;C:\Program Files\Microsoft SQL Server\130\Tools\Binn\;C:\Program Files\Microsoft SQL Server\Client SDK\ODBC\170\Tools\Binn\;C:\Program Files (x86)\Microsoft SQL Server\160\Tools\Binn\;C:\Program Files\Microsoft SQL Server\160\Tools\Binn\;C:\Program Files\Microsoft SQL Server\160\DTS\Binn\;C:\Program Files (x86)\Microsoft SQL Server\160\DTS\Binn\;C:\Program Files\Azure Data Studio\bin;C:\Program Files\nodejs\;C:\Users\HP\AppData\Local\Programs\Python\Python312\Scripts\;C:\Users\HP\AppData\Local\Programs\Python\Python312\;C:\Users\HP\AppData\Local\Programs\Python\Launcher\;C:\Users\HP\AppData\Local\Microsoft\WindowsApps;D:\Microsoft VS Code\bin;C:\Users\HP\AppData\Local\GitHubDesktop\bin;C:\Program Files\Azure Data Studio\bin;C:\Users\HP\AppData\Roaming\npm;D:\IntelliJ IDEA Community Edition 2024.1.4\bin;
USERNAME=HP
OS=Windows_NT
PROCESSOR_IDENTIFIER=Intel64 Family 6 Model 140 Stepping 1, GenuineIntel
TMP=C:\Users\HP\AppData\Local\Temp
TEMP=C:\Users\HP\AppData\Local\Temp




Periodic native trim disabled

---------------  S Y S T E M  ---------------

OS:
 Windows 11 , 64 bit Build 22621 (10.0.22621.3672)
OS uptime: 5 days 22:21 hours
Hyper-V role detected

CPU: total 8 (initial active 8) (4 cores per cpu, 2 threads per core) family 6 model 140 stepping 1 microcode 0xac, cx8, cmov, fxsr, ht, mmx, 3dnowpref, sse, sse2, sse3, ssse3, sse4.1, sse4.2, popcnt, lzcnt, tsc, tscinvbit, avx, avx2, aes, erms, clmul, bmi1, bmi2, adx, avx512f, avx512dq, avx512cd, avx512bw, avx512vl, sha, fma, vzeroupper, avx512_vpopcntdq, avx512_vpclmulqdq, avx512_vaes, avx512_vnni, clflush, clflushopt, clwb, avx512_vbmi2, avx512_vbmi, hv, rdtscp, rdpid, fsrm, gfni, avx512_bitalg, f16c, cet_ibt, cet_ss, avx512_ifma
Processor Information for all 8 processors :
  Max Mhz: 2419, Current Mhz: 2419, Mhz Limit: 2419

Memory: 4k page, system-wide physical 7948M (395M free)
TotalPageFile size 14092M (AvailPageFile size 0M)
current process WorkingSet (physical memory assigned to process): 67M, peak: 67M
current process commit charge ("private bytes"): 223M, peak: 223M

vm_info: OpenJDK 64-Bit Server VM (22.0.2+9-70) for windows-amd64 JRE (22.0.2+9-70), built on 2024-06-04T16:52:23Z by "mach5one" with MS VC++ 17.6 (VS2022)

END.
