#
# There is insufficient memory for the Java Runtime Environment to continue.
# Native memory allocation (malloc) failed to allocate 130256 bytes. Error detail: Chunk::new
# Possible reasons:
#   The system is out of physical RAM or swap space
#   This process is running with CompressedOops enabled, and the Java Heap may be blocking the growth of the native heap
# Possible solutions:
#   Reduce memory load on the system
#   Increase physical memory or swap space
#   Check if swap backing store is full
#   Decrease Java heap size (-Xmx/-Xms)
#   Decrease number of Java threads
#   Decrease Java thread stack sizes (-Xss)
#   Set larger code cache with -XX:ReservedCodeCacheSize=
#   JVM is running with Unscaled Compressed Oops mode in which the Java heap is
#     placed in the first 4GB address space. The Java Heap base address is the
#     maximum limit for the native heap growth. Please use -XX:HeapBaseMinAddress
#     to set the Java Heap base and to place the Java Heap above 4GB virtual address.
# This output file may be truncated or incomplete.
#
#  Out of Memory Error (arena.cpp:150), pid=13356, tid=10740
#
# JRE version: OpenJDK Runtime Environment (22.0.2+9) (build 22.0.2+9-70)
# Java VM: OpenJDK 64-Bit Server VM (22.0.2+9-70, mixed mode, sharing, tiered, compressed oops, compressed class ptrs, g1 gc, windows-amd64)
# No core dump will be written. Minidumps are not enabled by default on client versions of Windows
#

---------------  S U M M A R Y ------------

Command Line: -javaagent:D:\IntelliJ IDEA Community Edition 2024.1.4\lib\idea_rt.jar=50692:D:\IntelliJ IDEA Community Edition 2024.1.4\bin -Dfile.encoding=UTF-8 -Dsun.stdout.encoding=UTF-8 -Dsun.stderr.encoding=UTF-8 com.abcRestaurant.abcRestaurant.AbcRestaurantApplication

Host: 11th Gen Intel(R) Core(TM) i5-1135G7 @ 2.40GHz, 8 cores, 7G,  Windows 11 , 64 bit Build 22621 (10.0.22621.3958)
Time: Wed Aug 28 12:31:56 2024 Sri Lanka Standard Time elapsed time: 296.705770 seconds (0d 0h 4m 56s)

---------------  T H R E A D  ---------------

Current thread (0x00000258cb6ccce0):  JavaThread "C2 CompilerThread0" daemon [_thread_in_native, id=10740, stack(0x000000aa9a800000,0x000000aa9a900000) (1024K)]


Current CompileTask:
C2:296705 8040       4       com.mongodb.internal.connection.ProtocolHelper::getField (81 bytes)

Stack: [0x000000aa9a800000,0x000000aa9a900000]
Native frames: (J=compiled Java code, j=interpreted, Vv=VM code, C=native code)
V  [jvm.dll+0x6e26e9]  (no source info available)
V  [jvm.dll+0x875753]  (no source info available)
V  [jvm.dll+0x877b7e]  (no source info available)
V  [jvm.dll+0x878253]  (no source info available)
V  [jvm.dll+0x27fc86]  (no source info available)
V  [jvm.dll+0xc3d0f]  (no source info available)
V  [jvm.dll+0xc3f6b]  (no source info available)
V  [jvm.dll+0x2f3c7f]  (no source info available)
V  [jvm.dll+0x60c0fa]  (no source info available)
V  [jvm.dll+0x250c92]  (no source info available)
V  [jvm.dll+0x248d0e]  (no source info available)
V  [jvm.dll+0x246da6]  (no source info available)
V  [jvm.dll+0x1c4e80]  (no source info available)
V  [jvm.dll+0x2568f3]  (no source info available)
V  [jvm.dll+0x254baa]  (no source info available)
V  [jvm.dll+0x3f57a6]  (no source info available)
V  [jvm.dll+0x81dc0b]  (no source info available)
V  [jvm.dll+0x6e0d85]  (no source info available)
C  [ucrtbase.dll+0x29333]  (no source info available)
C  [KERNEL32.DLL+0x1257d]  (no source info available)
C  [ntdll.dll+0x5af28]  (no source info available)


---------------  P R O C E S S  ---------------

Threads class SMR info:
_java_thread_list=0x000002591502d640, length=41, elements={
0x00000258cb6c12a0, 0x00000258cb6c22b0, 0x00000258cb6c5c40, 0x00000258cb6c87a0,
0x00000258cb6c92f0, 0x00000258cb6cae50, 0x00000258cb6ccce0, 0x00000258cb6d99e0,
0x00000258cb8d4080, 0x00000258cbbd76d0, 0x00000258cbbd7d40, 0x000002591332b150,
0x000002591284f9b0, 0x000002591332a2b0, 0x0000025912ccf520, 0x00000259136fdbc0,
0x000002591602b8b0, 0x000002591602e6a0, 0x000002591602c5d0, 0x000002591602bf40,
0x000002591602cc60, 0x000002591602e010, 0x000002591602d980, 0x000002591602d2f0,
0x000002591711d100, 0x000002591711a9a0, 0x000002591711d790, 0x000002591711e4b0,
0x000002591711ca70, 0x000002591711b6c0, 0x000002591711bd50, 0x000002591711de20,
0x000002591711fef0, 0x0000025917120580, 0x000002591711eb40, 0x000002591711f1d0,
0x000002591711a310, 0x000002591711c3e0, 0x000002591711f860, 0x00000259171195f0,
0x0000025917120c10
}

Java Threads: ( => current thread )
  0x00000258cb6c12a0 JavaThread "Reference Handler"          daemon [_thread_blocked, id=4768, stack(0x000000aa9a200000,0x000000aa9a300000) (1024K)]
  0x00000258cb6c22b0 JavaThread "Finalizer"                  daemon [_thread_blocked, id=1052, stack(0x000000aa9a300000,0x000000aa9a400000) (1024K)]
  0x00000258cb6c5c40 JavaThread "Signal Dispatcher"          daemon [_thread_blocked, id=9044, stack(0x000000aa9a400000,0x000000aa9a500000) (1024K)]
  0x00000258cb6c87a0 JavaThread "Attach Listener"            daemon [_thread_blocked, id=5996, stack(0x000000aa9a500000,0x000000aa9a600000) (1024K)]
  0x00000258cb6c92f0 JavaThread "Service Thread"             daemon [_thread_blocked, id=8744, stack(0x000000aa9a600000,0x000000aa9a700000) (1024K)]
  0x00000258cb6cae50 JavaThread "Monitor Deflation Thread"   daemon [_thread_blocked, id=13560, stack(0x000000aa9a700000,0x000000aa9a800000) (1024K)]
=>0x00000258cb6ccce0 JavaThread "C2 CompilerThread0"         daemon [_thread_in_native, id=10740, stack(0x000000aa9a800000,0x000000aa9a900000) (1024K)]
  0x00000258cb6d99e0 JavaThread "C1 CompilerThread0"         daemon [_thread_blocked, id=6276, stack(0x000000aa9a900000,0x000000aa9aa00000) (1024K)]
  0x00000258cb8d4080 JavaThread "Common-Cleaner"             daemon [_thread_blocked, id=11400, stack(0x000000aa9aa00000,0x000000aa9ab00000) (1024K)]
  0x00000258cbbd76d0 JavaThread "Monitor Ctrl-Break"         daemon [_thread_in_native, id=11756, stack(0x000000aa9ac00000,0x000000aa9ad00000) (1024K)]
  0x00000258cbbd7d40 JavaThread "Notification Thread"        daemon [_thread_blocked, id=11276, stack(0x000000aa9ad00000,0x000000aa9ae00000) (1024K)]
  0x000002591332b150 JavaThread "Catalina-utility-1"                [_thread_blocked, id=10796, stack(0x000000aa9b900000,0x000000aa9ba00000) (1024K)]
  0x000002591284f9b0 JavaThread "Catalina-utility-2"                [_thread_blocked, id=16100, stack(0x000000aa9ba00000,0x000000aa9bb00000) (1024K)]
  0x000002591332a2b0 JavaThread "container-0"                       [_thread_blocked, id=11448, stack(0x000000aa9bb00000,0x000000aa9bc00000) (1024K)]
  0x0000025912ccf520 JavaThread "Jndi-Dns-address-change-listener" daemon [_thread_in_native, id=9768, stack(0x000000aa9bc00000,0x000000aa9bd00000) (1024K)]
  0x00000259136fdbc0 JavaThread "BufferPoolPruner-1-thread-1" daemon [_thread_blocked, id=10560, stack(0x000000aa9bd00000,0x000000aa9be00000) (1024K)]
  0x000002591602b8b0 JavaThread "cluster-ClusterId{value='66ceca40dbb9074f67390be7', description='null'}-ac-byq5ho1-shard-00-01.kd72xqs.mongodb.net:27017" daemon [_thread_in_native, id=6332, stack(0x000000aa9bf00000,0x000000aa9c000000) (1024K)]
  0x000002591602e6a0 JavaThread "cluster-rtt-ClusterId{value='66ceca40dbb9074f67390be7', description='null'}-ac-byq5ho1-shard-00-01.kd72xqs.mongodb.net:27017" daemon [_thread_blocked, id=14380, stack(0x000000aa9c000000,0x000000aa9c100000) (1024K)]
  0x000002591602c5d0 JavaThread "cluster-ClusterId{value='66ceca40dbb9074f67390be7', description='null'}-ac-byq5ho1-shard-00-02.kd72xqs.mongodb.net:27017" daemon [_thread_in_native, id=14632, stack(0x000000aa9c100000,0x000000aa9c200000) (1024K)]
  0x000002591602bf40 JavaThread "cluster-rtt-ClusterId{value='66ceca40dbb9074f67390be7', description='null'}-ac-byq5ho1-shard-00-02.kd72xqs.mongodb.net:27017" daemon [_thread_blocked, id=10720, stack(0x000000aa9c200000,0x000000aa9c300000) (1024K)]
  0x000002591602cc60 JavaThread "cluster-ClusterId{value='66ceca40dbb9074f67390be7', description='null'}-ac-byq5ho1-shard-00-00.kd72xqs.mongodb.net:27017" daemon [_thread_in_native, id=2092, stack(0x000000aa9c300000,0x000000aa9c400000) (1024K)]
  0x000002591602e010 JavaThread "cluster-rtt-ClusterId{value='66ceca40dbb9074f67390be7', description='null'}-ac-byq5ho1-shard-00-00.kd72xqs.mongodb.net:27017" daemon [_thread_blocked, id=6924, stack(0x000000aa9c400000,0x000000aa9c500000) (1024K)]
  0x000002591602d980 JavaThread "Live Reload Server"         daemon [_thread_in_native, id=5780, stack(0x000000aa9c600000,0x000000aa9c700000) (1024K)]
  0x000002591602d2f0 JavaThread "MaintenanceTimer-2-thread-1" daemon [_thread_blocked, id=9772, stack(0x000000aa9c700000,0x000000aa9c800000) (1024K)]
  0x000002591711d100 JavaThread "MaintenanceTimer-3-thread-1" daemon [_thread_blocked, id=11764, stack(0x000000aa9c800000,0x000000aa9c900000) (1024K)]
  0x000002591711a9a0 JavaThread "MaintenanceTimer-4-thread-1" daemon [_thread_blocked, id=6844, stack(0x000000aa9c900000,0x000000aa9ca00000) (1024K)]
  0x000002591711d790 JavaThread "File Watcher"               daemon [_thread_blocked, id=2964, stack(0x000000aa9ca00000,0x000000aa9cb00000) (1024K)]
  0x000002591711e4b0 JavaThread "http-nio-8080-exec-1"       daemon [_thread_blocked, id=2384, stack(0x000000aa9cb00000,0x000000aa9cc00000) (1024K)]
  0x000002591711ca70 JavaThread "http-nio-8080-exec-2"       daemon [_thread_blocked, id=7092, stack(0x000000aa9cc00000,0x000000aa9cd00000) (1024K)]
  0x000002591711b6c0 JavaThread "http-nio-8080-exec-3"       daemon [_thread_blocked, id=9148, stack(0x000000aa9cd00000,0x000000aa9ce00000) (1024K)]
  0x000002591711bd50 JavaThread "http-nio-8080-exec-4"       daemon [_thread_blocked, id=11272, stack(0x000000aa9ce00000,0x000000aa9cf00000) (1024K)]
  0x000002591711de20 JavaThread "http-nio-8080-exec-5"       daemon [_thread_blocked, id=1508, stack(0x000000aa9cf00000,0x000000aa9d000000) (1024K)]
  0x000002591711fef0 JavaThread "http-nio-8080-exec-6"       daemon [_thread_blocked, id=12132, stack(0x000000aa9d000000,0x000000aa9d100000) (1024K)]
  0x0000025917120580 JavaThread "http-nio-8080-exec-7"       daemon [_thread_blocked, id=4376, stack(0x000000aa9d100000,0x000000aa9d200000) (1024K)]
  0x000002591711eb40 JavaThread "http-nio-8080-exec-8"       daemon [_thread_blocked, id=1704, stack(0x000000aa9d200000,0x000000aa9d300000) (1024K)]
  0x000002591711f1d0 JavaThread "http-nio-8080-exec-9"       daemon [_thread_blocked, id=15668, stack(0x000000aa9d300000,0x000000aa9d400000) (1024K)]
  0x000002591711a310 JavaThread "http-nio-8080-exec-10"      daemon [_thread_blocked, id=14652, stack(0x000000aa9d400000,0x000000aa9d500000) (1024K)]
  0x000002591711c3e0 JavaThread "http-nio-8080-Poller"       daemon [_thread_in_native, id=304, stack(0x000000aa9d500000,0x000000aa9d600000) (1024K)]
  0x000002591711f860 JavaThread "http-nio-8080-Acceptor"     daemon [_thread_in_native, id=2568, stack(0x000000aa9d600000,0x000000aa9d700000) (1024K)]
  0x00000259171195f0 JavaThread "scheduling-1"                      [_thread_blocked, id=15248, stack(0x000000aa9d700000,0x000000aa9d800000) (1024K)]
  0x0000025917120c10 JavaThread "DestroyJavaVM"                     [_thread_blocked, id=13084, stack(0x000000aa99a00000,0x000000aa99b00000) (1024K)]
Total: 41

Other Threads:
  0x00000258cb6a5970 VMThread "VM Thread"                           [id=13124, stack(0x000000aa9a100000,0x000000aa9a200000) (1024K)]
  0x00000258aef1c550 WatcherThread "VM Periodic Task Thread"        [id=7912, stack(0x000000aa9a000000,0x000000aa9a100000) (1024K)]
  0x00000258aef7e270 WorkerThread "GC Thread#0"                     [id=9752, stack(0x000000aa99b00000,0x000000aa99c00000) (1024K)]
  0x0000025911b63c20 WorkerThread "GC Thread#1"                     [id=16048, stack(0x000000aa9b000000,0x000000aa9b100000) (1024K)]
  0x0000025911b63fd0 WorkerThread "GC Thread#2"                     [id=12896, stack(0x000000aa9b100000,0x000000aa9b200000) (1024K)]
  0x0000025911b64380 WorkerThread "GC Thread#3"                     [id=8308, stack(0x000000aa9b200000,0x000000aa9b300000) (1024K)]
  0x00000259116bb690 WorkerThread "GC Thread#4"                     [id=11352, stack(0x000000aa9b300000,0x000000aa9b400000) (1024K)]
  0x00000259116bba40 WorkerThread "GC Thread#5"                     [id=8440, stack(0x000000aa9b400000,0x000000aa9b500000) (1024K)]
  0x00000259120d2980 WorkerThread "GC Thread#6"                     [id=10252, stack(0x000000aa9b700000,0x000000aa9b800000) (1024K)]
  0x0000025911fcd8f0 WorkerThread "GC Thread#7"                     [id=4868, stack(0x000000aa9b800000,0x000000aa9b900000) (1024K)]
  0x00000258aef8eae0 ConcurrentGCThread "G1 Main Marker"            [id=12492, stack(0x000000aa99c00000,0x000000aa99d00000) (1024K)]
  0x00000258aef8f5f0 WorkerThread "G1 Conc#0"                       [id=8860, stack(0x000000aa99d00000,0x000000aa99e00000) (1024K)]
  0x0000025914117f70 WorkerThread "G1 Conc#1"                       [id=10136, stack(0x000000aa9b500000,0x000000aa9b600000) (1024K)]
  0x00000258cb5641c0 ConcurrentGCThread "G1 Refine#0"               [id=5660, stack(0x000000aa99e00000,0x000000aa99f00000) (1024K)]
  0x00000258cb5649f0 ConcurrentGCThread "G1 Service"                [id=9384, stack(0x000000aa99f00000,0x000000aa9a000000) (1024K)]
Total: 15

Threads with active compile tasks:
C2 CompilerThread0  296770 8040       4       com.mongodb.internal.connection.ProtocolHelper::getField (81 bytes)
Total: 1

VM state: not at safepoint (normal execution)

VM Mutex/Monitor currently owned by a thread: None

Heap address: 0x0000000083c00000, size: 1988 MB, Compressed Oops mode: 32-bit

CDS archive(s) mapped at: [0x00000258cc000000-0x00000258ccc60000-0x00000258ccc60000), size 12976128, SharedBaseAddress: 0x00000258cc000000, ArchiveRelocationMode: 1.
Compressed class space mapped at: 0x00000258cd000000-0x000002590d000000, reserved size: 1073741824
Narrow klass base: 0x00000258cc000000, Narrow klass shift: 0, Narrow klass range: 0x41000000

GC Precious Log:
 CardTable entry size: 512
 Card Set container configuration: InlinePtr #cards 5 size 8 Array Of Cards #cards 12 size 40 Howl #buckets 4 coarsen threshold 1843 Howl Bitmap #cards 512 size 80 coarsen threshold 460 Card regions per heap region 1 cards per card region 2048
 CPUs: 8 total, 8 available
 Memory: 7948M
 Large Page Support: Disabled
 NUMA Support: Disabled
 Compressed Oops: Enabled (32-bit)
 Heap Region Size: 1M
 Heap Min Capacity: 8M
 Heap Initial Capacity: 126M
 Heap Max Capacity: 1988M
 Pre-touch: Disabled
 Parallel Workers: 8
 Concurrent Workers: 2
 Concurrent Refinement Workers: 8
 Periodic GC: Disabled

Heap:
 garbage-first heap   total reserved 2035712K, committed 54272K, used 47320K [0x0000000083c00000, 0x0000000100000000)
  region size 1024K, 19 young (19456K), 1 survivors (1024K)
 Metaspace       used 54284K, committed 54976K, reserved 1114112K
  class space    used 7158K, committed 7424K, reserved 1048576K

Heap Regions: E=young(eden), S=young(survivor), O=old, HS=humongous(starts), HC=humongous(continues), CS=collection set, F=free, TAMS=top-at-mark-start, PB=parsable bottom
|   0|0x0000000083c00000, 0x0000000083d00000, 0x0000000083d00000|100%| O|  |TAMS 0x0000000083c00000| PB 0x0000000083c00000| Untracked |  0
|   1|0x0000000083d00000, 0x0000000083e00000, 0x0000000083e00000|100%| O|  |TAMS 0x0000000083d00000| PB 0x0000000083d00000| Untracked |  0
|   2|0x0000000083e00000, 0x0000000083f00000, 0x0000000083f00000|100%| O|  |TAMS 0x0000000083e00000| PB 0x0000000083e00000| Untracked |  0
|   3|0x0000000083f00000, 0x0000000084000000, 0x0000000084000000|100%| O|  |TAMS 0x0000000083f00000| PB 0x0000000083f00000| Untracked |  0
|   4|0x0000000084000000, 0x0000000084100000, 0x0000000084100000|100%| O|  |TAMS 0x0000000084000000| PB 0x0000000084000000| Untracked |  0
|   5|0x0000000084100000, 0x0000000084200000, 0x0000000084200000|100%| O|  |TAMS 0x0000000084100000| PB 0x0000000084100000| Untracked |  0
|   6|0x0000000084200000, 0x0000000084300000, 0x0000000084300000|100%| O|  |TAMS 0x0000000084200000| PB 0x0000000084200000| Untracked |  0
|   7|0x0000000084300000, 0x0000000084400000, 0x0000000084400000|100%| O|  |TAMS 0x0000000084300000| PB 0x0000000084300000| Untracked |  0
|   8|0x0000000084400000, 0x0000000084500000, 0x0000000084500000|100%| O|  |TAMS 0x0000000084400000| PB 0x0000000084400000| Untracked |  0
|   9|0x0000000084500000, 0x0000000084600000, 0x0000000084600000|100%| O|  |TAMS 0x0000000084500000| PB 0x0000000084500000| Untracked |  0
|  10|0x0000000084600000, 0x0000000084700000, 0x0000000084700000|100%| O|  |TAMS 0x0000000084600000| PB 0x0000000084600000| Untracked |  0
|  11|0x0000000084700000, 0x0000000084800000, 0x0000000084800000|100%| O|  |TAMS 0x0000000084700000| PB 0x0000000084700000| Untracked |  0
|  12|0x0000000084800000, 0x0000000084900000, 0x0000000084900000|100%| O|  |TAMS 0x0000000084800000| PB 0x0000000084800000| Untracked |  0
|  13|0x0000000084900000, 0x0000000084a00000, 0x0000000084a00000|100%| O|  |TAMS 0x0000000084900000| PB 0x0000000084900000| Untracked |  0
|  14|0x0000000084a00000, 0x0000000084a00000, 0x0000000084b00000|  0%| F|  |TAMS 0x0000000084a00000| PB 0x0000000084a00000| Untracked |  0
|  15|0x0000000084b00000, 0x0000000084c00000, 0x0000000084c00000|100%| O|  |TAMS 0x0000000084b00000| PB 0x0000000084b00000| Untracked |  0
|  16|0x0000000084c00000, 0x0000000084d00000, 0x0000000084d00000|100%| O|  |TAMS 0x0000000084c00000| PB 0x0000000084c00000| Untracked |  0
|  17|0x0000000084d00000, 0x0000000084e00000, 0x0000000084e00000|100%| O|  |TAMS 0x0000000084d00000| PB 0x0000000084d00000| Untracked |  0
|  18|0x0000000084e00000, 0x0000000084f00000, 0x0000000084f00000|100%| O|  |TAMS 0x0000000084e00000| PB 0x0000000084e00000| Untracked |  0
|  19|0x0000000084f00000, 0x0000000085000000, 0x0000000085000000|100%| O|  |TAMS 0x0000000084f00000| PB 0x0000000084f00000| Untracked |  0
|  20|0x0000000085000000, 0x0000000085100000, 0x0000000085100000|100%| O|  |TAMS 0x0000000085000000| PB 0x0000000085000000| Untracked |  0
|  21|0x0000000085100000, 0x0000000085100000, 0x0000000085200000|  0%| F|  |TAMS 0x0000000085100000| PB 0x0000000085100000| Untracked |  0
|  22|0x0000000085200000, 0x0000000085300000, 0x0000000085300000|100%| O|  |TAMS 0x0000000085200000| PB 0x0000000085200000| Untracked |  0
|  23|0x0000000085300000, 0x0000000085400000, 0x0000000085400000|100%| O|  |TAMS 0x0000000085300000| PB 0x0000000085300000| Untracked |  0
|  24|0x0000000085400000, 0x0000000085500000, 0x0000000085500000|100%| O|  |TAMS 0x0000000085400000| PB 0x0000000085400000| Untracked |  0
|  25|0x0000000085500000, 0x0000000085600000, 0x0000000085600000|100%| O|  |TAMS 0x0000000085500000| PB 0x0000000085500000| Untracked |  0
|  26|0x0000000085600000, 0x0000000085700000, 0x0000000085700000|100%| O|  |TAMS 0x0000000085600000| PB 0x0000000085600000| Untracked |  0
|  27|0x0000000085700000, 0x0000000085800000, 0x0000000085800000|100%| O|  |TAMS 0x0000000085700000| PB 0x0000000085700000| Untracked |  0
|  28|0x0000000085800000, 0x0000000085900000, 0x0000000085900000|100%| O|  |TAMS 0x0000000085800000| PB 0x0000000085800000| Untracked |  0
|  29|0x0000000085900000, 0x0000000085a00000, 0x0000000085a00000|100%| O|  |TAMS 0x0000000085900000| PB 0x0000000085900000| Untracked |  0
|  30|0x0000000085a00000, 0x0000000085a47f50, 0x0000000085b00000| 28%| O|  |TAMS 0x0000000085a00000| PB 0x0000000085a00000| Untracked |  0
|  31|0x0000000085b00000, 0x0000000085b00000, 0x0000000085c00000|  0%| F|  |TAMS 0x0000000085b00000| PB 0x0000000085b00000| Untracked |  0
|  32|0x0000000085c00000, 0x0000000085c00000, 0x0000000085d00000|  0%| F|  |TAMS 0x0000000085c00000| PB 0x0000000085c00000| Untracked |  0
|  33|0x0000000085d00000, 0x0000000085d00000, 0x0000000085e00000|  0%| F|  |TAMS 0x0000000085d00000| PB 0x0000000085d00000| Untracked |  0
|  34|0x0000000085e00000, 0x0000000085e4c4b0, 0x0000000085f00000| 29%| E|  |TAMS 0x0000000085e00000| PB 0x0000000085e00000| Complete |  0
|  35|0x0000000085f00000, 0x0000000086000000, 0x0000000086000000|100%| E|CS|TAMS 0x0000000085f00000| PB 0x0000000085f00000| Complete |  0
|  36|0x0000000086000000, 0x0000000086100000, 0x0000000086100000|100%| E|CS|TAMS 0x0000000086000000| PB 0x0000000086000000| Complete |  0
|  37|0x0000000086100000, 0x00000000861ee148, 0x0000000086200000| 93%| S|CS|TAMS 0x0000000086100000| PB 0x0000000086100000| Complete |  0
|  38|0x0000000086200000, 0x0000000086300000, 0x0000000086300000|100%| E|CS|TAMS 0x0000000086200000| PB 0x0000000086200000| Complete |  0
|  39|0x0000000086300000, 0x0000000086400000, 0x0000000086400000|100%| E|CS|TAMS 0x0000000086300000| PB 0x0000000086300000| Complete |  0
|  40|0x0000000086400000, 0x0000000086500000, 0x0000000086500000|100%| E|CS|TAMS 0x0000000086400000| PB 0x0000000086400000| Complete |  0
|  41|0x0000000086500000, 0x0000000086600000, 0x0000000086600000|100%| E|CS|TAMS 0x0000000086500000| PB 0x0000000086500000| Complete |  0
|  42|0x0000000086600000, 0x0000000086700000, 0x0000000086700000|100%| E|CS|TAMS 0x0000000086600000| PB 0x0000000086600000| Complete |  0
|  43|0x0000000086700000, 0x0000000086800000, 0x0000000086800000|100%| E|CS|TAMS 0x0000000086700000| PB 0x0000000086700000| Complete |  0
|  44|0x0000000086800000, 0x0000000086900000, 0x0000000086900000|100%| E|CS|TAMS 0x0000000086800000| PB 0x0000000086800000| Complete |  0
|  73|0x0000000088500000, 0x0000000088600000, 0x0000000088600000|100%| E|CS|TAMS 0x0000000088500000| PB 0x0000000088500000| Complete |  0
|  74|0x0000000088600000, 0x0000000088700000, 0x0000000088700000|100%| E|CS|TAMS 0x0000000088600000| PB 0x0000000088600000| Complete |  0
|  75|0x0000000088700000, 0x0000000088800000, 0x0000000088800000|100%| E|CS|TAMS 0x0000000088700000| PB 0x0000000088700000| Complete |  0
|  76|0x0000000088800000, 0x0000000088900000, 0x0000000088900000|100%| E|CS|TAMS 0x0000000088800000| PB 0x0000000088800000| Complete |  0
|  77|0x0000000088900000, 0x0000000088a00000, 0x0000000088a00000|100%| E|CS|TAMS 0x0000000088900000| PB 0x0000000088900000| Complete |  0
|  78|0x0000000088a00000, 0x0000000088b00000, 0x0000000088b00000|100%| E|CS|TAMS 0x0000000088a00000| PB 0x0000000088a00000| Complete |  0
|  79|0x0000000088b00000, 0x0000000088c00000, 0x0000000088c00000|100%| E|CS|TAMS 0x0000000088b00000| PB 0x0000000088b00000| Complete |  0
| 125|0x000000008b900000, 0x000000008ba00000, 0x000000008ba00000|100%| E|CS|TAMS 0x000000008b900000| PB 0x000000008b900000| Complete |  0

Card table byte_map: [0x00000258c6980000,0x00000258c6d70000] _byte_map_base: 0x00000258c6562000

Marking Bits: (CMBitMap*) 0x00000258aef7e980
 Bits: [0x00000258c6d70000, 0x00000258c8c80000)

Polling page: 0x00000258ad0b0000

Metaspace:

Usage:
  Non-class:     46.02 MB used.
      Class:      6.99 MB used.
       Both:     53.01 MB used.

Virtual space:
  Non-class space:       64.00 MB reserved,      46.44 MB ( 73%) committed,  1 nodes.
      Class space:        1.00 GB reserved,       7.25 MB ( <1%) committed,  1 nodes.
             Both:        1.06 GB reserved,      53.69 MB (  5%) committed. 

Chunk freelists:
   Non-Class:  1.55 MB
       Class:  8.62 MB
        Both:  10.17 MB

MaxMetaspaceSize: unlimited
CompressedClassSpaceSize: 1.00 GB
Initial GC threshold: 21.00 MB
Current GC threshold: 84.31 MB
CDS: on
 - commit_granule_bytes: 65536.
 - commit_granule_words: 8192.
 - virtual_space_node_default_size: 8388608.
 - enlarge_chunks_in_place: 1.
 - use_allocation_guard: 0.


Internal statistics:

num_allocs_failed_limit: 6.
num_arena_births: 956.
num_arena_deaths: 0.
num_vsnodes_births: 2.
num_vsnodes_deaths: 0.
num_space_committed: 859.
num_space_uncommitted: 0.
num_chunks_returned_to_freelist: 6.
num_chunks_taken_from_freelist: 2859.
num_chunk_merges: 3.
num_chunk_splits: 1905.
num_chunks_enlarged: 1353.
num_inconsistent_stats: 0.

CodeHeap 'non-profiled nmethods': size=120000Kb used=4207Kb max_used=4207Kb free=115793Kb
 bounds [0x00000258bed30000, 0x00000258bf150000, 0x00000258c6260000]
CodeHeap 'profiled nmethods': size=120000Kb used=13395Kb max_used=13395Kb free=106604Kb
 bounds [0x00000258b7260000, 0x00000258b7f80000, 0x00000258be790000]
CodeHeap 'non-nmethods': size=5760Kb used=1877Kb max_used=1916Kb free=3882Kb
 bounds [0x00000258be790000, 0x00000258bea00000, 0x00000258bed30000]
 total_blobs=7820 nmethods=7115 adapters=609
 compilation: enabled
              stopped_count=0, restarted_count=0
 full_count=0

Compilation events (20 events):
Event: 289.908 Thread 0x00000258cb6d99e0 nmethod 8029 0x00000258b7f6dd10 code [0x00000258b7f6dec0, 0x00000258b7f6e178]
Event: 289.909 Thread 0x00000258cb6d99e0 8030       3       com.mongodb.internal.connection.ByteBufferBsonOutput::close (53 bytes)
Event: 289.909 Thread 0x00000258cb6d99e0 nmethod 8030 0x00000258b7f6e290 code [0x00000258b7f6e4a0, 0x00000258b7f6eb38]
Event: 289.909 Thread 0x00000258cb6d99e0 8031       3       com.mongodb.internal.connection.CommandMessage::useOpMsg (11 bytes)
Event: 289.909 Thread 0x00000258cb6d99e0 nmethod 8031 0x00000258b7f6ed10 code [0x00000258b7f6eec0, 0x00000258b7f6f108]
Event: 289.993 Thread 0x00000258cb6d99e0 8032       3       com.sun.crypto.provider.GaloisCounterMode::increment32 (32 bytes)
Event: 289.993 Thread 0x00000258cb6d99e0 nmethod 8032 0x00000258b7f6f210 code [0x00000258b7f6f3c0, 0x00000258b7f6f5b8]
Event: 292.959 Thread 0x00000258cb6d99e0 8034       3       java.util.concurrent.ScheduledThreadPoolExecutor$ScheduledFutureTask::setNextRunTime (38 bytes)
Event: 292.960 Thread 0x00000258cb6d99e0 nmethod 8034 0x00000258b7f6f690 code [0x00000258b7f6f840, 0x00000258b7f6fad0]
Event: 292.960 Thread 0x00000258cb6d99e0 8033       3       java.util.concurrent.Executors$RunnableAdapter::call (14 bytes)
Event: 292.960 Thread 0x00000258cb6d99e0 nmethod 8033 0x00000258b7f6fb90 code [0x00000258b7f6fd40, 0x00000258b7f6ff28]
Event: 293.959 Thread 0x00000258cb6d99e0 8035       3       java.util.concurrent.ScheduledThreadPoolExecutor::reExecutePeriodic (49 bytes)
Event: 293.959 Thread 0x00000258cb6d99e0 nmethod 8035 0x00000258b7f70010 code [0x00000258b7f70240, 0x00000258b7f709c0]
Event: 295.507 Thread 0x00000258cb6d99e0 8036       3       sun.nio.ch.WEPollSelectorImpl::processEvents (152 bytes)
Event: 295.508 Thread 0x00000258cb6d99e0 nmethod 8036 0x00000258b7f70c10 code [0x00000258b7f70ea0, 0x00000258b7f71aa8]
Event: 295.508 Thread 0x00000258cb6d99e0 8037   !   3       sun.nio.ch.WEPollSelectorImpl::processUpdateQueue (203 bytes)
Event: 295.509 Thread 0x00000258cb6d99e0 nmethod 8037 0x00000258b7f72010 code [0x00000258b7f722a0, 0x00000258b7f731e8]
Event: 295.509 Thread 0x00000258cb6d99e0 8038       3       java.nio.channels.spi.AbstractSelector::begin (48 bytes)
Event: 295.509 Thread 0x00000258cb6d99e0 nmethod 8038 0x00000258b7f73890 code [0x00000258b7f73a80, 0x00000258b7f740e0]
Event: 296.697 Thread 0x00000258cb6ccce0 8040       4       com.mongodb.internal.connection.ProtocolHelper::getField (81 bytes)

GC Heap History (20 events):
Event: 4.416 GC heap before
{Heap before GC invocations=6 (full 0):
 garbage-first heap   total reserved 2035712K, committed 45056K, used 37018K [0x0000000083c00000, 0x0000000100000000)
  region size 1024K, 24 young (24576K), 3 survivors (3072K)
 Metaspace       used 31231K, committed 31808K, reserved 1114112K
  class space    used 3982K, committed 4224K, reserved 1048576K
}
Event: 4.422 GC heap after
{Heap after GC invocations=7 (full 0):
 garbage-first heap   total reserved 2035712K, committed 45056K, used 17626K [0x0000000083c00000, 0x0000000100000000)
  region size 1024K, 3 young (3072K), 3 survivors (3072K)
 Metaspace       used 31231K, committed 31808K, reserved 1114112K
  class space    used 3982K, committed 4224K, reserved 1048576K
}
Event: 4.824 GC heap before
{Heap before GC invocations=7 (full 0):
 garbage-first heap   total reserved 2035712K, committed 45056K, used 29914K [0x0000000083c00000, 0x0000000100000000)
  region size 1024K, 17 young (17408K), 3 survivors (3072K)
 Metaspace       used 35415K, committed 35968K, reserved 1114112K
  class space    used 4554K, committed 4800K, reserved 1048576K
}
Event: 4.829 GC heap after
{Heap after GC invocations=8 (full 0):
 garbage-first heap   total reserved 2035712K, committed 45056K, used 20241K [0x0000000083c00000, 0x0000000100000000)
  region size 1024K, 3 young (3072K), 3 survivors (3072K)
 Metaspace       used 35415K, committed 35968K, reserved 1114112K
  class space    used 4554K, committed 4800K, reserved 1048576K
}
Event: 5.241 GC heap before
{Heap before GC invocations=9 (full 0):
 garbage-first heap   total reserved 2035712K, committed 45056K, used 37649K [0x0000000083c00000, 0x0000000100000000)
  region size 1024K, 20 young (20480K), 3 survivors (3072K)
 Metaspace       used 38215K, committed 38784K, reserved 1114112K
  class space    used 4966K, committed 5248K, reserved 1048576K
}
Event: 5.246 GC heap after
{Heap after GC invocations=10 (full 0):
 garbage-first heap   total reserved 2035712K, committed 45056K, used 22904K [0x0000000083c00000, 0x0000000100000000)
  region size 1024K, 3 young (3072K), 3 survivors (3072K)
 Metaspace       used 38215K, committed 38784K, reserved 1114112K
  class space    used 4966K, committed 5248K, reserved 1048576K
}
Event: 5.623 GC heap before
{Heap before GC invocations=10 (full 0):
 garbage-first heap   total reserved 2035712K, committed 45056K, used 37240K [0x0000000083c00000, 0x0000000100000000)
  region size 1024K, 18 young (18432K), 3 survivors (3072K)
 Metaspace       used 40780K, committed 41280K, reserved 1114112K
  class space    used 5297K, committed 5504K, reserved 1048576K
}
Event: 5.630 GC heap after
{Heap after GC invocations=11 (full 0):
 garbage-first heap   total reserved 2035712K, committed 45056K, used 23279K [0x0000000083c00000, 0x0000000100000000)
  region size 1024K, 3 young (3072K), 3 survivors (3072K)
 Metaspace       used 40780K, committed 41280K, reserved 1114112K
  class space    used 5297K, committed 5504K, reserved 1048576K
}
Event: 5.991 GC heap before
{Heap before GC invocations=11 (full 0):
 garbage-first heap   total reserved 2035712K, committed 45056K, used 37615K [0x0000000083c00000, 0x0000000100000000)
  region size 1024K, 17 young (17408K), 3 survivors (3072K)
 Metaspace       used 42721K, committed 43328K, reserved 1114112K
  class space    used 5580K, committed 5824K, reserved 1048576K
}
Event: 5.997 GC heap after
{Heap after GC invocations=12 (full 0):
 garbage-first heap   total reserved 2035712K, committed 54272K, used 24772K [0x0000000083c00000, 0x0000000100000000)
  region size 1024K, 2 young (2048K), 2 survivors (2048K)
 Metaspace       used 42721K, committed 43328K, reserved 1114112K
  class space    used 5580K, committed 5824K, reserved 1048576K
}
Event: 6.596 GC heap before
{Heap before GC invocations=13 (full 0):
 garbage-first heap   total reserved 2035712K, committed 54272K, used 46276K [0x0000000083c00000, 0x0000000100000000)
  region size 1024K, 23 young (23552K), 2 survivors (2048K)
 Metaspace       used 45157K, committed 45824K, reserved 1114112K
  class space    used 5930K, committed 6272K, reserved 1048576K
}
Event: 6.600 GC heap after
{Heap after GC invocations=14 (full 0):
 garbage-first heap   total reserved 2035712K, committed 54272K, used 26489K [0x0000000083c00000, 0x0000000100000000)
  region size 1024K, 3 young (3072K), 3 survivors (3072K)
 Metaspace       used 45157K, committed 45824K, reserved 1114112K
  class space    used 5930K, committed 6272K, reserved 1048576K
}
Event: 10.575 GC heap before
{Heap before GC invocations=14 (full 0):
 garbage-first heap   total reserved 2035712K, committed 54272K, used 45945K [0x0000000083c00000, 0x0000000100000000)
  region size 1024K, 23 young (23552K), 3 survivors (3072K)
 Metaspace       used 48351K, committed 49024K, reserved 1114112K
  class space    used 6375K, committed 6656K, reserved 1048576K
}
Event: 10.583 GC heap after
{Heap after GC invocations=15 (full 0):
 garbage-first heap   total reserved 2035712K, committed 54272K, used 28130K [0x0000000083c00000, 0x0000000100000000)
  region size 1024K, 2 young (2048K), 2 survivors (2048K)
 Metaspace       used 48351K, committed 49024K, reserved 1114112K
  class space    used 6375K, committed 6656K, reserved 1048576K
}
Event: 41.764 GC heap before
{Heap before GC invocations=15 (full 0):
 garbage-first heap   total reserved 2035712K, committed 54272K, used 46562K [0x0000000083c00000, 0x0000000100000000)
  region size 1024K, 21 young (21504K), 2 survivors (2048K)
 Metaspace       used 51092K, committed 51776K, reserved 1114112K
  class space    used 6755K, committed 7040K, reserved 1048576K
}
Event: 41.769 GC heap after
{Heap after GC invocations=16 (full 0):
 garbage-first heap   total reserved 2035712K, committed 54272K, used 29800K [0x0000000083c00000, 0x0000000100000000)
  region size 1024K, 2 young (2048K), 2 survivors (2048K)
 Metaspace       used 51092K, committed 51776K, reserved 1114112K
  class space    used 6755K, committed 7040K, reserved 1048576K
}
Event: 71.856 GC heap before
{Heap before GC invocations=17 (full 0):
 garbage-first heap   total reserved 2035712K, committed 54272K, used 46184K [0x0000000083c00000, 0x0000000100000000)
  region size 1024K, 19 young (19456K), 2 survivors (2048K)
 Metaspace       used 53351K, committed 54080K, reserved 1114112K
  class space    used 7079K, committed 7360K, reserved 1048576K
}
Event: 71.861 GC heap after
{Heap after GC invocations=18 (full 0):
 garbage-first heap   total reserved 2035712K, committed 54272K, used 30310K [0x0000000083c00000, 0x0000000100000000)
  region size 1024K, 3 young (3072K), 3 survivors (3072K)
 Metaspace       used 53351K, committed 54080K, reserved 1114112K
  class space    used 7079K, committed 7360K, reserved 1048576K
}
Event: 158.685 GC heap before
{Heap before GC invocations=18 (full 0):
 garbage-first heap   total reserved 2035712K, committed 54272K, used 44646K [0x0000000083c00000, 0x0000000100000000)
  region size 1024K, 18 young (18432K), 3 survivors (3072K)
 Metaspace       used 54153K, committed 54848K, reserved 1114112K
  class space    used 7158K, committed 7424K, reserved 1048576K
}
Event: 158.688 GC heap after
{Heap after GC invocations=19 (full 0):
 garbage-first heap   total reserved 2035712K, committed 54272K, used 29912K [0x0000000083c00000, 0x0000000100000000)
  region size 1024K, 1 young (1024K), 1 survivors (1024K)
 Metaspace       used 54153K, committed 54848K, reserved 1114112K
  class space    used 7158K, committed 7424K, reserved 1048576K
}

Dll operation events (15 events):
Event: 0.082 Loaded shared library C:\Users\HP\.jdks\openjdk-22.0.2\bin\java.dll
Event: 0.109 Loaded shared library C:\Users\HP\.jdks\openjdk-22.0.2\bin\jsvml.dll
Event: 0.149 Loaded shared library C:\Users\HP\.jdks\openjdk-22.0.2\bin\zip.dll
Event: 0.153 Loaded shared library C:\Users\HP\.jdks\openjdk-22.0.2\bin\instrument.dll
Event: 0.157 Loaded shared library C:\Users\HP\.jdks\openjdk-22.0.2\bin\net.dll
Event: 0.159 Loaded shared library C:\Users\HP\.jdks\openjdk-22.0.2\bin\nio.dll
Event: 0.161 Loaded shared library C:\Users\HP\.jdks\openjdk-22.0.2\bin\zip.dll
Event: 0.303 Loaded shared library D:\IntelliJ IDEA Community Edition 2024.1.4\bin\breakgen64.dll
Event: 0.313 Loaded shared library C:\Users\HP\.jdks\openjdk-22.0.2\bin\extnet.dll
Event: 0.346 Loaded shared library C:\Users\HP\.jdks\openjdk-22.0.2\bin\jimage.dll
Event: 0.637 Loaded shared library C:\Users\HP\.jdks\openjdk-22.0.2\bin\management.dll
Event: 0.639 Loaded shared library C:\Users\HP\.jdks\openjdk-22.0.2\bin\management_ext.dll
Event: 1.158 Loaded shared library C:\Users\HP\.jdks\openjdk-22.0.2\bin\le.dll
Event: 1.509 Loaded shared library C:\Users\HP\.jdks\openjdk-22.0.2\bin\sunmscapi.dll
Event: 10.884 Loaded shared library C:\Users\HP\.jdks\openjdk-22.0.2\bin\verify.dll

Deoptimization events (20 events):
Event: 98.101 Thread 0x000002591711f1d0 DEOPT PACKING pc=0x00000258b7e8cd66 sp=0x000000aa9d3fa840
Event: 98.101 Thread 0x000002591711f1d0 DEOPT UNPACKING pc=0x00000258be7e88e2 sp=0x000000aa9d3f9d20 mode 0
Event: 98.103 Thread 0x000002591711f1d0 DEOPT PACKING pc=0x00000258b7e8cd66 sp=0x000000aa9d3fa840
Event: 98.103 Thread 0x000002591711f1d0 DEOPT UNPACKING pc=0x00000258be7e88e2 sp=0x000000aa9d3f9d20 mode 0
Event: 98.103 Thread 0x000002591711f1d0 DEOPT PACKING pc=0x00000258b7e8cd66 sp=0x000000aa9d3fa840
Event: 98.103 Thread 0x000002591711f1d0 DEOPT UNPACKING pc=0x00000258be7e88e2 sp=0x000000aa9d3f9d20 mode 0
Event: 98.104 Thread 0x000002591711f1d0 DEOPT PACKING pc=0x00000258b7e8cd66 sp=0x000000aa9d3fa840
Event: 98.104 Thread 0x000002591711f1d0 DEOPT UNPACKING pc=0x00000258be7e88e2 sp=0x000000aa9d3f9d20 mode 0
Event: 98.105 Thread 0x000002591711f1d0 DEOPT PACKING pc=0x00000258b7e8cd66 sp=0x000000aa9d3fa840
Event: 98.105 Thread 0x000002591711f1d0 DEOPT UNPACKING pc=0x00000258be7e88e2 sp=0x000000aa9d3f9d20 mode 0
Event: 98.105 Thread 0x000002591711f1d0 DEOPT PACKING pc=0x00000258b7e8cd66 sp=0x000000aa9d3fa840
Event: 98.105 Thread 0x000002591711f1d0 DEOPT UNPACKING pc=0x00000258be7e88e2 sp=0x000000aa9d3f9d20 mode 0
Event: 98.106 Thread 0x000002591711f1d0 DEOPT PACKING pc=0x00000258b7e8cd66 sp=0x000000aa9d3fa840
Event: 98.106 Thread 0x000002591711f1d0 DEOPT UNPACKING pc=0x00000258be7e88e2 sp=0x000000aa9d3f9d20 mode 0
Event: 98.106 Thread 0x000002591711f1d0 DEOPT PACKING pc=0x00000258b7e8cd66 sp=0x000000aa9d3fa840
Event: 98.106 Thread 0x000002591711f1d0 DEOPT UNPACKING pc=0x00000258be7e88e2 sp=0x000000aa9d3f9d20 mode 0
Event: 98.142 Thread 0x000002591711f1d0 Uncommon trap: trap_request=0xffffffcc fr.pc=0x00000258bf11b038 relative=0x0000000000000378
Event: 98.142 Thread 0x000002591711f1d0 Uncommon trap: reason=intrinsic_or_type_checked_inlining action=make_not_entrant pc=0x00000258bf11b038 method=java.util.ArrayList.toArray([Ljava/lang/Object;)[Ljava/lang/Object; @ 36 c2
Event: 98.142 Thread 0x000002591711f1d0 DEOPT PACKING pc=0x00000258bf11b038 sp=0x000000aa9d3f93a0
Event: 98.142 Thread 0x000002591711f1d0 DEOPT UNPACKING pc=0x00000258be7e7da2 sp=0x000000aa9d3f9380 mode 2

Classes loaded (20 events):
Event: 43.622 Loading class java/util/zip/DeflaterOutputStream
Event: 43.623 Loading class java/util/zip/DeflaterOutputStream done
Event: 43.624 Loading class java/util/zip/GZIPInputStream
Event: 43.625 Loading class java/util/zip/GZIPInputStream done
Event: 43.625 Loading class java/util/zip/GZIPOutputStream
Event: 43.625 Loading class java/util/zip/GZIPOutputStream done
Event: 43.647 Loading class java/security/CodeSigner
Event: 43.647 Loading class java/security/CodeSigner done
Event: 43.680 Loading class sun/nio/cs/US_ASCII$Encoder
Event: 43.680 Loading class sun/nio/cs/US_ASCII$Encoder done
Event: 43.829 Loading class java/lang/invoke/WrongMethodTypeException
Event: 43.829 Loading class java/lang/invoke/WrongMethodTypeException done
Event: 43.837 Loading class jdk/internal/loader/BootLoader$PackageHelper
Event: 43.837 Loading class jdk/internal/loader/BootLoader$PackageHelper done
Event: 58.416 Loading class sun/nio/fs/WindowsChannelFactory$2
Event: 58.416 Loading class sun/nio/fs/WindowsChannelFactory$2 done
Event: 58.417 Loading class sun/nio/ch/ChannelOutputStream
Event: 58.417 Loading class sun/nio/ch/ChannelOutputStream done
Event: 58.426 Loading class java/util/concurrent/ConcurrentHashMap$TreeBin
Event: 58.427 Loading class java/util/concurrent/ConcurrentHashMap$TreeBin done

Classes unloaded (0 events):
No events

Classes redefined (0 events):
No events

Internal exceptions (20 events):
Event: 10.584 Thread 0x000002591711ca70 Exception <a 'java/lang/NoSuchMethodError'{0x000000008b91b578}: 'java.lang.Object java.lang.invoke.DirectMethodHandle$Holder.invokeSpecial(java.lang.Object, java.lang.Object, java.lang.Object, java.lang.Object, java.lang.Object, long)'> (0x000000008b91b578) 
thrown [s\open\src\hotspot\share\interpreter\linkResolver.cpp, line 774]
Event: 10.584 Thread 0x000002591711ca70 Exception <a 'java/lang/NoSuchMethodError'{0x000000008b91ed00}: 'java.lang.Object java.lang.invoke.Invokers$Holder.linkToTargetMethod(java.lang.Object, java.lang.Object, java.lang.Object, long, java.lang.Object)'> (0x000000008b91ed00) 
thrown [s\open\src\hotspot\share\interpreter\linkResolver.cpp, line 774]
Event: 10.645 Thread 0x000002591711b6c0 Exception <a 'java/lang/NoSuchMethodError'{0x0000000088a3dfe0}: 'java.lang.Object java.lang.invoke.DirectMethodHandle$Holder.invokeStatic(java.lang.Object, int, int)'> (0x0000000088a3dfe0) 
thrown [s\open\src\hotspot\share\interpreter\linkResolver.cpp, line 774]
Event: 10.886 Thread 0x000002591711e4b0 Exception <a 'java/lang/NoSuchMethodError'{0x00000000868578a8}: 'void java.lang.invoke.Invokers$Holder.invoke_MT(java.lang.Object, java.lang.Object, java.lang.Object, java.lang.Object)'> (0x00000000868578a8) 
thrown [s\open\src\hotspot\share\interpreter\linkResolver.cpp, line 774]
Event: 10.958 Thread 0x000002591711de20 Implicit null exception at 0x00000258bf0a5deb to 0x00000258bf0a6240
Event: 10.958 Thread 0x000002591711eb40 Implicit null exception at 0x00000258bf0a5deb to 0x00000258bf0a6240
Event: 10.958 Thread 0x0000025917120580 Implicit null exception at 0x00000258bf0a5deb to 0x00000258bf0a6240
Event: 10.958 Thread 0x000002591711fef0 Implicit null exception at 0x00000258bf0a5deb to 0x00000258bf0a6240
Event: 11.357 Thread 0x000002591711ca70 Implicit null exception at 0x00000258bf06d93d to 0x00000258bf06e428
Event: 18.334 Thread 0x000002591711b6c0 Exception <a 'java/lang/NoSuchMethodError'{0x00000000861377a0}: 'java.lang.Object java.lang.invoke.DirectMethodHandle$Holder.invokeInterface(java.lang.Object, java.lang.Object, int)'> (0x00000000861377a0) 
thrown [s\open\src\hotspot\share\interpreter\linkResolver.cpp, line 774]
Event: 18.334 Thread 0x000002591711a310 Exception <a 'java/lang/NoSuchMethodError'{0x00000000861342b8}: 'java.lang.Object java.lang.invoke.DirectMethodHandle$Holder.invokeInterface(java.lang.Object, java.lang.Object, int)'> (0x00000000861342b8) 
thrown [s\open\src\hotspot\share\interpreter\linkResolver.cpp, line 774]
Event: 18.452 Thread 0x000002591711b6c0 Implicit null exception at 0x00000258bf08bff3 to 0x00000258bf08c25c
Event: 18.452 Thread 0x000002591711a310 Implicit null exception at 0x00000258bf08bff3 to 0x00000258bf08c25c
Event: 18.452 Thread 0x000002591711b6c0 Exception <a 'java/lang/NoSuchMethodError'{0x0000000086167c08}: 'long java.lang.invoke.DirectMethodHandle$Holder.invokeStatic(java.lang.Object, java.lang.Object, int)'> (0x0000000086167c08) 
thrown [s\open\src\hotspot\share\interpreter\linkResolver.cpp, line 774]
Event: 18.452 Thread 0x000002591711a310 Exception <a 'java/lang/NoSuchMethodError'{0x00000000861a7360}: 'long java.lang.invoke.DirectMethodHandle$Holder.invokeStatic(java.lang.Object, java.lang.Object, int)'> (0x00000000861a7360) 
thrown [s\open\src\hotspot\share\interpreter\linkResolver.cpp, line 774]
Event: 18.454 Thread 0x000002591711b6c0 Exception <a 'java/lang/NoSuchMethodError'{0x00000000861b6ee8}: 'void java.lang.invoke.DelegatingMethodHandle$Holder.reinvoke_L(java.lang.Object, java.lang.Object, long)'> (0x00000000861b6ee8) 
thrown [s\open\src\hotspot\share\interpreter\linkResolver.cpp, line 774]
Event: 18.454 Thread 0x000002591711a310 Exception <a 'java/lang/NoSuchMethodError'{0x00000000861ba978}: 'void java.lang.invoke.DelegatingMethodHandle$Holder.reinvoke_L(java.lang.Object, java.lang.Object, long)'> (0x00000000861ba978) 
thrown [s\open\src\hotspot\share\interpreter\linkResolver.cpp, line 774]
Event: 18.469 Thread 0x000002591711b6c0 Exception <a 'java/lang/NoSuchMethodError'{0x000000008600b288}: 'long java.lang.invoke.DelegatingMethodHandle$Holder.reinvoke_L(java.lang.Object, java.lang.Object)'> (0x000000008600b288) 
thrown [s\open\src\hotspot\share\interpreter\linkResolver.cpp, line 774]
Event: 64.446 Thread 0x00000259136fdbc0 Exception <a 'java/lang/NoSuchMethodError'{0x00000000861cbec8}: 'java.lang.Object java.lang.invoke.DirectMethodHandle$Holder.newInvokeSpecial(java.lang.Object, java.lang.Object, long)'> (0x00000000861cbec8) 
thrown [s\open\src\hotspot\share\interpreter\linkResolver.cpp, line 774]
Event: 64.446 Thread 0x00000259136fdbc0 Exception <a 'java/lang/NoSuchMethodError'{0x00000000861cf5b8}: 'java.lang.Object java.lang.invoke.Invokers$Holder.linkToTargetMethod(java.lang.Object, long, java.lang.Object)'> (0x00000000861cf5b8) 
thrown [s\open\src\hotspot\share\interpreter\linkResolver.cpp, line 774]

ZGC Phase Switch (0 events):
No events

VM Operations (20 events):
Event: 227.084 Executing VM operation: Cleanup
Event: 227.084 Executing VM operation: Cleanup done
Event: 229.089 Executing VM operation: Cleanup
Event: 229.089 Executing VM operation: Cleanup done
Event: 237.122 Executing VM operation: Cleanup
Event: 237.122 Executing VM operation: Cleanup done
Event: 239.134 Executing VM operation: Cleanup
Event: 239.134 Executing VM operation: Cleanup done
Event: 247.193 Executing VM operation: Cleanup
Event: 247.193 Executing VM operation: Cleanup done
Event: 265.343 Executing VM operation: Cleanup
Event: 265.343 Executing VM operation: Cleanup done
Event: 274.409 Executing VM operation: Cleanup
Event: 274.409 Executing VM operation: Cleanup done
Event: 277.426 Executing VM operation: Cleanup
Event: 277.426 Executing VM operation: Cleanup done
Event: 290.509 Executing VM operation: Cleanup
Event: 290.509 Executing VM operation: Cleanup done
Event: 294.526 Executing VM operation: Cleanup
Event: 294.526 Executing VM operation: Cleanup done

Memory protections (0 events):
No events

Nmethod flushes (20 events):
Event: 41.804 Thread 0x00000258cb6a5970 flushing  nmethod 0x00000258b7bf3610
Event: 41.804 Thread 0x00000258cb6a5970 flushing  nmethod 0x00000258b7bf3d10
Event: 41.804 Thread 0x00000258cb6a5970 flushing  nmethod 0x00000258b7bf5a10
Event: 41.804 Thread 0x00000258cb6a5970 flushing  nmethod 0x00000258b7bf6390
Event: 41.804 Thread 0x00000258cb6a5970 flushing  nmethod 0x00000258b7bfa390
Event: 41.804 Thread 0x00000258cb6a5970 flushing  nmethod 0x00000258b7bfad90
Event: 41.804 Thread 0x00000258cb6a5970 flushing  nmethod 0x00000258bef6f810
Event: 41.804 Thread 0x00000258cb6a5970 flushing  nmethod 0x00000258bef8e710
Event: 41.804 Thread 0x00000258cb6a5970 flushing  nmethod 0x00000258b7275010
Event: 41.804 Thread 0x00000258cb6a5970 flushing  nmethod 0x00000258b72a3d10
Event: 41.804 Thread 0x00000258cb6a5970 flushing  nmethod 0x00000258b7375490
Event: 41.804 Thread 0x00000258cb6a5970 flushing  nmethod 0x00000258b745db10
Event: 41.804 Thread 0x00000258cb6a5970 flushing  nmethod 0x00000258b74ffb10
Event: 41.804 Thread 0x00000258cb6a5970 flushing  nmethod 0x00000258b7543b10
Event: 41.804 Thread 0x00000258cb6a5970 flushing  nmethod 0x00000258b7590810
Event: 41.804 Thread 0x00000258cb6a5970 flushing  nmethod 0x00000258b763d010
Event: 41.804 Thread 0x00000258cb6a5970 flushing  nmethod 0x00000258b77aa290
Event: 41.804 Thread 0x00000258cb6a5970 flushing  nmethod 0x00000258b77aab90
Event: 41.804 Thread 0x00000258cb6a5970 flushing  nmethod 0x00000258b7906890
Event: 41.804 Thread 0x00000258cb6a5970 flushing  nmethod 0x00000258b7b62990

Events (20 events):
Event: 7.456 Thread 0x00000258cba1ec00 Thread exited: 0x00000258cba1ec00
Event: 7.572 Thread 0x00000258cb6d99e0 Thread added: 0x00000258cba1ec00
Event: 7.597 Thread 0x00000258cb6ccce0 Thread added: 0x000002591221e780
Event: 7.832 Thread 0x000002591221e780 Thread exited: 0x000002591221e780
Event: 7.833 Thread 0x00000258cba1ec00 Thread exited: 0x00000258cba1ec00
Event: 10.631 Thread 0x00000258cb6d99e0 Thread added: 0x00000258cba1ec00
Event: 10.673 Thread 0x00000258cb6d99e0 Thread added: 0x000002591221e780
Event: 11.238 Thread 0x000002591221e780 Thread exited: 0x000002591221e780
Event: 13.734 Thread 0x00000258cba1ec00 Thread exited: 0x00000258cba1ec00
Event: 18.465 Thread 0x00000258cb6d99e0 Thread added: 0x00000258cba1ec00
Event: 19.308 Thread 0x00000258cba1ec00 Thread exited: 0x00000258cba1ec00
Event: 43.637 Thread 0x00000258cb6ccce0 Thread added: 0x00000258cba1ec00
Event: 43.827 Thread 0x00000258cba1ec00 Thread exited: 0x00000258cba1ec00
Event: 47.587 Thread 0x00000258cb6d99e0 Thread added: 0x00000258cba1ec00
Event: 47.731 Thread 0x00000258cba1ec00 Thread exited: 0x00000258cba1ec00
Event: 63.398 Thread 0x00000258cb6d99e0 Thread added: 0x00000258cb984fe0
Event: 64.115 Thread 0x00000258cb984fe0 Thread exited: 0x00000258cb984fe0
Event: 64.665 Thread 0x000002591602b220 Thread exited: 0x000002591602b220
Event: 98.185 Thread 0x00000258cb6d99e0 Thread added: 0x00000258cb984fe0
Event: 102.205 Thread 0x00000258cb984fe0 Thread exited: 0x00000258cb984fe0


Dynamic libraries:
0x00007ff7d7080000 - 0x00007ff7d708e000 	C:\Users\HP\.jdks\openjdk-22.0.2\bin\java.exe
0x00007ffc00270000 - 0x00007ffc00487000 	C:\WINDOWS\SYSTEM32\ntdll.dll
0x00007ffbfeaf0000 - 0x00007ffbfebb4000 	C:\WINDOWS\System32\KERNEL32.DLL
0x00007ffbfd900000 - 0x00007ffbfdcad000 	C:\WINDOWS\System32\KERNELBASE.dll
0x00007ffbfde80000 - 0x00007ffbfdf91000 	C:\WINDOWS\System32\ucrtbase.dll
0x00007ffbf5230000 - 0x00007ffbf524b000 	C:\Users\HP\.jdks\openjdk-22.0.2\bin\VCRUNTIME140.dll
0x00007ffbf5000000 - 0x00007ffbf5017000 	C:\Users\HP\.jdks\openjdk-22.0.2\bin\jli.dll
0x00007ffc00080000 - 0x00007ffc0022e000 	C:\WINDOWS\System32\USER32.dll
0x00007ffbfd590000 - 0x00007ffbfd5b6000 	C:\WINDOWS\System32\win32u.dll
0x00007ffbff350000 - 0x00007ffbff379000 	C:\WINDOWS\System32\GDI32.dll
0x00007ffbfdd60000 - 0x00007ffbfde79000 	C:\WINDOWS\System32\gdi32full.dll
0x00007ffbfd860000 - 0x00007ffbfd8fa000 	C:\WINDOWS\System32\msvcp_win.dll
0x00007ffbe1590000 - 0x00007ffbe1823000 	C:\WINDOWS\WinSxS\amd64_microsoft.windows.common-controls_6595b64144ccf1df_6.0.22621.3672_none_2713b9d173822955\COMCTL32.dll
0x00007ffbfe940000 - 0x00007ffbfe9e7000 	C:\WINDOWS\System32\msvcrt.dll
0x00007ffbfe870000 - 0x00007ffbfe8a1000 	C:\WINDOWS\System32\IMM32.DLL
0x00007ffbf55c0000 - 0x00007ffbf55cc000 	C:\Users\HP\.jdks\openjdk-22.0.2\bin\vcruntime140_1.dll
0x00007ffbf4d60000 - 0x00007ffbf4dee000 	C:\Users\HP\.jdks\openjdk-22.0.2\bin\msvcp140.dll
0x00007ffb7b890000 - 0x00007ffb7c5d9000 	C:\Users\HP\.jdks\openjdk-22.0.2\bin\server\jvm.dll
0x00007ffbfed80000 - 0x00007ffbfee32000 	C:\WINDOWS\System32\ADVAPI32.dll
0x00007ffbfdfa0000 - 0x00007ffbfe049000 	C:\WINDOWS\System32\sechost.dll
0x00007ffbfdd30000 - 0x00007ffbfdd58000 	C:\WINDOWS\System32\bcrypt.dll
0x00007ffbff230000 - 0x00007ffbff344000 	C:\WINDOWS\System32\RPCRT4.dll
0x00007ffbfea10000 - 0x00007ffbfea81000 	C:\WINDOWS\System32\WS2_32.dll
0x00007ffbfd450000 - 0x00007ffbfd49d000 	C:\WINDOWS\SYSTEM32\POWRPROF.dll
0x00007ffbf80a0000 - 0x00007ffbf80aa000 	C:\WINDOWS\SYSTEM32\VERSION.dll
0x00007ffbf7100000 - 0x00007ffbf7134000 	C:\WINDOWS\SYSTEM32\WINMM.dll
0x00007ffbfd430000 - 0x00007ffbfd443000 	C:\WINDOWS\SYSTEM32\UMPDC.dll
0x00007ffbfc590000 - 0x00007ffbfc5a8000 	C:\WINDOWS\SYSTEM32\kernel.appcore.dll
0x00007ffbf5490000 - 0x00007ffbf549a000 	C:\Users\HP\.jdks\openjdk-22.0.2\bin\jimage.dll
0x00007ffbfac50000 - 0x00007ffbfae82000 	C:\WINDOWS\SYSTEM32\DBGHELP.DLL
0x00007ffbffcf0000 - 0x00007ffc0007d000 	C:\WINDOWS\System32\combase.dll
0x00007ffbfec50000 - 0x00007ffbfed27000 	C:\WINDOWS\System32\OLEAUT32.dll
0x00007ffbd87e0000 - 0x00007ffbd8812000 	C:\WINDOWS\SYSTEM32\dbgcore.DLL
0x00007ffbfdcb0000 - 0x00007ffbfdd2b000 	C:\WINDOWS\System32\bcryptPrimitives.dll
0x00007ffbf51c0000 - 0x00007ffbf51cf000 	C:\Users\HP\.jdks\openjdk-22.0.2\bin\instrument.dll
0x00007ffbf4fb0000 - 0x00007ffbf4fce000 	C:\Users\HP\.jdks\openjdk-22.0.2\bin\java.dll
0x00007ffbff480000 - 0x00007ffbffce8000 	C:\WINDOWS\System32\SHELL32.dll
0x00007ffbfe6b0000 - 0x00007ffbfe855000 	C:\WINDOWS\System32\ole32.dll
0x00007ffbfb590000 - 0x00007ffbfbe8e000 	C:\WINDOWS\SYSTEM32\windows.storage.dll
0x00007ffbfb450000 - 0x00007ffbfb58f000 	C:\WINDOWS\SYSTEM32\wintypes.dll
0x00007ffbff070000 - 0x00007ffbff169000 	C:\WINDOWS\System32\SHCORE.dll
0x00007ffbfea90000 - 0x00007ffbfeaee000 	C:\WINDOWS\System32\shlwapi.dll
0x00007ffbfd4c0000 - 0x00007ffbfd4e1000 	C:\WINDOWS\SYSTEM32\profapi.dll
0x00007ffbf4970000 - 0x00007ffbf4a47000 	C:\Users\HP\.jdks\openjdk-22.0.2\bin\jsvml.dll
0x00007ffbf4c00000 - 0x00007ffbf4c17000 	C:\Users\HP\.jdks\openjdk-22.0.2\bin\zip.dll
0x00007ffbf4fa0000 - 0x00007ffbf4fb0000 	C:\Users\HP\.jdks\openjdk-22.0.2\bin\net.dll
0x00007ffbfca10000 - 0x00007ffbfca79000 	C:\WINDOWS\system32\mswsock.dll
0x00007ffbf4be0000 - 0x00007ffbf4bf6000 	C:\Users\HP\.jdks\openjdk-22.0.2\bin\nio.dll
0x00007ffbf4bc0000 - 0x00007ffbf4bda000 	D:\IntelliJ IDEA Community Edition 2024.1.4\bin\breakgen64.dll
0x00007ffbf4ee0000 - 0x00007ffbf4ee9000 	C:\Users\HP\.jdks\openjdk-22.0.2\bin\extnet.dll
0x00007ffbf4eb0000 - 0x00007ffbf4eba000 	C:\Users\HP\.jdks\openjdk-22.0.2\bin\management.dll
0x00007ffbf4b80000 - 0x00007ffbf4b8b000 	C:\Users\HP\.jdks\openjdk-22.0.2\bin\management_ext.dll
0x00007ffbfeea0000 - 0x00007ffbfeea8000 	C:\WINDOWS\System32\PSAPI.DLL
0x00007ffbf4800000 - 0x00007ffbf480b000 	C:\Users\HP\.jdks\openjdk-22.0.2\bin\le.dll
0x00007ffbf4ae0000 - 0x00007ffbf4aee000 	C:\Users\HP\.jdks\openjdk-22.0.2\bin\sunmscapi.dll
0x00007ffbfd5c0000 - 0x00007ffbfd727000 	C:\WINDOWS\System32\CRYPT32.dll
0x00007ffbfce30000 - 0x00007ffbfce5e000 	C:\WINDOWS\SYSTEM32\ncrypt.dll
0x00007ffbfcdf0000 - 0x00007ffbfce27000 	C:\WINDOWS\SYSTEM32\NTASN1.dll
0x00007ffbfcc90000 - 0x00007ffbfccab000 	C:\WINDOWS\SYSTEM32\CRYPTSP.dll
0x00007ffbfc4e0000 - 0x00007ffbfc515000 	C:\WINDOWS\system32\rsaenh.dll
0x00007ffbfcb10000 - 0x00007ffbfcb38000 	C:\WINDOWS\SYSTEM32\USERENV.dll
0x00007ffbfccb0000 - 0x00007ffbfccbc000 	C:\WINDOWS\SYSTEM32\CRYPTBASE.dll
0x00007ffbfbfe0000 - 0x00007ffbfc00d000 	C:\WINDOWS\SYSTEM32\IPHLPAPI.DLL
0x00007ffbfe860000 - 0x00007ffbfe869000 	C:\WINDOWS\System32\NSI.dll
0x00007ffbf8330000 - 0x00007ffbf8349000 	C:\WINDOWS\SYSTEM32\dhcpcsvc6.DLL
0x00007ffbf8270000 - 0x00007ffbf828f000 	C:\WINDOWS\SYSTEM32\dhcpcsvc.DLL
0x00007ffbfc010000 - 0x00007ffbfc108000 	C:\WINDOWS\SYSTEM32\DNSAPI.dll
0x00007ffbf7a60000 - 0x00007ffbf7a68000 	C:\WINDOWS\system32\wshunix.dll
0x00007ffbf88c0000 - 0x00007ffbf88ca000 	C:\Windows\System32\rasadhlp.dll
0x00007ffbf2e80000 - 0x00007ffbf2f03000 	C:\WINDOWS\System32\fwpuclnt.dll
0x00007ffbf3ed0000 - 0x00007ffbf3ee0000 	C:\Users\HP\.jdks\openjdk-22.0.2\bin\verify.dll

dbghelp: loaded successfully - version: 4.0.5 - missing functions: none
symbol engine: initialized successfully - sym options: 0x614 - pdb path: .;C:\Users\HP\.jdks\openjdk-22.0.2\bin;C:\WINDOWS\SYSTEM32;C:\WINDOWS\WinSxS\amd64_microsoft.windows.common-controls_6595b64144ccf1df_6.0.22621.3672_none_2713b9d173822955;C:\Users\HP\.jdks\openjdk-22.0.2\bin\server;D:\IntelliJ IDEA Community Edition 2024.1.4\bin

VM Arguments:
jvm_args: -javaagent:D:\IntelliJ IDEA Community Edition 2024.1.4\lib\idea_rt.jar=50692:D:\IntelliJ IDEA Community Edition 2024.1.4\bin -Dfile.encoding=UTF-8 -Dsun.stdout.encoding=UTF-8 -Dsun.stderr.encoding=UTF-8 
java_command: com.abcRestaurant.abcRestaurant.AbcRestaurantApplication
java_class_path (initial): C:\Users\HP\Desktop\ABCRestaurant\abc-restaurant-project\abcRestaurant\target\classes;C:\Users\HP\.m2\repository\org\springframework\boot\spring-boot-starter-data-mongodb\3.3.2\spring-boot-starter-data-mongodb-3.3.2.jar;C:\Users\HP\.m2\repository\org\springframework\boot\spring-boot-starter\3.3.2\spring-boot-starter-3.3.2.jar;C:\Users\HP\.m2\repository\org\springframework\boot\spring-boot-starter-logging\3.3.2\spring-boot-starter-logging-3.3.2.jar;C:\Users\HP\.m2\repository\ch\qos\logback\logback-classic\1.5.6\logback-classic-1.5.6.jar;C:\Users\HP\.m2\repository\ch\qos\logback\logback-core\1.5.6\logback-core-1.5.6.jar;C:\Users\HP\.m2\repository\org\apache\logging\log4j\log4j-to-slf4j\2.23.1\log4j-to-slf4j-2.23.1.jar;C:\Users\HP\.m2\repository\org\apache\logging\log4j\log4j-api\2.23.1\log4j-api-2.23.1.jar;C:\Users\HP\.m2\repository\org\slf4j\jul-to-slf4j\2.0.13\jul-to-slf4j-2.0.13.jar;C:\Users\HP\.m2\repository\jakarta\annotation\jakarta.annotation-api\2.1.1\jakarta.annotation-api-2.1.1.jar;C:\Users\HP\.m2\repository\org\yaml\snakeyaml\2.2\snakeyaml-2.2.jar;C:\Users\HP\.m2\repository\org\mongodb\mongodb-driver-sync\5.0.1\mongodb-driver-sync-5.0.1.jar;C:\Users\HP\.m2\repository\org\mongodb\bson\5.0.1\bson-5.0.1.jar;C:\Users\HP\.m2\repository\org\mongodb\mongodb-driver-core\5.0.1\mongodb-driver-core-5.0.1.jar;C:\Users\HP\.m2\repository\org\mongodb\bson-record-codec\5.0.1\bson-record-codec-5.0.1.jar;C:\Users\HP\.m2\repository\org\springframework\data\spring-data-mongodb\4.3.2\spring-data-mongodb-4.3.2.jar;C:\Users\HP\.m2\repository\org\springframework\spring-tx\6.1.11\spring-tx-6.1.11.jar;C:\Users\HP\.m2\repository\org\springframework\spring-context\6.1.11\spring-context-6.1.11.jar;C:\Users\HP\.m2\repository\org\springframework\spring-beans\6.1.11\spring-beans-6.1.11.jar;C:\Users\HP\.m2\repository\org\springframework\spring-expression\6.1.11\spring-expression-6.1.11.jar;C:\Users\HP\.m2\repository\org\springframework\data\spring-data-commons\3.3.2\spring-data-commons-3.3.2.jar;C:\Users\HP\.m2\repository\org\slf4j\slf4j-api\2.0.13\slf4j-api-2.0.13.jar;C:\Users\HP\.m2\repository\org\springframework\boot\spring-boot-starter-web\3.3.2\spring-boot-starter-web-3.3.2.jar;C:\Users\HP\.m2\repository\org\springframework\boot\spring-boot-starter-json\3.3.2\spring-boot-starter-json-3.3.2.jar;C:\Users\HP\.m2\repository\com\fasterxml\jackson\core\jackson-databind\2.17.2\jackson-databind-2.17.2.jar;C:\Users\HP\.m2\repository\com\fasterxml\jackson\core\jackson-annotations\2.17.2\jackson-annotations-2.17.2.jar;C:\Users\HP\.m2\repository\com\fasterxml\jackson\core\jackson-core\2.17.2\jackson-core-2.17.2.jar;C:\Users\HP\.m2\repository\com\fasterxml\jackson\datatype\jackson-datatype-jdk8\2.17.2\jackson-datatype-jdk8-2.17.2.jar;C:\Users\HP\.m2\repository\com\fasterxml\jackson\datatype\jackson-datatype-jsr310\2.17.2\jackson-datatype-jsr310-2.17.2.jar;C:\Users\HP\.m2\repository\com\fasterxml\jackson\module\jackson-module-parameter-names\2.17.2\jackson-module-parameter-names-2.17.2.jar;C:\Users\HP\.m2\repository\org\springframework\boot\spring-boot-starter-tomcat\3.3.2\spring-boot-starter-tomcat-3.3.2.jar;C:\Users\HP\.m2\repository\org\apache\tomcat\embed\tomcat-embed-core\10.1.26\tomcat-embed-core-10.1.26.jar;C:\Users\HP\.m2\repository\org\apache\tomcat\embed\tomcat-embed-el\10.1.26\tomcat-embed-el-10.1.26.jar;C:\Users\HP\.m2\repository\org\apache\tomcat\embed\tomcat-embed-websocket\10.1.26\tomcat-embed-websocket-10.1.26.jar;C:\Users\HP\.m2\repository\org\springframework\spring-web\6.1.11\spring-web-6.1.11.jar;C:\Users\HP\.m2\repository\io\micrometer\micrometer-observation\1.13.2\micrometer-observation-1.13.2.jar;C:\Users\HP\.m2\repository\io\micrometer\micrometer-commons\1.13.2\micrometer-commons-1.13.2.jar;C:\Users\HP\.m2\repository\org\springframework\spring-webmvc\6.1.11\spring-webmvc-6.1.11.jar;C:\Users\HP\.m2\repository\org\springframework\boot\spring-boot-devtools\3.3.2\spring-boot-devtools-3.3.2.jar;C:\Users\HP\.m2\repository\org\springframework\boot\spring-boot\3.3.2\spring-boot-3.3.2.jar;C:\Users\HP\.m2\repository\org\springframework\boot\spring-boot-autoconfigure\3.3.2\spring-boot-autoconfigure-3.3.2.jar;C:\Users\HP\.m2\repository\org\projectlombok\lombok\1.18.34\lombok-1.18.34.jar;C:\Users\HP\.m2\repository\jakarta\activation\jakarta.activation-api\2.1.3\jakarta.activation-api-2.1.3.jar;C:\Users\HP\.m2\repository\org\springframework\spring-core\6.1.11\spring-core-6.1.11.jar;C:\Users\HP\.m2\repository\org\springframework\spring-jcl\6.1.11\spring-jcl-6.1.11.jar;C:\Users\HP\.m2\repository\me\paulschwarz\spring-dotenv\2.5.4\spring-dotenv-2.5.4.jar;C:\Users\HP\.m2\repository\io\github\cdimascio\dotenv-java\2.2.3\dotenv-java-2.2.3.jar;C:\Users\HP\.m2\repository\org\springframework\boot\spring-boot-starter-mail\3.3.2\spring-boot-starter-mail-3.3.2.jar;C:\Users\HP\.m2\repository\org\springframework\spring-context-support\6.1.11\spring-context-support-6.1.11.jar;C:\Users\HP\.m2\repository\org\eclipse\angus\jakarta.mail\2.0.3\jakarta.mail-2.0.3.jar;C:\Users\HP\.m2\repository\org\eclipse\angus\angus-activation\2.0.2\angus-activation-2.0.2.jar;C:\Users\HP\.m2\repository\org\springframework\boot\spring-boot-starter-security\3.3.2\spring-boot-starter-security-3.3.2.jar;C:\Users\HP\.m2\repository\org\springframework\spring-aop\6.1.11\spring-aop-6.1.11.jar;C:\Users\HP\.m2\repository\org\springframework\security\spring-security-config\6.3.1\spring-security-config-6.3.1.jar;C:\Users\HP\.m2\repository\org\springframework\security\spring-security-core\6.3.1\spring-security-core-6.3.1.jar;C:\Users\HP\.m2\repository\org\springframework\security\spring-security-crypto\6.3.1\spring-security-crypto-6.3.1.jar;C:\Users\HP\.m2\repository\org\springframework\security\spring-security-web\6.3.1\spring-security-web-6.3.1.jar;C:\Users\HP\.m2\repository\io\jsonwebtoken\jjwt\0.12.6\jjwt-0.12.6.jar;C:\Users\HP\.m2\repository\io\jsonwebtoken\jjwt-api\0.12.6\jjwt-api-0.12.6.jar;C:\Users\HP\.m2\repository\io\jsonwebtoken\jjwt-impl\0.12.6\jjwt-impl-0.12.6.jar;C:\Users\HP\.m2\repository\io\jsonwebtoken\jjwt-jackson\0.12.6\jjwt-jackson-0.12.6.jar
Launcher Type: SUN_STANDARD

[Global flags]
     intx CICompilerCount                          = 4                                         {product} {ergonomic}
     uint ConcGCThreads                            = 2                                         {product} {ergonomic}
     uint G1ConcRefinementThreads                  = 8                                         {product} {ergonomic}
   size_t G1HeapRegionSize                         = 1048576                                   {product} {ergonomic}
   size_t InitialHeapSize                          = 132120576                                 {product} {ergonomic}
   size_t MarkStackSize                            = 4194304                                   {product} {ergonomic}
   size_t MaxHeapSize                              = 2084569088                                {product} {ergonomic}
   size_t MaxNewSize                               = 1249902592                                {product} {ergonomic}
   size_t MinHeapDeltaBytes                        = 1048576                                   {product} {ergonomic}
   size_t MinHeapSize                              = 8388608                                   {product} {ergonomic}
    uintx NonNMethodCodeHeapSize                   = 5839372                                {pd product} {ergonomic}
    uintx NonProfiledCodeHeapSize                  = 122909434                              {pd product} {ergonomic}
    uintx ProfiledCodeHeapSize                     = 122909434                              {pd product} {ergonomic}
    uintx ReservedCodeCacheSize                    = 251658240                              {pd product} {ergonomic}
     bool SegmentedCodeCache                       = true                                      {product} {ergonomic}
   size_t SoftMaxHeapSize                          = 2084569088                             {manageable} {ergonomic}
     bool UseCompressedOops                        = true                           {product lp64_product} {ergonomic}
     bool UseG1GC                                  = true                                      {product} {ergonomic}
     bool UseLargePagesIndividualAllocation        = false                                  {pd product} {ergonomic}

Logging:
Log output configuration:
 #0: stdout all=warning uptime,level,tags foldmultilines=false
 #1: stderr all=off uptime,level,tags foldmultilines=false

Environment Variables:
PATH=C:\Program Files\Common Files\Oracle\Java\javapath;C:\WINDOWS\system32;C:\WINDOWS;C:\WINDOWS\System32\Wbem;C:\WINDOWS\System32\WindowsPowerShell\v1.0\;C:\WINDOWS\System32\OpenSSH\;C:\ProgramData\chocolatey\bin;C:\Program Files\dotnet\;D:\Git\cmd;C:\Program Files\Microsoft SQL Server\150\Tools\Binn\;C:\Program Files\Microsoft SQL Server\130\Tools\Binn\;C:\Program Files\Microsoft SQL Server\Client SDK\ODBC\170\Tools\Binn\;C:\Program Files (x86)\Microsoft SQL Server\160\Tools\Binn\;C:\Program Files\Microsoft SQL Server\160\Tools\Binn\;C:\Program Files\Microsoft SQL Server\160\DTS\Binn\;C:\Program Files (x86)\Microsoft SQL Server\160\DTS\Binn\;C:\Program Files\Azure Data Studio\bin;C:\Program Files\nodejs\;C:\Users\HP\AppData\Local\Programs\Python\Python312\Scripts\;C:\Users\HP\AppData\Local\Programs\Python\Python312\;C:\Users\HP\AppData\Local\Programs\Python\Launcher\;C:\Users\HP\AppData\Local\Microsoft\WindowsApps;D:\Microsoft VS Code\bin;C:\Users\HP\AppData\Local\GitHubDesktop\bin;C:\Program Files\Azure Data Studio\bin;C:\Users\HP\AppData\Roaming\npm;D:\IntelliJ IDEA Community Edition 2024.1.4\bin;
USERNAME=HP
OS=Windows_NT
PROCESSOR_IDENTIFIER=Intel64 Family 6 Model 140 Stepping 1, GenuineIntel
TMP=C:\Users\HP\AppData\Local\Temp
TEMP=C:\Users\HP\AppData\Local\Temp




Periodic native trim disabled

---------------  S Y S T E M  ---------------

OS:
 Windows 11 , 64 bit Build 22621 (10.0.22621.3958)
OS uptime: 0 days 23:12 hours
Hyper-V role detected

CPU: total 8 (initial active 8) (4 cores per cpu, 2 threads per core) family 6 model 140 stepping 1 microcode 0xac, cx8, cmov, fxsr, ht, mmx, 3dnowpref, sse, sse2, sse3, ssse3, sse4.1, sse4.2, popcnt, lzcnt, tsc, tscinvbit, avx, avx2, aes, erms, clmul, bmi1, bmi2, adx, avx512f, avx512dq, avx512cd, avx512bw, avx512vl, sha, fma, vzeroupper, avx512_vpopcntdq, avx512_vpclmulqdq, avx512_vaes, avx512_vnni, clflush, clflushopt, clwb, avx512_vbmi2, avx512_vbmi, hv, rdtscp, rdpid, fsrm, gfni, avx512_bitalg, f16c, cet_ibt, cet_ss, avx512_ifma
Processor Information for all 8 processors :
  Max Mhz: 2419, Current Mhz: 2419, Mhz Limit: 2419

Memory: 4k page, system-wide physical 7948M (372M free)
TotalPageFile size 14092M (AvailPageFile size 0M)
current process WorkingSet (physical memory assigned to process): 179M, peak: 252M
current process commit charge ("private bytes"): 242M, peak: 291M

vm_info: OpenJDK 64-Bit Server VM (22.0.2+9-70) for windows-amd64 JRE (22.0.2+9-70), built on 2024-06-04T16:52:23Z by "mach5one" with MS VC++ 17.6 (VS2022)

END.
