#
# There is insufficient memory for the Java Runtime Environment to continue.
# Native memory allocation (malloc) failed to allocate 838128 bytes. Error detail: Chunk::new
# Possible reasons:
#   The system is out of physical RAM or swap space
#   This process is running with CompressedOops enabled, and the Java Heap may be blocking the growth of the native heap
# Possible solutions:
#   Reduce memory load on the system
#   Increase physical memory or swap space
#   Check if swap backing store is full
#   Decrease Java heap size (-Xmx/-Xms)
#   Decrease number of Java threads
#   Decrease Java thread stack sizes (-Xss)
#   Set larger code cache with -XX:ReservedCodeCacheSize=
#   JVM is running with Unscaled Compressed Oops mode in which the Java heap is
#     placed in the first 4GB address space. The Java Heap base address is the
#     maximum limit for the native heap growth. Please use -XX:HeapBaseMinAddress
#     to set the Java Heap base and to place the Java Heap above 4GB virtual address.
# This output file may be truncated or incomplete.
#
#  Out of Memory Error (arena.cpp:150), pid=15168, tid=9568
#
# JRE version: OpenJDK Runtime Environment (22.0.2+9) (build 22.0.2+9-70)
# Java VM: OpenJDK 64-Bit Server VM (22.0.2+9-70, mixed mode, sharing, tiered, compressed oops, compressed class ptrs, g1 gc, windows-amd64)
# No core dump will be written. Minidumps are not enabled by default on client versions of Windows
#

---------------  S U M M A R Y ------------

Command Line: -javaagent:D:\IntelliJ IDEA Community Edition 2024.1.4\lib\idea_rt.jar=54670:D:\IntelliJ IDEA Community Edition 2024.1.4\bin -Dfile.encoding=UTF-8 -Dsun.stdout.encoding=UTF-8 -Dsun.stderr.encoding=UTF-8 com.abcRestaurant.abcRestaurant.AbcRestaurantApplication

Host: 11th Gen Intel(R) Core(TM) i5-1135G7 @ 2.40GHz, 8 cores, 7G,  Windows 11 , 64 bit Build 22621 (10.0.22621.3672)
Time: Thu Aug  1 19:05:17 2024 Sri Lanka Standard Time elapsed time: 247.922952 seconds (0d 0h 4m 7s)

---------------  T H R E A D  ---------------

Current thread (0x0000018867c153c0):  JavaThread "C2 CompilerThread0" daemon [_thread_in_native, id=9568, stack(0x0000005bd1700000,0x0000005bd1800000) (1024K)]


Current CompileTask:
C2:247923 6820       4       org.apache.tomcat.util.net.SocketWrapperBase::writeBlocking (61 bytes)

Stack: [0x0000005bd1700000,0x0000005bd1800000]
Native frames: (J=compiled Java code, j=interpreted, Vv=VM code, C=native code)
V  [jvm.dll+0x6e26e9]  (no source info available)
V  [jvm.dll+0x875753]  (no source info available)
V  [jvm.dll+0x877b7e]  (no source info available)
V  [jvm.dll+0x878253]  (no source info available)
V  [jvm.dll+0x27fc86]  (no source info available)
V  [jvm.dll+0xc3d0f]  (no source info available)
V  [jvm.dll+0xc3f6b]  (no source info available)
V  [jvm.dll+0x3bb47c]  (no source info available)
V  [jvm.dll+0x1df6ae]  (no source info available)
V  [jvm.dll+0x24793c]  (no source info available)
V  [jvm.dll+0x246e9f]  (no source info available)
V  [jvm.dll+0x1c4e80]  (no source info available)
V  [jvm.dll+0x2568f3]  (no source info available)
V  [jvm.dll+0x254baa]  (no source info available)
V  [jvm.dll+0x3f57a6]  (no source info available)
V  [jvm.dll+0x81dc0b]  (no source info available)
V  [jvm.dll+0x6e0d85]  (no source info available)
C  [ucrtbase.dll+0x29333]  (no source info available)
C  [KERNEL32.DLL+0x1257d]  (no source info available)
C  [ntdll.dll+0x5af28]  (no source info available)


---------------  P R O C E S S  ---------------

Threads class SMR info:
_java_thread_list=0x000001886870ac40, length=40, elements={
0x0000018867bde200, 0x0000018867bdf210, 0x0000018867be10d0, 0x0000018867beca30,
0x0000018867c0df90, 0x0000018867c11170, 0x0000018867c153c0, 0x0000018867c1dd80,
0x00000188451d1a50, 0x000001884552c500, 0x00000188454249e0, 0x0000018848b500f0,
0x0000018848b50760, 0x00000188478361d0, 0x00000188468ac330, 0x00000188468a9540,
0x00000188468aaf80, 0x00000188468aa8f0, 0x00000188487be170, 0x00000188487bdae0,
0x00000188487bb380, 0x00000188487bc0a0, 0x00000188487b9fd0, 0x00000188487be800,
0x00000188487bee90, 0x00000188487bacf0, 0x00000188487bba10, 0x00000188487bf520,
0x00000188487bcdc0, 0x00000188487c08d0, 0x00000188487bfbb0, 0x00000188487c0240,
0x00000188487c0f60, 0x00000188487ba660, 0x00000188487bc730, 0x00000188487c15f0,
0x00000188487bd450, 0x0000018869186070, 0x0000018869186700, 0x00000188691859e0
}

Java Threads: ( => current thread )
  0x0000018867bde200 JavaThread "Reference Handler"          daemon [_thread_blocked, id=1112, stack(0x0000005bd1100000,0x0000005bd1200000) (1024K)]
  0x0000018867bdf210 JavaThread "Finalizer"                  daemon [_thread_blocked, id=14796, stack(0x0000005bd1200000,0x0000005bd1300000) (1024K)]
  0x0000018867be10d0 JavaThread "Signal Dispatcher"          daemon [_thread_blocked, id=8728, stack(0x0000005bd1300000,0x0000005bd1400000) (1024K)]
  0x0000018867beca30 JavaThread "Attach Listener"            daemon [_thread_blocked, id=6392, stack(0x0000005bd1400000,0x0000005bd1500000) (1024K)]
  0x0000018867c0df90 JavaThread "Service Thread"             daemon [_thread_blocked, id=2420, stack(0x0000005bd1500000,0x0000005bd1600000) (1024K)]
  0x0000018867c11170 JavaThread "Monitor Deflation Thread"   daemon [_thread_blocked, id=5468, stack(0x0000005bd1600000,0x0000005bd1700000) (1024K)]
=>0x0000018867c153c0 JavaThread "C2 CompilerThread0"         daemon [_thread_in_native, id=9568, stack(0x0000005bd1700000,0x0000005bd1800000) (1024K)]
  0x0000018867c1dd80 JavaThread "C1 CompilerThread0"         daemon [_thread_blocked, id=7468, stack(0x0000005bd1800000,0x0000005bd1900000) (1024K)]
  0x00000188451d1a50 JavaThread "Common-Cleaner"             daemon [_thread_blocked, id=10144, stack(0x0000005bd1900000,0x0000005bd1a00000) (1024K)]
  0x000001884552c500 JavaThread "Monitor Ctrl-Break"         daemon [_thread_in_native, id=4700, stack(0x0000005bd1b00000,0x0000005bd1c00000) (1024K)]
  0x00000188454249e0 JavaThread "Notification Thread"        daemon [_thread_blocked, id=6016, stack(0x0000005bd1c00000,0x0000005bd1d00000) (1024K)]
  0x0000018848b500f0 JavaThread "Catalina-utility-1"                [_thread_blocked, id=8400, stack(0x0000005bd2800000,0x0000005bd2900000) (1024K)]
  0x0000018848b50760 JavaThread "Catalina-utility-2"                [_thread_blocked, id=6272, stack(0x0000005bd2900000,0x0000005bd2a00000) (1024K)]
  0x00000188478361d0 JavaThread "container-0"                       [_thread_blocked, id=13876, stack(0x0000005bd2a00000,0x0000005bd2b00000) (1024K)]
  0x00000188468ac330 JavaThread "Jndi-Dns-address-change-listener" daemon [_thread_in_native, id=15832, stack(0x0000005bd2b00000,0x0000005bd2c00000) (1024K)]
  0x00000188468a9540 JavaThread "BufferPoolPruner-1-thread-1" daemon [_thread_blocked, id=5776, stack(0x0000005bd1a00000,0x0000005bd1b00000) (1024K)]
  0x00000188468aaf80 JavaThread "Live Reload Server"         daemon [_thread_in_native, id=5684, stack(0x0000005bd2e00000,0x0000005bd2f00000) (1024K)]
  0x00000188468aa8f0 JavaThread "File Watcher"               daemon [_thread_blocked, id=14960, stack(0x0000005bd2f00000,0x0000005bd3000000) (1024K)]
  0x00000188487be170 JavaThread "http-nio-8080-exec-1"       daemon [_thread_blocked, id=11276, stack(0x0000005bd3000000,0x0000005bd3100000) (1024K)]
  0x00000188487bdae0 JavaThread "http-nio-8080-exec-2"       daemon [_thread_blocked, id=2672, stack(0x0000005bd3100000,0x0000005bd3200000) (1024K)]
  0x00000188487bb380 JavaThread "http-nio-8080-exec-3"       daemon [_thread_blocked, id=15108, stack(0x0000005bd3200000,0x0000005bd3300000) (1024K)]
  0x00000188487bc0a0 JavaThread "http-nio-8080-exec-4"       daemon [_thread_blocked, id=14708, stack(0x0000005bd3300000,0x0000005bd3400000) (1024K)]
  0x00000188487b9fd0 JavaThread "http-nio-8080-exec-5"       daemon [_thread_blocked, id=14072, stack(0x0000005bd3400000,0x0000005bd3500000) (1024K)]
  0x00000188487be800 JavaThread "http-nio-8080-exec-6"       daemon [_thread_blocked, id=13992, stack(0x0000005bd3500000,0x0000005bd3600000) (1024K)]
  0x00000188487bee90 JavaThread "http-nio-8080-exec-7"       daemon [_thread_blocked, id=14372, stack(0x0000005bd3600000,0x0000005bd3700000) (1024K)]
  0x00000188487bacf0 JavaThread "http-nio-8080-exec-8"       daemon [_thread_blocked, id=8712, stack(0x0000005bd3700000,0x0000005bd3800000) (1024K)]
  0x00000188487bba10 JavaThread "http-nio-8080-exec-9"       daemon [_thread_blocked, id=15288, stack(0x0000005bd3800000,0x0000005bd3900000) (1024K)]
  0x00000188487bf520 JavaThread "http-nio-8080-exec-10"      daemon [_thread_blocked, id=4532, stack(0x0000005bd3900000,0x0000005bd3a00000) (1024K)]
  0x00000188487bcdc0 JavaThread "http-nio-8080-Poller"       daemon [_thread_in_native, id=4648, stack(0x0000005bd3a00000,0x0000005bd3b00000) (1024K)]
  0x00000188487c08d0 JavaThread "http-nio-8080-Acceptor"     daemon [_thread_in_native, id=12348, stack(0x0000005bd3b00000,0x0000005bd3c00000) (1024K)]
  0x00000188487bfbb0 JavaThread "DestroyJavaVM"                     [_thread_blocked, id=11960, stack(0x0000005bd0900000,0x0000005bd0a00000) (1024K)]
  0x00000188487c0240 JavaThread "cluster-ClusterId{value='66ab8e21d87b7c6ebfe5ce59', description='null'}-ac-byq5ho1-shard-00-01.kd72xqs.mongodb.net:27017" daemon [_thread_in_native, id=3280, stack(0x0000005bd1d00000,0x0000005bd1e00000) (1024K)]
  0x00000188487c0f60 JavaThread "cluster-rtt-ClusterId{value='66ab8e21d87b7c6ebfe5ce59', description='null'}-ac-byq5ho1-shard-00-01.kd72xqs.mongodb.net:27017" daemon [_thread_blocked, id=6960, stack(0x0000005bd1e00000,0x0000005bd1f00000) (1024K)]
  0x00000188487ba660 JavaThread "cluster-ClusterId{value='66ab8e21d87b7c6ebfe5ce59', description='null'}-ac-byq5ho1-shard-00-02.kd72xqs.mongodb.net:27017" daemon [_thread_in_native, id=12608, stack(0x0000005bd3c00000,0x0000005bd3d00000) (1024K)]
  0x00000188487bc730 JavaThread "cluster-rtt-ClusterId{value='66ab8e21d87b7c6ebfe5ce59', description='null'}-ac-byq5ho1-shard-00-02.kd72xqs.mongodb.net:27017" daemon [_thread_blocked, id=1648, stack(0x0000005bd3d00000,0x0000005bd3e00000) (1024K)]
  0x00000188487c15f0 JavaThread "cluster-ClusterId{value='66ab8e21d87b7c6ebfe5ce59', description='null'}-ac-byq5ho1-shard-00-00.kd72xqs.mongodb.net:27017" daemon [_thread_in_native, id=8500, stack(0x0000005bd3e00000,0x0000005bd3f00000) (1024K)]
  0x00000188487bd450 JavaThread "cluster-rtt-ClusterId{value='66ab8e21d87b7c6ebfe5ce59', description='null'}-ac-byq5ho1-shard-00-00.kd72xqs.mongodb.net:27017" daemon [_thread_blocked, id=4940, stack(0x0000005bd3f00000,0x0000005bd4000000) (1024K)]
  0x0000018869186070 JavaThread "MaintenanceTimer-4-thread-1" daemon [_thread_blocked, id=6788, stack(0x0000005bd2d00000,0x0000005bd2e00000) (1024K)]
  0x0000018869186700 JavaThread "MaintenanceTimer-3-thread-1" daemon [_thread_blocked, id=14752, stack(0x0000005bd4100000,0x0000005bd4200000) (1024K)]
  0x00000188691859e0 JavaThread "MaintenanceTimer-2-thread-1" daemon [_thread_blocked, id=9560, stack(0x0000005bd4200000,0x0000005bd4300000) (1024K)]
Total: 40

Other Threads:
  0x0000018867bc1950 VMThread "VM Thread"                           [id=13384, stack(0x0000005bd1000000,0x0000005bd1100000) (1024K)]
  0x0000018867ba8790 WatcherThread "VM Periodic Task Thread"        [id=12880, stack(0x0000005bd0f00000,0x0000005bd1000000) (1024K)]
  0x000001884b49a440 WorkerThread "GC Thread#0"                     [id=2704, stack(0x0000005bd0a00000,0x0000005bd0b00000) (1024K)]
  0x0000018867bc2bc0 WorkerThread "GC Thread#1"                     [id=13464, stack(0x0000005bd1f00000,0x0000005bd2000000) (1024K)]
  0x0000018867bc2460 WorkerThread "GC Thread#2"                     [id=11564, stack(0x0000005bd2000000,0x0000005bd2100000) (1024K)]
  0x0000018867bc1d00 WorkerThread "GC Thread#3"                     [id=10580, stack(0x0000005bd2100000,0x0000005bd2200000) (1024K)]
  0x0000018867bc2f70 WorkerThread "GC Thread#4"                     [id=8912, stack(0x0000005bd2200000,0x0000005bd2300000) (1024K)]
  0x0000018867bc20b0 WorkerThread "GC Thread#5"                     [id=11996, stack(0x0000005bd2300000,0x0000005bd2400000) (1024K)]
  0x0000018846768250 WorkerThread "GC Thread#6"                     [id=3872, stack(0x0000005bd2600000,0x0000005bd2700000) (1024K)]
  0x0000018846767af0 WorkerThread "GC Thread#7"                     [id=10804, stack(0x0000005bd2700000,0x0000005bd2800000) (1024K)]
  0x000001884b4aae60 ConcurrentGCThread "G1 Main Marker"            [id=5356, stack(0x0000005bd0b00000,0x0000005bd0c00000) (1024K)]
  0x000001884b4ac110 WorkerThread "G1 Conc#0"                       [id=4304, stack(0x0000005bd0c00000,0x0000005bd0d00000) (1024K)]
  0x00000188467689b0 WorkerThread "G1 Conc#1"                       [id=4688, stack(0x0000005bd2400000,0x0000005bd2500000) (1024K)]
  0x0000018867a7c150 ConcurrentGCThread "G1 Refine#0"               [id=15376, stack(0x0000005bd0d00000,0x0000005bd0e00000) (1024K)]
  0x0000018867a7cbe0 ConcurrentGCThread "G1 Service"                [id=8404, stack(0x0000005bd0e00000,0x0000005bd0f00000) (1024K)]
Total: 15

Threads with active compile tasks:
C2 CompilerThread0  247998 6820       4       org.apache.tomcat.util.net.SocketWrapperBase::writeBlocking (61 bytes)
Total: 1

VM state: not at safepoint (normal execution)

VM Mutex/Monitor currently owned by a thread: None

Heap address: 0x0000000083c00000, size: 1988 MB, Compressed Oops mode: 32-bit

CDS archive(s) mapped at: [0x0000018800000000-0x0000018800c60000-0x0000018800c60000), size 12976128, SharedBaseAddress: 0x0000018800000000, ArchiveRelocationMode: 1.
Compressed class space mapped at: 0x0000018801000000-0x0000018841000000, reserved size: 1073741824
Narrow klass base: 0x0000018800000000, Narrow klass shift: 0, Narrow klass range: 0x41000000

GC Precious Log:
 CardTable entry size: 512
 Card Set container configuration: InlinePtr #cards 5 size 8 Array Of Cards #cards 12 size 40 Howl #buckets 4 coarsen threshold 1843 Howl Bitmap #cards 512 size 80 coarsen threshold 460 Card regions per heap region 1 cards per card region 2048
 CPUs: 8 total, 8 available
 Memory: 7948M
 Large Page Support: Disabled
 NUMA Support: Disabled
 Compressed Oops: Enabled (32-bit)
 Heap Region Size: 1M
 Heap Min Capacity: 8M
 Heap Initial Capacity: 126M
 Heap Max Capacity: 1988M
 Pre-touch: Disabled
 Parallel Workers: 8
 Concurrent Workers: 2
 Concurrent Refinement Workers: 8
 Periodic GC: Disabled

Heap:
 garbage-first heap   total reserved 2035712K, committed 54272K, used 35235K [0x0000000083c00000, 0x0000000100000000)
  region size 1024K, 12 young (12288K), 1 survivors (1024K)
 Metaspace       used 47553K, committed 48256K, reserved 1114112K
  class space    used 6181K, committed 6528K, reserved 1048576K

Heap Regions: E=young(eden), S=young(survivor), O=old, HS=humongous(starts), HC=humongous(continues), CS=collection set, F=free, TAMS=top-at-mark-start, PB=parsable bottom
|   0|0x0000000083c00000, 0x0000000083d00000, 0x0000000083d00000|100%| O|  |TAMS 0x0000000083c00000| PB 0x0000000083c00000| Untracked |  0
|   1|0x0000000083d00000, 0x0000000083e00000, 0x0000000083e00000|100%| O|  |TAMS 0x0000000083d00000| PB 0x0000000083d00000| Untracked |  0
|   2|0x0000000083e00000, 0x0000000083f00000, 0x0000000083f00000|100%| O|  |TAMS 0x0000000083e00000| PB 0x0000000083e00000| Untracked |  0
|   3|0x0000000083f00000, 0x0000000084000000, 0x0000000084000000|100%| O|  |TAMS 0x0000000083f00000| PB 0x0000000083f00000| Untracked |  0
|   4|0x0000000084000000, 0x0000000084100000, 0x0000000084100000|100%| O|  |TAMS 0x0000000084000000| PB 0x0000000084000000| Untracked |  0
|   5|0x0000000084100000, 0x0000000084200000, 0x0000000084200000|100%| O|  |TAMS 0x0000000084100000| PB 0x0000000084100000| Untracked |  0
|   6|0x0000000084200000, 0x0000000084300000, 0x0000000084300000|100%| O|  |TAMS 0x0000000084200000| PB 0x0000000084200000| Untracked |  0
|   7|0x0000000084300000, 0x0000000084400000, 0x0000000084400000|100%| O|  |TAMS 0x0000000084300000| PB 0x0000000084300000| Untracked |  0
|   8|0x0000000084400000, 0x0000000084500000, 0x0000000084500000|100%| O|  |TAMS 0x0000000084400000| PB 0x0000000084400000| Untracked |  0
|   9|0x0000000084500000, 0x0000000084600000, 0x0000000084600000|100%| O|  |TAMS 0x0000000084500000| PB 0x0000000084500000| Untracked |  0
|  10|0x0000000084600000, 0x0000000084700000, 0x0000000084700000|100%| O|  |TAMS 0x0000000084600000| PB 0x0000000084600000| Untracked |  0
|  11|0x0000000084700000, 0x0000000084800000, 0x0000000084800000|100%| O|  |TAMS 0x0000000084700000| PB 0x0000000084700000| Untracked |  0
|  12|0x0000000084800000, 0x0000000084900000, 0x0000000084900000|100%| O|  |TAMS 0x0000000084800000| PB 0x0000000084800000| Untracked |  0
|  13|0x0000000084900000, 0x0000000084a00000, 0x0000000084a00000|100%| O|Cm|TAMS 0x0000000084900000| PB 0x0000000084900000| Complete |  0
|  14|0x0000000084a00000, 0x0000000084b00000, 0x0000000084b00000|100%| O|  |TAMS 0x0000000084a00000| PB 0x0000000084a00000| Untracked |  0
|  15|0x0000000084b00000, 0x0000000084c00000, 0x0000000084c00000|100%| O|  |TAMS 0x0000000084b00000| PB 0x0000000084b00000| Untracked |  0
|  16|0x0000000084c00000, 0x0000000084d00000, 0x0000000084d00000|100%| O|  |TAMS 0x0000000084c00000| PB 0x0000000084c00000| Untracked |  0
|  17|0x0000000084d00000, 0x0000000084e00000, 0x0000000084e00000|100%| O|  |TAMS 0x0000000084d00000| PB 0x0000000084d00000| Untracked |  0
|  18|0x0000000084e00000, 0x0000000084f00000, 0x0000000084f00000|100%| O|  |TAMS 0x0000000084e00000| PB 0x0000000084e00000| Untracked |  0
|  19|0x0000000084f00000, 0x0000000085000000, 0x0000000085000000|100%| O|  |TAMS 0x0000000084f00000| PB 0x0000000084f00000| Untracked |  0
|  20|0x0000000085000000, 0x0000000085100000, 0x0000000085100000|100%| O|  |TAMS 0x0000000085000000| PB 0x0000000085000000| Untracked |  0
|  21|0x0000000085100000, 0x0000000085200000, 0x0000000085200000|100%| O|  |TAMS 0x0000000085100000| PB 0x0000000085100000| Untracked |  0
|  22|0x0000000085200000, 0x0000000085300000, 0x0000000085300000|100%| O|  |TAMS 0x0000000085200000| PB 0x0000000085200000| Untracked |  0
|  23|0x0000000085300000, 0x00000000853a3f80, 0x0000000085400000| 64%| O|  |TAMS 0x0000000085300000| PB 0x0000000085300000| Untracked |  0
|  24|0x0000000085400000, 0x0000000085400000, 0x0000000085500000|  0%| F|  |TAMS 0x0000000085400000| PB 0x0000000085400000| Untracked |  0
|  25|0x0000000085500000, 0x0000000085500000, 0x0000000085600000|  0%| F|  |TAMS 0x0000000085500000| PB 0x0000000085500000| Untracked |  0
|  26|0x0000000085600000, 0x0000000085600000, 0x0000000085700000|  0%| F|  |TAMS 0x0000000085600000| PB 0x0000000085600000| Untracked |  0
|  27|0x0000000085700000, 0x0000000085700000, 0x0000000085800000|  0%| F|  |TAMS 0x0000000085700000| PB 0x0000000085700000| Untracked |  0
|  28|0x0000000085800000, 0x0000000085800000, 0x0000000085900000|  0%| F|  |TAMS 0x0000000085800000| PB 0x0000000085800000| Untracked |  0
|  29|0x0000000085900000, 0x00000000859c4de0, 0x0000000085a00000| 76%| S|CS|TAMS 0x0000000085900000| PB 0x0000000085900000| Complete |  0
|  30|0x0000000085a00000, 0x0000000085a00000, 0x0000000085b00000|  0%| F|  |TAMS 0x0000000085a00000| PB 0x0000000085a00000| Untracked |  0
|  31|0x0000000085b00000, 0x0000000085b00000, 0x0000000085c00000|  0%| F|  |TAMS 0x0000000085b00000| PB 0x0000000085b00000| Untracked |  0
|  32|0x0000000085c00000, 0x0000000085c00000, 0x0000000085d00000|  0%| F|  |TAMS 0x0000000085c00000| PB 0x0000000085c00000| Untracked |  0
|  33|0x0000000085d00000, 0x0000000085d00000, 0x0000000085e00000|  0%| F|  |TAMS 0x0000000085d00000| PB 0x0000000085d00000| Untracked |  0
|  34|0x0000000085e00000, 0x0000000085e00000, 0x0000000085f00000|  0%| F|  |TAMS 0x0000000085e00000| PB 0x0000000085e00000| Untracked |  0
|  35|0x0000000085f00000, 0x0000000085f00000, 0x0000000086000000|  0%| F|  |TAMS 0x0000000085f00000| PB 0x0000000085f00000| Untracked |  0
|  36|0x0000000086000000, 0x0000000086000000, 0x0000000086100000|  0%| F|  |TAMS 0x0000000086000000| PB 0x0000000086000000| Untracked |  0
|  37|0x0000000086100000, 0x0000000086100000, 0x0000000086200000|  0%| F|  |TAMS 0x0000000086100000| PB 0x0000000086100000| Untracked |  0
|  38|0x0000000086200000, 0x0000000086200000, 0x0000000086300000|  0%| F|  |TAMS 0x0000000086200000| PB 0x0000000086200000| Untracked |  0
|  39|0x0000000086300000, 0x0000000086300000, 0x0000000086400000|  0%| F|  |TAMS 0x0000000086300000| PB 0x0000000086300000| Untracked |  0
|  40|0x0000000086400000, 0x0000000086400000, 0x0000000086500000|  0%| F|  |TAMS 0x0000000086400000| PB 0x0000000086400000| Untracked |  0
|  41|0x0000000086500000, 0x0000000086500000, 0x0000000086600000|  0%| F|  |TAMS 0x0000000086500000| PB 0x0000000086500000| Untracked |  0
|  42|0x0000000086600000, 0x0000000086693290, 0x0000000086700000| 57%| E|  |TAMS 0x0000000086600000| PB 0x0000000086600000| Complete |  0
|  43|0x0000000086700000, 0x0000000086800000, 0x0000000086800000|100%| E|CS|TAMS 0x0000000086700000| PB 0x0000000086700000| Complete |  0
|  44|0x0000000086800000, 0x0000000086900000, 0x0000000086900000|100%| E|CS|TAMS 0x0000000086800000| PB 0x0000000086800000| Complete |  0
|  77|0x0000000088900000, 0x0000000088a00000, 0x0000000088a00000|100%| E|CS|TAMS 0x0000000088900000| PB 0x0000000088900000| Complete |  0
|  78|0x0000000088a00000, 0x0000000088b00000, 0x0000000088b00000|100%| E|CS|TAMS 0x0000000088a00000| PB 0x0000000088a00000| Complete |  0
|  79|0x0000000088b00000, 0x0000000088c00000, 0x0000000088c00000|100%| E|CS|TAMS 0x0000000088b00000| PB 0x0000000088b00000| Complete |  0
|  80|0x0000000088c00000, 0x0000000088d00000, 0x0000000088d00000|100%| E|CS|TAMS 0x0000000088c00000| PB 0x0000000088c00000| Complete |  0
|  81|0x0000000088d00000, 0x0000000088e00000, 0x0000000088e00000|100%| E|CS|TAMS 0x0000000088d00000| PB 0x0000000088d00000| Complete |  0
|  82|0x0000000088e00000, 0x0000000088f00000, 0x0000000088f00000|100%| E|CS|TAMS 0x0000000088e00000| PB 0x0000000088e00000| Complete |  0
|  83|0x0000000088f00000, 0x0000000089000000, 0x0000000089000000|100%| E|CS|TAMS 0x0000000088f00000| PB 0x0000000088f00000| Complete |  0
| 125|0x000000008b900000, 0x000000008ba00000, 0x000000008ba00000|100%| E|CS|TAMS 0x000000008b900000| PB 0x000000008b900000| Complete |  0

Card table byte_map: [0x0000018862eb0000,0x00000188632a0000] _byte_map_base: 0x0000018862a92000

Marking Bits: (CMBitMap*) 0x000001884b49ab50
 Bits: [0x00000188632a0000, 0x00000188651b0000)

Polling page: 0x000001884ac00000

Metaspace:

Usage:
  Non-class:     40.40 MB used.
      Class:      6.04 MB used.
       Both:     46.44 MB used.

Virtual space:
  Non-class space:       64.00 MB reserved,      40.75 MB ( 64%) committed,  1 nodes.
      Class space:        1.00 GB reserved,       6.38 MB ( <1%) committed,  1 nodes.
             Both:        1.06 GB reserved,      47.12 MB (  4%) committed. 

Chunk freelists:
   Non-Class:  7.20 MB
       Class:  9.48 MB
        Both:  16.68 MB

MaxMetaspaceSize: unlimited
CompressedClassSpaceSize: 1.00 GB
Initial GC threshold: 21.00 MB
Current GC threshold: 77.19 MB
CDS: on
 - commit_granule_bytes: 65536.
 - commit_granule_words: 8192.
 - virtual_space_node_default_size: 8388608.
 - enlarge_chunks_in_place: 1.
 - use_allocation_guard: 0.


Internal statistics:

num_allocs_failed_limit: 6.
num_arena_births: 860.
num_arena_deaths: 0.
num_vsnodes_births: 2.
num_vsnodes_deaths: 0.
num_space_committed: 754.
num_space_uncommitted: 0.
num_chunks_returned_to_freelist: 6.
num_chunks_taken_from_freelist: 2446.
num_chunk_merges: 6.
num_chunk_splits: 1639.
num_chunks_enlarged: 1166.
num_inconsistent_stats: 0.

CodeHeap 'non-profiled nmethods': size=120000Kb used=3702Kb max_used=3733Kb free=116297Kb
 bounds [0x000001885b250000, 0x000001885b600000, 0x0000018862780000]
CodeHeap 'profiled nmethods': size=120000Kb used=11346Kb max_used=11346Kb free=108653Kb
 bounds [0x0000018853780000, 0x00000188542a0000, 0x000001885acb0000]
CodeHeap 'non-nmethods': size=5760Kb used=1823Kb max_used=1861Kb free=3936Kb
 bounds [0x000001885acb0000, 0x000001885af20000, 0x000001885b250000]
 total_blobs=6655 nmethods=5985 adapters=574
 compilation: enabled
              stopped_count=0, restarted_count=0
 full_count=0

Compilation events (20 events):
Event: 247.800 Thread 0x0000018867c153c0 6818       4       java.nio.MappedByteBuffer::flip (5 bytes)
Event: 247.801 Thread 0x0000018867c1dd80 nmethod 6816 0x0000018854284510 code [0x00000188542846e0, 0x0000018854284b20]
Event: 247.801 Thread 0x0000018867c1dd80 6819       3       org.springframework.util.ConcurrentLruCache$ReadOperations::recordRead (71 bytes)
Event: 247.801 Thread 0x0000018867c153c0 nmethod 6818 0x000001885b439c90 code [0x000001885b439e00, 0x000001885b439ea0]
Event: 247.802 Thread 0x0000018867c153c0 6820       4       org.apache.tomcat.util.net.SocketWrapperBase::writeBlocking (61 bytes)
Event: 247.803 Thread 0x0000018867c1dd80 nmethod 6819 0x0000018854284c90 code [0x0000018854285040, 0x0000018854286a90]
Event: 247.804 Thread 0x0000018867c1dd80 6817       3       org.apache.tomcat.util.http.MimeHeaders::getValue (26 bytes)
Event: 247.804 Thread 0x0000018867c1dd80 nmethod 6817 0x0000018854287510 code [0x00000188542876c0, 0x00000188542878d0]
Event: 247.804 Thread 0x0000018867c1dd80 6811       1       org.springframework.web.servlet.handler.AbstractHandlerMapping::getDefaultHandler (5 bytes)
Event: 247.805 Thread 0x0000018867c1dd80 nmethod 6811 0x000001885b439990 code [0x000001885b439b20, 0x000001885b439be8]
Event: 247.814 Thread 0x0000018867c1dd80 6824       1       org.apache.coyote.ErrorState::isIoAllowed (5 bytes)
Event: 247.814 Thread 0x0000018867c1dd80 nmethod 6824 0x000001885b439690 code [0x000001885b439820, 0x000001885b4398f0]
Event: 247.817 Thread 0x0000018867c1dd80 6825   !   3       org.apache.coyote.AbstractProcessor::action (1081 bytes)
Event: 247.832 Thread 0x0000018867c1dd80 nmethod 6825 0x0000018854287a10 code [0x00000188542887a0, 0x00000188542921d8]
Event: 247.832 Thread 0x0000018867c1dd80 6828       1       org.apache.coyote.AsyncStateMachine$AsyncState::isAsync (5 bytes)
Event: 247.832 Thread 0x0000018867c1dd80 nmethod 6828 0x000001885b439390 code [0x000001885b439520, 0x000001885b4395f0]
Event: 247.832 Thread 0x0000018867c1dd80 6826       1       java.net.StandardSocketOptions$StdSocketOption::type (5 bytes)
Event: 247.832 Thread 0x0000018867c1dd80 nmethod 6826 0x000001885b439090 code [0x000001885b439220, 0x000001885b4392e8]
Event: 247.832 Thread 0x0000018867c1dd80 6827       1       org.apache.coyote.ErrorState::isError (5 bytes)
Event: 247.833 Thread 0x0000018867c1dd80 nmethod 6827 0x000001885b438d90 code [0x000001885b438f20, 0x000001885b438ff0]

GC Heap History (20 events):
Event: 2.245 GC heap before
{Heap before GC invocations=2 (full 0):
 garbage-first heap   total reserved 2035712K, committed 129024K, used 47075K [0x0000000083c00000, 0x0000000100000000)
  region size 1024K, 42 young (43008K), 3 survivors (3072K)
 Metaspace       used 21176K, committed 21504K, reserved 1114112K
  class space    used 2589K, committed 2752K, reserved 1048576K
}
Event: 2.252 GC heap after
{Heap after GC invocations=3 (full 0):
 garbage-first heap   total reserved 2035712K, committed 129024K, used 11506K [0x0000000083c00000, 0x0000000100000000)
  region size 1024K, 7 young (7168K), 7 survivors (7168K)
 Metaspace       used 21176K, committed 21504K, reserved 1114112K
  class space    used 2589K, committed 2752K, reserved 1048576K
}
Event: 2.798 GC heap before
{Heap before GC invocations=4 (full 0):
 garbage-first heap   total reserved 2035712K, committed 45056K, used 30962K [0x0000000083c00000, 0x0000000100000000)
  region size 1024K, 26 young (26624K), 7 survivors (7168K)
 Metaspace       used 24783K, committed 25216K, reserved 1114112K
  class space    used 3108K, committed 3328K, reserved 1048576K
}
Event: 2.806 GC heap after
{Heap after GC invocations=5 (full 0):
 garbage-first heap   total reserved 2035712K, committed 45056K, used 13688K [0x0000000083c00000, 0x0000000100000000)
  region size 1024K, 3 young (3072K), 3 survivors (3072K)
 Metaspace       used 24783K, committed 25216K, reserved 1114112K
  class space    used 3108K, committed 3328K, reserved 1048576K
}
Event: 3.123 GC heap before
{Heap before GC invocations=5 (full 0):
 garbage-first heap   total reserved 2035712K, committed 45056K, used 35192K [0x0000000083c00000, 0x0000000100000000)
  region size 1024K, 24 young (24576K), 3 survivors (3072K)
 Metaspace       used 27282K, committed 27776K, reserved 1114112K
  class space    used 3449K, committed 3648K, reserved 1048576K
}
Event: 3.128 GC heap after
{Heap after GC invocations=6 (full 0):
 garbage-first heap   total reserved 2035712K, committed 45056K, used 14843K [0x0000000083c00000, 0x0000000100000000)
  region size 1024K, 2 young (2048K), 2 survivors (2048K)
 Metaspace       used 27282K, committed 27776K, reserved 1114112K
  class space    used 3449K, committed 3648K, reserved 1048576K
}
Event: 3.852 GC heap before
{Heap before GC invocations=6 (full 0):
 garbage-first heap   total reserved 2035712K, committed 45056K, used 36347K [0x0000000083c00000, 0x0000000100000000)
  region size 1024K, 23 young (23552K), 2 survivors (2048K)
 Metaspace       used 32445K, committed 33024K, reserved 1114112K
  class space    used 4224K, committed 4480K, reserved 1048576K
}
Event: 3.856 GC heap after
{Heap after GC invocations=7 (full 0):
 garbage-first heap   total reserved 2035712K, committed 45056K, used 16716K [0x0000000083c00000, 0x0000000100000000)
  region size 1024K, 3 young (3072K), 3 survivors (3072K)
 Metaspace       used 32445K, committed 33024K, reserved 1114112K
  class space    used 4224K, committed 4480K, reserved 1048576K
}
Event: 4.208 GC heap before
{Heap before GC invocations=7 (full 0):
 garbage-first heap   total reserved 2035712K, committed 45056K, used 37196K [0x0000000083c00000, 0x0000000100000000)
  region size 1024K, 23 young (23552K), 3 survivors (3072K)
 Metaspace       used 34935K, committed 35520K, reserved 1114112K
  class space    used 4583K, committed 4864K, reserved 1048576K
}
Event: 4.213 GC heap after
{Heap after GC invocations=8 (full 0):
 garbage-first heap   total reserved 2035712K, committed 45056K, used 19393K [0x0000000083c00000, 0x0000000100000000)
  region size 1024K, 3 young (3072K), 3 survivors (3072K)
 Metaspace       used 34935K, committed 35520K, reserved 1114112K
  class space    used 4583K, committed 4864K, reserved 1048576K
}
Event: 4.291 GC heap before
{Heap before GC invocations=8 (full 0):
 garbage-first heap   total reserved 2035712K, committed 45056K, used 22465K [0x0000000083c00000, 0x0000000100000000)
  region size 1024K, 7 young (7168K), 3 survivors (3072K)
 Metaspace       used 35397K, committed 35968K, reserved 1114112K
  class space    used 4657K, committed 4928K, reserved 1048576K
}
Event: 4.294 GC heap after
{Heap after GC invocations=9 (full 0):
 garbage-first heap   total reserved 2035712K, committed 45056K, used 19971K [0x0000000083c00000, 0x0000000100000000)
  region size 1024K, 1 young (1024K), 1 survivors (1024K)
 Metaspace       used 35397K, committed 35968K, reserved 1114112K
  class space    used 4657K, committed 4928K, reserved 1048576K
}
Event: 4.698 GC heap before
{Heap before GC invocations=10 (full 0):
 garbage-first heap   total reserved 2035712K, committed 45056K, used 38403K [0x0000000083c00000, 0x0000000100000000)
  region size 1024K, 19 young (19456K), 1 survivors (1024K)
 Metaspace       used 37577K, committed 38208K, reserved 1114112K
  class space    used 4978K, committed 5248K, reserved 1048576K
}
Event: 4.701 GC heap after
{Heap after GC invocations=11 (full 0):
 garbage-first heap   total reserved 2035712K, committed 45056K, used 21415K [0x0000000083c00000, 0x0000000100000000)
  region size 1024K, 3 young (3072K), 3 survivors (3072K)
 Metaspace       used 37577K, committed 38208K, reserved 1114112K
  class space    used 4978K, committed 5248K, reserved 1048576K
}
Event: 5.706 GC heap before
{Heap before GC invocations=11 (full 0):
 garbage-first heap   total reserved 2035712K, committed 45056K, used 36775K [0x0000000083c00000, 0x0000000100000000)
  region size 1024K, 19 young (19456K), 3 survivors (3072K)
 Metaspace       used 43014K, committed 43712K, reserved 1114112K
  class space    used 5601K, committed 5952K, reserved 1048576K
}
Event: 5.710 GC heap after
{Heap after GC invocations=12 (full 0):
 garbage-first heap   total reserved 2035712K, committed 45056K, used 22962K [0x0000000083c00000, 0x0000000100000000)
  region size 1024K, 3 young (3072K), 3 survivors (3072K)
 Metaspace       used 43014K, committed 43712K, reserved 1114112K
  class space    used 5601K, committed 5952K, reserved 1048576K
}
Event: 12.903 GC heap before
{Heap before GC invocations=12 (full 0):
 garbage-first heap   total reserved 2035712K, committed 45056K, used 37298K [0x0000000083c00000, 0x0000000100000000)
  region size 1024K, 18 young (18432K), 3 survivors (3072K)
 Metaspace       used 46526K, committed 47232K, reserved 1114112K
  class space    used 6118K, committed 6464K, reserved 1048576K
}
Event: 12.910 GC heap after
{Heap after GC invocations=13 (full 0):
 garbage-first heap   total reserved 2035712K, committed 45056K, used 24316K [0x0000000083c00000, 0x0000000100000000)
  region size 1024K, 2 young (2048K), 2 survivors (2048K)
 Metaspace       used 46526K, committed 47232K, reserved 1114112K
  class space    used 6118K, committed 6464K, reserved 1048576K
}
Event: 134.390 GC heap before
{Heap before GC invocations=14 (full 0):
 garbage-first heap   total reserved 2035712K, committed 45056K, used 37628K [0x0000000083c00000, 0x0000000100000000)
  region size 1024K, 16 young (16384K), 2 survivors (2048K)
 Metaspace       used 47301K, committed 48000K, reserved 1114112K
  class space    used 6181K, committed 6528K, reserved 1048576K
}
Event: 134.395 GC heap after
{Heap after GC invocations=15 (full 0):
 garbage-first heap   total reserved 2035712K, committed 54272K, used 24995K [0x0000000083c00000, 0x0000000100000000)
  region size 1024K, 1 young (1024K), 1 survivors (1024K)
 Metaspace       used 47301K, committed 48000K, reserved 1114112K
  class space    used 6181K, committed 6528K, reserved 1048576K
}

Dll operation events (15 events):
Event: 0.013 Loaded shared library C:\Users\HP\.jdks\openjdk-22.0.2\bin\java.dll
Event: 0.041 Loaded shared library C:\Users\HP\.jdks\openjdk-22.0.2\bin\jsvml.dll
Event: 0.081 Loaded shared library C:\Users\HP\.jdks\openjdk-22.0.2\bin\zip.dll
Event: 0.085 Loaded shared library C:\Users\HP\.jdks\openjdk-22.0.2\bin\instrument.dll
Event: 0.089 Loaded shared library C:\Users\HP\.jdks\openjdk-22.0.2\bin\net.dll
Event: 0.090 Loaded shared library C:\Users\HP\.jdks\openjdk-22.0.2\bin\nio.dll
Event: 0.092 Loaded shared library C:\Users\HP\.jdks\openjdk-22.0.2\bin\zip.dll
Event: 0.171 Loaded shared library D:\IntelliJ IDEA Community Edition 2024.1.4\bin\breakgen64.dll
Event: 0.184 Loaded shared library C:\Users\HP\.jdks\openjdk-22.0.2\bin\extnet.dll
Event: 0.219 Loaded shared library C:\Users\HP\.jdks\openjdk-22.0.2\bin\jimage.dll
Event: 0.515 Loaded shared library C:\Users\HP\.jdks\openjdk-22.0.2\bin\management.dll
Event: 0.517 Loaded shared library C:\Users\HP\.jdks\openjdk-22.0.2\bin\management_ext.dll
Event: 1.066 Loaded shared library C:\Users\HP\.jdks\openjdk-22.0.2\bin\le.dll
Event: 1.501 Loaded shared library C:\Users\HP\.jdks\openjdk-22.0.2\bin\sunmscapi.dll
Event: 12.871 Loaded shared library C:\Users\HP\.jdks\openjdk-22.0.2\bin\verify.dll

Deoptimization events (20 events):
Event: 40.088 Thread 0x00000188487bb380 DEOPT PACKING pc=0x000001885b29b20c sp=0x0000005bd32fc2e0
Event: 40.088 Thread 0x00000188487bb380 DEOPT UNPACKING pc=0x000001885ad07da2 sp=0x0000005bd32fc0b8 mode 2
Event: 40.088 Thread 0x00000188487bf520 Uncommon trap: trap_request=0xffffff45 fr.pc=0x000001885b4bc984 relative=0x0000000000000064
Event: 40.088 Thread 0x00000188487bb380 Uncommon trap: trap_request=0xffffff45 fr.pc=0x000001885b4bc984 relative=0x0000000000000064
Event: 40.088 Thread 0x00000188487bf520 Uncommon trap: reason=unstable_if action=reinterpret pc=0x000001885b4bc984 method=java.util.stream.StreamOpFlag.fromCharacteristics(Ljava/util/Spliterator;)I @ 10 c2
Event: 40.088 Thread 0x00000188487bb380 Uncommon trap: reason=unstable_if action=reinterpret pc=0x000001885b4bc984 method=java.util.stream.StreamOpFlag.fromCharacteristics(Ljava/util/Spliterator;)I @ 10 c2
Event: 40.088 Thread 0x00000188487bf520 DEOPT PACKING pc=0x000001885b4bc984 sp=0x0000005bd39fbf30
Event: 40.088 Thread 0x00000188487bb380 DEOPT PACKING pc=0x000001885b4bc984 sp=0x0000005bd32fc1c0
Event: 40.088 Thread 0x00000188487bf520 DEOPT UNPACKING pc=0x000001885ad07da2 sp=0x0000005bd39fbec0 mode 2
Event: 40.088 Thread 0x00000188487bb380 DEOPT UNPACKING pc=0x000001885ad07da2 sp=0x0000005bd32fc150 mode 2
Event: 40.284 Thread 0x00000188487bf520 Uncommon trap: trap_request=0xffffffde fr.pc=0x000001885b29c7d0 relative=0x0000000000000210
Event: 40.284 Thread 0x00000188487bf520 Uncommon trap: reason=class_check action=maybe_recompile pc=0x000001885b29c7d0 method=java.util.concurrent.locks.ReentrantLock$Sync.lock()V @ 1 c2
Event: 40.284 Thread 0x00000188487bf520 DEOPT PACKING pc=0x000001885b29c7d0 sp=0x0000005bd39fbaa0
Event: 40.284 Thread 0x00000188487bf520 DEOPT UNPACKING pc=0x000001885ad07da2 sp=0x0000005bd39fba00 mode 2
Event: 96.150 Thread 0x00000188487c0240 DEOPT PACKING pc=0x00000188542120be sp=0x0000005bd1dfe780
Event: 96.150 Thread 0x00000188487c0240 DEOPT UNPACKING pc=0x000001885ad088e2 sp=0x0000005bd1dfdc70 mode 0
Event: 243.667 Thread 0x00000188487be800 Uncommon trap: trap_request=0xffffff54 fr.pc=0x000001885b4f8060 relative=0x0000000000000400
Event: 243.667 Thread 0x00000188487be800 Uncommon trap: reason=speculate_null_assert action=make_not_entrant pc=0x000001885b4f8060 method=org.springframework.util.ConcurrentReferenceHashMap$Segment.restructureIfNecessary(Z)V @ 41 c2
Event: 243.667 Thread 0x00000188487be800 DEOPT PACKING pc=0x000001885b4f8060 sp=0x0000005bd35fc450
Event: 243.668 Thread 0x00000188487be800 DEOPT UNPACKING pc=0x000001885ad07da2 sp=0x0000005bd35fc328 mode 2

Classes loaded (20 events):
Event: 12.436 Loading class com/sun/crypto/provider/HmacSHA1
Event: 12.436 Loading class com/sun/crypto/provider/HmacSHA1 done
Event: 12.654 Loading class java/util/UUID$Holder
Event: 12.654 Loading class java/util/UUID$Holder done
Event: 12.885 Loading class java/util/OptionalLong
Event: 12.886 Loading class java/util/OptionalLong done
Event: 12.886 Loading class java/util/OptionalDouble
Event: 12.886 Loading class java/util/OptionalDouble done
Event: 12.890 Loading class java/util/AbstractMap$SimpleEntry
Event: 12.891 Loading class java/util/AbstractMap$SimpleEntry done
Event: 12.913 Loading class java/util/stream/LongStream
Event: 12.913 Loading class java/util/stream/LongStream done
Event: 12.913 Loading class java/util/stream/DoubleStream
Event: 12.914 Loading class java/util/stream/DoubleStream done
Event: 12.934 Loading class org/w3c/dom/Node
Event: 12.934 Loading class org/w3c/dom/Node done
Event: 12.934 Loading class org/w3c/dom/Document
Event: 12.934 Loading class org/w3c/dom/Document done
Event: 12.984 Loading class java/util/ArrayList$SubList$2
Event: 12.984 Loading class java/util/ArrayList$SubList$2 done

Classes unloaded (0 events):
No events

Classes redefined (0 events):
No events

Internal exceptions (20 events):
Event: 4.233 Thread 0x0000018845bad8f0 Exception <a 'java/lang/NoSuchMethodError'{0x000000008b9c30b0}: 'java.lang.Object java.lang.invoke.DirectMethodHandle$Holder.newInvokeSpecial(java.lang.Object, java.lang.Object, java.lang.Object, java.lang.Object, java.lang.Object, java.lang.Object, java.lang.Object, java.lang.Object)'> (0x000000008b9c30b0) 
thrown [s\open\src\hotspot\share\interpreter\linkResolver.cpp, line 774]
Event: 4.432 Thread 0x0000018845bad8f0 Exception <a 'java/lang/IncompatibleClassChangeError'{0x00000000889b1878}: Found class java.lang.Object, but interface was expected> (0x00000000889b1878) 
thrown [s\open\src\hotspot\share\interpreter\linkResolver.cpp, line 841]
Event: 4.460 Thread 0x0000018845bad8f0 Exception <a 'java/lang/NoSuchMethodError'{0x0000000085eb5598}: 'void java.lang.invoke.DirectMethodHandle$Holder.invokeVirtual(java.lang.Object, java.lang.Object, long)'> (0x0000000085eb5598) 
thrown [s\open\src\hotspot\share\interpreter\linkResolver.cpp, line 774]
Event: 4.503 Thread 0x0000018845bad8f0 Exception <a 'java/lang/NoSuchMethodError'{0x0000000085b63ba0}: 'int java.lang.invoke.DirectMethodHandle$Holder.invokeStaticInit(java.lang.Object, java.lang.Object, java.lang.Object, java.lang.Object)'> (0x0000000085b63ba0) 
thrown [s\open\src\hotspot\share\interpreter\linkResolver.cpp, line 774]
Event: 4.614 Thread 0x0000018845bad8f0 Exception <a 'java/lang/NoSuchMethodError'{0x000000008571cab0}: 'java.lang.Object java.lang.invoke.DirectMethodHandle$Holder.newInvokeSpecial(java.lang.Object, java.lang.Object, int, java.lang.Object, java.lang.Object)'> (0x000000008571cab0) 
thrown [s\open\src\hotspot\share\interpreter\linkResolver.cpp, line 774]
Event: 4.709 Thread 0x00000188468abca0 Exception <a 'sun/nio/fs/WindowsException'{0x000000008b94ab18}> (0x000000008b94ab18) 
thrown [s\open\src\hotspot\share\prims\jni.cpp, line 520]
Event: 4.716 Thread 0x00000188468abca0 Exception <a 'sun/nio/fs/WindowsException'{0x000000008b991e98}> (0x000000008b991e98) 
thrown [s\open\src\hotspot\share\prims\jni.cpp, line 520]
Event: 4.745 Thread 0x00000188468abca0 Exception <a 'sun/nio/fs/WindowsException'{0x0000000088f60a78}> (0x0000000088f60a78) 
thrown [s\open\src\hotspot\share\prims\jni.cpp, line 520]
Event: 4.746 Thread 0x00000188468abca0 Exception <a 'sun/nio/fs/WindowsException'{0x0000000088f792f0}> (0x0000000088f792f0) 
thrown [s\open\src\hotspot\share\prims\jni.cpp, line 520]
Event: 4.750 Thread 0x00000188468abca0 Exception <a 'sun/nio/fs/WindowsException'{0x0000000088f94ac0}> (0x0000000088f94ac0) 
thrown [s\open\src\hotspot\share\prims\jni.cpp, line 520]
Event: 4.751 Thread 0x00000188468abca0 Exception <a 'sun/nio/fs/WindowsException'{0x0000000088fcc4f0}> (0x0000000088fcc4f0) 
thrown [s\open\src\hotspot\share\prims\jni.cpp, line 520]
Event: 4.777 Thread 0x00000188487bc730 Exception <a 'sun/nio/fs/WindowsException'{0x0000000088e18760}> (0x0000000088e18760) 
thrown [s\open\src\hotspot\share\prims\jni.cpp, line 520]
Event: 11.540 Thread 0x00000188487bb380 Exception <a 'java/lang/NoSuchMethodError'{0x0000000088c34cd8}: 'java.lang.Object java.lang.invoke.DirectMethodHandle$Holder.invokeSpecial(java.lang.Object, java.lang.Object, java.lang.Object, java.lang.Object, java.lang.Object, long)'> (0x0000000088c34cd8) 
thrown [s\open\src\hotspot\share\interpreter\linkResolver.cpp, line 774]
Event: 11.541 Thread 0x00000188487bb380 Exception <a 'java/lang/NoSuchMethodError'{0x0000000088c38498}: 'java.lang.Object java.lang.invoke.Invokers$Holder.linkToTargetMethod(java.lang.Object, java.lang.Object, java.lang.Object, long, java.lang.Object)'> (0x0000000088c38498) 
thrown [s\open\src\hotspot\share\interpreter\linkResolver.cpp, line 774]
Event: 12.872 Thread 0x00000188487be170 Exception <a 'java/lang/NoSuchMethodError'{0x0000000085aa7db8}: 'void java.lang.invoke.Invokers$Holder.invoke_MT(java.lang.Object, java.lang.Object, java.lang.Object, java.lang.Object)'> (0x0000000085aa7db8) 
thrown [s\open\src\hotspot\share\interpreter\linkResolver.cpp, line 774]
Event: 12.872 Thread 0x00000188487bb380 Exception <a 'java/lang/NoSuchMethodError'{0x0000000085a4a0e0}: 'void java.lang.invoke.Invokers$Holder.invoke_MT(java.lang.Object, java.lang.Object, java.lang.Object, java.lang.Object)'> (0x0000000085a4a0e0) 
thrown [s\open\src\hotspot\share\interpreter\linkResolver.cpp, line 774]
Event: 12.983 Thread 0x00000188487bc0a0 Exception <a 'java/lang/NoSuchMethodError'{0x0000000088fc13b8}: 'java.lang.Object java.lang.invoke.DirectMethodHandle$Holder.invokeStatic(java.lang.Object, int, int)'> (0x0000000088fc13b8) 
thrown [s\open\src\hotspot\share\interpreter\linkResolver.cpp, line 774]
Event: 40.088 Thread 0x00000188487bb380 Implicit null exception at 0x000001885b29addc to 0x000001885b29b1f8
Event: 63.647 Thread 0x00000188468a9540 Exception <a 'java/lang/NoSuchMethodError'{0x00000000889f4740}: 'java.lang.Object java.lang.invoke.DirectMethodHandle$Holder.newInvokeSpecial(java.lang.Object, java.lang.Object, long)'> (0x00000000889f4740) 
thrown [s\open\src\hotspot\share\interpreter\linkResolver.cpp, line 774]
Event: 63.647 Thread 0x00000188468a9540 Exception <a 'java/lang/NoSuchMethodError'{0x00000000889f7ff8}: 'java.lang.Object java.lang.invoke.Invokers$Holder.linkToTargetMethod(java.lang.Object, long, java.lang.Object)'> (0x00000000889f7ff8) 
thrown [s\open\src\hotspot\share\interpreter\linkResolver.cpp, line 774]

ZGC Phase Switch (0 events):
No events

VM Operations (20 events):
Event: 196.847 Executing VM operation: Cleanup
Event: 196.847 Executing VM operation: Cleanup done
Event: 199.884 Executing VM operation: Cleanup
Event: 199.884 Executing VM operation: Cleanup done
Event: 203.917 Executing VM operation: Cleanup
Event: 203.917 Executing VM operation: Cleanup done
Event: 206.940 Executing VM operation: Cleanup
Event: 206.940 Executing VM operation: Cleanup done
Event: 209.970 Executing VM operation: Cleanup
Event: 209.970 Executing VM operation: Cleanup done
Event: 217.037 Executing VM operation: Cleanup
Event: 217.037 Executing VM operation: Cleanup done
Event: 220.053 Executing VM operation: Cleanup
Event: 220.053 Executing VM operation: Cleanup done
Event: 227.091 Executing VM operation: Cleanup
Event: 227.092 Executing VM operation: Cleanup done
Event: 244.224 Executing VM operation: Cleanup
Event: 244.225 Executing VM operation: Cleanup done
Event: 247.250 Executing VM operation: Cleanup
Event: 247.250 Executing VM operation: Cleanup done

Memory protections (0 events):
No events

Nmethod flushes (20 events):
Event: 12.932 Thread 0x0000018867bc1950 flushing  nmethod 0x0000018853852790
Event: 12.932 Thread 0x0000018867bc1950 flushing  nmethod 0x0000018853854f10
Event: 12.932 Thread 0x0000018867bc1950 flushing  nmethod 0x0000018853855410
Event: 12.932 Thread 0x0000018867bc1950 flushing  nmethod 0x000001885387a590
Event: 12.932 Thread 0x0000018867bc1950 flushing  nmethod 0x0000018853893e90
Event: 12.932 Thread 0x0000018867bc1950 flushing  nmethod 0x0000018853894310
Event: 12.932 Thread 0x0000018867bc1950 flushing  nmethod 0x0000018853896610
Event: 12.932 Thread 0x0000018867bc1950 flushing  nmethod 0x0000018853896d90
Event: 12.932 Thread 0x0000018867bc1950 flushing  nmethod 0x0000018853912010
Event: 12.932 Thread 0x0000018867bc1950 flushing  nmethod 0x0000018853912890
Event: 12.932 Thread 0x0000018867bc1950 flushing  nmethod 0x0000018853916110
Event: 12.932 Thread 0x0000018867bc1950 flushing  nmethod 0x0000018853956690
Event: 12.932 Thread 0x0000018867bc1950 flushing  nmethod 0x000001885397b790
Event: 12.932 Thread 0x0000018867bc1950 flushing  nmethod 0x000001885397c490
Event: 12.932 Thread 0x0000018867bc1950 flushing  nmethod 0x0000018853a4f610
Event: 12.932 Thread 0x0000018867bc1950 flushing  nmethod 0x0000018853c16f90
Event: 12.932 Thread 0x0000018867bc1950 flushing  nmethod 0x0000018853c17790
Event: 12.932 Thread 0x0000018867bc1950 flushing  nmethod 0x0000018853c17d90
Event: 12.932 Thread 0x0000018867bc1950 flushing  nmethod 0x0000018853dd6690
Event: 12.932 Thread 0x0000018867bc1950 flushing  nmethod 0x0000018853eb4790

Events (20 events):
Event: 4.753 Thread 0x00000188468abca0 Thread added: 0x00000188487c15f0
Event: 4.753 Thread 0x00000188468abca0 Thread added: 0x00000188487bd450
Event: 5.284 Thread 0x0000018867c1cfe0 Thread exited: 0x0000018867c1cfe0
Event: 5.374 Thread 0x0000018867c1dd80 Thread added: 0x0000018867c1e450
Event: 5.596 Thread 0x0000018867c1e450 Thread exited: 0x0000018867c1e450
Event: 5.878 Thread 0x0000018867c1f8c0 Thread exited: 0x0000018867c1f8c0
Event: 5.912 Thread 0x0000018867c1dd80 Thread added: 0x0000018867c1e450
Event: 5.925 Thread 0x00000188487c15f0 Thread added: 0x0000018869186070
Event: 5.929 Thread 0x00000188487ba660 Thread added: 0x0000018869186700
Event: 5.929 Thread 0x00000188487c0240 Thread added: 0x00000188691859e0
Event: 6.644 Thread 0x0000018867c1e450 Thread exited: 0x0000018867c1e450
Event: 11.597 Thread 0x0000018867c1dd80 Thread added: 0x0000018867c1c910
Event: 12.122 Thread 0x0000018867c1c910 Thread exited: 0x0000018867c1c910
Event: 12.464 Thread 0x0000018867c153c0 Thread added: 0x0000018867c1f8c0
Event: 12.472 Thread 0x0000018867c1f8c0 Thread added: 0x0000018867c1eb20
Event: 12.635 Thread 0x0000018867c1eb20 Thread exited: 0x0000018867c1eb20
Event: 12.635 Thread 0x0000018867c1f8c0 Thread exited: 0x0000018867c1f8c0
Event: 12.911 Thread 0x0000018867c1dd80 Thread added: 0x0000018867c1ff90
Event: 13.729 Thread 0x0000018867c1ff90 Thread exited: 0x0000018867c1ff90
Event: 64.765 Thread 0x00000188468abca0 Thread exited: 0x00000188468abca0


Dynamic libraries:
0x00007ff744890000 - 0x00007ff74489e000 	C:\Users\HP\.jdks\openjdk-22.0.2\bin\java.exe
0x00007ffc5c5f0000 - 0x00007ffc5c807000 	C:\WINDOWS\SYSTEM32\ntdll.dll
0x00007ffc5b5d0000 - 0x00007ffc5b694000 	C:\WINDOWS\System32\KERNEL32.DLL
0x00007ffc59c80000 - 0x00007ffc5a02d000 	C:\WINDOWS\System32\KERNELBASE.dll
0x00007ffc5a210000 - 0x00007ffc5a321000 	C:\WINDOWS\System32\ucrtbase.dll
0x00007ffc55d10000 - 0x00007ffc55d27000 	C:\Users\HP\.jdks\openjdk-22.0.2\bin\jli.dll
0x00007ffc57510000 - 0x00007ffc5752b000 	C:\Users\HP\.jdks\openjdk-22.0.2\bin\VCRUNTIME140.dll
0x00007ffc5a960000 - 0x00007ffc5ab0e000 	C:\WINDOWS\System32\USER32.dll
0x00007ffc599c0000 - 0x00007ffc599e6000 	C:\WINDOWS\System32\win32u.dll
0x00007ffc3a2a0000 - 0x00007ffc3a533000 	C:\WINDOWS\WinSxS\amd64_microsoft.windows.common-controls_6595b64144ccf1df_6.0.22621.3672_none_2713b9d173822955\COMCTL32.dll
0x00007ffc5c0c0000 - 0x00007ffc5c0e9000 	C:\WINDOWS\System32\GDI32.dll
0x00007ffc5c500000 - 0x00007ffc5c5a7000 	C:\WINDOWS\System32\msvcrt.dll
0x00007ffc5a0f0000 - 0x00007ffc5a209000 	C:\WINDOWS\System32\gdi32full.dll
0x00007ffc59920000 - 0x00007ffc599ba000 	C:\WINDOWS\System32\msvcp_win.dll
0x00007ffc5aeb0000 - 0x00007ffc5aee1000 	C:\WINDOWS\System32\IMM32.DLL
0x00007ffc55b70000 - 0x00007ffc55b7c000 	C:\Users\HP\.jdks\openjdk-22.0.2\bin\vcruntime140_1.dll
0x00007ffc51970000 - 0x00007ffc519fe000 	C:\Users\HP\.jdks\openjdk-22.0.2\bin\msvcp140.dll
0x00007ffbfd330000 - 0x00007ffbfe079000 	C:\Users\HP\.jdks\openjdk-22.0.2\bin\server\jvm.dll
0x00007ffc5a330000 - 0x00007ffc5a3e2000 	C:\WINDOWS\System32\ADVAPI32.dll
0x00007ffc5ad40000 - 0x00007ffc5ade9000 	C:\WINDOWS\System32\sechost.dll
0x00007ffc59c50000 - 0x00007ffc59c78000 	C:\WINDOWS\System32\bcrypt.dll
0x00007ffc5a840000 - 0x00007ffc5a954000 	C:\WINDOWS\System32\RPCRT4.dll
0x00007ffc5c0f0000 - 0x00007ffc5c161000 	C:\WINDOWS\System32\WS2_32.dll
0x00007ffc597e0000 - 0x00007ffc5982d000 	C:\WINDOWS\SYSTEM32\POWRPROF.dll
0x00007ffc54bd0000 - 0x00007ffc54bda000 	C:\WINDOWS\SYSTEM32\VERSION.dll
0x00007ffc54ca0000 - 0x00007ffc54cd4000 	C:\WINDOWS\SYSTEM32\WINMM.dll
0x00007ffc597c0000 - 0x00007ffc597d3000 	C:\WINDOWS\SYSTEM32\UMPDC.dll
0x00007ffc58910000 - 0x00007ffc58928000 	C:\WINDOWS\SYSTEM32\kernel.appcore.dll
0x00007ffc55b60000 - 0x00007ffc55b6a000 	C:\Users\HP\.jdks\openjdk-22.0.2\bin\jimage.dll
0x00007ffc57180000 - 0x00007ffc573b2000 	C:\WINDOWS\SYSTEM32\DBGHELP.DLL
0x00007ffc5c170000 - 0x00007ffc5c4f8000 	C:\WINDOWS\System32\combase.dll
0x00007ffc5b380000 - 0x00007ffc5b457000 	C:\WINDOWS\System32\OLEAUT32.dll
0x00007ffc4f850000 - 0x00007ffc4f882000 	C:\WINDOWS\SYSTEM32\dbgcore.DLL
0x00007ffc59a60000 - 0x00007ffc59adb000 	C:\WINDOWS\System32\bcryptPrimitives.dll
0x00007ffc57530000 - 0x00007ffc5753f000 	C:\Users\HP\.jdks\openjdk-22.0.2\bin\instrument.dll
0x00007ffc55b30000 - 0x00007ffc55b4e000 	C:\Users\HP\.jdks\openjdk-22.0.2\bin\java.dll
0x00007ffc5b6a0000 - 0x00007ffc5beff000 	C:\WINDOWS\System32\SHELL32.dll
0x00007ffc5a450000 - 0x00007ffc5a5f5000 	C:\WINDOWS\System32\ole32.dll
0x00007ffc57820000 - 0x00007ffc5811c000 	C:\WINDOWS\SYSTEM32\windows.storage.dll
0x00007ffc576e0000 - 0x00007ffc5781f000 	C:\WINDOWS\SYSTEM32\wintypes.dll
0x00007ffc5b480000 - 0x00007ffc5b574000 	C:\WINDOWS\System32\SHCORE.dll
0x00007ffc5adf0000 - 0x00007ffc5ae4e000 	C:\WINDOWS\System32\shlwapi.dll
0x00007ffc59850000 - 0x00007ffc59871000 	C:\WINDOWS\SYSTEM32\profapi.dll
0x00007ffc4bf60000 - 0x00007ffc4c037000 	C:\Users\HP\.jdks\openjdk-22.0.2\bin\jsvml.dll
0x00007ffc55790000 - 0x00007ffc557a7000 	C:\Users\HP\.jdks\openjdk-22.0.2\bin\zip.dll
0x00007ffc55ad0000 - 0x00007ffc55ae0000 	C:\Users\HP\.jdks\openjdk-22.0.2\bin\net.dll
0x00007ffc58d70000 - 0x00007ffc58dd9000 	C:\WINDOWS\system32\mswsock.dll
0x00007ffc55ab0000 - 0x00007ffc55ac6000 	C:\Users\HP\.jdks\openjdk-22.0.2\bin\nio.dll
0x00007ffc4c5d0000 - 0x00007ffc4c5ea000 	D:\IntelliJ IDEA Community Edition 2024.1.4\bin\breakgen64.dll
0x00007ffc55780000 - 0x00007ffc55789000 	C:\Users\HP\.jdks\openjdk-22.0.2\bin\extnet.dll
0x00007ffc55330000 - 0x00007ffc5533a000 	C:\Users\HP\.jdks\openjdk-22.0.2\bin\management.dll
0x00007ffc552f0000 - 0x00007ffc552fb000 	C:\Users\HP\.jdks\openjdk-22.0.2\bin\management_ext.dll
0x00007ffc5a600000 - 0x00007ffc5a608000 	C:\WINDOWS\System32\PSAPI.DLL
0x00007ffc55190000 - 0x00007ffc5519b000 	C:\Users\HP\.jdks\openjdk-22.0.2\bin\le.dll
0x00007ffc55040000 - 0x00007ffc5504e000 	C:\Users\HP\.jdks\openjdk-22.0.2\bin\sunmscapi.dll
0x00007ffc59ae0000 - 0x00007ffc59c47000 	C:\WINDOWS\System32\CRYPT32.dll
0x00007ffc591c0000 - 0x00007ffc591ee000 	C:\WINDOWS\SYSTEM32\ncrypt.dll
0x00007ffc59180000 - 0x00007ffc591b7000 	C:\WINDOWS\SYSTEM32\NTASN1.dll
0x00007ffc59010000 - 0x00007ffc5902b000 	C:\WINDOWS\SYSTEM32\CRYPTSP.dll
0x00007ffc58870000 - 0x00007ffc588a5000 	C:\WINDOWS\system32\rsaenh.dll
0x00007ffc58e10000 - 0x00007ffc58e38000 	C:\WINDOWS\SYSTEM32\USERENV.dll
0x00007ffc58f70000 - 0x00007ffc58f7c000 	C:\WINDOWS\SYSTEM32\CRYPTBASE.dll
0x00007ffc58370000 - 0x00007ffc5839d000 	C:\WINDOWS\SYSTEM32\IPHLPAPI.DLL
0x00007ffc5aef0000 - 0x00007ffc5aef9000 	C:\WINDOWS\System32\NSI.dll
0x00007ffc55ff0000 - 0x00007ffc56009000 	C:\WINDOWS\SYSTEM32\dhcpcsvc6.DLL
0x00007ffc55fd0000 - 0x00007ffc55fef000 	C:\WINDOWS\SYSTEM32\dhcpcsvc.DLL
0x00007ffc583a0000 - 0x00007ffc58498000 	C:\WINDOWS\SYSTEM32\DNSAPI.dll
0x00007ffc39220000 - 0x00007ffc39228000 	C:\WINDOWS\system32\wshunix.dll
0x00007ffc54610000 - 0x00007ffc5461a000 	C:\Windows\System32\rasadhlp.dll
0x00007ffc54b40000 - 0x00007ffc54bc3000 	C:\WINDOWS\System32\fwpuclnt.dll
0x00007ffc551a0000 - 0x00007ffc551b0000 	C:\Users\HP\.jdks\openjdk-22.0.2\bin\verify.dll

dbghelp: loaded successfully - version: 4.0.5 - missing functions: none
symbol engine: initialized successfully - sym options: 0x614 - pdb path: .;C:\Users\HP\.jdks\openjdk-22.0.2\bin;C:\WINDOWS\SYSTEM32;C:\WINDOWS\WinSxS\amd64_microsoft.windows.common-controls_6595b64144ccf1df_6.0.22621.3672_none_2713b9d173822955;C:\Users\HP\.jdks\openjdk-22.0.2\bin\server;D:\IntelliJ IDEA Community Edition 2024.1.4\bin

VM Arguments:
jvm_args: -javaagent:D:\IntelliJ IDEA Community Edition 2024.1.4\lib\idea_rt.jar=54670:D:\IntelliJ IDEA Community Edition 2024.1.4\bin -Dfile.encoding=UTF-8 -Dsun.stdout.encoding=UTF-8 -Dsun.stderr.encoding=UTF-8 
java_command: com.abcRestaurant.abcRestaurant.AbcRestaurantApplication
java_class_path (initial): C:\Users\HP\Desktop\BSc 1st Sem\Advanced Programming\abcRestaurant\target\classes;C:\Users\HP\.m2\repository\org\springframework\boot\spring-boot-starter-data-mongodb\3.3.2\spring-boot-starter-data-mongodb-3.3.2.jar;C:\Users\HP\.m2\repository\org\springframework\boot\spring-boot-starter\3.3.2\spring-boot-starter-3.3.2.jar;C:\Users\HP\.m2\repository\org\springframework\boot\spring-boot-starter-logging\3.3.2\spring-boot-starter-logging-3.3.2.jar;C:\Users\HP\.m2\repository\ch\qos\logback\logback-classic\1.5.6\logback-classic-1.5.6.jar;C:\Users\HP\.m2\repository\ch\qos\logback\logback-core\1.5.6\logback-core-1.5.6.jar;C:\Users\HP\.m2\repository\org\apache\logging\log4j\log4j-to-slf4j\2.23.1\log4j-to-slf4j-2.23.1.jar;C:\Users\HP\.m2\repository\org\apache\logging\log4j\log4j-api\2.23.1\log4j-api-2.23.1.jar;C:\Users\HP\.m2\repository\org\slf4j\jul-to-slf4j\2.0.13\jul-to-slf4j-2.0.13.jar;C:\Users\HP\.m2\repository\jakarta\annotation\jakarta.annotation-api\2.1.1\jakarta.annotation-api-2.1.1.jar;C:\Users\HP\.m2\repository\org\yaml\snakeyaml\2.2\snakeyaml-2.2.jar;C:\Users\HP\.m2\repository\org\mongodb\mongodb-driver-sync\5.0.1\mongodb-driver-sync-5.0.1.jar;C:\Users\HP\.m2\repository\org\mongodb\bson\5.0.1\bson-5.0.1.jar;C:\Users\HP\.m2\repository\org\mongodb\mongodb-driver-core\5.0.1\mongodb-driver-core-5.0.1.jar;C:\Users\HP\.m2\repository\org\mongodb\bson-record-codec\5.0.1\bson-record-codec-5.0.1.jar;C:\Users\HP\.m2\repository\org\springframework\data\spring-data-mongodb\4.3.2\spring-data-mongodb-4.3.2.jar;C:\Users\HP\.m2\repository\org\springframework\spring-tx\6.1.11\spring-tx-6.1.11.jar;C:\Users\HP\.m2\repository\org\springframework\spring-context\6.1.11\spring-context-6.1.11.jar;C:\Users\HP\.m2\repository\org\springframework\spring-beans\6.1.11\spring-beans-6.1.11.jar;C:\Users\HP\.m2\repository\org\springframework\spring-expression\6.1.11\spring-expression-6.1.11.jar;C:\Users\HP\.m2\repository\org\springframework\data\spring-data-commons\3.3.2\spring-data-commons-3.3.2.jar;C:\Users\HP\.m2\repository\org\slf4j\slf4j-api\2.0.13\slf4j-api-2.0.13.jar;C:\Users\HP\.m2\repository\org\springframework\boot\spring-boot-starter-web\3.3.2\spring-boot-starter-web-3.3.2.jar;C:\Users\HP\.m2\repository\org\springframework\boot\spring-boot-starter-json\3.3.2\spring-boot-starter-json-3.3.2.jar;C:\Users\HP\.m2\repository\com\fasterxml\jackson\core\jackson-databind\2.17.2\jackson-databind-2.17.2.jar;C:\Users\HP\.m2\repository\com\fasterxml\jackson\core\jackson-annotations\2.17.2\jackson-annotations-2.17.2.jar;C:\Users\HP\.m2\repository\com\fasterxml\jackson\core\jackson-core\2.17.2\jackson-core-2.17.2.jar;C:\Users\HP\.m2\repository\com\fasterxml\jackson\datatype\jackson-datatype-jdk8\2.17.2\jackson-datatype-jdk8-2.17.2.jar;C:\Users\HP\.m2\repository\com\fasterxml\jackson\datatype\jackson-datatype-jsr310\2.17.2\jackson-datatype-jsr310-2.17.2.jar;C:\Users\HP\.m2\repository\com\fasterxml\jackson\module\jackson-module-parameter-names\2.17.2\jackson-module-parameter-names-2.17.2.jar;C:\Users\HP\.m2\repository\org\springframework\boot\spring-boot-starter-tomcat\3.3.2\spring-boot-starter-tomcat-3.3.2.jar;C:\Users\HP\.m2\repository\org\apache\tomcat\embed\tomcat-embed-core\10.1.26\tomcat-embed-core-10.1.26.jar;C:\Users\HP\.m2\repository\org\apache\tomcat\embed\tomcat-embed-el\10.1.26\tomcat-embed-el-10.1.26.jar;C:\Users\HP\.m2\repository\org\apache\tomcat\embed\tomcat-embed-websocket\10.1.26\tomcat-embed-websocket-10.1.26.jar;C:\Users\HP\.m2\repository\org\springframework\spring-web\6.1.11\spring-web-6.1.11.jar;C:\Users\HP\.m2\repository\io\micrometer\micrometer-observation\1.13.2\micrometer-observation-1.13.2.jar;C:\Users\HP\.m2\repository\io\micrometer\micrometer-commons\1.13.2\micrometer-commons-1.13.2.jar;C:\Users\HP\.m2\repository\org\springframework\spring-webmvc\6.1.11\spring-webmvc-6.1.11.jar;C:\Users\HP\.m2\repository\org\springframework\spring-aop\6.1.11\spring-aop-6.1.11.jar;C:\Users\HP\.m2\repository\org\springframework\boot\spring-boot-devtools\3.3.2\spring-boot-devtools-3.3.2.jar;C:\Users\HP\.m2\repository\org\springframework\boot\spring-boot\3.3.2\spring-boot-3.3.2.jar;C:\Users\HP\.m2\repository\org\springframework\boot\spring-boot-autoconfigure\3.3.2\spring-boot-autoconfigure-3.3.2.jar;C:\Users\HP\.m2\repository\org\projectlombok\lombok\1.18.34\lombok-1.18.34.jar;C:\Users\HP\.m2\repository\jakarta\activation\jakarta.activation-api\2.1.3\jakarta.activation-api-2.1.3.jar;C:\Users\HP\.m2\repository\org\springframework\spring-core\6.1.11\spring-core-6.1.11.jar;C:\Users\HP\.m2\repository\org\springframework\spring-jcl\6.1.11\spring-jcl-6.1.11.jar;C:\Users\HP\.m2\repository\me\paulschwarz\spring-dotenv\2.5.4\spring-dotenv-2.5.4.jar;C:\Users\HP\.m2\repository\io\github\cdimascio\dotenv-java\2.2.3\dotenv-java-2.2.3.jar;C:\Users\HP\.m2\repository\org\springframework\boot\spring-boot-starter-mail\3.3.2\spring-boot-starter-mail-3.3.2.jar;C:\Users\HP\.m2\repository\org\springframework\spring-context-support\6.1.11\spring-context-support-6.1.11.jar;C:\Users\HP\.m2\repository\org\eclipse\angus\jakarta.mail\2.0.3\jakarta.mail-2.0.3.jar;C:\Users\HP\.m2\repository\org\eclipse\angus\angus-activation\2.0.2\angus-activation-2.0.2.jar
Launcher Type: SUN_STANDARD

[Global flags]
     intx CICompilerCount                          = 4                                         {product} {ergonomic}
     uint ConcGCThreads                            = 2                                         {product} {ergonomic}
     uint G1ConcRefinementThreads                  = 8                                         {product} {ergonomic}
   size_t G1HeapRegionSize                         = 1048576                                   {product} {ergonomic}
   size_t InitialHeapSize                          = 132120576                                 {product} {ergonomic}
   size_t MarkStackSize                            = 4194304                                   {product} {ergonomic}
   size_t MaxHeapSize                              = 2084569088                                {product} {ergonomic}
   size_t MaxNewSize                               = 1249902592                                {product} {ergonomic}
   size_t MinHeapDeltaBytes                        = 1048576                                   {product} {ergonomic}
   size_t MinHeapSize                              = 8388608                                   {product} {ergonomic}
    uintx NonNMethodCodeHeapSize                   = 5839372                                {pd product} {ergonomic}
    uintx NonProfiledCodeHeapSize                  = 122909434                              {pd product} {ergonomic}
    uintx ProfiledCodeHeapSize                     = 122909434                              {pd product} {ergonomic}
    uintx ReservedCodeCacheSize                    = 251658240                              {pd product} {ergonomic}
     bool SegmentedCodeCache                       = true                                      {product} {ergonomic}
   size_t SoftMaxHeapSize                          = 2084569088                             {manageable} {ergonomic}
     bool UseCompressedOops                        = true                           {product lp64_product} {ergonomic}
     bool UseG1GC                                  = true                                      {product} {ergonomic}
     bool UseLargePagesIndividualAllocation        = false                                  {pd product} {ergonomic}

Logging:
Log output configuration:
 #0: stdout all=warning uptime,level,tags foldmultilines=false
 #1: stderr all=off uptime,level,tags foldmultilines=false

Environment Variables:
PATH=C:\Program Files\Common Files\Oracle\Java\javapath;C:\WINDOWS\system32;C:\WINDOWS;C:\WINDOWS\System32\Wbem;C:\WINDOWS\System32\WindowsPowerShell\v1.0\;C:\WINDOWS\System32\OpenSSH\;C:\ProgramData\chocolatey\bin;C:\Program Files\dotnet\;D:\Git\cmd;C:\Program Files\Microsoft SQL Server\150\Tools\Binn\;C:\Program Files\Microsoft SQL Server\130\Tools\Binn\;C:\Program Files\Microsoft SQL Server\Client SDK\ODBC\170\Tools\Binn\;C:\Program Files (x86)\Microsoft SQL Server\160\Tools\Binn\;C:\Program Files\Microsoft SQL Server\160\Tools\Binn\;C:\Program Files\Microsoft SQL Server\160\DTS\Binn\;C:\Program Files (x86)\Microsoft SQL Server\160\DTS\Binn\;C:\Program Files\Azure Data Studio\bin;C:\Program Files\nodejs\;C:\Users\HP\AppData\Local\Programs\Python\Python312\Scripts\;C:\Users\HP\AppData\Local\Programs\Python\Python312\;C:\Users\HP\AppData\Local\Programs\Python\Launcher\;C:\Users\HP\AppData\Local\Microsoft\WindowsApps;D:\Microsoft VS Code\bin;C:\Users\HP\AppData\Local\GitHubDesktop\bin;C:\Program Files\Azure Data Studio\bin;C:\Users\HP\AppData\Roaming\npm;D:\IntelliJ IDEA Community Edition 2024.1.4\bin;
USERNAME=HP
OS=Windows_NT
PROCESSOR_IDENTIFIER=Intel64 Family 6 Model 140 Stepping 1, GenuineIntel
TMP=C:\Users\HP\AppData\Local\Temp
TEMP=C:\Users\HP\AppData\Local\Temp




Periodic native trim disabled

---------------  S Y S T E M  ---------------

OS:
 Windows 11 , 64 bit Build 22621 (10.0.22621.3672)
OS uptime: 2 days 4:43 hours
Hyper-V role detected

CPU: total 8 (initial active 8) (4 cores per cpu, 2 threads per core) family 6 model 140 stepping 1 microcode 0xac, cx8, cmov, fxsr, ht, mmx, 3dnowpref, sse, sse2, sse3, ssse3, sse4.1, sse4.2, popcnt, lzcnt, tsc, tscinvbit, avx, avx2, aes, erms, clmul, bmi1, bmi2, adx, avx512f, avx512dq, avx512cd, avx512bw, avx512vl, sha, fma, vzeroupper, avx512_vpopcntdq, avx512_vpclmulqdq, avx512_vaes, avx512_vnni, clflush, clflushopt, clwb, avx512_vbmi2, avx512_vbmi, hv, rdtscp, rdpid, fsrm, gfni, avx512_bitalg, f16c, cet_ibt, cet_ss, avx512_ifma
Processor Information for processor 0
  Max Mhz: 2419, Current Mhz: 1209, Mhz Limit: 2419
Processor Information for processor 1
  Max Mhz: 2419, Current Mhz: 2419, Mhz Limit: 2419
Processor Information for processor 2
  Max Mhz: 2419, Current Mhz: 2419, Mhz Limit: 2419
Processor Information for processor 3
  Max Mhz: 2419, Current Mhz: 2419, Mhz Limit: 2419
Processor Information for processor 4
  Max Mhz: 2419, Current Mhz: 1209, Mhz Limit: 2419
Processor Information for processor 5
  Max Mhz: 2419, Current Mhz: 2419, Mhz Limit: 2419
Processor Information for processor 6
  Max Mhz: 2419, Current Mhz: 2419, Mhz Limit: 2419
Processor Information for processor 7
  Max Mhz: 2419, Current Mhz: 2419, Mhz Limit: 2419

Memory: 4k page, system-wide physical 7948M (284M free)
TotalPageFile size 14092M (AvailPageFile size 13M)
current process WorkingSet (physical memory assigned to process): 196M, peak: 235M
current process commit charge ("private bytes"): 239M, peak: 283M

vm_info: OpenJDK 64-Bit Server VM (22.0.2+9-70) for windows-amd64 JRE (22.0.2+9-70), built on 2024-06-04T16:52:23Z by "mach5one" with MS VC++ 17.6 (VS2022)

END.
