#
# There is insufficient memory for the Java Runtime Environment to continue.
# Native memory allocation (malloc) failed to allocate 2223072 bytes. Error detail: Chunk::new
# Possible reasons:
#   The system is out of physical RAM or swap space
#   This process is running with CompressedOops enabled, and the Java Heap may be blocking the growth of the native heap
# Possible solutions:
#   Reduce memory load on the system
#   Increase physical memory or swap space
#   Check if swap backing store is full
#   Decrease Java heap size (-Xmx/-Xms)
#   Decrease number of Java threads
#   Decrease Java thread stack sizes (-Xss)
#   Set larger code cache with -XX:ReservedCodeCacheSize=
#   JVM is running with Unscaled Compressed Oops mode in which the Java heap is
#     placed in the first 4GB address space. The Java Heap base address is the
#     maximum limit for the native heap growth. Please use -XX:HeapBaseMinAddress
#     to set the Java Heap base and to place the Java Heap above 4GB virtual address.
# This output file may be truncated or incomplete.
#
#  Out of Memory Error (arena.cpp:150), pid=13604, tid=15736
#
# JRE version: OpenJDK Runtime Environment (22.0.2+9) (build 22.0.2+9-70)
# Java VM: OpenJDK 64-Bit Server VM (22.0.2+9-70, mixed mode, sharing, tiered, compressed oops, compressed class ptrs, g1 gc, windows-amd64)
# No core dump will be written. Minidumps are not enabled by default on client versions of Windows
#

---------------  S U M M A R Y ------------

Command Line: -javaagent:D:\IntelliJ IDEA Community Edition 2024.1.4\lib\idea_rt.jar=50855:D:\IntelliJ IDEA Community Edition 2024.1.4\bin -Dfile.encoding=UTF-8 -Dsun.stdout.encoding=UTF-8 -Dsun.stderr.encoding=UTF-8 com.abcRestaurant.abcRestaurant.AbcRestaurantApplication

Host: 11th Gen Intel(R) Core(TM) i5-1135G7 @ 2.40GHz, 8 cores, 7G,  Windows 11 , 64 bit Build 22621 (10.0.22621.3958)
Time: Wed Aug 28 12:32:42 2024 Sri Lanka Standard Time elapsed time: 20.748769 seconds (0d 0h 0m 20s)

---------------  T H R E A D  ---------------

Current thread (0x0000021c9b83e8d0):  JavaThread "C2 CompilerThread1" daemon [_thread_in_native, id=15736, stack(0x000000d1b1b00000,0x000000d1b1c00000) (1024K)]


Current CompileTask:
C2:20748 6385       4       org.springframework.beans.factory.support.AbstractBeanFactory::isTypeMatch (745 bytes)

Stack: [0x000000d1b1b00000,0x000000d1b1c00000]
Native frames: (J=compiled Java code, j=interpreted, Vv=VM code, C=native code)
V  [jvm.dll+0x6e26e9]  (no source info available)
V  [jvm.dll+0x875753]  (no source info available)
V  [jvm.dll+0x877b7e]  (no source info available)
V  [jvm.dll+0x878253]  (no source info available)
V  [jvm.dll+0x27fc86]  (no source info available)
V  [jvm.dll+0xc3d0f]  (no source info available)
V  [jvm.dll+0xc3f6b]  (no source info available)
V  [jvm.dll+0x3bb47c]  (no source info available)
V  [jvm.dll+0x387d4b]  (no source info available)
V  [jvm.dll+0x3871ba]  (no source info available)
V  [jvm.dll+0x2477f8]  (no source info available)
V  [jvm.dll+0x246e9f]  (no source info available)
V  [jvm.dll+0x1c4e80]  (no source info available)
V  [jvm.dll+0x2568f3]  (no source info available)
V  [jvm.dll+0x254baa]  (no source info available)
V  [jvm.dll+0x3f57a6]  (no source info available)
V  [jvm.dll+0x81dc0b]  (no source info available)
V  [jvm.dll+0x6e0d85]  (no source info available)
C  [ucrtbase.dll+0x29333]  (no source info available)
C  [KERNEL32.DLL+0x1257d]  (no source info available)
C  [ntdll.dll+0x5af28]  (no source info available)


---------------  P R O C E S S  ---------------

Threads class SMR info:
_java_thread_list=0x0000021c9a59ff90, length=45, elements={
0x0000021c5055c750, 0x0000021c5055d760, 0x0000021c50568180, 0x0000021c5056b040,
0x0000021c5056dba0, 0x0000021c50560710, 0x0000021c50579060, 0x0000021c50579810,
0x0000021c505627e0, 0x0000021c50562e70, 0x0000021c50560080, 0x0000021c50562150,
0x0000021c9a209860, 0x0000021c9a20c650, 0x0000021c9a2063e0, 0x0000021c9a206a70,
0x0000021c9a2084b0, 0x0000021c9a205d50, 0x0000021c9a20bfc0, 0x0000021c9a20ac10,
0x0000021c9a207790, 0x0000021c9a20cce0, 0x0000021c9a20d370, 0x0000021c9a209ef0,
0x0000021c9a207e20, 0x0000021c9a208b40, 0x0000021c9a2091d0, 0x0000021c9a20a580,
0x0000021c9a20b930, 0x0000021c50563500, 0x0000021c9af4df00, 0x0000021c9af4c4c0,
0x0000021c9af4be30, 0x0000021c9af4e590, 0x0000021c9af4aa80, 0x0000021c9af4ffd0,
0x0000021c9af4b7a0, 0x0000021c9af4cb50, 0x0000021c9af4d1e0, 0x0000021c9af50cf0,
0x0000021c9af51380, 0x0000021c9af4b110, 0x0000021c9b83e8d0, 0x0000021c9abc9280,
0x0000021c9af4f2b0
}

Java Threads: ( => current thread )
  0x0000021c5055c750 JavaThread "Reference Handler"          daemon [_thread_blocked, id=15888, stack(0x000000d1b0f00000,0x000000d1b1000000) (1024K)]
  0x0000021c5055d760 JavaThread "Finalizer"                  daemon [_thread_blocked, id=8924, stack(0x000000d1b1000000,0x000000d1b1100000) (1024K)]
  0x0000021c50568180 JavaThread "Signal Dispatcher"          daemon [_thread_blocked, id=1828, stack(0x000000d1b1100000,0x000000d1b1200000) (1024K)]
  0x0000021c5056b040 JavaThread "Attach Listener"            daemon [_thread_blocked, id=5388, stack(0x000000d1b1200000,0x000000d1b1300000) (1024K)]
  0x0000021c5056dba0 JavaThread "Service Thread"             daemon [_thread_blocked, id=4520, stack(0x000000d1b1300000,0x000000d1b1400000) (1024K)]
  0x0000021c50560710 JavaThread "Monitor Deflation Thread"   daemon [_thread_blocked, id=11820, stack(0x000000d1b1400000,0x000000d1b1500000) (1024K)]
  0x0000021c50579060 JavaThread "C2 CompilerThread0"         daemon [_thread_in_native, id=6868, stack(0x000000d1b1500000,0x000000d1b1600000) (1024K)]
  0x0000021c50579810 JavaThread "C1 CompilerThread0"         daemon [_thread_blocked, id=14296, stack(0x000000d1b1600000,0x000000d1b1700000) (1024K)]
  0x0000021c505627e0 JavaThread "Common-Cleaner"             daemon [_thread_blocked, id=7268, stack(0x000000d1b1700000,0x000000d1b1800000) (1024K)]
  0x0000021c50562e70 JavaThread "Monitor Ctrl-Break"         daemon [_thread_in_native, id=3076, stack(0x000000d1b1900000,0x000000d1b1a00000) (1024K)]
  0x0000021c50560080 JavaThread "Notification Thread"        daemon [_thread_blocked, id=11656, stack(0x000000d1b1a00000,0x000000d1b1b00000) (1024K)]
  0x0000021c50562150 JavaThread "Catalina-utility-1"                [_thread_blocked, id=5416, stack(0x000000d1b2600000,0x000000d1b2700000) (1024K)]
  0x0000021c9a209860 JavaThread "Catalina-utility-2"                [_thread_blocked, id=364, stack(0x000000d1b2700000,0x000000d1b2800000) (1024K)]
  0x0000021c9a20c650 JavaThread "container-0"                       [_thread_blocked, id=3712, stack(0x000000d1b2800000,0x000000d1b2900000) (1024K)]
  0x0000021c9a2063e0 JavaThread "Jndi-Dns-address-change-listener" daemon [_thread_in_native, id=15396, stack(0x000000d1b2900000,0x000000d1b2a00000) (1024K)]
  0x0000021c9a206a70 JavaThread "BufferPoolPruner-1-thread-1" daemon [_thread_blocked, id=5812, stack(0x000000d1b1800000,0x000000d1b1900000) (1024K)]
  0x0000021c9a2084b0 JavaThread "cluster-ClusterId{value='66cecb83dc35a93fec0c993b', description='null'}-srv-abccluster.kd72xqs.mongodb.net" daemon [_thread_blocked, id=13564, stack(0x000000d1b2300000,0x000000d1b2400000) (1024K)]
  0x0000021c9a205d50 JavaThread "cluster-ClusterId{value='66cecb83dc35a93fec0c993b', description='null'}-ac-byq5ho1-shard-00-01.kd72xqs.mongodb.net:27017" daemon [_thread_in_native, id=13972, stack(0x000000d1b2c00000,0x000000d1b2d00000) (1024K)]
  0x0000021c9a20bfc0 JavaThread "cluster-rtt-ClusterId{value='66cecb83dc35a93fec0c993b', description='null'}-ac-byq5ho1-shard-00-01.kd72xqs.mongodb.net:27017" daemon [_thread_blocked, id=2116, stack(0x000000d1b2d00000,0x000000d1b2e00000) (1024K)]
  0x0000021c9a20ac10 JavaThread "cluster-ClusterId{value='66cecb83dc35a93fec0c993b', description='null'}-ac-byq5ho1-shard-00-02.kd72xqs.mongodb.net:27017" daemon [_thread_in_native, id=7784, stack(0x000000d1b2e00000,0x000000d1b2f00000) (1024K)]
  0x0000021c9a207790 JavaThread "cluster-rtt-ClusterId{value='66cecb83dc35a93fec0c993b', description='null'}-ac-byq5ho1-shard-00-02.kd72xqs.mongodb.net:27017" daemon [_thread_blocked, id=7588, stack(0x000000d1b2f00000,0x000000d1b3000000) (1024K)]
  0x0000021c9a20cce0 JavaThread "cluster-ClusterId{value='66cecb83dc35a93fec0c993b', description='null'}-ac-byq5ho1-shard-00-00.kd72xqs.mongodb.net:27017" daemon [_thread_in_native, id=4160, stack(0x000000d1b3000000,0x000000d1b3100000) (1024K)]
  0x0000021c9a20d370 JavaThread "cluster-rtt-ClusterId{value='66cecb83dc35a93fec0c993b', description='null'}-ac-byq5ho1-shard-00-00.kd72xqs.mongodb.net:27017" daemon [_thread_blocked, id=1048, stack(0x000000d1b3100000,0x000000d1b3200000) (1024K)]
  0x0000021c9a209ef0 JavaThread "Live Reload Server"         daemon [_thread_in_native, id=2356, stack(0x000000d1b3300000,0x000000d1b3400000) (1024K)]
  0x0000021c9a207e20 JavaThread "MaintenanceTimer-2-thread-1" daemon [_thread_blocked, id=10460, stack(0x000000d1b3400000,0x000000d1b3500000) (1024K)]
  0x0000021c9a208b40 JavaThread "MaintenanceTimer-3-thread-1" daemon [_thread_blocked, id=14628, stack(0x000000d1b3500000,0x000000d1b3600000) (1024K)]
  0x0000021c9a2091d0 JavaThread "MaintenanceTimer-4-thread-1" daemon [_thread_blocked, id=1980, stack(0x000000d1b3600000,0x000000d1b3700000) (1024K)]
  0x0000021c9a20a580 JavaThread "File Watcher"               daemon [_thread_blocked, id=12476, stack(0x000000d1b3700000,0x000000d1b3800000) (1024K)]
  0x0000021c9a20b930 JavaThread "http-nio-8080-exec-1"       daemon [_thread_blocked, id=5268, stack(0x000000d1b3800000,0x000000d1b3900000) (1024K)]
  0x0000021c50563500 JavaThread "http-nio-8080-exec-2"       daemon [_thread_blocked, id=7136, stack(0x000000d1b3900000,0x000000d1b3a00000) (1024K)]
  0x0000021c9af4df00 JavaThread "http-nio-8080-exec-3"       daemon [_thread_in_native, id=15048, stack(0x000000d1b3a00000,0x000000d1b3b00000) (1024K)]
  0x0000021c9af4c4c0 JavaThread "http-nio-8080-exec-4"       daemon [_thread_blocked, id=3432, stack(0x000000d1b3b00000,0x000000d1b3c00000) (1024K)]
  0x0000021c9af4be30 JavaThread "http-nio-8080-exec-5"       daemon [_thread_blocked, id=16368, stack(0x000000d1b3c00000,0x000000d1b3d00000) (1024K)]
  0x0000021c9af4e590 JavaThread "http-nio-8080-exec-6"       daemon [_thread_blocked, id=14284, stack(0x000000d1b3d00000,0x000000d1b3e00000) (1024K)]
  0x0000021c9af4aa80 JavaThread "http-nio-8080-exec-7"       daemon [_thread_blocked, id=8804, stack(0x000000d1b3e00000,0x000000d1b3f00000) (1024K)]
  0x0000021c9af4ffd0 JavaThread "http-nio-8080-exec-8"       daemon [_thread_blocked, id=9004, stack(0x000000d1b3f00000,0x000000d1b4000000) (1024K)]
  0x0000021c9af4b7a0 JavaThread "http-nio-8080-exec-9"       daemon [_thread_blocked, id=11560, stack(0x000000d1b4000000,0x000000d1b4100000) (1024K)]
  0x0000021c9af4cb50 JavaThread "http-nio-8080-exec-10"      daemon [_thread_blocked, id=15340, stack(0x000000d1b4100000,0x000000d1b4200000) (1024K)]
  0x0000021c9af4d1e0 JavaThread "http-nio-8080-Poller"       daemon [_thread_in_native, id=3084, stack(0x000000d1b4200000,0x000000d1b4300000) (1024K)]
  0x0000021c9af50cf0 JavaThread "http-nio-8080-Acceptor"     daemon [_thread_in_native, id=14028, stack(0x000000d1b4300000,0x000000d1b4400000) (1024K)]
  0x0000021c9af51380 JavaThread "scheduling-1"                      [_thread_blocked, id=10960, stack(0x000000d1b4400000,0x000000d1b4500000) (1024K)]
  0x0000021c9af4b110 JavaThread "DestroyJavaVM"                     [_thread_blocked, id=8244, stack(0x000000d1b0700000,0x000000d1b0800000) (1024K)]
=>0x0000021c9b83e8d0 JavaThread "C2 CompilerThread1"         daemon [_thread_in_native, id=15736, stack(0x000000d1b1b00000,0x000000d1b1c00000) (1024K)]
  0x0000021c9abc9280 JavaThread "C2 CompilerThread2"         daemon [_thread_in_native, id=13216, stack(0x000000d1b1c00000,0x000000d1b1d00000) (1024K)]
  0x0000021c9af4f2b0 JavaThread "http-nio-8080-exec-11"      daemon [_thread_blocked, id=3404, stack(0x000000d1b2a00000,0x000000d1b2b00000) (1024K)]
Total: 45

Other Threads:
  0x0000021c505429f0 VMThread "VM Thread"                           [id=7604, stack(0x000000d1b0e00000,0x000000d1b0f00000) (1024K)]
  0x0000021c5052a620 WatcherThread "VM Periodic Task Thread"        [id=6176, stack(0x000000d1b0d00000,0x000000d1b0e00000) (1024K)]
  0x0000021c31e7bdb0 WorkerThread "GC Thread#0"                     [id=15572, stack(0x000000d1b0800000,0x000000d1b0900000) (1024K)]
  0x0000021c96857410 WorkerThread "GC Thread#1"                     [id=4512, stack(0x000000d1b1d00000,0x000000d1b1e00000) (1024K)]
  0x0000021c968577c0 WorkerThread "GC Thread#2"                     [id=4592, stack(0x000000d1b1e00000,0x000000d1b1f00000) (1024K)]
  0x0000021c9680fa30 WorkerThread "GC Thread#3"                     [id=5684, stack(0x000000d1b1f00000,0x000000d1b2000000) (1024K)]
  0x0000021c9680fde0 WorkerThread "GC Thread#4"                     [id=14408, stack(0x000000d1b2000000,0x000000d1b2100000) (1024K)]
  0x0000021c96810190 WorkerThread "GC Thread#5"                     [id=3980, stack(0x000000d1b2100000,0x000000d1b2200000) (1024K)]
  0x0000021c96d328e0 WorkerThread "GC Thread#6"                     [id=8600, stack(0x000000d1b2400000,0x000000d1b2500000) (1024K)]
  0x0000021c96d32c90 WorkerThread "GC Thread#7"                     [id=14060, stack(0x000000d1b2500000,0x000000d1b2600000) (1024K)]
  0x0000021c31e8c7d0 ConcurrentGCThread "G1 Main Marker"            [id=2096, stack(0x000000d1b0900000,0x000000d1b0a00000) (1024K)]
  0x0000021c31e8d2e0 WorkerThread "G1 Conc#0"                       [id=5956, stack(0x000000d1b0a00000,0x000000d1b0b00000) (1024K)]
  0x0000021c98704fc0 WorkerThread "G1 Conc#1"                       [id=1080, stack(0x000000d1b2200000,0x000000d1b2300000) (1024K)]
  0x0000021c50400970 ConcurrentGCThread "G1 Refine#0"               [id=15664, stack(0x000000d1b0b00000,0x000000d1b0c00000) (1024K)]
  0x0000021c31edd960 ConcurrentGCThread "G1 Service"                [id=12236, stack(0x000000d1b0c00000,0x000000d1b0d00000) (1024K)]
Total: 15

Threads with active compile tasks:
C2 CompilerThread0  20809 6696   !   4       java.lang.Class::getEnumConstantsShared (71 bytes)
C2 CompilerThread1  20809 6385       4       org.springframework.beans.factory.support.AbstractBeanFactory::isTypeMatch (745 bytes)
C2 CompilerThread2  20809 6683 % !   4       org.springframework.beans.factory.support.DefaultListableBeanFactory::doGetBeanNamesForType @ 20 (505 bytes)
Total: 3

VM state: not at safepoint (normal execution)

VM Mutex/Monitor currently owned by a thread: None

Heap address: 0x0000000083c00000, size: 1988 MB, Compressed Oops mode: 32-bit

CDS archive(s) mapped at: [0x0000021c51000000-0x0000021c51c60000-0x0000021c51c60000), size 12976128, SharedBaseAddress: 0x0000021c51000000, ArchiveRelocationMode: 1.
Compressed class space mapped at: 0x0000021c52000000-0x0000021c92000000, reserved size: 1073741824
Narrow klass base: 0x0000021c51000000, Narrow klass shift: 0, Narrow klass range: 0x41000000

GC Precious Log:
 CardTable entry size: 512
 Card Set container configuration: InlinePtr #cards 5 size 8 Array Of Cards #cards 12 size 40 Howl #buckets 4 coarsen threshold 1843 Howl Bitmap #cards 512 size 80 coarsen threshold 460 Card regions per heap region 1 cards per card region 2048
 CPUs: 8 total, 8 available
 Memory: 7948M
 Large Page Support: Disabled
 NUMA Support: Disabled
 Compressed Oops: Enabled (32-bit)
 Heap Region Size: 1M
 Heap Min Capacity: 8M
 Heap Initial Capacity: 126M
 Heap Max Capacity: 1988M
 Pre-touch: Disabled
 Parallel Workers: 8
 Concurrent Workers: 2
 Concurrent Refinement Workers: 8
 Periodic GC: Disabled

Heap:
 garbage-first heap   total reserved 2035712K, committed 55296K, used 39714K [0x0000000083c00000, 0x0000000100000000)
  region size 1024K, 15 young (15360K), 3 survivors (3072K)
 Metaspace       used 51022K, committed 51776K, reserved 1114112K
  class space    used 6756K, committed 7104K, reserved 1048576K

Heap Regions: E=young(eden), S=young(survivor), O=old, HS=humongous(starts), HC=humongous(continues), CS=collection set, F=free, TAMS=top-at-mark-start, PB=parsable bottom
|   0|0x0000000083c00000, 0x0000000083d00000, 0x0000000083d00000|100%| O|  |TAMS 0x0000000083c00000| PB 0x0000000083c00000| Untracked |  0
|   1|0x0000000083d00000, 0x0000000083e00000, 0x0000000083e00000|100%| O|  |TAMS 0x0000000083d00000| PB 0x0000000083d00000| Untracked |  0
|   2|0x0000000083e00000, 0x0000000083f00000, 0x0000000083f00000|100%| O|  |TAMS 0x0000000083e00000| PB 0x0000000083e00000| Untracked |  0
|   3|0x0000000083f00000, 0x0000000084000000, 0x0000000084000000|100%| O|  |TAMS 0x0000000083f00000| PB 0x0000000083f00000| Untracked |  0
|   4|0x0000000084000000, 0x0000000084100000, 0x0000000084100000|100%| O|  |TAMS 0x0000000084000000| PB 0x0000000084000000| Untracked |  0
|   5|0x0000000084100000, 0x0000000084200000, 0x0000000084200000|100%| O|  |TAMS 0x0000000084100000| PB 0x0000000084100000| Untracked |  0
|   6|0x0000000084200000, 0x0000000084300000, 0x0000000084300000|100%| O|  |TAMS 0x0000000084200000| PB 0x0000000084200000| Untracked |  0
|   7|0x0000000084300000, 0x0000000084400000, 0x0000000084400000|100%| O|  |TAMS 0x0000000084300000| PB 0x0000000084300000| Untracked |  0
|   8|0x0000000084400000, 0x0000000084500000, 0x0000000084500000|100%| O|  |TAMS 0x0000000084400000| PB 0x0000000084400000| Untracked |  0
|   9|0x0000000084500000, 0x0000000084600000, 0x0000000084600000|100%| O|  |TAMS 0x0000000084500000| PB 0x0000000084500000| Untracked |  0
|  10|0x0000000084600000, 0x0000000084700000, 0x0000000084700000|100%| O|  |TAMS 0x0000000084600000| PB 0x0000000084600000| Untracked |  0
|  11|0x0000000084700000, 0x0000000084800000, 0x0000000084800000|100%| O|  |TAMS 0x0000000084700000| PB 0x0000000084700000| Untracked |  0
|  12|0x0000000084800000, 0x0000000084900000, 0x0000000084900000|100%| O|  |TAMS 0x0000000084800000| PB 0x0000000084800000| Untracked |  0
|  13|0x0000000084900000, 0x0000000084a00000, 0x0000000084a00000|100%| O|  |TAMS 0x0000000084900000| PB 0x0000000084900000| Untracked |  0
|  14|0x0000000084a00000, 0x0000000084b00000, 0x0000000084b00000|100%| O|  |TAMS 0x0000000084a00000| PB 0x0000000084a00000| Untracked |  0
|  15|0x0000000084b00000, 0x0000000084c00000, 0x0000000084c00000|100%| O|  |TAMS 0x0000000084b00000| PB 0x0000000084b00000| Untracked |  0
|  16|0x0000000084c00000, 0x0000000084d00000, 0x0000000084d00000|100%| O|  |TAMS 0x0000000084c00000| PB 0x0000000084c00000| Untracked |  0
|  17|0x0000000084d00000, 0x0000000084dc89d0, 0x0000000084e00000| 78%| O|  |TAMS 0x0000000084d00000| PB 0x0000000084d00000| Untracked |  0
|  18|0x0000000084e00000, 0x0000000084f00000, 0x0000000084f00000|100%| O|  |TAMS 0x0000000084e00000| PB 0x0000000084e00000| Untracked |  0
|  19|0x0000000084f00000, 0x0000000085000000, 0x0000000085000000|100%| O|  |TAMS 0x0000000084f00000| PB 0x0000000084f00000| Untracked |  0
|  20|0x0000000085000000, 0x0000000085100000, 0x0000000085100000|100%| O|  |TAMS 0x0000000085000000| PB 0x0000000085000000| Untracked |  0
|  21|0x0000000085100000, 0x0000000085200000, 0x0000000085200000|100%| O|Cm|TAMS 0x0000000085100000| PB 0x0000000085100000| Complete |  0
|  22|0x0000000085200000, 0x0000000085300000, 0x0000000085300000|100%| O|  |TAMS 0x0000000085200000| PB 0x0000000085200000| Untracked |  0
|  23|0x0000000085300000, 0x0000000085400000, 0x0000000085400000|100%| O|  |TAMS 0x0000000085300000| PB 0x0000000085300000| Untracked |  0
|  24|0x0000000085400000, 0x0000000085400000, 0x0000000085500000|  0%| F|  |TAMS 0x0000000085400000| PB 0x0000000085400000| Untracked |  0
|  25|0x0000000085500000, 0x0000000085600000, 0x0000000085600000|100%| O|  |TAMS 0x0000000085500000| PB 0x0000000085500000| Untracked |  0
|  26|0x0000000085600000, 0x0000000085700000, 0x0000000085700000|100%| O|Cm|TAMS 0x0000000085600000| PB 0x0000000085600000| Complete |  0
|  27|0x0000000085700000, 0x0000000085700000, 0x0000000085800000|  0%| F|  |TAMS 0x0000000085700000| PB 0x0000000085700000| Untracked |  0
|  28|0x0000000085800000, 0x0000000085800000, 0x0000000085900000|  0%| F|  |TAMS 0x0000000085800000| PB 0x0000000085800000| Untracked |  0
|  29|0x0000000085900000, 0x0000000085900000, 0x0000000085a00000|  0%| F|  |TAMS 0x0000000085900000| PB 0x0000000085900000| Untracked |  0
|  30|0x0000000085a00000, 0x0000000085a00000, 0x0000000085b00000|  0%| F|  |TAMS 0x0000000085a00000| PB 0x0000000085a00000| Untracked |  0
|  31|0x0000000085b00000, 0x0000000085c00000, 0x0000000085c00000|100%| S|CS|TAMS 0x0000000085b00000| PB 0x0000000085b00000| Complete |  0
|  32|0x0000000085c00000, 0x0000000085d00000, 0x0000000085d00000|100%| S|CS|TAMS 0x0000000085c00000| PB 0x0000000085c00000| Complete |  0
|  33|0x0000000085d00000, 0x0000000085e00000, 0x0000000085e00000|100%| S|CS|TAMS 0x0000000085d00000| PB 0x0000000085d00000| Complete |  0
|  34|0x0000000085e00000, 0x0000000085e00000, 0x0000000085f00000|  0%| F|  |TAMS 0x0000000085e00000| PB 0x0000000085e00000| Untracked |  0
|  35|0x0000000085f00000, 0x0000000085f00000, 0x0000000086000000|  0%| F|  |TAMS 0x0000000085f00000| PB 0x0000000085f00000| Untracked |  0
|  36|0x0000000086000000, 0x0000000086000000, 0x0000000086100000|  0%| F|  |TAMS 0x0000000086000000| PB 0x0000000086000000| Untracked |  0
|  37|0x0000000086100000, 0x0000000086100000, 0x0000000086200000|  0%| F|  |TAMS 0x0000000086100000| PB 0x0000000086100000| Untracked |  0
|  38|0x0000000086200000, 0x0000000086200000, 0x0000000086300000|  0%| F|  |TAMS 0x0000000086200000| PB 0x0000000086200000| Untracked |  0
|  39|0x0000000086300000, 0x0000000086300000, 0x0000000086400000|  0%| F|  |TAMS 0x0000000086300000| PB 0x0000000086300000| Untracked |  0
|  40|0x0000000086400000, 0x0000000086400000, 0x0000000086500000|  0%| F|  |TAMS 0x0000000086400000| PB 0x0000000086400000| Untracked |  0
|  41|0x0000000086500000, 0x0000000086500000, 0x0000000086600000|  0%| F|  |TAMS 0x0000000086500000| PB 0x0000000086500000| Untracked |  0
|  42|0x0000000086600000, 0x000000008668ffc0, 0x0000000086700000| 56%| E|  |TAMS 0x0000000086600000| PB 0x0000000086600000| Complete |  0
|  43|0x0000000086700000, 0x0000000086800000, 0x0000000086800000|100%| E|  |TAMS 0x0000000086700000| PB 0x0000000086700000| Complete |  0
|  44|0x0000000086800000, 0x0000000086900000, 0x0000000086900000|100%| E|CS|TAMS 0x0000000086800000| PB 0x0000000086800000| Complete |  0
|  45|0x0000000086900000, 0x0000000086a00000, 0x0000000086a00000|100%| E|CS|TAMS 0x0000000086900000| PB 0x0000000086900000| Complete |  1
|  73|0x0000000088500000, 0x0000000088600000, 0x0000000088600000|100%| E|CS|TAMS 0x0000000088500000| PB 0x0000000088500000| Complete |  0
|  74|0x0000000088600000, 0x0000000088700000, 0x0000000088700000|100%| E|CS|TAMS 0x0000000088600000| PB 0x0000000088600000| Complete |  0
|  75|0x0000000088700000, 0x0000000088800000, 0x0000000088800000|100%| E|CS|TAMS 0x0000000088700000| PB 0x0000000088700000| Complete |  0
|  76|0x0000000088800000, 0x0000000088900000, 0x0000000088900000|100%| E|CS|TAMS 0x0000000088800000| PB 0x0000000088800000| Complete |  0
|  77|0x0000000088900000, 0x0000000088a00000, 0x0000000088a00000|100%| E|CS|TAMS 0x0000000088900000| PB 0x0000000088900000| Complete |  0
|  78|0x0000000088a00000, 0x0000000088b00000, 0x0000000088b00000|100%| E|CS|TAMS 0x0000000088a00000| PB 0x0000000088a00000| Complete |  0
|  79|0x0000000088b00000, 0x0000000088c00000, 0x0000000088c00000|100%| E|CS|TAMS 0x0000000088b00000| PB 0x0000000088b00000| Complete |  0
| 125|0x000000008b900000, 0x000000008ba00000, 0x000000008ba00000|100%| E|CS|TAMS 0x000000008b900000| PB 0x000000008b900000| Complete |  0

Card table byte_map: [0x0000021c4b7a0000,0x0000021c4bb90000] _byte_map_base: 0x0000021c4b382000

Marking Bits: (CMBitMap*) 0x0000021c31e7c4c0
 Bits: [0x0000021c4bb90000, 0x0000021c4daa0000)

Polling page: 0x0000021c31ee0000

Metaspace:

Usage:
  Non-class:     43.23 MB used.
      Class:      6.60 MB used.
       Both:     49.83 MB used.

Virtual space:
  Non-class space:       64.00 MB reserved,      43.62 MB ( 68%) committed,  1 nodes.
      Class space:        1.00 GB reserved,       6.94 MB ( <1%) committed,  1 nodes.
             Both:        1.06 GB reserved,      50.56 MB (  5%) committed. 

Chunk freelists:
   Non-Class:  4.34 MB
       Class:  9.03 MB
        Both:  13.38 MB

MaxMetaspaceSize: unlimited
CompressedClassSpaceSize: 1.00 GB
Initial GC threshold: 21.00 MB
Current GC threshold: 82.19 MB
CDS: on
 - commit_granule_bytes: 65536.
 - commit_granule_words: 8192.
 - virtual_space_node_default_size: 8388608.
 - enlarge_chunks_in_place: 1.
 - use_allocation_guard: 0.


Internal statistics:

num_allocs_failed_limit: 6.
num_arena_births: 944.
num_arena_deaths: 20.
num_vsnodes_births: 2.
num_vsnodes_deaths: 0.
num_space_committed: 809.
num_space_uncommitted: 0.
num_chunks_returned_to_freelist: 36.
num_chunks_taken_from_freelist: 2789.
num_chunk_merges: 16.
num_chunk_splits: 1805.
num_chunks_enlarged: 1257.
num_inconsistent_stats: 0.

CodeHeap 'non-profiled nmethods': size=120000Kb used=3217Kb max_used=3419Kb free=116782Kb
 bounds [0x0000021c43400000, 0x0000021c43760000, 0x0000021c4a930000]
CodeHeap 'profiled nmethods': size=120000Kb used=10891Kb max_used=10891Kb free=109108Kb
 bounds [0x0000021c3b930000, 0x0000021c3c3e0000, 0x0000021c42e60000]
CodeHeap 'non-nmethods': size=5760Kb used=1838Kb max_used=1878Kb free=3921Kb
 bounds [0x0000021c42e60000, 0x0000021c430d0000, 0x0000021c43400000]
 total_blobs=6587 nmethods=5909 adapters=582
 compilation: enabled
              stopped_count=0, restarted_count=0
 full_count=0

Compilation events (20 events):
Event: 20.619 Thread 0x0000021c50579810 6849       2       org.apache.catalina.connector.OutputBuffer::clear (10 bytes)
Event: 20.620 Thread 0x0000021c50579810 nmethod 6849 0x0000021c3c3ce590 code [0x0000021c3c3ce740, 0x0000021c3c3ce8a8]
Event: 20.620 Thread 0x0000021c50579810 6837       2       java.nio.ByteBuffer::put (9 bytes)
Event: 20.620 Thread 0x0000021c50579810 nmethod 6837 0x0000021c3c3ce990 code [0x0000021c3c3ceb40, 0x0000021c3c3cec80]
Event: 20.620 Thread 0x0000021c50579810 6850       2       org.apache.catalina.connector.OutputBuffer::flushByteBuffer (20 bytes)
Event: 20.620 Thread 0x0000021c50579810 nmethod 6850 0x0000021c3c3ced90 code [0x0000021c3c3cef60, 0x0000021c3c3cf128]
Event: 20.620 Thread 0x0000021c50579810 6851       2       org.apache.catalina.connector.OutputBuffer::append (70 bytes)
Event: 20.621 Thread 0x0000021c50579810 nmethod 6851 0x0000021c3c3cf210 code [0x0000021c3c3cf420, 0x0000021c3c3cf718]
Event: 20.641 Thread 0x0000021c50579810 6853       2       sun.security.jca.ProviderList$ServiceList$1::next (5 bytes)
Event: 20.642 Thread 0x0000021c50579810 nmethod 6853 0x0000021c3c3cf910 code [0x0000021c3c3cfaa0, 0x0000021c3c3cfbc8]
Event: 20.643 Thread 0x0000021c50579810 6855       2       javax.crypto.JceSecurity::canUseProvider (50 bytes)
Event: 20.643 Thread 0x0000021c50579810 nmethod 6855 0x0000021c3c3cfc90 code [0x0000021c3c3cfe20, 0x0000021c3c3cff30]
Event: 20.644 Thread 0x0000021c50579810 6854       2       sun.nio.cs.ISO_8859_1$Decoder::decodeLoop (28 bytes)
Event: 20.644 Thread 0x0000021c50579810 nmethod 6854 0x0000021c3c3d0010 code [0x0000021c3c3d01c0, 0x0000021c3c3d0398]
Event: 20.644 Thread 0x0000021c50579810 6856       2       java.lang.Byte::valueOf (14 bytes)
Event: 20.644 Thread 0x0000021c50579810 nmethod 6856 0x0000021c3c3d0490 code [0x0000021c3c3d0620, 0x0000021c3c3d0740]
Event: 20.723 Thread 0x0000021c50579060 nmethod 6501 0x0000021c4369c090 code [0x0000021c4369c960, 0x0000021c436a5128]
Event: 20.724 Thread 0x0000021c50579060 6809       4       java.util.HashMap::putVal (300 bytes)
Event: 20.734 Thread 0x0000021c50579060 nmethod 6809 0x0000021c4369b090 code [0x0000021c4369b2a0, 0x0000021c4369bb38]
Event: 20.734 Thread 0x0000021c50579060 6702       4       org.springframework.util.ConcurrentReferenceHashMap::get (37 bytes)

GC Heap History (20 events):
Event: 2.564 GC heap before
{Heap before GC invocations=4 (full 0):
 garbage-first heap   total reserved 2035712K, committed 45056K, used 31609K [0x0000000083c00000, 0x0000000100000000)
  region size 1024K, 26 young (26624K), 7 survivors (7168K)
 Metaspace       used 24312K, committed 24704K, reserved 1114112K
  class space    used 3038K, committed 3200K, reserved 1048576K
}
Event: 2.572 GC heap after
{Heap after GC invocations=5 (full 0):
 garbage-first heap   total reserved 2035712K, committed 45056K, used 14005K [0x0000000083c00000, 0x0000000100000000)
  region size 1024K, 2 young (2048K), 2 survivors (2048K)
 Metaspace       used 24312K, committed 24704K, reserved 1114112K
  class space    used 3038K, committed 3200K, reserved 1048576K
}
Event: 3.065 GC heap before
{Heap before GC invocations=5 (full 0):
 garbage-first heap   total reserved 2035712K, committed 45056K, used 35509K [0x0000000083c00000, 0x0000000100000000)
  region size 1024K, 23 young (23552K), 2 survivors (2048K)
 Metaspace       used 26583K, committed 27136K, reserved 1114112K
  class space    used 3404K, committed 3648K, reserved 1048576K
}
Event: 3.070 GC heap after
{Heap after GC invocations=6 (full 0):
 garbage-first heap   total reserved 2035712K, committed 45056K, used 15477K [0x0000000083c00000, 0x0000000100000000)
  region size 1024K, 2 young (2048K), 2 survivors (2048K)
 Metaspace       used 26583K, committed 27136K, reserved 1114112K
  class space    used 3404K, committed 3648K, reserved 1048576K
}
Event: 5.306 GC heap before
{Heap before GC invocations=6 (full 0):
 garbage-first heap   total reserved 2035712K, committed 45056K, used 36981K [0x0000000083c00000, 0x0000000100000000)
  region size 1024K, 23 young (23552K), 2 survivors (2048K)
 Metaspace       used 31345K, committed 31936K, reserved 1114112K
  class space    used 3995K, committed 4224K, reserved 1048576K
}
Event: 5.309 GC heap after
{Heap after GC invocations=7 (full 0):
 garbage-first heap   total reserved 2035712K, committed 45056K, used 17370K [0x0000000083c00000, 0x0000000100000000)
  region size 1024K, 2 young (2048K), 2 survivors (2048K)
 Metaspace       used 31345K, committed 31936K, reserved 1114112K
  class space    used 3995K, committed 4224K, reserved 1048576K
}
Event: 5.563 GC heap before
{Heap before GC invocations=7 (full 0):
 garbage-first heap   total reserved 2035712K, committed 45056K, used 31706K [0x0000000083c00000, 0x0000000100000000)
  region size 1024K, 18 young (18432K), 2 survivors (2048K)
 Metaspace       used 35403K, committed 35968K, reserved 1114112K
  class space    used 4580K, committed 4800K, reserved 1048576K
}
Event: 5.567 GC heap after
{Heap after GC invocations=8 (full 0):
 garbage-first heap   total reserved 2035712K, committed 45056K, used 20872K [0x0000000083c00000, 0x0000000100000000)
  region size 1024K, 3 young (3072K), 3 survivors (3072K)
 Metaspace       used 35403K, committed 35968K, reserved 1114112K
  class space    used 4580K, committed 4800K, reserved 1048576K
}
Event: 5.850 GC heap before
{Heap before GC invocations=9 (full 0):
 garbage-first heap   total reserved 2035712K, committed 45056K, used 38280K [0x0000000083c00000, 0x0000000100000000)
  region size 1024K, 20 young (20480K), 3 survivors (3072K)
 Metaspace       used 38183K, committed 38784K, reserved 1114112K
  class space    used 4973K, committed 5248K, reserved 1048576K
}
Event: 5.854 GC heap after
{Heap after GC invocations=10 (full 0):
 garbage-first heap   total reserved 2035712K, committed 45056K, used 23188K [0x0000000083c00000, 0x0000000100000000)
  region size 1024K, 3 young (3072K), 3 survivors (3072K)
 Metaspace       used 38183K, committed 38784K, reserved 1114112K
  class space    used 4973K, committed 5248K, reserved 1048576K
}
Event: 6.193 GC heap before
{Heap before GC invocations=10 (full 0):
 garbage-first heap   total reserved 2035712K, committed 45056K, used 38548K [0x0000000083c00000, 0x0000000100000000)
  region size 1024K, 18 young (18432K), 3 survivors (3072K)
 Metaspace       used 40944K, committed 41600K, reserved 1114112K
  class space    used 5324K, committed 5632K, reserved 1048576K
}
Event: 6.202 GC heap after
{Heap after GC invocations=11 (full 0):
 garbage-first heap   total reserved 2035712K, committed 46080K, used 24065K [0x0000000083c00000, 0x0000000100000000)
  region size 1024K, 3 young (3072K), 3 survivors (3072K)
 Metaspace       used 40944K, committed 41600K, reserved 1114112K
  class space    used 5324K, committed 5632K, reserved 1048576K
}
Event: 6.549 GC heap before
{Heap before GC invocations=11 (full 0):
 garbage-first heap   total reserved 2035712K, committed 46080K, used 38401K [0x0000000083c00000, 0x0000000100000000)
  region size 1024K, 17 young (17408K), 3 survivors (3072K)
 Metaspace       used 43147K, committed 43776K, reserved 1114112K
  class space    used 5625K, committed 5888K, reserved 1048576K
}
Event: 6.557 GC heap after
{Heap after GC invocations=12 (full 0):
 garbage-first heap   total reserved 2035712K, committed 46080K, used 26139K [0x0000000083c00000, 0x0000000100000000)
  region size 1024K, 3 young (3072K), 3 survivors (3072K)
 Metaspace       used 43147K, committed 43776K, reserved 1114112K
  class space    used 5625K, committed 5888K, reserved 1048576K
}
Event: 6.891 GC heap before
{Heap before GC invocations=13 (full 0):
 garbage-first heap   total reserved 2035712K, committed 46080K, used 37403K [0x0000000083c00000, 0x0000000100000000)
  region size 1024K, 15 young (15360K), 3 survivors (3072K)
 Metaspace       used 44269K, committed 44928K, reserved 1114112K
  class space    used 5779K, committed 6080K, reserved 1048576K
}
Event: 6.895 GC heap after
{Heap after GC invocations=14 (full 0):
 garbage-first heap   total reserved 2035712K, committed 46080K, used 26624K [0x0000000083c00000, 0x0000000100000000)
  region size 1024K, 2 young (2048K), 2 survivors (2048K)
 Metaspace       used 44269K, committed 44928K, reserved 1114112K
  class space    used 5779K, committed 6080K, reserved 1048576K
}
Event: 7.315 GC heap before
{Heap before GC invocations=14 (full 0):
 garbage-first heap   total reserved 2035712K, committed 46080K, used 38912K [0x0000000083c00000, 0x0000000100000000)
  region size 1024K, 15 young (15360K), 2 survivors (2048K)
 Metaspace       used 45990K, committed 46720K, reserved 1114112K
  class space    used 6043K, committed 6336K, reserved 1048576K
}
Event: 7.320 GC heap after
{Heap after GC invocations=15 (full 0):
 garbage-first heap   total reserved 2035712K, committed 55296K, used 27465K [0x0000000083c00000, 0x0000000100000000)
  region size 1024K, 2 young (2048K), 2 survivors (2048K)
 Metaspace       used 45990K, committed 46720K, reserved 1114112K
  class space    used 6043K, committed 6336K, reserved 1048576K
}
Event: 20.244 GC heap before
{Heap before GC invocations=15 (full 0):
 garbage-first heap   total reserved 2035712K, committed 55296K, used 47945K [0x0000000083c00000, 0x0000000100000000)
  region size 1024K, 22 young (22528K), 2 survivors (2048K)
 Metaspace       used 49621K, committed 50304K, reserved 1114112K
  class space    used 6575K, committed 6848K, reserved 1048576K
}
Event: 20.250 GC heap after
{Heap after GC invocations=16 (full 0):
 garbage-first heap   total reserved 2035712K, committed 55296K, used 29474K [0x0000000083c00000, 0x0000000100000000)
  region size 1024K, 3 young (3072K), 3 survivors (3072K)
 Metaspace       used 49621K, committed 50304K, reserved 1114112K
  class space    used 6575K, committed 6848K, reserved 1048576K
}

Dll operation events (15 events):
Event: 0.011 Loaded shared library C:\Users\HP\.jdks\openjdk-22.0.2\bin\java.dll
Event: 0.039 Loaded shared library C:\Users\HP\.jdks\openjdk-22.0.2\bin\jsvml.dll
Event: 0.110 Loaded shared library C:\Users\HP\.jdks\openjdk-22.0.2\bin\zip.dll
Event: 0.114 Loaded shared library C:\Users\HP\.jdks\openjdk-22.0.2\bin\instrument.dll
Event: 0.119 Loaded shared library C:\Users\HP\.jdks\openjdk-22.0.2\bin\net.dll
Event: 0.120 Loaded shared library C:\Users\HP\.jdks\openjdk-22.0.2\bin\nio.dll
Event: 0.123 Loaded shared library C:\Users\HP\.jdks\openjdk-22.0.2\bin\zip.dll
Event: 0.313 Loaded shared library D:\IntelliJ IDEA Community Edition 2024.1.4\bin\breakgen64.dll
Event: 0.323 Loaded shared library C:\Users\HP\.jdks\openjdk-22.0.2\bin\extnet.dll
Event: 0.350 Loaded shared library C:\Users\HP\.jdks\openjdk-22.0.2\bin\jimage.dll
Event: 0.649 Loaded shared library C:\Users\HP\.jdks\openjdk-22.0.2\bin\management.dll
Event: 0.651 Loaded shared library C:\Users\HP\.jdks\openjdk-22.0.2\bin\management_ext.dll
Event: 1.103 Loaded shared library C:\Users\HP\.jdks\openjdk-22.0.2\bin\le.dll
Event: 1.365 Loaded shared library C:\Users\HP\.jdks\openjdk-22.0.2\bin\sunmscapi.dll
Event: 20.432 Loaded shared library C:\Users\HP\.jdks\openjdk-22.0.2\bin\verify.dll

Deoptimization events (20 events):
Event: 20.534 Thread 0x0000021c9af4be30 Uncommon trap: trap_request=0xffffff45 fr.pc=0x0000021c436e2014 relative=0x0000000000002bd4
Event: 20.534 Thread 0x0000021c9af4b7a0 Uncommon trap: trap_request=0xffffff45 fr.pc=0x0000021c436e2014 relative=0x0000000000002bd4
Event: 20.534 Thread 0x0000021c50563500 Uncommon trap: trap_request=0xffffff45 fr.pc=0x0000021c436e2014 relative=0x0000000000002bd4
Event: 20.534 Thread 0x0000021c9af4be30 Uncommon trap: reason=unstable_if action=reinterpret pc=0x0000021c436e2014 method=java.net.URLStreamHandler.parseURL(Ljava/net/URL;Ljava/lang/String;II)V @ 145 c2
Event: 20.534 Thread 0x0000021c9af4b7a0 Uncommon trap: reason=unstable_if action=reinterpret pc=0x0000021c436e2014 method=java.net.URLStreamHandler.parseURL(Ljava/net/URL;Ljava/lang/String;II)V @ 145 c2
Event: 20.534 Thread 0x0000021c9af4b7a0 DEOPT PACKING pc=0x0000021c436e2014 sp=0x000000d1b40fb7b0
Event: 20.534 Thread 0x0000021c50563500 Uncommon trap: reason=unstable_if action=reinterpret pc=0x0000021c436e2014 method=java.net.URLStreamHandler.parseURL(Ljava/net/URL;Ljava/lang/String;II)V @ 145 c2
Event: 20.534 Thread 0x0000021c9af4b7a0 DEOPT UNPACKING pc=0x0000021c42eb7da2 sp=0x000000d1b40fb750 mode 2
Event: 20.534 Thread 0x0000021c9af4ffd0 Uncommon trap: trap_request=0xffffff45 fr.pc=0x0000021c436e2014 relative=0x0000000000002bd4
Event: 20.534 Thread 0x0000021c50563500 DEOPT PACKING pc=0x0000021c436e2014 sp=0x000000d1b39fb160
Event: 20.534 Thread 0x0000021c9af4be30 DEOPT PACKING pc=0x0000021c436e2014 sp=0x000000d1b3cfb140
Event: 20.534 Thread 0x0000021c9af4ffd0 Uncommon trap: reason=unstable_if action=reinterpret pc=0x0000021c436e2014 method=java.net.URLStreamHandler.parseURL(Ljava/net/URL;Ljava/lang/String;II)V @ 145 c2
Event: 20.534 Thread 0x0000021c9af4ffd0 DEOPT PACKING pc=0x0000021c436e2014 sp=0x000000d1b3ffb6f0
Event: 20.534 Thread 0x0000021c50563500 DEOPT UNPACKING pc=0x0000021c42eb7da2 sp=0x000000d1b39fb100 mode 2
Event: 20.534 Thread 0x0000021c9af4ffd0 DEOPT UNPACKING pc=0x0000021c42eb7da2 sp=0x000000d1b3ffb690 mode 2
Event: 20.534 Thread 0x0000021c9af4be30 DEOPT UNPACKING pc=0x0000021c42eb7da2 sp=0x000000d1b3cfb0e0 mode 2
Event: 20.641 Thread 0x0000021c9af4df00 Uncommon trap: trap_request=0xffffffde fr.pc=0x0000021c4367addc relative=0x000000000000071c
Event: 20.641 Thread 0x0000021c9af4df00 Uncommon trap: reason=class_check action=maybe_recompile pc=0x0000021c4367addc method=java.security.MessageDigest$Delegate.engineDigest()[B @ 4 c2
Event: 20.641 Thread 0x0000021c9af4df00 DEOPT PACKING pc=0x0000021c4367addc sp=0x000000d1b3af8c80
Event: 20.641 Thread 0x0000021c9af4df00 DEOPT UNPACKING pc=0x0000021c42eb7da2 sp=0x000000d1b3af8ba0 mode 2

Classes loaded (20 events):
Event: 20.238 Loading class java/util/stream/ReduceOps$6ReducingSink
Event: 20.238 Loading class java/util/stream/ReduceOps$6ReducingSink done
Event: 20.238 Loading class java/util/stream/ReferencePipeline$4$1
Event: 20.239 Loading class java/util/stream/ReferencePipeline$4$1 done
Event: 20.264 Loading class java/lang/Throwable$WrappedPrintWriter
Event: 20.264 Loading class java/lang/Throwable$PrintStreamOrWriter
Event: 20.264 Loading class java/lang/Throwable$PrintStreamOrWriter done
Event: 20.265 Loading class java/lang/Throwable$WrappedPrintWriter done
Event: 20.277 Loading class java/util/OptionalLong
Event: 20.278 Loading class java/util/OptionalLong done
Event: 20.278 Loading class java/util/OptionalDouble
Event: 20.278 Loading class java/util/OptionalDouble done
Event: 20.330 Loading class java/util/stream/LongStream
Event: 20.330 Loading class java/util/stream/LongStream done
Event: 20.330 Loading class java/util/stream/DoubleStream
Event: 20.331 Loading class java/util/stream/DoubleStream done
Event: 20.450 Loading class org/w3c/dom/Node
Event: 20.450 Loading class org/w3c/dom/Node done
Event: 20.450 Loading class org/w3c/dom/Document
Event: 20.451 Loading class org/w3c/dom/Document done

Classes unloaded (10 events):
Event: 20.282 Thread 0x0000021c505429f0 Unloading class 0x0000021c52512000 'java/lang/invoke/LambdaForm$MH+0x0000021c52512000'
Event: 20.282 Thread 0x0000021c505429f0 Unloading class 0x0000021c52512800 'java/lang/invoke/LambdaForm$MH+0x0000021c52512800'
Event: 20.282 Thread 0x0000021c505429f0 Unloading class 0x0000021c52511c00 'java/lang/invoke/LambdaForm$MH+0x0000021c52511c00'
Event: 20.282 Thread 0x0000021c505429f0 Unloading class 0x0000021c52512400 'java/lang/invoke/LambdaForm$MH+0x0000021c52512400'
Event: 20.282 Thread 0x0000021c505429f0 Unloading class 0x0000021c52511800 'java/lang/invoke/LambdaForm$MH+0x0000021c52511800'
Event: 20.282 Thread 0x0000021c505429f0 Unloading class 0x0000021c52511000 'java/lang/invoke/LambdaForm$MH+0x0000021c52511000'
Event: 20.282 Thread 0x0000021c505429f0 Unloading class 0x0000021c52510c00 'java/lang/invoke/LambdaForm$MH+0x0000021c52510c00'
Event: 20.282 Thread 0x0000021c505429f0 Unloading class 0x0000021c52510000 'java/lang/invoke/LambdaForm$MH+0x0000021c52510000'
Event: 20.282 Thread 0x0000021c505429f0 Unloading class 0x0000021c52510800 'java/lang/invoke/LambdaForm$MH+0x0000021c52510800'
Event: 20.282 Thread 0x0000021c505429f0 Unloading class 0x0000021c52510400 'java/lang/invoke/LambdaForm$MH+0x0000021c52510400'

Classes redefined (0 events):
No events

Internal exceptions (20 events):
Event: 6.018 Thread 0x0000021c50560da0 Exception <a 'java/io/FileNotFoundException'{0x0000000085eabc10}> (0x0000000085eabc10) 
thrown [s\open\src\hotspot\share\prims\jni.cpp, line 520]
Event: 6.019 Thread 0x0000021c50560da0 Exception <a 'java/io/FileNotFoundException'{0x0000000085ebc1a8}> (0x0000000085ebc1a8) 
thrown [s\open\src\hotspot\share\prims\jni.cpp, line 520]
Event: 6.276 Thread 0x0000021c50560da0 Exception <a 'java/lang/NoSuchMethodError'{0x0000000088985e80}: 'java.lang.Object java.lang.invoke.DirectMethodHandle$Holder.newInvokeSpecial(java.lang.Object, java.lang.Object, java.lang.Object, java.lang.Object, java.lang.Object, java.lang.Object, java.lang.Object, java.lang.Object)'> (0x0000000088985e80) 
thrown [s\open\src\hotspot\share\interpreter\linkResolver.cpp, line 774]
Event: 6.906 Thread 0x0000021c50560da0 Exception <a 'java/lang/IncompatibleClassChangeError'{0x000000008b94a180}: Found class java.lang.Object, but interface was expected> (0x000000008b94a180) 
thrown [s\open\src\hotspot\share\interpreter\linkResolver.cpp, line 841]
Event: 7.197 Thread 0x0000021c50560da0 Exception <a 'java/lang/NoSuchMethodError'{0x0000000085f8d7b0}: 'void java.lang.invoke.DirectMethodHandle$Holder.invokeVirtual(java.lang.Object, java.lang.Object, long)'> (0x0000000085f8d7b0) 
thrown [s\open\src\hotspot\share\interpreter\linkResolver.cpp, line 774]
Event: 7.311 Thread 0x0000021c50560da0 Exception <a 'java/lang/NoSuchMethodError'{0x0000000085ad6f48}: 'int java.lang.invoke.DirectMethodHandle$Holder.invokeStaticInit(java.lang.Object, java.lang.Object, java.lang.Object, java.lang.Object)'> (0x0000000085ad6f48) 
thrown [s\open\src\hotspot\share\interpreter\linkResolver.cpp, line 774]
Event: 7.505 Thread 0x0000021c50560da0 Exception <a 'java/lang/NoSuchMethodError'{0x000000008871f5d0}: 'java.lang.Object java.lang.invoke.DirectMethodHandle$Holder.newInvokeSpecial(java.lang.Object, java.lang.Object, int, java.lang.Object, java.lang.Object)'> (0x000000008871f5d0) 
thrown [s\open\src\hotspot\share\interpreter\linkResolver.cpp, line 774]
Event: 20.116 Thread 0x0000021c9a20b930 Exception <a 'java/lang/NoSuchMethodError'{0x00000000863c2dc8}: 'java.lang.Object java.lang.invoke.DirectMethodHandle$Holder.invokeSpecial(java.lang.Object, java.lang.Object, java.lang.Object, java.lang.Object, java.lang.Object, long)'> (0x00000000863c2dc8) 
thrown [s\open\src\hotspot\share\interpreter\linkResolver.cpp, line 774]
Event: 20.116 Thread 0x0000021c9a20b930 Exception <a 'java/lang/NoSuchMethodError'{0x00000000863c6588}: 'java.lang.Object java.lang.invoke.Invokers$Holder.linkToTargetMethod(java.lang.Object, java.lang.Object, java.lang.Object, long, java.lang.Object)'> (0x00000000863c6588) 
thrown [s\open\src\hotspot\share\interpreter\linkResolver.cpp, line 774]
Event: 20.180 Thread 0x0000021c9a20b930 Exception <a 'java/lang/NoSuchMethodError'{0x00000000861daf10}: 'java.lang.Object java.lang.invoke.DirectMethodHandle$Holder.invokeStatic(java.lang.Object, int, int)'> (0x00000000861daf10) 
thrown [s\open\src\hotspot\share\interpreter\linkResolver.cpp, line 774]
Event: 20.180 Thread 0x0000021c50563500 Exception <a 'java/lang/NoSuchMethodError'{0x00000000861f0a70}: 'java.lang.Object java.lang.invoke.DirectMethodHandle$Holder.invokeStatic(java.lang.Object, int, int)'> (0x00000000861f0a70) 
thrown [s\open\src\hotspot\share\interpreter\linkResolver.cpp, line 774]
Event: 20.434 Thread 0x0000021c9af4c4c0 Exception <a 'java/lang/NoSuchMethodError'{0x00000000889e63d0}: 'void java.lang.invoke.Invokers$Holder.invoke_MT(java.lang.Object, java.lang.Object, java.lang.Object, java.lang.Object)'> (0x00000000889e63d0) 
thrown [s\open\src\hotspot\share\interpreter\linkResolver.cpp, line 774]
Event: 20.526 Thread 0x0000021c9a20b930 Implicit null exception at 0x0000021c4343c379 to 0x0000021c4343c77f
Event: 20.526 Thread 0x0000021c9af4c4c0 Implicit null exception at 0x0000021c4343c379 to 0x0000021c4343c77f
Event: 20.526 Thread 0x0000021c9af4cb50 Implicit null exception at 0x0000021c4343c379 to 0x0000021c4343c77f
Event: 20.526 Thread 0x0000021c9af4ffd0 Implicit null exception at 0x0000021c4343c379 to 0x0000021c4343c77f
Event: 20.526 Thread 0x0000021c9af4e590 Implicit null exception at 0x0000021c4343c379 to 0x0000021c4343c77f
Event: 20.526 Thread 0x0000021c9af4b7a0 Implicit null exception at 0x0000021c4343c379 to 0x0000021c4343c77f
Event: 20.526 Thread 0x0000021c9af4be30 Implicit null exception at 0x0000021c4345a391 to 0x0000021c4345a50e
Event: 20.526 Thread 0x0000021c9af4aa80 Implicit null exception at 0x0000021c4345a391 to 0x0000021c4345a50e

ZGC Phase Switch (0 events):
No events

VM Operations (20 events):
Event: 17.235 Executing VM operation: Cleanup
Event: 17.235 Executing VM operation: Cleanup done
Event: 20.133 Executing VM operation: HandshakeAllThreads (Deoptimize)
Event: 20.133 Executing VM operation: HandshakeAllThreads (Deoptimize) done
Event: 20.133 Executing VM operation: Cleanup
Event: 20.133 Executing VM operation: Cleanup done
Event: 20.236 Executing VM operation: HandshakeAllThreads (Deoptimize)
Event: 20.237 Executing VM operation: HandshakeAllThreads (Deoptimize) done
Event: 20.244 Executing VM operation: G1CollectForAllocation (G1 Evacuation Pause)
Event: 20.250 Executing VM operation: G1CollectForAllocation (G1 Evacuation Pause) done
Event: 20.267 Executing VM operation: HandshakeAllThreads (Deoptimize)
Event: 20.267 Executing VM operation: HandshakeAllThreads (Deoptimize) done
Event: 20.282 Executing VM operation: G1PauseRemark
Event: 20.288 Executing VM operation: G1PauseRemark done
Event: 20.302 Executing VM operation: G1PauseCleanup
Event: 20.302 Executing VM operation: G1PauseCleanup done
Event: 20.334 Executing VM operation: HandshakeAllThreads (Deoptimize)
Event: 20.334 Executing VM operation: HandshakeAllThreads (Deoptimize) done
Event: 20.511 Executing VM operation: HandshakeAllThreads (Deoptimize)
Event: 20.511 Executing VM operation: HandshakeAllThreads (Deoptimize) done

Memory protections (0 events):
No events

Nmethod flushes (20 events):
Event: 20.288 Thread 0x0000021c505429f0 flushing  nmethod 0x0000021c3ba19990
Event: 20.288 Thread 0x0000021c505429f0 flushing  nmethod 0x0000021c3ba1a090
Event: 20.288 Thread 0x0000021c505429f0 flushing  nmethod 0x0000021c3ba1b090
Event: 20.288 Thread 0x0000021c505429f0 flushing  nmethod 0x0000021c3ba1cb90
Event: 20.288 Thread 0x0000021c505429f0 flushing  nmethod 0x0000021c3ba4e510
Event: 20.288 Thread 0x0000021c505429f0 flushing  nmethod 0x0000021c3ba50e10
Event: 20.288 Thread 0x0000021c505429f0 flushing  nmethod 0x0000021c3bc6f790
Event: 20.288 Thread 0x0000021c505429f0 flushing  nmethod 0x0000021c3bf3d410
Event: 20.288 Thread 0x0000021c505429f0 flushing  nmethod 0x0000021c3bf3d990
Event: 20.288 Thread 0x0000021c505429f0 flushing  nmethod 0x0000021c3c0d4a90
Event: 20.288 Thread 0x0000021c505429f0 flushing  nmethod 0x0000021c3c224390
Event: 20.288 Thread 0x0000021c505429f0 flushing  nmethod 0x0000021c3c316f10
Event: 20.288 Thread 0x0000021c505429f0 flushing  nmethod 0x0000021c3b985c10
Event: 20.288 Thread 0x0000021c505429f0 flushing  nmethod 0x0000021c3b989590
Event: 20.288 Thread 0x0000021c505429f0 flushing  nmethod 0x0000021c3b9b7490
Event: 20.288 Thread 0x0000021c505429f0 flushing  nmethod 0x0000021c3b9b8b10
Event: 20.288 Thread 0x0000021c505429f0 flushing  nmethod 0x0000021c3ba9f310
Event: 20.288 Thread 0x0000021c505429f0 flushing  nmethod 0x0000021c3bafca10
Event: 20.288 Thread 0x0000021c505429f0 flushing  nmethod 0x0000021c3bcfbd90
Event: 20.288 Thread 0x0000021c505429f0 flushing  nmethod 0x0000021c3c163e10

Events (20 events):
Event: 7.518 Thread 0x0000021c50560da0 Thread added: 0x0000021c9af4be30
Event: 7.518 Thread 0x0000021c50560da0 Thread added: 0x0000021c9af4e590
Event: 7.518 Thread 0x0000021c50560da0 Thread added: 0x0000021c9af4aa80
Event: 7.518 Thread 0x0000021c50560da0 Thread added: 0x0000021c9af4ffd0
Event: 7.518 Thread 0x0000021c50560da0 Thread added: 0x0000021c9af4b7a0
Event: 7.518 Thread 0x0000021c50560da0 Thread added: 0x0000021c9af4cb50
Event: 7.529 Thread 0x0000021c50560da0 Thread added: 0x0000021c9af4d1e0
Event: 7.531 Thread 0x0000021c50560da0 Thread added: 0x0000021c9af50cf0
Event: 7.556 Thread 0x0000021c50560da0 Thread added: 0x0000021c9af51380
Event: 7.567 Thread 0x0000021c50560da0 Thread exited: 0x0000021c50560da0
Event: 7.569 Thread 0x0000021c50561ac0 Thread exited: 0x0000021c50561ac0
Event: 7.570 Thread 0x0000021c31c7bb40 Thread exited: 0x0000021c31c7bb40
Event: 7.570 Thread 0x0000021c9af4b110 Thread added: 0x0000021c9af4b110
Event: 8.053 Thread 0x0000021c9970c330 Thread exited: 0x0000021c9970c330
Event: 8.189 Thread 0x0000021c50579810 Thread added: 0x0000021c99cf3870
Event: 8.391 Thread 0x0000021c99cf3870 Thread exited: 0x0000021c99cf3870
Event: 9.117 Thread 0x0000021c97b80210 Thread exited: 0x0000021c97b80210
Event: 20.117 Thread 0x0000021c50579810 Thread added: 0x0000021c9b83e8d0
Event: 20.139 Thread 0x0000021c50579810 Thread added: 0x0000021c9abc9280
Event: 20.517 Thread 0x0000021c9af4d1e0 Thread added: 0x0000021c9af4f2b0


Dynamic libraries:
0x00007ff7d7080000 - 0x00007ff7d708e000 	C:\Users\HP\.jdks\openjdk-22.0.2\bin\java.exe
0x00007ffc00270000 - 0x00007ffc00487000 	C:\WINDOWS\SYSTEM32\ntdll.dll
0x00007ffbfeaf0000 - 0x00007ffbfebb4000 	C:\WINDOWS\System32\KERNEL32.DLL
0x00007ffbfd900000 - 0x00007ffbfdcad000 	C:\WINDOWS\System32\KERNELBASE.dll
0x00007ffbfde80000 - 0x00007ffbfdf91000 	C:\WINDOWS\System32\ucrtbase.dll
0x00007ffbf5000000 - 0x00007ffbf501b000 	C:\Users\HP\.jdks\openjdk-22.0.2\bin\VCRUNTIME140.dll
0x00007ffbf5230000 - 0x00007ffbf5247000 	C:\Users\HP\.jdks\openjdk-22.0.2\bin\jli.dll
0x00007ffc00080000 - 0x00007ffc0022e000 	C:\WINDOWS\System32\USER32.dll
0x00007ffbfd590000 - 0x00007ffbfd5b6000 	C:\WINDOWS\System32\win32u.dll
0x00007ffbe1590000 - 0x00007ffbe1823000 	C:\WINDOWS\WinSxS\amd64_microsoft.windows.common-controls_6595b64144ccf1df_6.0.22621.3672_none_2713b9d173822955\COMCTL32.dll
0x00007ffbff350000 - 0x00007ffbff379000 	C:\WINDOWS\System32\GDI32.dll
0x00007ffbfe940000 - 0x00007ffbfe9e7000 	C:\WINDOWS\System32\msvcrt.dll
0x00007ffbfdd60000 - 0x00007ffbfde79000 	C:\WINDOWS\System32\gdi32full.dll
0x00007ffbfd860000 - 0x00007ffbfd8fa000 	C:\WINDOWS\System32\msvcp_win.dll
0x00007ffbfe870000 - 0x00007ffbfe8a1000 	C:\WINDOWS\System32\IMM32.DLL
0x00007ffbf55c0000 - 0x00007ffbf55cc000 	C:\Users\HP\.jdks\openjdk-22.0.2\bin\vcruntime140_1.dll
0x00007ffbf4d60000 - 0x00007ffbf4dee000 	C:\Users\HP\.jdks\openjdk-22.0.2\bin\msvcp140.dll
0x00007ffb7b890000 - 0x00007ffb7c5d9000 	C:\Users\HP\.jdks\openjdk-22.0.2\bin\server\jvm.dll
0x00007ffbfed80000 - 0x00007ffbfee32000 	C:\WINDOWS\System32\ADVAPI32.dll
0x00007ffbfdfa0000 - 0x00007ffbfe049000 	C:\WINDOWS\System32\sechost.dll
0x00007ffbfdd30000 - 0x00007ffbfdd58000 	C:\WINDOWS\System32\bcrypt.dll
0x00007ffbff230000 - 0x00007ffbff344000 	C:\WINDOWS\System32\RPCRT4.dll
0x00007ffbfea10000 - 0x00007ffbfea81000 	C:\WINDOWS\System32\WS2_32.dll
0x00007ffbfd450000 - 0x00007ffbfd49d000 	C:\WINDOWS\SYSTEM32\POWRPROF.dll
0x00007ffbf7100000 - 0x00007ffbf7134000 	C:\WINDOWS\SYSTEM32\WINMM.dll
0x00007ffbf80a0000 - 0x00007ffbf80aa000 	C:\WINDOWS\SYSTEM32\VERSION.dll
0x00007ffbfd430000 - 0x00007ffbfd443000 	C:\WINDOWS\SYSTEM32\UMPDC.dll
0x00007ffbfc590000 - 0x00007ffbfc5a8000 	C:\WINDOWS\SYSTEM32\kernel.appcore.dll
0x00007ffbf5490000 - 0x00007ffbf549a000 	C:\Users\HP\.jdks\openjdk-22.0.2\bin\jimage.dll
0x00007ffbfac50000 - 0x00007ffbfae82000 	C:\WINDOWS\SYSTEM32\DBGHELP.DLL
0x00007ffbffcf0000 - 0x00007ffc0007d000 	C:\WINDOWS\System32\combase.dll
0x00007ffbfec50000 - 0x00007ffbfed27000 	C:\WINDOWS\System32\OLEAUT32.dll
0x00007ffbd87e0000 - 0x00007ffbd8812000 	C:\WINDOWS\SYSTEM32\dbgcore.DLL
0x00007ffbfdcb0000 - 0x00007ffbfdd2b000 	C:\WINDOWS\System32\bcryptPrimitives.dll
0x00007ffbf4fa0000 - 0x00007ffbf4faf000 	C:\Users\HP\.jdks\openjdk-22.0.2\bin\instrument.dll
0x00007ffbf4fb0000 - 0x00007ffbf4fce000 	C:\Users\HP\.jdks\openjdk-22.0.2\bin\java.dll
0x00007ffbff480000 - 0x00007ffbffce8000 	C:\WINDOWS\System32\SHELL32.dll
0x00007ffbfe6b0000 - 0x00007ffbfe855000 	C:\WINDOWS\System32\ole32.dll
0x00007ffbfb590000 - 0x00007ffbfbe8e000 	C:\WINDOWS\SYSTEM32\windows.storage.dll
0x00007ffbfb450000 - 0x00007ffbfb58f000 	C:\WINDOWS\SYSTEM32\wintypes.dll
0x00007ffbff070000 - 0x00007ffbff169000 	C:\WINDOWS\System32\SHCORE.dll
0x00007ffbfea90000 - 0x00007ffbfeaee000 	C:\WINDOWS\System32\shlwapi.dll
0x00007ffbfd4c0000 - 0x00007ffbfd4e1000 	C:\WINDOWS\SYSTEM32\profapi.dll
0x00007ffbf4970000 - 0x00007ffbf4a47000 	C:\Users\HP\.jdks\openjdk-22.0.2\bin\jsvml.dll
0x00007ffbf4be0000 - 0x00007ffbf4bf7000 	C:\Users\HP\.jdks\openjdk-22.0.2\bin\zip.dll
0x00007ffbf51c0000 - 0x00007ffbf51d0000 	C:\Users\HP\.jdks\openjdk-22.0.2\bin\net.dll
0x00007ffbfca10000 - 0x00007ffbfca79000 	C:\WINDOWS\system32\mswsock.dll
0x00007ffbf4c00000 - 0x00007ffbf4c16000 	C:\Users\HP\.jdks\openjdk-22.0.2\bin\nio.dll
0x00007ffbf4bc0000 - 0x00007ffbf4bda000 	D:\IntelliJ IDEA Community Edition 2024.1.4\bin\breakgen64.dll
0x00007ffbf4ae0000 - 0x00007ffbf4ae9000 	C:\Users\HP\.jdks\openjdk-22.0.2\bin\extnet.dll
0x00007ffbf4ee0000 - 0x00007ffbf4eea000 	C:\Users\HP\.jdks\openjdk-22.0.2\bin\management.dll
0x00007ffbf4eb0000 - 0x00007ffbf4ebb000 	C:\Users\HP\.jdks\openjdk-22.0.2\bin\management_ext.dll
0x00007ffbfeea0000 - 0x00007ffbfeea8000 	C:\WINDOWS\System32\PSAPI.DLL
0x00007ffbf4800000 - 0x00007ffbf480b000 	C:\Users\HP\.jdks\openjdk-22.0.2\bin\le.dll
0x00007ffbf4b80000 - 0x00007ffbf4b8e000 	C:\Users\HP\.jdks\openjdk-22.0.2\bin\sunmscapi.dll
0x00007ffbfd5c0000 - 0x00007ffbfd727000 	C:\WINDOWS\System32\CRYPT32.dll
0x00007ffbfce30000 - 0x00007ffbfce5e000 	C:\WINDOWS\SYSTEM32\ncrypt.dll
0x00007ffbfcdf0000 - 0x00007ffbfce27000 	C:\WINDOWS\SYSTEM32\NTASN1.dll
0x00007ffbfcc90000 - 0x00007ffbfccab000 	C:\WINDOWS\SYSTEM32\CRYPTSP.dll
0x00007ffbfc4e0000 - 0x00007ffbfc515000 	C:\WINDOWS\system32\rsaenh.dll
0x00007ffbfcb10000 - 0x00007ffbfcb38000 	C:\WINDOWS\SYSTEM32\USERENV.dll
0x00007ffbfccb0000 - 0x00007ffbfccbc000 	C:\WINDOWS\SYSTEM32\CRYPTBASE.dll
0x00007ffbfbfe0000 - 0x00007ffbfc00d000 	C:\WINDOWS\SYSTEM32\IPHLPAPI.DLL
0x00007ffbfe860000 - 0x00007ffbfe869000 	C:\WINDOWS\System32\NSI.dll
0x00007ffbf8330000 - 0x00007ffbf8349000 	C:\WINDOWS\SYSTEM32\dhcpcsvc6.DLL
0x00007ffbf8270000 - 0x00007ffbf828f000 	C:\WINDOWS\SYSTEM32\dhcpcsvc.DLL
0x00007ffbfc010000 - 0x00007ffbfc108000 	C:\WINDOWS\SYSTEM32\DNSAPI.dll
0x00007ffbf7a60000 - 0x00007ffbf7a68000 	C:\WINDOWS\system32\wshunix.dll
0x00007ffbf88c0000 - 0x00007ffbf88ca000 	C:\Windows\System32\rasadhlp.dll
0x00007ffbf2e80000 - 0x00007ffbf2f03000 	C:\WINDOWS\System32\fwpuclnt.dll
0x00007ffbf3ed0000 - 0x00007ffbf3ee0000 	C:\Users\HP\.jdks\openjdk-22.0.2\bin\verify.dll

dbghelp: loaded successfully - version: 4.0.5 - missing functions: none
symbol engine: initialized successfully - sym options: 0x614 - pdb path: .;C:\Users\HP\.jdks\openjdk-22.0.2\bin;C:\WINDOWS\SYSTEM32;C:\WINDOWS\WinSxS\amd64_microsoft.windows.common-controls_6595b64144ccf1df_6.0.22621.3672_none_2713b9d173822955;C:\Users\HP\.jdks\openjdk-22.0.2\bin\server;D:\IntelliJ IDEA Community Edition 2024.1.4\bin

VM Arguments:
jvm_args: -javaagent:D:\IntelliJ IDEA Community Edition 2024.1.4\lib\idea_rt.jar=50855:D:\IntelliJ IDEA Community Edition 2024.1.4\bin -Dfile.encoding=UTF-8 -Dsun.stdout.encoding=UTF-8 -Dsun.stderr.encoding=UTF-8 
java_command: com.abcRestaurant.abcRestaurant.AbcRestaurantApplication
java_class_path (initial): C:\Users\HP\Desktop\ABCRestaurant\abc-restaurant-project\abcRestaurant\target\classes;C:\Users\HP\.m2\repository\org\springframework\boot\spring-boot-starter-data-mongodb\3.3.2\spring-boot-starter-data-mongodb-3.3.2.jar;C:\Users\HP\.m2\repository\org\springframework\boot\spring-boot-starter\3.3.2\spring-boot-starter-3.3.2.jar;C:\Users\HP\.m2\repository\org\springframework\boot\spring-boot-starter-logging\3.3.2\spring-boot-starter-logging-3.3.2.jar;C:\Users\HP\.m2\repository\ch\qos\logback\logback-classic\1.5.6\logback-classic-1.5.6.jar;C:\Users\HP\.m2\repository\ch\qos\logback\logback-core\1.5.6\logback-core-1.5.6.jar;C:\Users\HP\.m2\repository\org\apache\logging\log4j\log4j-to-slf4j\2.23.1\log4j-to-slf4j-2.23.1.jar;C:\Users\HP\.m2\repository\org\apache\logging\log4j\log4j-api\2.23.1\log4j-api-2.23.1.jar;C:\Users\HP\.m2\repository\org\slf4j\jul-to-slf4j\2.0.13\jul-to-slf4j-2.0.13.jar;C:\Users\HP\.m2\repository\jakarta\annotation\jakarta.annotation-api\2.1.1\jakarta.annotation-api-2.1.1.jar;C:\Users\HP\.m2\repository\org\yaml\snakeyaml\2.2\snakeyaml-2.2.jar;C:\Users\HP\.m2\repository\org\mongodb\mongodb-driver-sync\5.0.1\mongodb-driver-sync-5.0.1.jar;C:\Users\HP\.m2\repository\org\mongodb\bson\5.0.1\bson-5.0.1.jar;C:\Users\HP\.m2\repository\org\mongodb\mongodb-driver-core\5.0.1\mongodb-driver-core-5.0.1.jar;C:\Users\HP\.m2\repository\org\mongodb\bson-record-codec\5.0.1\bson-record-codec-5.0.1.jar;C:\Users\HP\.m2\repository\org\springframework\data\spring-data-mongodb\4.3.2\spring-data-mongodb-4.3.2.jar;C:\Users\HP\.m2\repository\org\springframework\spring-tx\6.1.11\spring-tx-6.1.11.jar;C:\Users\HP\.m2\repository\org\springframework\spring-context\6.1.11\spring-context-6.1.11.jar;C:\Users\HP\.m2\repository\org\springframework\spring-beans\6.1.11\spring-beans-6.1.11.jar;C:\Users\HP\.m2\repository\org\springframework\spring-expression\6.1.11\spring-expression-6.1.11.jar;C:\Users\HP\.m2\repository\org\springframework\data\spring-data-commons\3.3.2\spring-data-commons-3.3.2.jar;C:\Users\HP\.m2\repository\org\slf4j\slf4j-api\2.0.13\slf4j-api-2.0.13.jar;C:\Users\HP\.m2\repository\org\springframework\boot\spring-boot-starter-web\3.3.2\spring-boot-starter-web-3.3.2.jar;C:\Users\HP\.m2\repository\org\springframework\boot\spring-boot-starter-json\3.3.2\spring-boot-starter-json-3.3.2.jar;C:\Users\HP\.m2\repository\com\fasterxml\jackson\core\jackson-databind\2.17.2\jackson-databind-2.17.2.jar;C:\Users\HP\.m2\repository\com\fasterxml\jackson\core\jackson-annotations\2.17.2\jackson-annotations-2.17.2.jar;C:\Users\HP\.m2\repository\com\fasterxml\jackson\core\jackson-core\2.17.2\jackson-core-2.17.2.jar;C:\Users\HP\.m2\repository\com\fasterxml\jackson\datatype\jackson-datatype-jdk8\2.17.2\jackson-datatype-jdk8-2.17.2.jar;C:\Users\HP\.m2\repository\com\fasterxml\jackson\datatype\jackson-datatype-jsr310\2.17.2\jackson-datatype-jsr310-2.17.2.jar;C:\Users\HP\.m2\repository\com\fasterxml\jackson\module\jackson-module-parameter-names\2.17.2\jackson-module-parameter-names-2.17.2.jar;C:\Users\HP\.m2\repository\org\springframework\boot\spring-boot-starter-tomcat\3.3.2\spring-boot-starter-tomcat-3.3.2.jar;C:\Users\HP\.m2\repository\org\apache\tomcat\embed\tomcat-embed-core\10.1.26\tomcat-embed-core-10.1.26.jar;C:\Users\HP\.m2\repository\org\apache\tomcat\embed\tomcat-embed-el\10.1.26\tomcat-embed-el-10.1.26.jar;C:\Users\HP\.m2\repository\org\apache\tomcat\embed\tomcat-embed-websocket\10.1.26\tomcat-embed-websocket-10.1.26.jar;C:\Users\HP\.m2\repository\org\springframework\spring-web\6.1.11\spring-web-6.1.11.jar;C:\Users\HP\.m2\repository\io\micrometer\micrometer-observation\1.13.2\micrometer-observation-1.13.2.jar;C:\Users\HP\.m2\repository\io\micrometer\micrometer-commons\1.13.2\micrometer-commons-1.13.2.jar;C:\Users\HP\.m2\repository\org\springframework\spring-webmvc\6.1.11\spring-webmvc-6.1.11.jar;C:\Users\HP\.m2\repository\org\springframework\boot\spring-boot-devtools\3.3.2\spring-boot-devtools-3.3.2.jar;C:\Users\HP\.m2\repository\org\springframework\boot\spring-boot\3.3.2\spring-boot-3.3.2.jar;C:\Users\HP\.m2\repository\org\springframework\boot\spring-boot-autoconfigure\3.3.2\spring-boot-autoconfigure-3.3.2.jar;C:\Users\HP\.m2\repository\org\projectlombok\lombok\1.18.34\lombok-1.18.34.jar;C:\Users\HP\.m2\repository\jakarta\activation\jakarta.activation-api\2.1.3\jakarta.activation-api-2.1.3.jar;C:\Users\HP\.m2\repository\org\springframework\spring-core\6.1.11\spring-core-6.1.11.jar;C:\Users\HP\.m2\repository\org\springframework\spring-jcl\6.1.11\spring-jcl-6.1.11.jar;C:\Users\HP\.m2\repository\me\paulschwarz\spring-dotenv\2.5.4\spring-dotenv-2.5.4.jar;C:\Users\HP\.m2\repository\io\github\cdimascio\dotenv-java\2.2.3\dotenv-java-2.2.3.jar;C:\Users\HP\.m2\repository\org\springframework\boot\spring-boot-starter-mail\3.3.2\spring-boot-starter-mail-3.3.2.jar;C:\Users\HP\.m2\repository\org\springframework\spring-context-support\6.1.11\spring-context-support-6.1.11.jar;C:\Users\HP\.m2\repository\org\eclipse\angus\jakarta.mail\2.0.3\jakarta.mail-2.0.3.jar;C:\Users\HP\.m2\repository\org\eclipse\angus\angus-activation\2.0.2\angus-activation-2.0.2.jar;C:\Users\HP\.m2\repository\org\springframework\boot\spring-boot-starter-security\3.3.2\spring-boot-starter-security-3.3.2.jar;C:\Users\HP\.m2\repository\org\springframework\spring-aop\6.1.11\spring-aop-6.1.11.jar;C:\Users\HP\.m2\repository\org\springframework\security\spring-security-config\6.3.1\spring-security-config-6.3.1.jar;C:\Users\HP\.m2\repository\org\springframework\security\spring-security-core\6.3.1\spring-security-core-6.3.1.jar;C:\Users\HP\.m2\repository\org\springframework\security\spring-security-crypto\6.3.1\spring-security-crypto-6.3.1.jar;C:\Users\HP\.m2\repository\org\springframework\security\spring-security-web\6.3.1\spring-security-web-6.3.1.jar;C:\Users\HP\.m2\repository\io\jsonwebtoken\jjwt\0.12.6\jjwt-0.12.6.jar;C:\Users\HP\.m2\repository\io\jsonwebtoken\jjwt-api\0.12.6\jjwt-api-0.12.6.jar;C:\Users\HP\.m2\repository\io\jsonwebtoken\jjwt-impl\0.12.6\jjwt-impl-0.12.6.jar;C:\Users\HP\.m2\repository\io\jsonwebtoken\jjwt-jackson\0.12.6\jjwt-jackson-0.12.6.jar
Launcher Type: SUN_STANDARD

[Global flags]
     intx CICompilerCount                          = 4                                         {product} {ergonomic}
     uint ConcGCThreads                            = 2                                         {product} {ergonomic}
     uint G1ConcRefinementThreads                  = 8                                         {product} {ergonomic}
   size_t G1HeapRegionSize                         = 1048576                                   {product} {ergonomic}
   size_t InitialHeapSize                          = 132120576                                 {product} {ergonomic}
   size_t MarkStackSize                            = 4194304                                   {product} {ergonomic}
   size_t MaxHeapSize                              = 2084569088                                {product} {ergonomic}
   size_t MaxNewSize                               = 1249902592                                {product} {ergonomic}
   size_t MinHeapDeltaBytes                        = 1048576                                   {product} {ergonomic}
   size_t MinHeapSize                              = 8388608                                   {product} {ergonomic}
    uintx NonNMethodCodeHeapSize                   = 5839372                                {pd product} {ergonomic}
    uintx NonProfiledCodeHeapSize                  = 122909434                              {pd product} {ergonomic}
    uintx ProfiledCodeHeapSize                     = 122909434                              {pd product} {ergonomic}
    uintx ReservedCodeCacheSize                    = 251658240                              {pd product} {ergonomic}
     bool SegmentedCodeCache                       = true                                      {product} {ergonomic}
   size_t SoftMaxHeapSize                          = 2084569088                             {manageable} {ergonomic}
     bool UseCompressedOops                        = true                           {product lp64_product} {ergonomic}
     bool UseG1GC                                  = true                                      {product} {ergonomic}
     bool UseLargePagesIndividualAllocation        = false                                  {pd product} {ergonomic}

Logging:
Log output configuration:
 #0: stdout all=warning uptime,level,tags foldmultilines=false
 #1: stderr all=off uptime,level,tags foldmultilines=false

Environment Variables:
PATH=C:\Program Files\Common Files\Oracle\Java\javapath;C:\WINDOWS\system32;C:\WINDOWS;C:\WINDOWS\System32\Wbem;C:\WINDOWS\System32\WindowsPowerShell\v1.0\;C:\WINDOWS\System32\OpenSSH\;C:\ProgramData\chocolatey\bin;C:\Program Files\dotnet\;D:\Git\cmd;C:\Program Files\Microsoft SQL Server\150\Tools\Binn\;C:\Program Files\Microsoft SQL Server\130\Tools\Binn\;C:\Program Files\Microsoft SQL Server\Client SDK\ODBC\170\Tools\Binn\;C:\Program Files (x86)\Microsoft SQL Server\160\Tools\Binn\;C:\Program Files\Microsoft SQL Server\160\Tools\Binn\;C:\Program Files\Microsoft SQL Server\160\DTS\Binn\;C:\Program Files (x86)\Microsoft SQL Server\160\DTS\Binn\;C:\Program Files\Azure Data Studio\bin;C:\Program Files\nodejs\;C:\Users\HP\AppData\Local\Programs\Python\Python312\Scripts\;C:\Users\HP\AppData\Local\Programs\Python\Python312\;C:\Users\HP\AppData\Local\Programs\Python\Launcher\;C:\Users\HP\AppData\Local\Microsoft\WindowsApps;D:\Microsoft VS Code\bin;C:\Users\HP\AppData\Local\GitHubDesktop\bin;C:\Program Files\Azure Data Studio\bin;C:\Users\HP\AppData\Roaming\npm;D:\IntelliJ IDEA Community Edition 2024.1.4\bin;
USERNAME=HP
OS=Windows_NT
PROCESSOR_IDENTIFIER=Intel64 Family 6 Model 140 Stepping 1, GenuineIntel
TMP=C:\Users\HP\AppData\Local\Temp
TEMP=C:\Users\HP\AppData\Local\Temp




Periodic native trim disabled

---------------  S Y S T E M  ---------------

OS:
 Windows 11 , 64 bit Build 22621 (10.0.22621.3958)
OS uptime: 0 days 23:13 hours
Hyper-V role detected

CPU: total 8 (initial active 8) (4 cores per cpu, 2 threads per core) family 6 model 140 stepping 1 microcode 0xac, cx8, cmov, fxsr, ht, mmx, 3dnowpref, sse, sse2, sse3, ssse3, sse4.1, sse4.2, popcnt, lzcnt, tsc, tscinvbit, avx, avx2, aes, erms, clmul, bmi1, bmi2, adx, avx512f, avx512dq, avx512cd, avx512bw, avx512vl, sha, fma, vzeroupper, avx512_vpopcntdq, avx512_vpclmulqdq, avx512_vaes, avx512_vnni, clflush, clflushopt, clwb, avx512_vbmi2, avx512_vbmi, hv, rdtscp, rdpid, fsrm, gfni, avx512_bitalg, f16c, cet_ibt, cet_ss, avx512_ifma
Processor Information for all 8 processors :
  Max Mhz: 2419, Current Mhz: 2419, Mhz Limit: 2419

Memory: 4k page, system-wide physical 7948M (424M free)
TotalPageFile size 14092M (AvailPageFile size 15M)
current process WorkingSet (physical memory assigned to process): 250M, peak: 250M
current process commit charge ("private bytes"): 288M, peak: 299M

vm_info: OpenJDK 64-Bit Server VM (22.0.2+9-70) for windows-amd64 JRE (22.0.2+9-70), built on 2024-06-04T16:52:23Z by "mach5one" with MS VC++ 17.6 (VS2022)

END.
