#
# There is insufficient memory for the Java Runtime Environment to continue.
# Native memory allocation (malloc) failed to allocate 32744 bytes. Error detail: Chunk::new
# Possible reasons:
#   The system is out of physical RAM or swap space
#   This process is running with CompressedOops enabled, and the Java Heap may be blocking the growth of the native heap
# Possible solutions:
#   Reduce memory load on the system
#   Increase physical memory or swap space
#   Check if swap backing store is full
#   Decrease Java heap size (-Xmx/-Xms)
#   Decrease number of Java threads
#   Decrease Java thread stack sizes (-Xss)
#   Set larger code cache with -XX:ReservedCodeCacheSize=
#   JVM is running with Unscaled Compressed Oops mode in which the Java heap is
#     placed in the first 4GB address space. The Java Heap base address is the
#     maximum limit for the native heap growth. Please use -XX:HeapBaseMinAddress
#     to set the Java Heap base and to place the Java Heap above 4GB virtual address.
# This output file may be truncated or incomplete.
#
#  Out of Memory Error (arena.cpp:150), pid=8800, tid=6700
#
# JRE version: OpenJDK Runtime Environment (22.0.2+9) (build 22.0.2+9-70)
# Java VM: OpenJDK 64-Bit Server VM (22.0.2+9-70, mixed mode, sharing, tiered, compressed oops, compressed class ptrs, g1 gc, windows-amd64)
# No core dump will be written. Minidumps are not enabled by default on client versions of Windows
#

---------------  S U M M A R Y ------------

Command Line: -javaagent:D:\IntelliJ IDEA Community Edition 2024.1.4\lib\idea_rt.jar=50381:D:\IntelliJ IDEA Community Edition 2024.1.4\bin -Dfile.encoding=UTF-8 -Dsun.stdout.encoding=UTF-8 -Dsun.stderr.encoding=UTF-8 com.abcRestaurant.abcRestaurant.AbcRestaurantApplication

Host: 11th Gen Intel(R) Core(TM) i5-1135G7 @ 2.40GHz, 8 cores, 7G,  Windows 11 , 64 bit Build 22621 (10.0.22621.3958)
Time: Wed Aug 28 12:19:27 2024 Sri Lanka Standard Time elapsed time: 175.744464 seconds (0d 0h 2m 55s)

---------------  T H R E A D  ---------------

Current thread (0x000001d050b5b6c0):  JavaThread "C2 CompilerThread0" daemon [_thread_in_native, id=6700, stack(0x0000003045700000,0x0000003045800000) (1024K)]


Current CompileTask:
C2:175744 8681       4       org.springframework.boot.devtools.filewatch.DirectorySnapshot::collectFiles (99 bytes)

Stack: [0x0000003045700000,0x0000003045800000]
Native frames: (J=compiled Java code, j=interpreted, Vv=VM code, C=native code)
V  [jvm.dll+0x6e26e9]  (no source info available)
V  [jvm.dll+0x875753]  (no source info available)
V  [jvm.dll+0x877b7e]  (no source info available)
V  [jvm.dll+0x878253]  (no source info available)
V  [jvm.dll+0x27fc86]  (no source info available)
V  [jvm.dll+0xc3d0f]  (no source info available)
V  [jvm.dll+0xc40fb]  (no source info available)
V  [jvm.dll+0xc3bbb]  (no source info available)
V  [jvm.dll+0x85e4dc]  (no source info available)
V  [jvm.dll+0x1dc522]  (no source info available)
V  [jvm.dll+0x1d7e46]  (no source info available)
V  [jvm.dll+0x70c5e6]  (no source info available)
V  [jvm.dll+0x6f6f28]  (no source info available)
V  [jvm.dll+0x6f54ff]  (no source info available)
V  [jvm.dll+0x6f49f7]  (no source info available)
V  [jvm.dll+0x6f2bd4]  (no source info available)
V  [jvm.dll+0x1c7e9c]  (no source info available)
V  [jvm.dll+0x1c8a1b]  (no source info available)
V  [jvm.dll+0x2f2e8f]  (no source info available)
V  [jvm.dll+0x6fd0f7]  (no source info available)
V  [jvm.dll+0x6f543f]  (no source info available)
V  [jvm.dll+0x6f49f7]  (no source info available)
V  [jvm.dll+0x6f2bd4]  (no source info available)
V  [jvm.dll+0x1c7e9c]  (no source info available)
V  [jvm.dll+0x1c8a1b]  (no source info available)
V  [jvm.dll+0x2f2e8f]  (no source info available)
V  [jvm.dll+0x6fd0f7]  (no source info available)
V  [jvm.dll+0x6f543f]  (no source info available)
V  [jvm.dll+0x6f49f7]  (no source info available)
V  [jvm.dll+0x6f2bd4]  (no source info available)
V  [jvm.dll+0x1c7e9c]  (no source info available)
V  [jvm.dll+0x1c8a1b]  (no source info available)
V  [jvm.dll+0x2f2e8f]  (no source info available)
V  [jvm.dll+0x6fd0f7]  (no source info available)
V  [jvm.dll+0x6f543f]  (no source info available)
V  [jvm.dll+0x6f49f7]  (no source info available)
V  [jvm.dll+0x6f2bd4]  (no source info available)
V  [jvm.dll+0x1c7e9c]  (no source info available)
V  [jvm.dll+0x246b0b]  (no source info available)
V  [jvm.dll+0x1c4e80]  (no source info available)
V  [jvm.dll+0x2568f3]  (no source info available)
V  [jvm.dll+0x254baa]  (no source info available)
V  [jvm.dll+0x3f57a6]  (no source info available)
V  [jvm.dll+0x81dc0b]  (no source info available)
V  [jvm.dll+0x6e0d85]  (no source info available)
C  [ucrtbase.dll+0x29333]  (no source info available)
C  [KERNEL32.DLL+0x1257d]  (no source info available)
C  [ntdll.dll+0x5af28]  (no source info available)


---------------  P R O C E S S  ---------------

Threads class SMR info:
_java_thread_list=0x000001d0964c1390, length=41, elements={
0x000001d050b3dbc0, 0x000001d050b3ed80, 0x000001d050b495c0, 0x000001d050b44a70,
0x000001d050b415f0, 0x000001d050b43d50, 0x000001d050b5b6c0, 0x000001d050b61dc0,
0x000001d050b41c80, 0x000001d050b42310, 0x000001d050b436c0, 0x000001d096f220a0,
0x000001d096f24800, 0x000001d096f1f940, 0x000001d096f25520, 0x000001d096f22730,
0x000001d096f25bb0, 0x000001d096f21380, 0x000001d096f23450, 0x000001d096f21a10,
0x000001d096f22dc0, 0x000001d096f20660, 0x000001d096f23ae0, 0x000001d096f24170,
0x000001d096f26240, 0x000001d096f268d0, 0x000001d096f26f60, 0x000001d0983eed00,
0x000001d0983ef390, 0x000001d0983ec5a0, 0x000001d0983ecc30, 0x000001d0983ee670,
0x000001d0983efa20, 0x000001d0983ed950, 0x000001d0983edfe0, 0x000001d09a636680,
0x000001d09a6352d0, 0x000001d09a636d10, 0x000001d09a6373a0, 0x000001d09a633f20,
0x000001d09a6345b0
}

Java Threads: ( => current thread )
  0x000001d050b3dbc0 JavaThread "Reference Handler"          daemon [_thread_blocked, id=16096, stack(0x0000003045100000,0x0000003045200000) (1024K)]
  0x000001d050b3ed80 JavaThread "Finalizer"                  daemon [_thread_blocked, id=2812, stack(0x0000003045200000,0x0000003045300000) (1024K)]
  0x000001d050b495c0 JavaThread "Signal Dispatcher"          daemon [_thread_blocked, id=5840, stack(0x0000003045300000,0x0000003045400000) (1024K)]
  0x000001d050b44a70 JavaThread "Attach Listener"            daemon [_thread_blocked, id=6408, stack(0x0000003045400000,0x0000003045500000) (1024K)]
  0x000001d050b415f0 JavaThread "Service Thread"             daemon [_thread_blocked, id=10364, stack(0x0000003045500000,0x0000003045600000) (1024K)]
  0x000001d050b43d50 JavaThread "Monitor Deflation Thread"   daemon [_thread_blocked, id=16284, stack(0x0000003045600000,0x0000003045700000) (1024K)]
=>0x000001d050b5b6c0 JavaThread "C2 CompilerThread0"         daemon [_thread_in_native, id=6700, stack(0x0000003045700000,0x0000003045800000) (1024K)]
  0x000001d050b61dc0 JavaThread "C1 CompilerThread0"         daemon [_thread_blocked, id=16116, stack(0x0000003045800000,0x0000003045900000) (1024K)]
  0x000001d050b41c80 JavaThread "Common-Cleaner"             daemon [_thread_blocked, id=4468, stack(0x0000003045900000,0x0000003045a00000) (1024K)]
  0x000001d050b42310 JavaThread "Monitor Ctrl-Break"         daemon [_thread_in_native, id=4368, stack(0x0000003045b00000,0x0000003045c00000) (1024K)]
  0x000001d050b436c0 JavaThread "Notification Thread"        daemon [_thread_blocked, id=15068, stack(0x0000003045c00000,0x0000003045d00000) (1024K)]
  0x000001d096f220a0 JavaThread "Catalina-utility-1"                [_thread_blocked, id=5908, stack(0x0000003046700000,0x0000003046800000) (1024K)]
  0x000001d096f24800 JavaThread "Catalina-utility-2"                [_thread_blocked, id=14432, stack(0x0000003046800000,0x0000003046900000) (1024K)]
  0x000001d096f1f940 JavaThread "container-0"                       [_thread_blocked, id=8348, stack(0x0000003046900000,0x0000003046a00000) (1024K)]
  0x000001d096f25520 JavaThread "Jndi-Dns-address-change-listener" daemon [_thread_in_native, id=16312, stack(0x0000003046a00000,0x0000003046b00000) (1024K)]
  0x000001d096f22730 JavaThread "BufferPoolPruner-1-thread-1" daemon [_thread_blocked, id=8664, stack(0x0000003046b00000,0x0000003046c00000) (1024K)]
  0x000001d096f25bb0 JavaThread "cluster-ClusterId{value='66cec7ccf4e458317441ddaf', description='null'}-ac-byq5ho1-shard-00-01.kd72xqs.mongodb.net:27017" daemon [_thread_in_native, id=9272, stack(0x0000003046d00000,0x0000003046e00000) (1024K)]
  0x000001d096f21380 JavaThread "cluster-rtt-ClusterId{value='66cec7ccf4e458317441ddaf', description='null'}-ac-byq5ho1-shard-00-01.kd72xqs.mongodb.net:27017" daemon [_thread_blocked, id=10528, stack(0x0000003046e00000,0x0000003046f00000) (1024K)]
  0x000001d096f23450 JavaThread "cluster-ClusterId{value='66cec7ccf4e458317441ddaf', description='null'}-ac-byq5ho1-shard-00-02.kd72xqs.mongodb.net:27017" daemon [_thread_in_native, id=16204, stack(0x0000003046f00000,0x0000003047000000) (1024K)]
  0x000001d096f21a10 JavaThread "cluster-rtt-ClusterId{value='66cec7ccf4e458317441ddaf', description='null'}-ac-byq5ho1-shard-00-02.kd72xqs.mongodb.net:27017" daemon [_thread_blocked, id=1636, stack(0x0000003047000000,0x0000003047100000) (1024K)]
  0x000001d096f22dc0 JavaThread "cluster-ClusterId{value='66cec7ccf4e458317441ddaf', description='null'}-ac-byq5ho1-shard-00-00.kd72xqs.mongodb.net:27017" daemon [_thread_in_native, id=6808, stack(0x0000003047100000,0x0000003047200000) (1024K)]
  0x000001d096f20660 JavaThread "cluster-rtt-ClusterId{value='66cec7ccf4e458317441ddaf', description='null'}-ac-byq5ho1-shard-00-00.kd72xqs.mongodb.net:27017" daemon [_thread_blocked, id=8480, stack(0x0000003047200000,0x0000003047300000) (1024K)]
  0x000001d096f23ae0 JavaThread "Live Reload Server"         daemon [_thread_in_native, id=1300, stack(0x0000003047400000,0x0000003047500000) (1024K)]
  0x000001d096f24170 JavaThread "MaintenanceTimer-3-thread-1" daemon [_thread_blocked, id=6612, stack(0x0000003047500000,0x0000003047600000) (1024K)]
  0x000001d096f26240 JavaThread "MaintenanceTimer-4-thread-1" daemon [_thread_blocked, id=12568, stack(0x0000003047600000,0x0000003047700000) (1024K)]
  0x000001d096f268d0 JavaThread "MaintenanceTimer-2-thread-1" daemon [_thread_blocked, id=7688, stack(0x0000003047700000,0x0000003047800000) (1024K)]
  0x000001d096f26f60 JavaThread "File Watcher"               daemon [_thread_blocked, id=9156, stack(0x0000003047800000,0x0000003047900000) (1024K)]
  0x000001d0983eed00 JavaThread "http-nio-8080-exec-1"       daemon [_thread_blocked, id=13564, stack(0x0000003047900000,0x0000003047a00000) (1024K)]
  0x000001d0983ef390 JavaThread "http-nio-8080-exec-2"       daemon [_thread_blocked, id=7016, stack(0x0000003047a00000,0x0000003047b00000) (1024K)]
  0x000001d0983ec5a0 JavaThread "http-nio-8080-exec-3"       daemon [_thread_blocked, id=16032, stack(0x0000003047b00000,0x0000003047c00000) (1024K)]
  0x000001d0983ecc30 JavaThread "http-nio-8080-exec-4"       daemon [_thread_blocked, id=11988, stack(0x0000003047c00000,0x0000003047d00000) (1024K)]
  0x000001d0983ee670 JavaThread "http-nio-8080-exec-5"       daemon [_thread_blocked, id=8728, stack(0x0000003047d00000,0x0000003047e00000) (1024K)]
  0x000001d0983efa20 JavaThread "http-nio-8080-exec-7"       daemon [_thread_blocked, id=4496, stack(0x0000003047f00000,0x0000003048000000) (1024K)]
  0x000001d0983ed950 JavaThread "http-nio-8080-exec-8"       daemon [_thread_blocked, id=9512, stack(0x0000003048000000,0x0000003048100000) (1024K)]
  0x000001d0983edfe0 JavaThread "http-nio-8080-exec-9"       daemon [_thread_blocked, id=16180, stack(0x0000003048100000,0x0000003048200000) (1024K)]
  0x000001d09a636680 JavaThread "http-nio-8080-exec-10"      daemon [_thread_blocked, id=14472, stack(0x0000003048200000,0x0000003048300000) (1024K)]
  0x000001d09a6352d0 JavaThread "http-nio-8080-Poller"       daemon [_thread_in_native, id=8380, stack(0x0000003048300000,0x0000003048400000) (1024K)]
  0x000001d09a636d10 JavaThread "http-nio-8080-Acceptor"     daemon [_thread_in_native, id=8148, stack(0x0000003048400000,0x0000003048500000) (1024K)]
  0x000001d09a6373a0 JavaThread "scheduling-1"                      [_thread_blocked, id=11388, stack(0x0000003048500000,0x0000003048600000) (1024K)]
  0x000001d09a633f20 JavaThread "DestroyJavaVM"                     [_thread_blocked, id=2096, stack(0x0000003044900000,0x0000003044a00000) (1024K)]
  0x000001d09a6345b0 JavaThread "http-nio-8080-exec-11"      daemon [_thread_blocked, id=2164, stack(0x0000003044700000,0x0000003044800000) (1024K)]
Total: 41

Other Threads:
  0x000001d050b241f0 VMThread "VM Thread"                           [id=7136, stack(0x0000003045000000,0x0000003045100000) (1024K)]
  0x000001d050b0b960 WatcherThread "VM Periodic Task Thread"        [id=15508, stack(0x0000003044f00000,0x0000003045000000) (1024K)]
  0x000001d0343fbcc0 WorkerThread "GC Thread#0"                     [id=3676, stack(0x0000003044a00000,0x0000003044b00000) (1024K)]
  0x000001d096da03d0 WorkerThread "GC Thread#1"                     [id=11412, stack(0x0000003045f00000,0x0000003046000000) (1024K)]
  0x000001d096da0780 WorkerThread "GC Thread#2"                     [id=9780, stack(0x0000003046000000,0x0000003046100000) (1024K)]
  0x000001d096da0b30 WorkerThread "GC Thread#3"                     [id=9076, stack(0x0000003046100000,0x0000003046200000) (1024K)]
  0x000001d096da0ee0 WorkerThread "GC Thread#4"                     [id=12544, stack(0x0000003046200000,0x0000003046300000) (1024K)]
  0x000001d096e44f10 WorkerThread "GC Thread#5"                     [id=6676, stack(0x0000003046300000,0x0000003046400000) (1024K)]
  0x000001d09747c260 WorkerThread "GC Thread#6"                     [id=9804, stack(0x0000003046500000,0x0000003046600000) (1024K)]
  0x000001d09743c9d0 WorkerThread "GC Thread#7"                     [id=1488, stack(0x0000003046600000,0x0000003046700000) (1024K)]
  0x000001d03440c6e0 ConcurrentGCThread "G1 Main Marker"            [id=8216, stack(0x0000003044b00000,0x0000003044c00000) (1024K)]
  0x000001d03440d1f0 WorkerThread "G1 Conc#0"                       [id=14356, stack(0x0000003044c00000,0x0000003044d00000) (1024K)]
  0x000001d097eee6f0 WorkerThread "G1 Conc#1"                       [id=9132, stack(0x0000003046400000,0x0000003046500000) (1024K)]
  0x000001d03445ea60 ConcurrentGCThread "G1 Refine#0"               [id=14296, stack(0x0000003044d00000,0x0000003044e00000) (1024K)]
  0x000001d0509dcb90 ConcurrentGCThread "G1 Service"                [id=9580, stack(0x0000003044e00000,0x0000003044f00000) (1024K)]
Total: 15

Threads with active compile tasks:
C2 CompilerThread0  175795 8681       4       org.springframework.boot.devtools.filewatch.DirectorySnapshot::collectFiles (99 bytes)
Total: 1

VM state: not at safepoint (normal execution)

VM Mutex/Monitor currently owned by a thread: None

Heap address: 0x0000000083c00000, size: 1988 MB, Compressed Oops mode: 32-bit

CDS archive(s) mapped at: [0x000001d051000000-0x000001d051c60000-0x000001d051c60000), size 12976128, SharedBaseAddress: 0x000001d051000000, ArchiveRelocationMode: 1.
Compressed class space mapped at: 0x000001d052000000-0x000001d092000000, reserved size: 1073741824
Narrow klass base: 0x000001d051000000, Narrow klass shift: 0, Narrow klass range: 0x41000000

GC Precious Log:
 CardTable entry size: 512
 Card Set container configuration: InlinePtr #cards 5 size 8 Array Of Cards #cards 12 size 40 Howl #buckets 4 coarsen threshold 1843 Howl Bitmap #cards 512 size 80 coarsen threshold 460 Card regions per heap region 1 cards per card region 2048
 CPUs: 8 total, 8 available
 Memory: 7948M
 Large Page Support: Disabled
 NUMA Support: Disabled
 Compressed Oops: Enabled (32-bit)
 Heap Region Size: 1M
 Heap Min Capacity: 8M
 Heap Initial Capacity: 126M
 Heap Max Capacity: 1988M
 Pre-touch: Disabled
 Parallel Workers: 8
 Concurrent Workers: 2
 Concurrent Refinement Workers: 8
 Periodic GC: Disabled

Heap:
 garbage-first heap   total reserved 2035712K, committed 54272K, used 36814K [0x0000000083c00000, 0x0000000100000000)
  region size 1024K, 8 young (8192K), 2 survivors (2048K)
 Metaspace       used 53672K, committed 54400K, reserved 1114112K
  class space    used 7031K, committed 7360K, reserved 1048576K

Heap Regions: E=young(eden), S=young(survivor), O=old, HS=humongous(starts), HC=humongous(continues), CS=collection set, F=free, TAMS=top-at-mark-start, PB=parsable bottom
|   0|0x0000000083c00000, 0x0000000083d00000, 0x0000000083d00000|100%| O|  |TAMS 0x0000000083c00000| PB 0x0000000083c00000| Untracked |  0
|   1|0x0000000083d00000, 0x0000000083e00000, 0x0000000083e00000|100%| O|  |TAMS 0x0000000083d00000| PB 0x0000000083d00000| Untracked |  0
|   2|0x0000000083e00000, 0x0000000083f00000, 0x0000000083f00000|100%| O|  |TAMS 0x0000000083e00000| PB 0x0000000083e00000| Untracked |  0
|   3|0x0000000083f00000, 0x0000000084000000, 0x0000000084000000|100%| O|  |TAMS 0x0000000083f00000| PB 0x0000000083f00000| Untracked |  0
|   4|0x0000000084000000, 0x0000000084100000, 0x0000000084100000|100%| O|  |TAMS 0x0000000084000000| PB 0x0000000084000000| Untracked |  0
|   5|0x0000000084100000, 0x0000000084200000, 0x0000000084200000|100%| O|  |TAMS 0x0000000084100000| PB 0x0000000084100000| Untracked |  0
|   6|0x0000000084200000, 0x0000000084300000, 0x0000000084300000|100%| O|  |TAMS 0x0000000084200000| PB 0x0000000084200000| Untracked |  0
|   7|0x0000000084300000, 0x0000000084400000, 0x0000000084400000|100%| O|  |TAMS 0x0000000084300000| PB 0x0000000084300000| Untracked |  0
|   8|0x0000000084400000, 0x0000000084500000, 0x0000000084500000|100%| O|  |TAMS 0x0000000084400000| PB 0x0000000084400000| Untracked |  0
|   9|0x0000000084500000, 0x0000000084600000, 0x0000000084600000|100%| O|  |TAMS 0x0000000084500000| PB 0x0000000084500000| Untracked |  0
|  10|0x0000000084600000, 0x0000000084700000, 0x0000000084700000|100%| O|  |TAMS 0x0000000084600000| PB 0x0000000084600000| Untracked |  0
|  11|0x0000000084700000, 0x0000000084800000, 0x0000000084800000|100%| O|Cm|TAMS 0x0000000084700000| PB 0x0000000084700000| Complete |  0
|  12|0x0000000084800000, 0x0000000084900000, 0x0000000084900000|100%| O|  |TAMS 0x0000000084800000| PB 0x0000000084800000| Untracked |  0
|  13|0x0000000084900000, 0x0000000084a00000, 0x0000000084a00000|100%| O|  |TAMS 0x0000000084900000| PB 0x0000000084900000| Untracked |  0
|  14|0x0000000084a00000, 0x0000000084b00000, 0x0000000084b00000|100%| O|  |TAMS 0x0000000084a00000| PB 0x0000000084a00000| Untracked |  0
|  15|0x0000000084b00000, 0x0000000084c00000, 0x0000000084c00000|100%| O|Cm|TAMS 0x0000000084b00000| PB 0x0000000084b00000| Complete |  0
|  16|0x0000000084c00000, 0x0000000084d00000, 0x0000000084d00000|100%| O|  |TAMS 0x0000000084c00000| PB 0x0000000084c00000| Untracked |  0
|  17|0x0000000084d00000, 0x0000000084de75c8, 0x0000000084e00000| 90%| O|  |TAMS 0x0000000084d00000| PB 0x0000000084d00000| Untracked |  0
|  18|0x0000000084e00000, 0x0000000084f00000, 0x0000000084f00000|100%| O|  |TAMS 0x0000000084e00000| PB 0x0000000084e00000| Untracked |  0
|  19|0x0000000084f00000, 0x0000000085000000, 0x0000000085000000|100%| O|  |TAMS 0x0000000084f00000| PB 0x0000000084f00000| Untracked |  0
|  20|0x0000000085000000, 0x0000000085100000, 0x0000000085100000|100%| O|  |TAMS 0x0000000085000000| PB 0x0000000085000000| Untracked |  0
|  21|0x0000000085100000, 0x0000000085200000, 0x0000000085200000|100%| O|  |TAMS 0x0000000085100000| PB 0x0000000085100000| Untracked |  0
|  22|0x0000000085200000, 0x0000000085300000, 0x0000000085300000|100%| O|  |TAMS 0x0000000085200000| PB 0x0000000085200000| Untracked |  0
|  23|0x0000000085300000, 0x0000000085400000, 0x0000000085400000|100%| O|  |TAMS 0x0000000085300000| PB 0x0000000085300000| Untracked |  0
|  24|0x0000000085400000, 0x0000000085500000, 0x0000000085500000|100%| O|  |TAMS 0x0000000085400000| PB 0x0000000085400000| Untracked |  0
|  25|0x0000000085500000, 0x0000000085600000, 0x0000000085600000|100%| O|Cm|TAMS 0x0000000085500000| PB 0x0000000085500000| Complete |  0
|  26|0x0000000085600000, 0x0000000085700000, 0x0000000085700000|100%| O|  |TAMS 0x0000000085600000| PB 0x0000000085600000| Untracked |  0
|  27|0x0000000085700000, 0x0000000085800000, 0x0000000085800000|100%| O|Cm|TAMS 0x0000000085700000| PB 0x0000000085700000| Complete |  0
|  28|0x0000000085800000, 0x0000000085900000, 0x0000000085900000|100%| O|  |TAMS 0x0000000085800000| PB 0x0000000085800000| Untracked |  0
|  29|0x0000000085900000, 0x0000000085a00000, 0x0000000085a00000|100%| O|  |TAMS 0x0000000085900000| PB 0x0000000085900000| Untracked |  0
|  30|0x0000000085a00000, 0x0000000085a00000, 0x0000000085b00000|  0%| F|  |TAMS 0x0000000085a00000| PB 0x0000000085a00000| Untracked |  0
|  31|0x0000000085b00000, 0x0000000085b00000, 0x0000000085c00000|  0%| F|  |TAMS 0x0000000085b00000| PB 0x0000000085b00000| Untracked |  0
|  32|0x0000000085c00000, 0x0000000085c00000, 0x0000000085d00000|  0%| F|  |TAMS 0x0000000085c00000| PB 0x0000000085c00000| Untracked |  0
|  33|0x0000000085d00000, 0x0000000085d0c5f0, 0x0000000085e00000|  4%| S|CS|TAMS 0x0000000085d00000| PB 0x0000000085d00000| Complete |  0
|  34|0x0000000085e00000, 0x0000000085f00000, 0x0000000085f00000|100%| S|CS|TAMS 0x0000000085e00000| PB 0x0000000085e00000| Complete |  0
|  35|0x0000000085f00000, 0x0000000085f00000, 0x0000000086000000|  0%| F|  |TAMS 0x0000000085f00000| PB 0x0000000085f00000| Untracked |  0
|  36|0x0000000086000000, 0x0000000086000000, 0x0000000086100000|  0%| F|  |TAMS 0x0000000086000000| PB 0x0000000086000000| Untracked |  0
|  37|0x0000000086100000, 0x0000000086100000, 0x0000000086200000|  0%| F|  |TAMS 0x0000000086100000| PB 0x0000000086100000| Untracked |  0
|  38|0x0000000086200000, 0x0000000086200000, 0x0000000086300000|  0%| F|  |TAMS 0x0000000086200000| PB 0x0000000086200000| Untracked |  0
|  39|0x0000000086300000, 0x0000000086300000, 0x0000000086400000|  0%| F|  |TAMS 0x0000000086300000| PB 0x0000000086300000| Untracked |  0
|  40|0x0000000086400000, 0x0000000086400000, 0x0000000086500000|  0%| F|  |TAMS 0x0000000086400000| PB 0x0000000086400000| Untracked |  0
|  41|0x0000000086500000, 0x0000000086500000, 0x0000000086600000|  0%| F|  |TAMS 0x0000000086500000| PB 0x0000000086500000| Untracked |  0
|  42|0x0000000086600000, 0x0000000086600000, 0x0000000086700000|  0%| F|  |TAMS 0x0000000086600000| PB 0x0000000086600000| Untracked |  0
|  43|0x0000000086700000, 0x0000000086700000, 0x0000000086800000|  0%| F|  |TAMS 0x0000000086700000| PB 0x0000000086700000| Untracked |  0
|  44|0x0000000086800000, 0x0000000086800000, 0x0000000086900000|  0%| F|  |TAMS 0x0000000086800000| PB 0x0000000086800000| Untracked |  0
|  72|0x0000000088400000, 0x0000000088400000, 0x0000000088500000|  0%| F|  |TAMS 0x0000000088400000| PB 0x0000000088400000| Untracked |  0
|  73|0x0000000088500000, 0x0000000088500000, 0x0000000088600000|  0%| F|  |TAMS 0x0000000088500000| PB 0x0000000088500000| Untracked |  0
|  74|0x0000000088600000, 0x00000000886985a8, 0x0000000088700000| 59%| E|  |TAMS 0x0000000088600000| PB 0x0000000088600000| Complete |  0
|  75|0x0000000088700000, 0x0000000088800000, 0x0000000088800000|100%| E|CS|TAMS 0x0000000088700000| PB 0x0000000088700000| Complete |  0
|  76|0x0000000088800000, 0x0000000088900000, 0x0000000088900000|100%| E|CS|TAMS 0x0000000088800000| PB 0x0000000088800000| Complete |  0
|  77|0x0000000088900000, 0x0000000088a00000, 0x0000000088a00000|100%| E|CS|TAMS 0x0000000088900000| PB 0x0000000088900000| Complete |  0
|  78|0x0000000088a00000, 0x0000000088b00000, 0x0000000088b00000|100%| E|CS|TAMS 0x0000000088a00000| PB 0x0000000088a00000| Complete |  0
| 125|0x000000008b900000, 0x000000008ba00000, 0x000000008ba00000|100%| E|CS|TAMS 0x000000008b900000| PB 0x000000008b900000| Complete |  0

Card table byte_map: [0x000001d04be10000,0x000001d04c200000] _byte_map_base: 0x000001d04b9f2000

Marking Bits: (CMBitMap*) 0x000001d0343fc3d0
 Bits: [0x000001d04c200000, 0x000001d04e110000)

Polling page: 0x000001d032310000

Metaspace:

Usage:
  Non-class:     45.55 MB used.
      Class:      6.87 MB used.
       Both:     52.41 MB used.

Virtual space:
  Non-class space:       64.00 MB reserved,      45.94 MB ( 72%) committed,  1 nodes.
      Class space:        1.00 GB reserved,       7.19 MB ( <1%) committed,  1 nodes.
             Both:        1.06 GB reserved,      53.12 MB (  5%) committed. 

Chunk freelists:
   Non-Class:  1.31 MB
       Class:  8.70 MB
        Both:  10.01 MB

MaxMetaspaceSize: unlimited
CompressedClassSpaceSize: 1.00 GB
Initial GC threshold: 21.00 MB
Current GC threshold: 85.75 MB
CDS: on
 - commit_granule_bytes: 65536.
 - commit_granule_words: 8192.
 - virtual_space_node_default_size: 8388608.
 - enlarge_chunks_in_place: 1.
 - use_allocation_guard: 0.


Internal statistics:

num_allocs_failed_limit: 6.
num_arena_births: 994.
num_arena_deaths: 2.
num_vsnodes_births: 2.
num_vsnodes_deaths: 0.
num_space_committed: 850.
num_space_uncommitted: 0.
num_chunks_returned_to_freelist: 9.
num_chunks_taken_from_freelist: 2920.
num_chunk_merges: 3.
num_chunk_splits: 1912.
num_chunks_enlarged: 1335.
num_inconsistent_stats: 0.

CodeHeap 'non-profiled nmethods': size=120000Kb used=3787Kb max_used=3806Kb free=116212Kb
 bounds [0x000001d0441b0000, 0x000001d044570000, 0x000001d04b6e0000]
CodeHeap 'profiled nmethods': size=120000Kb used=13859Kb max_used=13859Kb free=106140Kb
 bounds [0x000001d03c6e0000, 0x000001d03d470000, 0x000001d043c10000]
CodeHeap 'non-nmethods': size=5760Kb used=1870Kb max_used=1924Kb free=3889Kb
 bounds [0x000001d043c10000, 0x000001d043e80000, 0x000001d0441b0000]
 total_blobs=8370 nmethods=7671 adapters=602
 compilation: enabled
              stopped_count=0, restarted_count=0
 full_count=0

Compilation events (20 events):
Event: 168.359 Thread 0x000001d050b61dc0 nmethod 8671 0x000001d03d462c10 code [0x000001d03d462e40, 0x000001d03d4634e0]
Event: 168.359 Thread 0x000001d050b61dc0 8672       3       org.bson.codecs.BsonBooleanCodec::decode (12 bytes)
Event: 168.360 Thread 0x000001d050b61dc0 nmethod 8672 0x000001d03d463890 code [0x000001d03d463aa0, 0x000001d03d4642e8]
Event: 168.360 Thread 0x000001d050b61dc0 8673       3       org.bson.codecs.BsonBooleanCodec::decode (7 bytes)
Event: 168.360 Thread 0x000001d050b61dc0 nmethod 8673 0x000001d03d464590 code [0x000001d03d4647c0, 0x000001d03d465090]
Event: 168.361 Thread 0x000001d050b61dc0 8674       3       org.bson.BsonValue::asTimestamp (12 bytes)
Event: 168.361 Thread 0x000001d050b61dc0 nmethod 8674 0x000001d03d465310 code [0x000001d03d4654c0, 0x000001d03d4656e8]
Event: 169.975 Thread 0x000001d050b61dc0 8675   !   3       java.lang.Thread::beforeSleep (33 bytes)
Event: 169.975 Thread 0x000001d050b61dc0 nmethod 8675 0x000001d03d465790 code [0x000001d03d465940, 0x000001d03d465b08]
Event: 171.740 Thread 0x000001d050b61dc0 8676   !   3       java.util.concurrent.locks.AbstractQueuedSynchronizer$ConditionObject::await (185 bytes)
Event: 171.741 Thread 0x000001d050b61dc0 nmethod 8676 0x000001d03d465c10 code [0x000001d03d465fa0, 0x000001d03d4674d8]
Event: 171.741 Thread 0x000001d050b61dc0 8677       3       java.util.concurrent.ForkJoinPool::managedBlock (36 bytes)
Event: 171.742 Thread 0x000001d050b61dc0 nmethod 8677 0x000001d03d467d10 code [0x000001d03d467f20, 0x000001d03d4686b0]
Event: 174.472 Thread 0x000001d050b61dc0 8678       1       org.apache.catalina.webresources.CachedResource::getNextCheck (5 bytes)
Event: 174.472 Thread 0x000001d050b61dc0 nmethod 8678 0x000001d04440fd90 code [0x000001d04440ff20, 0x000001d04440fff0]
Event: 174.472 Thread 0x000001d050b61dc0 8679       3       java.util.HashMap::valuesToArray (81 bytes)
Event: 174.472 Thread 0x000001d050b61dc0 nmethod 8679 0x000001d03d468910 code [0x000001d03d468ae0, 0x000001d03d468f50]
Event: 175.726 Thread 0x000001d050b5b6c0 8680       4       java.io.File::listFiles (52 bytes)
Event: 175.735 Thread 0x000001d050b5b6c0 nmethod 8680 0x000001d04440ee90 code [0x000001d04440f080, 0x000001d04440f8f0]
Event: 175.735 Thread 0x000001d050b5b6c0 8681       4       org.springframework.boot.devtools.filewatch.DirectorySnapshot::collectFiles (99 bytes)

GC Heap History (20 events):
Event: 4.437 GC heap before
{Heap before GC invocations=6 (full 0):
 garbage-first heap   total reserved 2035712K, committed 45056K, used 36588K [0x0000000083c00000, 0x0000000100000000)
  region size 1024K, 22 young (22528K), 2 survivors (2048K)
 Metaspace       used 30352K, committed 30912K, reserved 1114112K
  class space    used 3877K, committed 4096K, reserved 1048576K
}
Event: 4.443 GC heap after
{Heap after GC invocations=7 (full 0):
 garbage-first heap   total reserved 2035712K, committed 45056K, used 17993K [0x0000000083c00000, 0x0000000100000000)
  region size 1024K, 2 young (2048K), 2 survivors (2048K)
 Metaspace       used 30352K, committed 30912K, reserved 1114112K
  class space    used 3877K, committed 4096K, reserved 1048576K
}
Event: 4.943 GC heap before
{Heap before GC invocations=7 (full 0):
 garbage-first heap   total reserved 2035712K, committed 45056K, used 33353K [0x0000000083c00000, 0x0000000100000000)
  region size 1024K, 19 young (19456K), 2 survivors (2048K)
 Metaspace       used 35529K, committed 36096K, reserved 1114112K
  class space    used 4579K, committed 4864K, reserved 1048576K
}
Event: 4.949 GC heap after
{Heap after GC invocations=8 (full 0):
 garbage-first heap   total reserved 2035712K, committed 45056K, used 21031K [0x0000000083c00000, 0x0000000100000000)
  region size 1024K, 3 young (3072K), 3 survivors (3072K)
 Metaspace       used 35529K, committed 36096K, reserved 1114112K
  class space    used 4579K, committed 4864K, reserved 1048576K
}
Event: 5.272 GC heap before
{Heap before GC invocations=9 (full 0):
 garbage-first heap   total reserved 2035712K, committed 45056K, used 38439K [0x0000000083c00000, 0x0000000100000000)
  region size 1024K, 20 young (20480K), 3 survivors (3072K)
 Metaspace       used 38317K, committed 38848K, reserved 1114112K
  class space    used 4973K, committed 5184K, reserved 1048576K
}
Event: 5.278 GC heap after
{Heap after GC invocations=10 (full 0):
 garbage-first heap   total reserved 2035712K, committed 45056K, used 22691K [0x0000000083c00000, 0x0000000100000000)
  region size 1024K, 3 young (3072K), 3 survivors (3072K)
 Metaspace       used 38317K, committed 38848K, reserved 1114112K
  class space    used 4973K, committed 5184K, reserved 1048576K
}
Event: 5.600 GC heap before
{Heap before GC invocations=10 (full 0):
 garbage-first heap   total reserved 2035712K, committed 45056K, used 38051K [0x0000000083c00000, 0x0000000100000000)
  region size 1024K, 18 young (18432K), 3 survivors (3072K)
 Metaspace       used 40772K, committed 41408K, reserved 1114112K
  class space    used 5293K, committed 5568K, reserved 1048576K
}
Event: 5.606 GC heap after
{Heap after GC invocations=11 (full 0):
 garbage-first heap   total reserved 2035712K, committed 54272K, used 24056K [0x0000000083c00000, 0x0000000100000000)
  region size 1024K, 2 young (2048K), 2 survivors (2048K)
 Metaspace       used 40772K, committed 41408K, reserved 1114112K
  class space    used 5293K, committed 5568K, reserved 1048576K
}
Event: 6.125 GC heap before
{Heap before GC invocations=11 (full 0):
 garbage-first heap   total reserved 2035712K, committed 54272K, used 44536K [0x0000000083c00000, 0x0000000100000000)
  region size 1024K, 23 young (23552K), 2 survivors (2048K)
 Metaspace       used 43592K, committed 44224K, reserved 1114112K
  class space    used 5674K, committed 5952K, reserved 1048576K
}
Event: 6.131 GC heap after
{Heap after GC invocations=12 (full 0):
 garbage-first heap   total reserved 2035712K, committed 54272K, used 25859K [0x0000000083c00000, 0x0000000100000000)
  region size 1024K, 2 young (2048K), 2 survivors (2048K)
 Metaspace       used 43592K, committed 44224K, reserved 1114112K
  class space    used 5674K, committed 5952K, reserved 1048576K
}
Event: 6.544 GC heap before
{Heap before GC invocations=12 (full 0):
 garbage-first heap   total reserved 2035712K, committed 54272K, used 45315K [0x0000000083c00000, 0x0000000100000000)
  region size 1024K, 22 young (22528K), 2 survivors (2048K)
 Metaspace       used 46013K, committed 46720K, reserved 1114112K
  class space    used 6037K, committed 6336K, reserved 1048576K
}
Event: 6.549 GC heap after
{Heap after GC invocations=13 (full 0):
 garbage-first heap   total reserved 2035712K, committed 54272K, used 28018K [0x0000000083c00000, 0x0000000100000000)
  region size 1024K, 3 young (3072K), 3 survivors (3072K)
 Metaspace       used 46013K, committed 46720K, reserved 1114112K
  class space    used 6037K, committed 6336K, reserved 1048576K
}
Event: 14.850 GC heap before
{Heap before GC invocations=14 (full 0):
 garbage-first heap   total reserved 2035712K, committed 54272K, used 44402K [0x0000000083c00000, 0x0000000100000000)
  region size 1024K, 20 young (20480K), 3 survivors (3072K)
 Metaspace       used 49114K, committed 49792K, reserved 1114112K
  class space    used 6488K, committed 6784K, reserved 1048576K
}
Event: 14.854 GC heap after
{Heap after GC invocations=15 (full 0):
 garbage-first heap   total reserved 2035712K, committed 54272K, used 29929K [0x0000000083c00000, 0x0000000100000000)
  region size 1024K, 2 young (2048K), 2 survivors (2048K)
 Metaspace       used 49114K, committed 49792K, reserved 1114112K
  class space    used 6488K, committed 6784K, reserved 1048576K
}
Event: 23.195 GC heap before
{Heap before GC invocations=15 (full 0):
 garbage-first heap   total reserved 2035712K, committed 54272K, used 47337K [0x0000000083c00000, 0x0000000100000000)
  region size 1024K, 19 young (19456K), 2 survivors (2048K)
 Metaspace       used 51397K, committed 52096K, reserved 1114112K
  class space    used 6783K, committed 7104K, reserved 1048576K
}
Event: 23.204 GC heap after
{Heap after GC invocations=16 (full 0):
 garbage-first heap   total reserved 2035712K, committed 54272K, used 30865K [0x0000000083c00000, 0x0000000100000000)
  region size 1024K, 2 young (2048K), 2 survivors (2048K)
 Metaspace       used 51397K, committed 52096K, reserved 1114112K
  class space    used 6783K, committed 7104K, reserved 1048576K
}
Event: 93.884 GC heap before
{Heap before GC invocations=16 (full 0):
 garbage-first heap   total reserved 2035712K, committed 54272K, used 46225K [0x0000000083c00000, 0x0000000100000000)
  region size 1024K, 18 young (18432K), 2 survivors (2048K)
 Metaspace       used 51899K, committed 52672K, reserved 1114112K
  class space    used 6797K, committed 7168K, reserved 1048576K
}
Event: 93.888 GC heap after
{Heap after GC invocations=17 (full 0):
 garbage-first heap   total reserved 2035712K, committed 54272K, used 31258K [0x0000000083c00000, 0x0000000100000000)
  region size 1024K, 2 young (2048K), 2 survivors (2048K)
 Metaspace       used 51899K, committed 52672K, reserved 1114112K
  class space    used 6797K, committed 7168K, reserved 1048576K
}
Event: 133.404 GC heap before
{Heap before GC invocations=18 (full 0):
 garbage-first heap   total reserved 2035712K, committed 54272K, used 46618K [0x0000000083c00000, 0x0000000100000000)
  region size 1024K, 18 young (18432K), 2 survivors (2048K)
 Metaspace       used 53636K, committed 54400K, reserved 1114112K
  class space    used 7029K, committed 7360K, reserved 1048576K
}
Event: 133.410 GC heap after
{Heap after GC invocations=19 (full 0):
 garbage-first heap   total reserved 2035712K, committed 54272K, used 31694K [0x0000000083c00000, 0x0000000100000000)
  region size 1024K, 2 young (2048K), 2 survivors (2048K)
 Metaspace       used 53636K, committed 54400K, reserved 1114112K
  class space    used 7029K, committed 7360K, reserved 1048576K
}

Dll operation events (15 events):
Event: 0.009 Loaded shared library C:\Users\HP\.jdks\openjdk-22.0.2\bin\java.dll
Event: 0.041 Loaded shared library C:\Users\HP\.jdks\openjdk-22.0.2\bin\jsvml.dll
Event: 0.127 Loaded shared library C:\Users\HP\.jdks\openjdk-22.0.2\bin\zip.dll
Event: 0.132 Loaded shared library C:\Users\HP\.jdks\openjdk-22.0.2\bin\instrument.dll
Event: 0.137 Loaded shared library C:\Users\HP\.jdks\openjdk-22.0.2\bin\net.dll
Event: 0.140 Loaded shared library C:\Users\HP\.jdks\openjdk-22.0.2\bin\nio.dll
Event: 0.144 Loaded shared library C:\Users\HP\.jdks\openjdk-22.0.2\bin\zip.dll
Event: 0.228 Loaded shared library D:\IntelliJ IDEA Community Edition 2024.1.4\bin\breakgen64.dll
Event: 0.243 Loaded shared library C:\Users\HP\.jdks\openjdk-22.0.2\bin\extnet.dll
Event: 0.297 Loaded shared library C:\Users\HP\.jdks\openjdk-22.0.2\bin\jimage.dll
Event: 0.753 Loaded shared library C:\Users\HP\.jdks\openjdk-22.0.2\bin\management.dll
Event: 0.757 Loaded shared library C:\Users\HP\.jdks\openjdk-22.0.2\bin\management_ext.dll
Event: 1.534 Loaded shared library C:\Users\HP\.jdks\openjdk-22.0.2\bin\le.dll
Event: 1.926 Loaded shared library C:\Users\HP\.jdks\openjdk-22.0.2\bin\sunmscapi.dll
Event: 15.037 Loaded shared library C:\Users\HP\.jdks\openjdk-22.0.2\bin\verify.dll

Deoptimization events (20 events):
Event: 112.206 Thread 0x000001d0983ef390 Uncommon trap: trap_request=0xffffff45 fr.pc=0x000001d0444bf178 relative=0x0000000000000318
Event: 112.206 Thread 0x000001d0983ef390 Uncommon trap: reason=unstable_if action=reinterpret pc=0x000001d0444bf178 method=java.lang.ClassLoader.createOrGetClassLoaderValueMap()Ljava/util/concurrent/ConcurrentHashMap; @ 6 c2
Event: 112.206 Thread 0x000001d0983ef390 DEOPT PACKING pc=0x000001d0444bf178 sp=0x0000003047afa800
Event: 112.206 Thread 0x000001d0983ef390 DEOPT UNPACKING pc=0x000001d043c67da2 sp=0x0000003047afa668 mode 2
Event: 139.592 Thread 0x000001d0983ec5a0 Uncommon trap: trap_request=0xffffff45 fr.pc=0x000001d04453e344 relative=0x0000000000000b04
Event: 139.592 Thread 0x000001d0983ec5a0 Uncommon trap: reason=unstable_if action=reinterpret pc=0x000001d04453e344 method=org.apache.catalina.connector.Request.getAttribute(Ljava/lang/String;)Ljava/lang/Object; @ 53 c2
Event: 139.592 Thread 0x000001d0983ec5a0 DEOPT PACKING pc=0x000001d04453e344 sp=0x0000003047bff090
Event: 139.592 Thread 0x000001d0983ec5a0 DEOPT UNPACKING pc=0x000001d043c67da2 sp=0x0000003047bff050 mode 2
Event: 139.592 Thread 0x000001d0983ec5a0 Uncommon trap: trap_request=0xffffff45 fr.pc=0x000001d044397a30 relative=0x00000000000007f0
Event: 139.592 Thread 0x000001d0983ec5a0 Uncommon trap: reason=unstable_if action=reinterpret pc=0x000001d044397a30 method=org.apache.tomcat.util.net.SocketBufferHandler.setWriteBufferConfiguredForWrite(Z)V @ 21 c2
Event: 139.592 Thread 0x000001d0983ec5a0 DEOPT PACKING pc=0x000001d044397a30 sp=0x0000003047bfefb0
Event: 139.592 Thread 0x000001d0983ec5a0 DEOPT UNPACKING pc=0x000001d043c67da2 sp=0x0000003047bfef10 mode 2
Event: 139.592 Thread 0x000001d0983ec5a0 Uncommon trap: trap_request=0xffffff45 fr.pc=0x000001d044560ec8 relative=0x0000000000001508
Event: 139.592 Thread 0x000001d0983ec5a0 Uncommon trap: reason=unstable_if action=reinterpret pc=0x000001d044560ec8 method=org.apache.tomcat.util.net.NioEndpoint$NioSocketWrapper.doWrite(ZLjava/nio/ByteBuffer;)V @ 28 c2
Event: 139.592 Thread 0x000001d0983ec5a0 DEOPT PACKING pc=0x000001d044560ec8 sp=0x0000003047bfeeb0
Event: 139.592 Thread 0x000001d0983ec5a0 DEOPT UNPACKING pc=0x000001d043c67da2 sp=0x0000003047bfeeb8 mode 2
Event: 139.592 Thread 0x000001d0983ec5a0 Uncommon trap: trap_request=0xffffff9d fr.pc=0x000001d044327280 relative=0x0000000000000800
Event: 139.592 Thread 0x000001d0983ec5a0 Uncommon trap: reason=unreached action=reinterpret pc=0x000001d044327280 method=org.apache.coyote.http11.Http11OutputBuffer$SocketOutputBuffer.doWrite(Ljava/nio/ByteBuffer;)I @ 71 c2
Event: 139.592 Thread 0x000001d0983ec5a0 DEOPT PACKING pc=0x000001d044327280 sp=0x0000003047bff080
Event: 139.592 Thread 0x000001d0983ec5a0 DEOPT UNPACKING pc=0x000001d043c67da2 sp=0x0000003047bfee78 mode 2

Classes loaded (20 events):
Event: 14.957 Loading class java/util/stream/DoubleStream
Event: 14.957 Loading class java/util/stream/DoubleStream done
Event: 15.056 Loading class org/w3c/dom/Node
Event: 15.056 Loading class org/w3c/dom/Node done
Event: 15.056 Loading class org/w3c/dom/Document
Event: 15.056 Loading class org/w3c/dom/Document done
Event: 18.389 Loading class jdk/internal/ValueBased
Event: 18.389 Loading class jdk/internal/ValueBased done
Event: 20.343 Loading class sun/reflect/generics/tree/FloatSignature
Event: 20.343 Loading class sun/reflect/generics/tree/FloatSignature done
Event: 112.112 Loading class java/io/SequenceInputStream
Event: 112.113 Loading class java/io/SequenceInputStream done
Event: 112.125 Loading class java/nio/StringCharBuffer
Event: 112.125 Loading class java/nio/StringCharBuffer done
Event: 112.151 Loading class java/security/interfaces/EdECKey
Event: 112.152 Loading class java/security/interfaces/EdECKey done
Event: 112.167 Loading class java/security/CodeSigner
Event: 112.167 Loading class java/security/CodeSigner done
Event: 112.230 Loading class javax/crypto/SecretKeyFactory
Event: 112.231 Loading class javax/crypto/SecretKeyFactory done

Classes unloaded (1 events):
Event: 93.914 Thread 0x000001d050b241f0 Unloading class 0x000001d0526bc400 'java/lang/invoke/LambdaForm$DMH+0x000001d0526bc400'

Classes redefined (0 events):
No events

Internal exceptions (20 events):
Event: 14.831 Thread 0x000001d0983eed00 Exception <a 'java/lang/NoSuchMethodError'{0x000000008602bdd0}: 'java.lang.Object java.lang.invoke.DirectMethodHandle$Holder.invokeStatic(java.lang.Object, int, int)'> (0x000000008602bdd0) 
thrown [s\open\src\hotspot\share\interpreter\linkResolver.cpp, line 774]
Event: 14.831 Thread 0x000001d0983ef390 Exception <a 'java/lang/NoSuchMethodError'{0x0000000086033320}: 'java.lang.Object java.lang.invoke.DirectMethodHandle$Holder.invokeStatic(java.lang.Object, int, int)'> (0x0000000086033320) 
thrown [s\open\src\hotspot\share\interpreter\linkResolver.cpp, line 774]
Event: 15.038 Thread 0x000001d0983ec5a0 Exception <a 'java/lang/NoSuchMethodError'{0x000000008848cf38}: 'void java.lang.invoke.Invokers$Holder.invoke_MT(java.lang.Object, java.lang.Object, java.lang.Object, java.lang.Object)'> (0x000000008848cf38) 
thrown [s\open\src\hotspot\share\interpreter\linkResolver.cpp, line 774]
Event: 17.961 Thread 0x000001d0983ef390 Exception <a 'java/lang/NoSuchMethodError'{0x00000000866bb188}: 'java.lang.Object java.lang.invoke.DirectMethodHandle$Holder.invokeInterface(java.lang.Object, java.lang.Object, int)'> (0x00000000866bb188) 
thrown [s\open\src\hotspot\share\interpreter\linkResolver.cpp, line 774]
Event: 18.133 Thread 0x000001d0983ef390 Exception <a 'java/lang/NoSuchMethodError'{0x000000008651de20}: 'float java.lang.invoke.DelegatingMethodHandle$Holder.reinvoke_L(java.lang.Object, java.lang.Object, int)'> (0x000000008651de20) 
thrown [s\open\src\hotspot\share\interpreter\linkResolver.cpp, line 774]
Event: 18.134 Thread 0x000001d0983ef390 Exception <a 'java/lang/NoSuchMethodError'{0x0000000086528770}: 'void java.lang.invoke.DelegatingMethodHandle$Holder.reinvoke_L(java.lang.Object, java.lang.Object, float)'> (0x0000000086528770) 
thrown [s\open\src\hotspot\share\interpreter\linkResolver.cpp, line 774]
Event: 20.353 Thread 0x000001d0983efa20 Exception <a 'java/lang/NoSuchMethodError'{0x000000008634af68}: 'float java.lang.invoke.DirectMethodHandle$Holder.invokeVirtual(java.lang.Object, java.lang.Object)'> (0x000000008634af68) 
thrown [s\open\src\hotspot\share\interpreter\linkResolver.cpp, line 774]
Event: 20.353 Thread 0x000001d0983ed2c0 Exception <a 'java/lang/NoSuchMethodError'{0x000000008634ef00}: 'float java.lang.invoke.DirectMethodHandle$Holder.invokeVirtual(java.lang.Object, java.lang.Object)'> (0x000000008634ef00) 
thrown [s\open\src\hotspot\share\interpreter\linkResolver.cpp, line 774]
Event: 20.354 Thread 0x000001d0983efa20 Exception <a 'java/lang/NoSuchMethodError'{0x0000000086353b90}: 'float java.lang.invoke.DelegatingMethodHandle$Holder.reinvoke_L(java.lang.Object, java.lang.Object)'> (0x0000000086353b90) 
thrown [s\open\src\hotspot\share\interpreter\linkResolver.cpp, line 774]
Event: 20.354 Thread 0x000001d0983ed2c0 Exception <a 'java/lang/NoSuchMethodError'{0x0000000086357828}: 'float java.lang.invoke.DelegatingMethodHandle$Holder.reinvoke_L(java.lang.Object, java.lang.Object)'> (0x0000000086357828) 
thrown [s\open\src\hotspot\share\interpreter\linkResolver.cpp, line 774]
Event: 27.749 Thread 0x000001d0983efa20 Implicit null exception at 0x000001d044489a3f to 0x000001d044489e8d
Event: 27.871 Thread 0x000001d0983efa20 Exception <a 'java/lang/NoSuchMethodError'{0x0000000088a472c0}: 'long java.lang.invoke.DirectMethodHandle$Holder.invokeStatic(java.lang.Object, java.lang.Object, int)'> (0x0000000088a472c0) 
thrown [s\open\src\hotspot\share\interpreter\linkResolver.cpp, line 774]
Event: 27.871 Thread 0x000001d0983ed2c0 Exception <a 'java/lang/NoSuchMethodError'{0x0000000088a461a0}: 'long java.lang.invoke.DirectMethodHandle$Holder.invokeStatic(java.lang.Object, java.lang.Object, int)'> (0x0000000088a461a0) 
thrown [s\open\src\hotspot\share\interpreter\linkResolver.cpp, line 774]
Event: 27.872 Thread 0x000001d0983efa20 Exception <a 'java/lang/NoSuchMethodError'{0x0000000088a528f0}: 'void java.lang.invoke.DirectMethodHandle$Holder.invokeSpecial(java.lang.Object, java.lang.Object, java.lang.Object, long)'> (0x0000000088a528f0) 
thrown [s\open\src\hotspot\share\interpreter\linkResolver.cpp, line 774]
Event: 27.872 Thread 0x000001d0983ed2c0 Exception <a 'java/lang/NoSuchMethodError'{0x0000000088a58fa8}: 'void java.lang.invoke.DelegatingMethodHandle$Holder.reinvoke_L(java.lang.Object, java.lang.Object, long)'> (0x0000000088a58fa8) 
thrown [s\open\src\hotspot\share\interpreter\linkResolver.cpp, line 774]
Event: 27.873 Thread 0x000001d0983efa20 Exception <a 'java/lang/NoSuchMethodError'{0x0000000088a5f218}: 'void java.lang.invoke.DelegatingMethodHandle$Holder.reinvoke_L(java.lang.Object, java.lang.Object, long)'> (0x0000000088a5f218) 
thrown [s\open\src\hotspot\share\interpreter\linkResolver.cpp, line 774]
Event: 27.878 Thread 0x000001d0983efa20 Exception <a 'java/lang/NoSuchMethodError'{0x0000000088a953c8}: 'long java.lang.invoke.DelegatingMethodHandle$Holder.reinvoke_L(java.lang.Object, java.lang.Object)'> (0x0000000088a953c8) 
thrown [s\open\src\hotspot\share\interpreter\linkResolver.cpp, line 774]
Event: 27.878 Thread 0x000001d0983ed2c0 Exception <a 'java/lang/NoSuchMethodError'{0x0000000088a97740}: 'long java.lang.invoke.DelegatingMethodHandle$Holder.reinvoke_L(java.lang.Object, java.lang.Object)'> (0x0000000088a97740) 
thrown [s\open\src\hotspot\share\interpreter\linkResolver.cpp, line 774]
Event: 64.664 Thread 0x000001d096f22730 Exception <a 'java/lang/NoSuchMethodError'{0x0000000088455020}: 'java.lang.Object java.lang.invoke.DirectMethodHandle$Holder.newInvokeSpecial(java.lang.Object, java.lang.Object, long)'> (0x0000000088455020) 
thrown [s\open\src\hotspot\share\interpreter\linkResolver.cpp, line 774]
Event: 64.664 Thread 0x000001d096f22730 Exception <a 'java/lang/NoSuchMethodError'{0x00000000884584a8}: 'java.lang.Object java.lang.invoke.Invokers$Holder.linkToTargetMethod(java.lang.Object, long, java.lang.Object)'> (0x00000000884584a8) 
thrown [s\open\src\hotspot\share\interpreter\linkResolver.cpp, line 774]

ZGC Phase Switch (0 events):
No events

VM Operations (20 events):
Event: 127.357 Executing VM operation: Cleanup
Event: 127.358 Executing VM operation: Cleanup done
Event: 128.359 Executing VM operation: Cleanup
Event: 128.359 Executing VM operation: Cleanup done
Event: 133.404 Executing VM operation: G1CollectForAllocation (G1 Evacuation Pause)
Event: 133.410 Executing VM operation: G1CollectForAllocation (G1 Evacuation Pause) done
Event: 137.423 Executing VM operation: Cleanup
Event: 137.423 Executing VM operation: Cleanup done
Event: 138.439 Executing VM operation: Cleanup
Event: 138.439 Executing VM operation: Cleanup done
Event: 140.452 Executing VM operation: Cleanup
Event: 140.452 Executing VM operation: Cleanup done
Event: 148.493 Executing VM operation: Cleanup
Event: 148.494 Executing VM operation: Cleanup done
Event: 166.624 Executing VM operation: Cleanup
Event: 166.624 Executing VM operation: Cleanup done
Event: 172.674 Executing VM operation: Cleanup
Event: 172.674 Executing VM operation: Cleanup done
Event: 174.681 Executing VM operation: Cleanup
Event: 174.681 Executing VM operation: Cleanup done

Memory protections (0 events):
No events

Nmethod flushes (20 events):
Event: 93.925 Thread 0x000001d050b241f0 flushing  nmethod 0x000001d03c7ae490
Event: 93.925 Thread 0x000001d050b241f0 flushing  nmethod 0x000001d03c7b1b90
Event: 93.925 Thread 0x000001d050b241f0 flushing  nmethod 0x000001d03c89e290
Event: 93.925 Thread 0x000001d050b241f0 flushing  nmethod 0x000001d03c89f110
Event: 93.925 Thread 0x000001d050b241f0 flushing  nmethod 0x000001d03c8e1d10
Event: 93.925 Thread 0x000001d050b241f0 flushing  nmethod 0x000001d03c9b7110
Event: 93.925 Thread 0x000001d050b241f0 flushing  nmethod 0x000001d03ca38e10
Event: 93.925 Thread 0x000001d050b241f0 flushing  nmethod 0x000001d03ca92d10
Event: 93.925 Thread 0x000001d050b241f0 flushing  nmethod 0x000001d03cbe6590
Event: 93.925 Thread 0x000001d050b241f0 flushing  nmethod 0x000001d03cbf1b90
Event: 93.925 Thread 0x000001d050b241f0 flushing  nmethod 0x000001d03cbf2f10
Event: 93.925 Thread 0x000001d050b241f0 flushing  nmethod 0x000001d03ccc6c10
Event: 93.925 Thread 0x000001d050b241f0 flushing  nmethod 0x000001d03ccc7590
Event: 93.925 Thread 0x000001d050b241f0 flushing  nmethod 0x000001d03ccc8590
Event: 93.925 Thread 0x000001d050b241f0 flushing  nmethod 0x000001d03ccc9810
Event: 93.925 Thread 0x000001d050b241f0 flushing  nmethod 0x000001d03cf93510
Event: 93.925 Thread 0x000001d050b241f0 flushing  nmethod 0x000001d03cfd1a90
Event: 93.925 Thread 0x000001d050b241f0 flushing  nmethod 0x000001d03cfd3e90
Event: 93.925 Thread 0x000001d050b241f0 flushing  nmethod 0x000001d03d04ef90
Event: 93.925 Thread 0x000001d050b241f0 flushing  nmethod 0x000001d03d04fa90

Events (20 events):
Event: 22.579 Thread 0x000001d09b882b40 Thread exited: 0x000001d09b882b40
Event: 27.874 Thread 0x000001d050b61dc0 Thread added: 0x000001d09b883210
Event: 29.654 Thread 0x000001d09b883210 Thread exited: 0x000001d09b883210
Event: 64.822 Thread 0x000001d096f24e90 Thread exited: 0x000001d096f24e90
Event: 72.324 Thread 0x000001d050b61dc0 Thread added: 0x000001d09b883210
Event: 72.497 Thread 0x000001d09b883210 Thread exited: 0x000001d09b883210
Event: 79.506 Thread 0x000001d050b61dc0 Thread added: 0x000001d09b882470
Event: 79.513 Thread 0x000001d09a6352d0 Thread added: 0x000001d09a6345b0
Event: 79.729 Thread 0x000001d09b882470 Thread exited: 0x000001d09b882470
Event: 95.939 Thread 0x000001d050b5b6c0 Thread added: 0x000001d09b882470
Event: 97.357 Thread 0x000001d09b882470 Thread exited: 0x000001d09b882470
Event: 99.108 Thread 0x000001d050b61dc0 Thread added: 0x000001d09b883fb0
Event: 99.470 Thread 0x000001d09b883fb0 Thread exited: 0x000001d09b883fb0
Event: 112.150 Thread 0x000001d050b5b6c0 Thread added: 0x000001d09b881da0
Event: 112.218 Thread 0x000001d050b61dc0 Thread added: 0x000001d09b884d50
Event: 112.394 Thread 0x000001d09b884d50 Thread exited: 0x000001d09b884d50
Event: 112.394 Thread 0x000001d09b881da0 Thread exited: 0x000001d09b881da0
Event: 112.440 Thread 0x000001d050b61dc0 Thread added: 0x000001d09b882b40
Event: 114.118 Thread 0x000001d09b882b40 Thread exited: 0x000001d09b882b40
Event: 172.425 Thread 0x000001d0983ed2c0 Thread exited: 0x000001d0983ed2c0


Dynamic libraries:
0x00007ff7d7080000 - 0x00007ff7d708e000 	C:\Users\HP\.jdks\openjdk-22.0.2\bin\java.exe
0x00007ffc00270000 - 0x00007ffc00487000 	C:\WINDOWS\SYSTEM32\ntdll.dll
0x00007ffbfeaf0000 - 0x00007ffbfebb4000 	C:\WINDOWS\System32\KERNEL32.DLL
0x00007ffbfd900000 - 0x00007ffbfdcad000 	C:\WINDOWS\System32\KERNELBASE.dll
0x00007ffbfde80000 - 0x00007ffbfdf91000 	C:\WINDOWS\System32\ucrtbase.dll
0x00007ffbf5000000 - 0x00007ffbf501b000 	C:\Users\HP\.jdks\openjdk-22.0.2\bin\VCRUNTIME140.dll
0x00007ffbf5230000 - 0x00007ffbf5247000 	C:\Users\HP\.jdks\openjdk-22.0.2\bin\jli.dll
0x00007ffc00080000 - 0x00007ffc0022e000 	C:\WINDOWS\System32\USER32.dll
0x00007ffbe1590000 - 0x00007ffbe1823000 	C:\WINDOWS\WinSxS\amd64_microsoft.windows.common-controls_6595b64144ccf1df_6.0.22621.3672_none_2713b9d173822955\COMCTL32.dll
0x00007ffbfd590000 - 0x00007ffbfd5b6000 	C:\WINDOWS\System32\win32u.dll
0x00007ffbfe940000 - 0x00007ffbfe9e7000 	C:\WINDOWS\System32\msvcrt.dll
0x00007ffbff350000 - 0x00007ffbff379000 	C:\WINDOWS\System32\GDI32.dll
0x00007ffbfdd60000 - 0x00007ffbfde79000 	C:\WINDOWS\System32\gdi32full.dll
0x00007ffbfd860000 - 0x00007ffbfd8fa000 	C:\WINDOWS\System32\msvcp_win.dll
0x00007ffbfe870000 - 0x00007ffbfe8a1000 	C:\WINDOWS\System32\IMM32.DLL
0x00007ffbf55c0000 - 0x00007ffbf55cc000 	C:\Users\HP\.jdks\openjdk-22.0.2\bin\vcruntime140_1.dll
0x00007ffbf4d60000 - 0x00007ffbf4dee000 	C:\Users\HP\.jdks\openjdk-22.0.2\bin\msvcp140.dll
0x00007ffb7b890000 - 0x00007ffb7c5d9000 	C:\Users\HP\.jdks\openjdk-22.0.2\bin\server\jvm.dll
0x00007ffbfed80000 - 0x00007ffbfee32000 	C:\WINDOWS\System32\ADVAPI32.dll
0x00007ffbfdfa0000 - 0x00007ffbfe049000 	C:\WINDOWS\System32\sechost.dll
0x00007ffbfdd30000 - 0x00007ffbfdd58000 	C:\WINDOWS\System32\bcrypt.dll
0x00007ffbff230000 - 0x00007ffbff344000 	C:\WINDOWS\System32\RPCRT4.dll
0x00007ffbfea10000 - 0x00007ffbfea81000 	C:\WINDOWS\System32\WS2_32.dll
0x00007ffbfd450000 - 0x00007ffbfd49d000 	C:\WINDOWS\SYSTEM32\POWRPROF.dll
0x00007ffbf7100000 - 0x00007ffbf7134000 	C:\WINDOWS\SYSTEM32\WINMM.dll
0x00007ffbf80a0000 - 0x00007ffbf80aa000 	C:\WINDOWS\SYSTEM32\VERSION.dll
0x00007ffbfd430000 - 0x00007ffbfd443000 	C:\WINDOWS\SYSTEM32\UMPDC.dll
0x00007ffbfc590000 - 0x00007ffbfc5a8000 	C:\WINDOWS\SYSTEM32\kernel.appcore.dll
0x00007ffbf5490000 - 0x00007ffbf549a000 	C:\Users\HP\.jdks\openjdk-22.0.2\bin\jimage.dll
0x00007ffbfac50000 - 0x00007ffbfae82000 	C:\WINDOWS\SYSTEM32\DBGHELP.DLL
0x00007ffbffcf0000 - 0x00007ffc0007d000 	C:\WINDOWS\System32\combase.dll
0x00007ffbfec50000 - 0x00007ffbfed27000 	C:\WINDOWS\System32\OLEAUT32.dll
0x00007ffbd87e0000 - 0x00007ffbd8812000 	C:\WINDOWS\SYSTEM32\dbgcore.DLL
0x00007ffbfdcb0000 - 0x00007ffbfdd2b000 	C:\WINDOWS\System32\bcryptPrimitives.dll
0x00007ffbf4fa0000 - 0x00007ffbf4faf000 	C:\Users\HP\.jdks\openjdk-22.0.2\bin\instrument.dll
0x00007ffbf4fb0000 - 0x00007ffbf4fce000 	C:\Users\HP\.jdks\openjdk-22.0.2\bin\java.dll
0x00007ffbff480000 - 0x00007ffbffce8000 	C:\WINDOWS\System32\SHELL32.dll
0x00007ffbfe6b0000 - 0x00007ffbfe855000 	C:\WINDOWS\System32\ole32.dll
0x00007ffbfb590000 - 0x00007ffbfbe8e000 	C:\WINDOWS\SYSTEM32\windows.storage.dll
0x00007ffbfb450000 - 0x00007ffbfb58f000 	C:\WINDOWS\SYSTEM32\wintypes.dll
0x00007ffbff070000 - 0x00007ffbff169000 	C:\WINDOWS\System32\SHCORE.dll
0x00007ffbfea90000 - 0x00007ffbfeaee000 	C:\WINDOWS\System32\shlwapi.dll
0x00007ffbfd4c0000 - 0x00007ffbfd4e1000 	C:\WINDOWS\SYSTEM32\profapi.dll
0x00007ffbf4970000 - 0x00007ffbf4a47000 	C:\Users\HP\.jdks\openjdk-22.0.2\bin\jsvml.dll
0x00007ffbf4be0000 - 0x00007ffbf4bf7000 	C:\Users\HP\.jdks\openjdk-22.0.2\bin\zip.dll
0x00007ffbf51c0000 - 0x00007ffbf51d0000 	C:\Users\HP\.jdks\openjdk-22.0.2\bin\net.dll
0x00007ffbfca10000 - 0x00007ffbfca79000 	C:\WINDOWS\system32\mswsock.dll
0x00007ffbf4c00000 - 0x00007ffbf4c16000 	C:\Users\HP\.jdks\openjdk-22.0.2\bin\nio.dll
0x00007ffbf3ec0000 - 0x00007ffbf3eda000 	D:\IntelliJ IDEA Community Edition 2024.1.4\bin\breakgen64.dll
0x00007ffbf4bc0000 - 0x00007ffbf4bc9000 	C:\Users\HP\.jdks\openjdk-22.0.2\bin\extnet.dll
0x00007ffbf4ee0000 - 0x00007ffbf4eea000 	C:\Users\HP\.jdks\openjdk-22.0.2\bin\management.dll
0x00007ffbf4eb0000 - 0x00007ffbf4ebb000 	C:\Users\HP\.jdks\openjdk-22.0.2\bin\management_ext.dll
0x00007ffbfeea0000 - 0x00007ffbfeea8000 	C:\WINDOWS\System32\PSAPI.DLL
0x00007ffbf4b80000 - 0x00007ffbf4b8b000 	C:\Users\HP\.jdks\openjdk-22.0.2\bin\le.dll
0x00007ffbf4bd0000 - 0x00007ffbf4bde000 	C:\Users\HP\.jdks\openjdk-22.0.2\bin\sunmscapi.dll
0x00007ffbfd5c0000 - 0x00007ffbfd727000 	C:\WINDOWS\System32\CRYPT32.dll
0x00007ffbfce30000 - 0x00007ffbfce5e000 	C:\WINDOWS\SYSTEM32\ncrypt.dll
0x00007ffbfcdf0000 - 0x00007ffbfce27000 	C:\WINDOWS\SYSTEM32\NTASN1.dll
0x00007ffbfcc90000 - 0x00007ffbfccab000 	C:\WINDOWS\SYSTEM32\CRYPTSP.dll
0x00007ffbfc4e0000 - 0x00007ffbfc515000 	C:\WINDOWS\system32\rsaenh.dll
0x00007ffbfcb10000 - 0x00007ffbfcb38000 	C:\WINDOWS\SYSTEM32\USERENV.dll
0x00007ffbfccb0000 - 0x00007ffbfccbc000 	C:\WINDOWS\SYSTEM32\CRYPTBASE.dll
0x00007ffbfbfe0000 - 0x00007ffbfc00d000 	C:\WINDOWS\SYSTEM32\IPHLPAPI.DLL
0x00007ffbfe860000 - 0x00007ffbfe869000 	C:\WINDOWS\System32\NSI.dll
0x00007ffbf8330000 - 0x00007ffbf8349000 	C:\WINDOWS\SYSTEM32\dhcpcsvc6.DLL
0x00007ffbf8270000 - 0x00007ffbf828f000 	C:\WINDOWS\SYSTEM32\dhcpcsvc.DLL
0x00007ffbfc010000 - 0x00007ffbfc108000 	C:\WINDOWS\SYSTEM32\DNSAPI.dll
0x00007ffbf7a60000 - 0x00007ffbf7a68000 	C:\WINDOWS\system32\wshunix.dll
0x00007ffbf88c0000 - 0x00007ffbf88ca000 	C:\Windows\System32\rasadhlp.dll
0x00007ffbf2e80000 - 0x00007ffbf2f03000 	C:\WINDOWS\System32\fwpuclnt.dll
0x00007ffbf4ae0000 - 0x00007ffbf4af0000 	C:\Users\HP\.jdks\openjdk-22.0.2\bin\verify.dll

dbghelp: loaded successfully - version: 4.0.5 - missing functions: none
symbol engine: initialized successfully - sym options: 0x614 - pdb path: .;C:\Users\HP\.jdks\openjdk-22.0.2\bin;C:\WINDOWS\SYSTEM32;C:\WINDOWS\WinSxS\amd64_microsoft.windows.common-controls_6595b64144ccf1df_6.0.22621.3672_none_2713b9d173822955;C:\Users\HP\.jdks\openjdk-22.0.2\bin\server;D:\IntelliJ IDEA Community Edition 2024.1.4\bin

VM Arguments:
jvm_args: -javaagent:D:\IntelliJ IDEA Community Edition 2024.1.4\lib\idea_rt.jar=50381:D:\IntelliJ IDEA Community Edition 2024.1.4\bin -Dfile.encoding=UTF-8 -Dsun.stdout.encoding=UTF-8 -Dsun.stderr.encoding=UTF-8 
java_command: com.abcRestaurant.abcRestaurant.AbcRestaurantApplication
java_class_path (initial): C:\Users\HP\Desktop\ABCRestaurant\abc-restaurant-project\abcRestaurant\target\classes;C:\Users\HP\.m2\repository\org\springframework\boot\spring-boot-starter-data-mongodb\3.3.2\spring-boot-starter-data-mongodb-3.3.2.jar;C:\Users\HP\.m2\repository\org\springframework\boot\spring-boot-starter\3.3.2\spring-boot-starter-3.3.2.jar;C:\Users\HP\.m2\repository\org\springframework\boot\spring-boot-starter-logging\3.3.2\spring-boot-starter-logging-3.3.2.jar;C:\Users\HP\.m2\repository\ch\qos\logback\logback-classic\1.5.6\logback-classic-1.5.6.jar;C:\Users\HP\.m2\repository\ch\qos\logback\logback-core\1.5.6\logback-core-1.5.6.jar;C:\Users\HP\.m2\repository\org\apache\logging\log4j\log4j-to-slf4j\2.23.1\log4j-to-slf4j-2.23.1.jar;C:\Users\HP\.m2\repository\org\apache\logging\log4j\log4j-api\2.23.1\log4j-api-2.23.1.jar;C:\Users\HP\.m2\repository\org\slf4j\jul-to-slf4j\2.0.13\jul-to-slf4j-2.0.13.jar;C:\Users\HP\.m2\repository\jakarta\annotation\jakarta.annotation-api\2.1.1\jakarta.annotation-api-2.1.1.jar;C:\Users\HP\.m2\repository\org\yaml\snakeyaml\2.2\snakeyaml-2.2.jar;C:\Users\HP\.m2\repository\org\mongodb\mongodb-driver-sync\5.0.1\mongodb-driver-sync-5.0.1.jar;C:\Users\HP\.m2\repository\org\mongodb\bson\5.0.1\bson-5.0.1.jar;C:\Users\HP\.m2\repository\org\mongodb\mongodb-driver-core\5.0.1\mongodb-driver-core-5.0.1.jar;C:\Users\HP\.m2\repository\org\mongodb\bson-record-codec\5.0.1\bson-record-codec-5.0.1.jar;C:\Users\HP\.m2\repository\org\springframework\data\spring-data-mongodb\4.3.2\spring-data-mongodb-4.3.2.jar;C:\Users\HP\.m2\repository\org\springframework\spring-tx\6.1.11\spring-tx-6.1.11.jar;C:\Users\HP\.m2\repository\org\springframework\spring-context\6.1.11\spring-context-6.1.11.jar;C:\Users\HP\.m2\repository\org\springframework\spring-beans\6.1.11\spring-beans-6.1.11.jar;C:\Users\HP\.m2\repository\org\springframework\spring-expression\6.1.11\spring-expression-6.1.11.jar;C:\Users\HP\.m2\repository\org\springframework\data\spring-data-commons\3.3.2\spring-data-commons-3.3.2.jar;C:\Users\HP\.m2\repository\org\slf4j\slf4j-api\2.0.13\slf4j-api-2.0.13.jar;C:\Users\HP\.m2\repository\org\springframework\boot\spring-boot-starter-web\3.3.2\spring-boot-starter-web-3.3.2.jar;C:\Users\HP\.m2\repository\org\springframework\boot\spring-boot-starter-json\3.3.2\spring-boot-starter-json-3.3.2.jar;C:\Users\HP\.m2\repository\com\fasterxml\jackson\core\jackson-databind\2.17.2\jackson-databind-2.17.2.jar;C:\Users\HP\.m2\repository\com\fasterxml\jackson\core\jackson-annotations\2.17.2\jackson-annotations-2.17.2.jar;C:\Users\HP\.m2\repository\com\fasterxml\jackson\core\jackson-core\2.17.2\jackson-core-2.17.2.jar;C:\Users\HP\.m2\repository\com\fasterxml\jackson\datatype\jackson-datatype-jdk8\2.17.2\jackson-datatype-jdk8-2.17.2.jar;C:\Users\HP\.m2\repository\com\fasterxml\jackson\datatype\jackson-datatype-jsr310\2.17.2\jackson-datatype-jsr310-2.17.2.jar;C:\Users\HP\.m2\repository\com\fasterxml\jackson\module\jackson-module-parameter-names\2.17.2\jackson-module-parameter-names-2.17.2.jar;C:\Users\HP\.m2\repository\org\springframework\boot\spring-boot-starter-tomcat\3.3.2\spring-boot-starter-tomcat-3.3.2.jar;C:\Users\HP\.m2\repository\org\apache\tomcat\embed\tomcat-embed-core\10.1.26\tomcat-embed-core-10.1.26.jar;C:\Users\HP\.m2\repository\org\apache\tomcat\embed\tomcat-embed-el\10.1.26\tomcat-embed-el-10.1.26.jar;C:\Users\HP\.m2\repository\org\apache\tomcat\embed\tomcat-embed-websocket\10.1.26\tomcat-embed-websocket-10.1.26.jar;C:\Users\HP\.m2\repository\org\springframework\spring-web\6.1.11\spring-web-6.1.11.jar;C:\Users\HP\.m2\repository\io\micrometer\micrometer-observation\1.13.2\micrometer-observation-1.13.2.jar;C:\Users\HP\.m2\repository\io\micrometer\micrometer-commons\1.13.2\micrometer-commons-1.13.2.jar;C:\Users\HP\.m2\repository\org\springframework\spring-webmvc\6.1.11\spring-webmvc-6.1.11.jar;C:\Users\HP\.m2\repository\org\springframework\boot\spring-boot-devtools\3.3.2\spring-boot-devtools-3.3.2.jar;C:\Users\HP\.m2\repository\org\springframework\boot\spring-boot\3.3.2\spring-boot-3.3.2.jar;C:\Users\HP\.m2\repository\org\springframework\boot\spring-boot-autoconfigure\3.3.2\spring-boot-autoconfigure-3.3.2.jar;C:\Users\HP\.m2\repository\org\projectlombok\lombok\1.18.34\lombok-1.18.34.jar;C:\Users\HP\.m2\repository\jakarta\activation\jakarta.activation-api\2.1.3\jakarta.activation-api-2.1.3.jar;C:\Users\HP\.m2\repository\org\springframework\spring-core\6.1.11\spring-core-6.1.11.jar;C:\Users\HP\.m2\repository\org\springframework\spring-jcl\6.1.11\spring-jcl-6.1.11.jar;C:\Users\HP\.m2\repository\me\paulschwarz\spring-dotenv\2.5.4\spring-dotenv-2.5.4.jar;C:\Users\HP\.m2\repository\io\github\cdimascio\dotenv-java\2.2.3\dotenv-java-2.2.3.jar;C:\Users\HP\.m2\repository\org\springframework\boot\spring-boot-starter-mail\3.3.2\spring-boot-starter-mail-3.3.2.jar;C:\Users\HP\.m2\repository\org\springframework\spring-context-support\6.1.11\spring-context-support-6.1.11.jar;C:\Users\HP\.m2\repository\org\eclipse\angus\jakarta.mail\2.0.3\jakarta.mail-2.0.3.jar;C:\Users\HP\.m2\repository\org\eclipse\angus\angus-activation\2.0.2\angus-activation-2.0.2.jar;C:\Users\HP\.m2\repository\org\springframework\boot\spring-boot-starter-security\3.3.2\spring-boot-starter-security-3.3.2.jar;C:\Users\HP\.m2\repository\org\springframework\spring-aop\6.1.11\spring-aop-6.1.11.jar;C:\Users\HP\.m2\repository\org\springframework\security\spring-security-config\6.3.1\spring-security-config-6.3.1.jar;C:\Users\HP\.m2\repository\org\springframework\security\spring-security-core\6.3.1\spring-security-core-6.3.1.jar;C:\Users\HP\.m2\repository\org\springframework\security\spring-security-crypto\6.3.1\spring-security-crypto-6.3.1.jar;C:\Users\HP\.m2\repository\org\springframework\security\spring-security-web\6.3.1\spring-security-web-6.3.1.jar;C:\Users\HP\.m2\repository\io\jsonwebtoken\jjwt\0.12.6\jjwt-0.12.6.jar;C:\Users\HP\.m2\repository\io\jsonwebtoken\jjwt-api\0.12.6\jjwt-api-0.12.6.jar;C:\Users\HP\.m2\repository\io\jsonwebtoken\jjwt-impl\0.12.6\jjwt-impl-0.12.6.jar;C:\Users\HP\.m2\repository\io\jsonwebtoken\jjwt-jackson\0.12.6\jjwt-jackson-0.12.6.jar
Launcher Type: SUN_STANDARD

[Global flags]
     intx CICompilerCount                          = 4                                         {product} {ergonomic}
     uint ConcGCThreads                            = 2                                         {product} {ergonomic}
     uint G1ConcRefinementThreads                  = 8                                         {product} {ergonomic}
   size_t G1HeapRegionSize                         = 1048576                                   {product} {ergonomic}
   size_t InitialHeapSize                          = 132120576                                 {product} {ergonomic}
   size_t MarkStackSize                            = 4194304                                   {product} {ergonomic}
   size_t MaxHeapSize                              = 2084569088                                {product} {ergonomic}
   size_t MaxNewSize                               = 1249902592                                {product} {ergonomic}
   size_t MinHeapDeltaBytes                        = 1048576                                   {product} {ergonomic}
   size_t MinHeapSize                              = 8388608                                   {product} {ergonomic}
    uintx NonNMethodCodeHeapSize                   = 5839372                                {pd product} {ergonomic}
    uintx NonProfiledCodeHeapSize                  = 122909434                              {pd product} {ergonomic}
    uintx ProfiledCodeHeapSize                     = 122909434                              {pd product} {ergonomic}
    uintx ReservedCodeCacheSize                    = 251658240                              {pd product} {ergonomic}
     bool SegmentedCodeCache                       = true                                      {product} {ergonomic}
   size_t SoftMaxHeapSize                          = 2084569088                             {manageable} {ergonomic}
     bool UseCompressedOops                        = true                           {product lp64_product} {ergonomic}
     bool UseG1GC                                  = true                                      {product} {ergonomic}
     bool UseLargePagesIndividualAllocation        = false                                  {pd product} {ergonomic}

Logging:
Log output configuration:
 #0: stdout all=warning uptime,level,tags foldmultilines=false
 #1: stderr all=off uptime,level,tags foldmultilines=false

Environment Variables:
PATH=C:\Program Files\Common Files\Oracle\Java\javapath;C:\WINDOWS\system32;C:\WINDOWS;C:\WINDOWS\System32\Wbem;C:\WINDOWS\System32\WindowsPowerShell\v1.0\;C:\WINDOWS\System32\OpenSSH\;C:\ProgramData\chocolatey\bin;C:\Program Files\dotnet\;D:\Git\cmd;C:\Program Files\Microsoft SQL Server\150\Tools\Binn\;C:\Program Files\Microsoft SQL Server\130\Tools\Binn\;C:\Program Files\Microsoft SQL Server\Client SDK\ODBC\170\Tools\Binn\;C:\Program Files (x86)\Microsoft SQL Server\160\Tools\Binn\;C:\Program Files\Microsoft SQL Server\160\Tools\Binn\;C:\Program Files\Microsoft SQL Server\160\DTS\Binn\;C:\Program Files (x86)\Microsoft SQL Server\160\DTS\Binn\;C:\Program Files\Azure Data Studio\bin;C:\Program Files\nodejs\;C:\Users\HP\AppData\Local\Programs\Python\Python312\Scripts\;C:\Users\HP\AppData\Local\Programs\Python\Python312\;C:\Users\HP\AppData\Local\Programs\Python\Launcher\;C:\Users\HP\AppData\Local\Microsoft\WindowsApps;D:\Microsoft VS Code\bin;C:\Users\HP\AppData\Local\GitHubDesktop\bin;C:\Program Files\Azure Data Studio\bin;C:\Users\HP\AppData\Roaming\npm;D:\IntelliJ IDEA Community Edition 2024.1.4\bin;
USERNAME=HP
OS=Windows_NT
PROCESSOR_IDENTIFIER=Intel64 Family 6 Model 140 Stepping 1, GenuineIntel
TMP=C:\Users\HP\AppData\Local\Temp
TEMP=C:\Users\HP\AppData\Local\Temp




Periodic native trim disabled

---------------  S Y S T E M  ---------------

OS:
 Windows 11 , 64 bit Build 22621 (10.0.22621.3958)
OS uptime: 0 days 23:00 hours
Hyper-V role detected

CPU: total 8 (initial active 8) (4 cores per cpu, 2 threads per core) family 6 model 140 stepping 1 microcode 0xac, cx8, cmov, fxsr, ht, mmx, 3dnowpref, sse, sse2, sse3, ssse3, sse4.1, sse4.2, popcnt, lzcnt, tsc, tscinvbit, avx, avx2, aes, erms, clmul, bmi1, bmi2, adx, avx512f, avx512dq, avx512cd, avx512bw, avx512vl, sha, fma, vzeroupper, avx512_vpopcntdq, avx512_vpclmulqdq, avx512_vaes, avx512_vnni, clflush, clflushopt, clwb, avx512_vbmi2, avx512_vbmi, hv, rdtscp, rdpid, fsrm, gfni, avx512_bitalg, f16c, cet_ibt, cet_ss, avx512_ifma
Processor Information for all 8 processors :
  Max Mhz: 2419, Current Mhz: 2419, Mhz Limit: 2419

Memory: 4k page, system-wide physical 7948M (407M free)
TotalPageFile size 14092M (AvailPageFile size 0M)
current process WorkingSet (physical memory assigned to process): 201M, peak: 238M
current process commit charge ("private bytes"): 244M, peak: 290M

vm_info: OpenJDK 64-Bit Server VM (22.0.2+9-70) for windows-amd64 JRE (22.0.2+9-70), built on 2024-06-04T16:52:23Z by "mach5one" with MS VC++ 17.6 (VS2022)

END.
